[0m[0][0m 
[0m[0][0m > backend@1.0.0 dev
[0m[0][0m > tsx watch src/index.ts
[0m[0][0m 
[0m[1][0m 
[0m[1][0m > backend@1.0.0 dev:worker
[0m[1][0m > tsx src/worker.ts
[0m[1][0m 
[0m[1][0m [Worker] Initialized worker state
[0m[1][0m [Worker] RunnerContainer (no inventory) + ClusterProvision + Connect
[0m[1][0m [Worker] env=RunnerContainer/deployworkerd.envfile, runner=runnercontainer
[0m[1][0m [Worker] Running in global/E2E mode (no active clusterId)
[0m[0][0m ◇ injected env (2) from .env // tip: ⌘ override existing { override: true }
[0m[0][0m 🚀 Provisioning Server Active on http://localhost:3002
[0m[0][0m 🚀 Host Tunnel Server active on http://0.0.0.0:8001
[0m[1][0m [35m2026-06-30T09:51:28.531Z[39m [INFO] asset workflow-bundle-6b910f6f1d57cba5d0af.js 1.45 MiB [emitted] [immutable] (name: main)
[0m[1][0m runtime modules 1.34 KiB 4 modules
[0m[1][0m modules by path ../../node_modules/@temporalio/ 359 KiB
[0m[1][0m   modules by path ../../node_modules/@temporalio/common/ 158 KiB 35 modules
[0m[1][0m   modules by path ../../node_modules/@temporalio/workflow/ 201 KiB 26 modules
[0m[1][0m modules by path ../../node_modules/nexus-rpc/lib/ 22.3 KiB 13 modules
[0m[1][0m modules by path ./src/ 3.16 KiB
[0m[1][0m   ./src/workflows-autogenerated-entrypoint.cjs 498 bytes [built] [code generated]
[0m[1][0m   ./src/workflows/index.ts 379 bytes [built] [code generated]
[0m[1][0m   ./src/workflows/ClusterProvisionWorkflow.ts 964 bytes [built] [code generated]
[0m[1][0m   + 4 modules
[0m[1][0m optional modules 30 bytes [optional]
[0m[1][0m   __temporal_custom_payload_converter (ignored) 15 bytes [optional] [built] [code generated]
[0m[1][0m   __temporal_custom_failure_converter (ignored) 15 bytes [optional] [built] [code generated]
[0m[1][0m ../../node_modules/long/umd/index.js 49.8 KiB [built] [code generated]
[0m[1][0m webpack 5.108.1 compiled successfully in 417 ms { sdkComponent: [32m'worker'[39m, taskQueue: [32m'provisioning-ops-queue'[39m }
[0m[1][0m [35m2026-06-30T09:51:28.535Z[39m [INFO] Workflow bundle created {
[0m[1][0m   sdkComponent: [32m'worker'[39m,
[0m[1][0m   taskQueue: [32m'provisioning-ops-queue'[39m,
[0m[1][0m   size: [32m'1.45MB'[39m
[0m[1][0m }
[0m[1][0m [35m2026-06-30T09:51:28.767Z[39m [INFO] Worker state changed {
[0m[1][0m   sdkComponent: [32m'worker'[39m,
[0m[1][0m   taskQueue: [32m'provisioning-ops-queue'[39m,
[0m[1][0m   state: [32m'RUNNING'[39m
[0m[1][0m }
[0m[1][0m [35m2026-06-30T09:51:28.769Z[39m [INFO] No Nexus services registered, not polling for Nexus tasks { sdkComponent: [32m'worker'[39m, taskQueue: [32m'provisioning-ops-queue'[39m }
[0m[0][0m [LOGS_DEBUG] type=cluster id=undefined resourceFound=false lastLogPath=undefined
[0m[1][0m [35m2026-06-30T09:51:30.159Z[39m [INFO] Starting ClusterProvisionWorkflow for cluster: e2e-fleet-370 {
[0m[1][0m   sdkComponent: [32m'workflow'[39m,
[0m[1][0m   taskQueue: [32m'provisioning-ops-queue'[39m,
[0m[1][0m   namespace: [32m'default'[39m,
[0m[1][0m   workflowId: [32m'cluster-provision-e2e-fleet-370-1782813090101-gj5216'[39m,
[0m[1][0m   runId: [32m'019f17f0-e148-7de2-8b9c-d1bd73709b12'[39m,
[0m[1][0m   workflowType: [32m'ClusterProvisionWorkflow'[39m
[0m[1][0m }
[0m[1][0m [InfrastructureService] Spawning cmd=/home/luno/Code/provisioning/bin/k3d args=["cluster","create","e2e-fleet-370","--network","host","--wait","--k3s-arg","--resolv-conf=/run/systemd/resolve/resolv.conf@server:*","--volume","/run/systemd/resolve/resolv.conf:/run/systemd/resolve/resolv.conf@server:*"] with env TF_PLUGIN_CACHE_DIR=undefined
[0m[1][0m [ProvisionClusterActivity] local-path StorageClass could not be patched
[0m[1][0m [InfrastructureService] Spawning cmd=npx args=["cdktf","deploy","e2e-fleet-370","--auto-approve"] with env TF_PLUGIN_CACHE_DIR=undefined
[0m[0][0m [90m2:52:46 AM[39m [96m[tsx][39m [95mchange[39m in [92m./src/index.ts[39m [33mRestarting...[39m
[0m[0][0m c◇ injected env (2) from .env // tip: ⌘ multiple files { path: ['.env.local', '.env'] }
[0m[0][0m 🚀 Provisioning Server Active on http://localhost:3002
[0m[0][0m 🚀 Host Tunnel Server active on http://0.0.0.0:8001
[0m[0][0m [90m2:52:49 AM[39m [96m[tsx][39m [95mchange[39m in [92m./src/services/TemporalBridge.ts[39m [33mRestarting...[39m
[0m[0][0m c◇ injected env (2) from .env // tip: ⌘ enable debugging { debug: true }
[0m[0][0m 🚀 Provisioning Server Active on http://localhost:3002
[0m[0][0m 🚀 Host Tunnel Server active on http://0.0.0.0:8001
