[36mINFO[0m[0000] [SimpleConfig] Hostnetwork selected - disabling injection of docker host into the cluster, server load balancer and setting the api port to the k3s default 
[36mINFO[0m[0000] [ClusterConfig] Hostnetwork selected - disabling injection of docker host into the cluster, server load balancer and setting the api port to the k3s default 
[36mINFO[0m[0000] Prep: Network                                
[31mERRO[0m[0000] Failed Cluster Preparation: Failed Network Preparation: failed to create cluster network: failed to check for duplicate docker networks: failed to parse IP Prefix of network "host"'s member k3d-debug-fleet-1782773016793-server-0: ParseAddr(""): unable to parse IP 
[31mERRO[0m[0000] Failed to create cluster >>> Rolling Back    
[36mINFO[0m[0000] Deleting cluster 'e2e-sync-327'              
[31mERRO[0m[0000] failed to get cluster: No nodes found for given cluster 
[31mFATA[0m[0000] Cluster creation FAILED, also FAILED to rollback changes! 

--- EXECUTION FAILED (Exit Code 1) ---
[36mINFO[0m[0000] [SimpleConfig] Hostnetwork selected - disabling injection of docker host into the cluster, server load balancer and setting the api port to the k3s default 
[36mINFO[0m[0000] [ClusterConfig] Hostnetwork selected - disabling injection of docker host into the cluster, server load balancer and setting the api port to the k3s default 
[36mINFO[0m[0000] Prep: Network                                
[31mERRO[0m[0000] Failed Cluster Preparation: Failed Network Preparation: failed to create cluster network: failed to check for duplicate docker networks: failed to parse IP Prefix of network "host"'s member k3d-debug-fleet-1782773016793-server-0: ParseAddr(""): unable to parse IP 
[31mERRO[0m[0000] Failed to create cluster >>> Rolling Back    
[36mINFO[0m[0000] Deleting cluster 'e2e-sync-327'              
[31mERRO[0m[0000] failed to get cluster: No nodes found for given cluster 
[31mFATA[0m[0000] Cluster creation FAILED, also FAILED to rollback changes! 

--- EXECUTION FAILED (Exit Code 1) ---
[36mINFO[0m[0000] [SimpleConfig] Hostnetwork selected - disabling injection of docker host into the cluster, server load balancer and setting the api port to the k3s default 
[36mINFO[0m[0000] [ClusterConfig] Hostnetwork selected - disabling injection of docker host into the cluster, server load balancer and setting the api port to the k3s default 
[36mINFO[0m[0000] Prep: Network                                
[31mERRO[0m[0000] Failed Cluster Preparation: Failed Network Preparation: failed to create cluster network: failed to check for duplicate docker networks: failed to parse IP Prefix of network "host"'s member k3d-debug-fleet-1782773016793-server-0: ParseAddr(""): unable to parse IP 
[31mERRO[0m[0000] Failed to create cluster >>> Rolling Back    
[36mINFO[0m[0000] Deleting cluster 'e2e-sync-327'              
[31mERRO[0m[0000] failed to get cluster: No nodes found for given cluster 
[31mFATA[0m[0000] Cluster creation FAILED, also FAILED to rollback changes! 

--- EXECUTION FAILED (Exit Code 1) ---
[36mINFO[0m[0000] [SimpleConfig] Hostnetwork selected - disabling injection of docker host into the cluster, server load balancer and setting the api port to the k3s default 
[36mINFO[0m[0000] [ClusterConfig] Hostnetwork selected - disabling injection of docker host into the cluster, server load balancer and setting the api port to the k3s default 
[36mINFO[0m[0000] Prep: Network                                
[31mERRO[0m[0000] Failed Cluster Preparation: Failed Network Preparation: failed to create cluster network: failed to check for duplicate docker networks: failed to parse IP Prefix of network "host"'s member k3d-debug-fleet-1782773016793-server-0: ParseAddr(""): unable to parse IP 
[31mERRO[0m[0000] Failed to create cluster >>> Rolling Back    
[36mINFO[0m[0000] Deleting cluster 'e2e-sync-327'              
[31mERRO[0m[0000] failed to get cluster: No nodes found for given cluster 
[31mFATA[0m[0000] Cluster creation FAILED, also FAILED to rollback changes! 

--- EXECUTION FAILED (Exit Code 1) ---
[36mINFO[0m[0000] [SimpleConfig] Hostnetwork selected - disabling injection of docker host into the cluster, server load balancer and setting the api port to the k3s default 
[36mINFO[0m[0000] [ClusterConfig] Hostnetwork selected - disabling injection of docker host into the cluster, server load balancer and setting the api port to the k3s default 
[36mINFO[0m[0000] Prep: Network                                
[31mERRO[0m[0000] Failed Cluster Preparation: Failed Network Preparation: failed to create cluster network: failed to check for duplicate docker networks: failed to parse IP Prefix of network "host"'s member k3d-debug-fleet-1782773016793-server-0: ParseAddr(""): unable to parse IP 
[31mERRO[0m[0000] Failed to create cluster >>> Rolling Back    
[36mINFO[0m[0000] Deleting cluster 'e2e-sync-327'              
[31mERRO[0m[0000] failed to get cluster: No nodes found for given cluster 
[31mFATA[0m[0000] Cluster creation FAILED, also FAILED to rollback changes! 

--- EXECUTION FAILED (Exit Code 1) ---
[36mINFO[0m[0000] [SimpleConfig] Hostnetwork selected - disabling injection of docker host into the cluster, server load balancer and setting the api port to the k3s default 
[36mINFO[0m[0000] [ClusterConfig] Hostnetwork selected - disabling injection of docker host into the cluster, server load balancer and setting the api port to the k3s default 
[36mINFO[0m[0000] Prep: Network                                
[31mERRO[0m[0000] Failed Cluster Preparation: Failed Network Preparation: failed to create cluster network: failed to check for duplicate docker networks: failed to parse IP Prefix of network "host"'s member k3d-debug-fleet-1782773016793-server-0: ParseAddr(""): unable to parse IP 
[31mERRO[0m[0000] Failed to create cluster >>> Rolling Back    
[36mINFO[0m[0000] Deleting cluster 'e2e-sync-327'              
[31mERRO[0m[0000] failed to get cluster: No nodes found for given cluster 
[31mFATA[0m[0000] Cluster creation FAILED, also FAILED to rollback changes! 

--- EXECUTION FAILED (Exit Code 1) ---
[36mINFO[0m[0000] [SimpleConfig] Hostnetwork selected - disabling injection of docker host into the cluster, server load balancer and setting the api port to the k3s default 
[36mINFO[0m[0000] [ClusterConfig] Hostnetwork selected - disabling injection of docker host into the cluster, server load balancer and setting the api port to the k3s default 
[36mINFO[0m[0000] Prep: Network                                
[31mERRO[0m[0000] Failed Cluster Preparation: Failed Network Preparation: failed to create cluster network: failed to check for duplicate docker networks: failed to parse IP Prefix of network "host"'s member k3d-debug-fleet-1782773016793-server-0: ParseAddr(""): unable to parse IP 
[31mERRO[0m[0000] Failed to create cluster >>> Rolling Back    
[36mINFO[0m[0000] Deleting cluster 'e2e-sync-327'              
[31mERRO[0m[0000] failed to get cluster: No nodes found for given cluster 
[31mFATA[0m[0000] Cluster creation FAILED, also FAILED to rollback changes! 

--- EXECUTION FAILED (Exit Code 1) ---
[36mINFO[0m[0000] [SimpleConfig] Hostnetwork selected - disabling injection of docker host into the cluster, server load balancer and setting the api port to the k3s default 
[36mINFO[0m[0000] [ClusterConfig] Hostnetwork selected - disabling injection of docker host into the cluster, server load balancer and setting the api port to the k3s default 
[36mINFO[0m[0000] Prep: Network                                
[31mERRO[0m[0000] Failed Cluster Preparation: Failed Network Preparation: failed to create cluster network: failed to check for duplicate docker networks: failed to parse IP Prefix of network "host"'s member k3d-debug-fleet-1782773016793-server-0: ParseAddr(""): unable to parse IP 
[31mERRO[0m[0000] Failed to create cluster >>> Rolling Back    
[36mINFO[0m[0000] Deleting cluster 'e2e-sync-327'              
[31mERRO[0m[0000] failed to get cluster: No nodes found for given cluster 
[31mFATA[0m[0000] Cluster creation FAILED, also FAILED to rollback changes! 

--- EXECUTION FAILED (Exit Code 1) ---
[36mINFO[0m[0000] [SimpleConfig] Hostnetwork selected - disabling injection of docker host into the cluster, server load balancer and setting the api port to the k3s default 
[36mINFO[0m[0000] [ClusterConfig] Hostnetwork selected - disabling injection of docker host into the cluster, server load balancer and setting the api port to the k3s default 
[36mINFO[0m[0000] Prep: Network                                
[31mERRO[0m[0000] Failed Cluster Preparation: Failed Network Preparation: failed to create cluster network: failed to check for duplicate docker networks: failed to parse IP Prefix of network "host"'s member k3d-debug-fleet-1782773016793-server-0: ParseAddr(""): unable to parse IP 
[31mERRO[0m[0000] Failed to create cluster >>> Rolling Back    
[36mINFO[0m[0000] Deleting cluster 'e2e-sync-327'              
[31mERRO[0m[0000] failed to get cluster: No nodes found for given cluster 
[31mFATA[0m[0000] Cluster creation FAILED, also FAILED to rollback changes! 

--- EXECUTION FAILED (Exit Code 1) ---
[36mINFO[0m[0000] [SimpleConfig] Hostnetwork selected - disabling injection of docker host into the cluster, server load balancer and setting the api port to the k3s default 
[36mINFO[0m[0000] [ClusterConfig] Hostnetwork selected - disabling injection of docker host into the cluster, server load balancer and setting the api port to the k3s default 
[36mINFO[0m[0000] Prep: Network                                
[31mERRO[0m[0000] Failed Cluster Preparation: Failed Network Preparation: failed to create cluster network: failed to check for duplicate docker networks: failed to parse IP Prefix of network "host"'s member k3d-debug-fleet-1782773016793-server-0: ParseAddr(""): unable to parse IP 
[31mERRO[0m[0000] Failed to create cluster >>> Rolling Back    
[36mINFO[0m[0000] Deleting cluster 'e2e-sync-327'              
[31mERRO[0m[0000] failed to get cluster: No nodes found for given cluster 
[31mFATA[0m[0000] Cluster creation FAILED, also FAILED to rollback changes! 

--- EXECUTION FAILED (Exit Code 1) ---
[36mINFO[0m[0000] [SimpleConfig] Hostnetwork selected - disabling injection of docker host into the cluster, server load balancer and setting the api port to the k3s default 
[36mINFO[0m[0000] [ClusterConfig] Hostnetwork selected - disabling injection of docker host into the cluster, server load balancer and setting the api port to the k3s default 
[36mINFO[0m[0000] Prep: Network                                
[31mERRO[0m[0000] Failed Cluster Preparation: Failed Network Preparation: failed to create cluster network: failed to check for duplicate docker networks: failed to parse IP Prefix of network "host"'s member k3d-debug-fleet-1782773016793-server-0: ParseAddr(""): unable to parse IP 
[31mERRO[0m[0000] Failed to create cluster >>> Rolling Back    
[36mINFO[0m[0000] Deleting cluster 'e2e-sync-327'              
[31mERRO[0m[0000] failed to get cluster: No nodes found for given cluster 
[31mFATA[0m[0000] Cluster creation FAILED, also FAILED to rollback changes! 

--- EXECUTION FAILED (Exit Code 1) ---
[36mINFO[0m[0000] [SimpleConfig] Hostnetwork selected - disabling injection of docker host into the cluster, server load balancer and setting the api port to the k3s default 
[36mINFO[0m[0000] [ClusterConfig] Hostnetwork selected - disabling injection of docker host into the cluster, server load balancer and setting the api port to the k3s default 
[36mINFO[0m[0000] Prep: Network                                
[31mERRO[0m[0000] Failed Cluster Preparation: Failed Network Preparation: failed to create cluster network: failed to check for duplicate docker networks: failed to parse IP Prefix of network "host"'s member k3d-debug-fleet-1782773016793-server-0: ParseAddr(""): unable to parse IP 
[31mERRO[0m[0000] Failed to create cluster >>> Rolling Back    
[36mINFO[0m[0000] Deleting cluster 'e2e-sync-327'              
[31mERRO[0m[0000] failed to get cluster: No nodes found for given cluster 
[31mFATA[0m[0000] Cluster creation FAILED, also FAILED to rollback changes! 

--- EXECUTION FAILED (Exit Code 1) ---
[36mINFO[0m[0000] [SimpleConfig] Hostnetwork selected - disabling injection of docker host into the cluster, server load balancer and setting the api port to the k3s default 
[36mINFO[0m[0000] [ClusterConfig] Hostnetwork selected - disabling injection of docker host into the cluster, server load balancer and setting the api port to the k3s default 
[36mINFO[0m[0000] Prep: Network                                
[36mINFO[0m[0000] Re-using existing network 'host' (7113385435bc53a5f22719dd43f53d82a1d432cd10ed6b844544e76a2cd11617) 
[36mINFO[0m[0000] Created image volume k3d-e2e-sync-327-images 
[36mINFO[0m[0000] Starting new tools node...                   
[36mINFO[0m[0000] Starting node 'k3d-e2e-sync-327-tools'       
[36mINFO[0m[0001] Creating node 'k3d-e2e-sync-327-server-0'    
[36mINFO[0m[0001] Using the k3d-tools node to gather environment information 
[36mINFO[0m[0001] Starting cluster 'e2e-sync-327'              
[36mINFO[0m[0001] Starting servers...                          
[36mINFO[0m[0001] Starting node 'k3d-e2e-sync-327-server-0'    
