
⠋  [1mStarting[22m
[2K[1A[2K[1A[2K[G
⠋  [1mSynthesizing[22m
[2K[1A[2K[1A[2K[G
⠙  [1mSynthesizing[22m
[2K[1A[2K[1A[2K[G
⠹  [1mSynthesizing[22m
[2K[1A[2K[1A[2K[G
⠸  [1mSynthesizing[22m
[2K[1A[2K[1A[2K[G
⠼  [1mSynthesizing[22m
[2K[1A[2K[1A[2K[G
⠴  [1mSynthesizing[22m
[2K[1A[2K[1A[2K[G
⠦  [1mSynthesizing[22m
[2K[1A[2K[1A[2K[G
⠧  [1mSynthesizing[22m
[2K[1A[2K[1A[2K[G
⠇  [1mSynthesizing[22m
[2K[1A[2K[1A[2K[G
⠏  [1mSynthesizing[22m
[2K[1A[2K[1A[2K[G
⠋  [1mSynthesizing[22m
[2K[1A[2K[1A[2K[G

0 Stacks deploying     0 Stacks done     0 Stacks waiting
[2K[1A[2K[1A[2K[1A[2K[G[1m[33mapp-e2e-fleet-575-hzh4la71[39m[22m  [0m[1mInitializing the backend...[0m


0 Stacks deploying     0 Stacks done     0 Stacks waiting
[2K[1A[2K[1A[2K[1A[2K[G

0 Stacks deploying     0 Stacks done     1 Stack waiting
[2K[1A[2K[1A[2K[1A[2K[G[1m[33mapp-e2e-fleet-575-hzh4la71[39m[22m  [0m[32m
                            Successfully configured the backend "local"! Terraform will automatically
                            use this backend unless the backend configuration changes.[0m
                            [0m[1mInitializing provider plugins...[0m
                            - Finding hashicorp/helm versions matching "2.17.0"...
                            - Finding hashicorp/kubernetes versions matching "2.38.0"...
                            - Installing hashicorp/helm v2.17.0...


0 Stacks deploying     0 Stacks done     1 Stack waiting
[2K[1A[2K[1A[2K[1A[2K[G[1m[33mapp-e2e-fleet-575-hzh4la71[39m[22m  - Installed hashicorp/helm v2.17.0 (unauthenticated)
                            - Installing hashicorp/kubernetes v2.38.0...


0 Stacks deploying     0 Stacks done     1 Stack waiting
[2K[1A[2K[1A[2K[1A[2K[G[1m[33mapp-e2e-fleet-575-hzh4la71[39m[22m  - Installed hashicorp/kubernetes v2.38.0 (unauthenticated)
                            Terraform has created a lock file [1m.terraform.lock.hcl[0m to record the provider
                            selections it made above. Include this file in your version control repository
                            so that Terraform can guarantee to make the same selections by default when
                            you run "terraform init" in the future.[0m


0 Stacks deploying     0 Stacks done     1 Stack waiting
[2K[1A[2K[1A[2K[1A[2K[G[1m[33mapp-e2e-fleet-575-hzh4la71[39m[22m  [33m╷[0m[0m
                            [33m│[0m [0m[1m[33mWarning: [0m[0m[1mIncomplete lock file information for providers[0m
                            [33m│[0m [0m
                            [33m│[0m [0m[0mDue to your customized provider installation methods, Terraform was forced to
                            [33m│[0m [0mcalculate lock file checksums locally for the following providers:
                            [33m│[0m [0m  - hashicorp/helm
                            [33m│[0m [0m  - hashicorp/kubernetes
                            [33m│[0m [0m
                            [33m│[0m [0mThe current .terraform.lock.hcl file only includes checksums for linux_amd64,
                            [33m│[0m [0mso Terraform running on another platform will fail to install these
                            [33m│[0m [0mproviders.
                            [33m│[0m [0m
                            [33m│[0m [0mTo calculate additional checksums for another platform, run:
                            [33m│[0m [0m  terraform providers lock -platform=linux_amd64
                            [33m│[0m [0m(where linux_amd64 is the platform to generate)
                            [33m╵[0m[0m
                            [0m[1m[32mTerraform has been successfully initialized![0m[32m[0m
                            [0m[32m
                            You may now begin working with Terraform. Try running "terraform plan" to see
                            any changes that are required for your infrastructure. All Terraform commands
                            should now work.

                            If you ever set or change modules or backend configuration for Terraform,
                            rerun this command to reinitialize your working directory. If you forget, other
                            commands will detect it and remind you to do so if necessary.[0m


0 Stacks deploying     0 Stacks done     1 Stack waiting
[2K[1A[2K[1A[2K[1A[2K[G[1m[33mapp-e2e-fleet-575-hzh4la71[39m[22m  - Fetching hashicorp/helm 2.17.0 for linux_amd64...


0 Stacks deploying     0 Stacks done     1 Stack waiting
[2K[1A[2K[1A[2K[1A[2K[G[1m[33mapp-e2e-fleet-575-hzh4la71[39m[22m  - Retrieved hashicorp/helm 2.17.0 for linux_amd64 (signed by HashiCorp)


0 Stacks deploying     0 Stacks done     1 Stack waiting
[2K[1A[2K[1A[2K[1A[2K[G[1m[33mapp-e2e-fleet-575-hzh4la71[39m[22m  - Fetching hashicorp/kubernetes 2.38.0 for linux_amd64...


0 Stacks deploying     0 Stacks done     1 Stack waiting
[2K[1A[2K[1A[2K[1A[2K[G[1m[33mapp-e2e-fleet-575-hzh4la71[39m[22m  - Retrieved hashicorp/kubernetes 2.38.0 for linux_amd64 (signed by HashiCorp)
                            - Obtained hashicorp/helm checksums for linux_amd64; Additional checksums for this platform are now tracked in the lock file
                            - Obtained hashicorp/kubernetes checksums for linux_amd64; Additional checksums for this platform are now tracked in the lock file


0 Stacks deploying     0 Stacks done     1 Stack waiting
[2K[1A[2K[1A[2K[1A[2K[G[1m[33mapp-e2e-fleet-575-hzh4la71[39m[22m  [1m[32mSuccess![0m [1mTerraform has updated the lock file.[0m[0m

                            Review the changes in .terraform.lock.hcl and then commit to your
                            version control system to retain the new checksums.


0 Stacks deploying     0 Stacks done     1 Stack waiting
[2K[1A[2K[1A[2K[1A[2K[G

1 Stack deploying     0 Stacks done     0 Stacks waiting
[2K[1A[2K[1A[2K[1A[2K[G[1m[33mapp-e2e-fleet-575-hzh4la71[39m[22m  Terraform used the selected providers to generate the following execution plan.
                            Resource actions are indicated with the following symbols:
                              [32m+[0m create[0m

                            Terraform will perform the following actions:


1 Stack deploying     0 Stacks done     0 Stacks waiting
[2K[1A[2K[1A[2K[1A[2K[G[1m[33mapp-e2e-fleet-575-hzh4la71[39m[22m  [1m  # kubernetes_deployment.wordpress-native_db-deployment_16F83C6F (wordpress-native/db-deployment)[0m will be created
                            [0m  [32m+[0m[0m resource "kubernetes_deployment" "wordpress-native_db-deployment_16F83C6F" {
                                  [32m+[0m[0m id               = (known after apply)
                                  [32m+[0m[0m wait_for_rollout = true

                                  [32m+[0m[0m metadata {
                                      [32m+[0m[0m generation       = (known after apply)
                                      [32m+[0m[0m labels           = {
                                          [32m+[0m[0m "app" = "wordpress-db-wordpress-native"
                                        }
                                      [32m+[0m[0m name             = "wordpress-db"
                                      [32m+[0m[0m namespace        = "wordpress-e2e"
                                      [32m+[0m[0m resource_version = (known after apply)
                                      [32m+[0m[0m uid              = (known after apply)
                                    }

                                  [32m+[0m[0m spec {
                                      [32m+[0m[0m min_ready_seconds         = 0
                                      [32m+[0m[0m paused                    = false
                                      [32m+[0m[0m progress_deadline_seconds = 600
                                      [32m+[0m[0m replicas                  = "1"
                                      [32m+[0m[0m revision_history_limit    = 10

                                      [32m+[0m[0m selector {
                                          [32m+[0m[0m match_labels = {
                                              [32m+[0m[0m "app" = "wordpress-db-wordpress-native"
                                            }
                                        }

                                      [32m+[0m[0m strategy (known after apply)

                                      [32m+[0m[0m template {
                                          [32m+[0m[0m metadata {
                                              [32m+[0m[0m generation       = (known after apply)
                                              [32m+[0m[0m labels           = {
                                                  [32m+[0m[0m "app" = "wordpress-db-wordpress-native"
                                                }
                                              [32m+[0m[0m name             = (known after apply)
                                              [32m+[0m[0m resource_version = (known after apply)
                                              [32m+[0m[0m uid              = (known after apply)
                                            }
                                          [32m+[0m[0m spec {
                                              [32m+[0m[0m automount_service_account_token  = true
                                              [32m+[0m[0m dns_policy                       = "ClusterFirst"
                                              [32m+[0m[0m enable_service_links             = true
                                              [32m+[0m[0m host_ipc                         = false
                                              [32m+[0m[0m host_network                     = false
                                              [32m+[0m[0m host_pid                         = false
                                              [32m+[0m[0m hostname                         = (known after apply)
                                              [32m+[0m[0m node_name                        = (known after apply)
                                              [32m+[0m[0m restart_policy                   = "Always"
                                              [32m+[0m[0m scheduler_name                   = (known after apply)
                                              [32m+[0m[0m service_account_name             = (known after apply)
                                              [32m+[0m[0m share_process_namespace          = false
                                              [32m+[0m[0m termination_grace_period_seconds = 30

                                              [32m+[0m[0m container {
                                                  [32m+[0m[0m image                      = "library/mariadb:11.4"
                                                  [32m+[0m[0m image_pull_policy          = (known after apply)
                                                  [32m+[0m[0m name                       = "mariadb"
                                                  [32m+[0m[0m stdin                      = false
                                                  [32m+[0m[0m stdin_once                 = false
                                                  [32m+[0m[0m termination_message_path   = "/dev/termination-log"
                                                  [32m+[0m[0m termination_message_policy = (known after apply)
                                                  [32m+[0m[0m tty                        = false

                                                  [32m+[0m[0m env {
                                                      [32m+[0m[0m name  = "MYSQL_DATABASE"
                                                      [32m+[0m[0m value = "wordpress"
                                                    }
                                                  [32m+[0m[0m env {
                                                      [32m+[0m[0m name  = "MYSQL_USER"
                                                      [32m+[0m[0m value = "wordpress"
                                                    }


1 Stack deploying     0 Stacks done     0 Stacks waiting
[2K[1A[2K[1A[2K[1A[2K[G[1m[33mapp-e2e-fleet-575-hzh4la71[39m[22m  [32m+[0m[0m env {
                                                      [32m+[0m[0m name = "MYSQL_PASSWORD"

                                                      [32m+[0m[0m value_from {
                                                          [32m+[0m[0m secret_key_ref {
                                                              [32m+[0m[0m key  = "mysql-password"
                                                              [32m+[0m[0m name = "wordpress-db-credentials"
                                                            }
                                                        }
                                                    }
                                                  [32m+[0m[0m env {
                                                      [32m+[0m[0m name = "MYSQL_ROOT_PASSWORD"

                                                      [32m+[0m[0m value_from {
                                                          [32m+[0m[0m secret_key_ref {
                                                              [32m+[0m[0m key  = "mysql-root-password"
                                                              [32m+[0m[0m name = "wordpress-db-credentials"
                                                            }
                                                        }
                                                    }

                                                  [32m+[0m[0m port {
                                                      [32m+[0m[0m container_port = 3306
                                                      [32m+[0m[0m protocol       = "TCP"
                                                    }

                                                  [32m+[0m[0m resources (known after apply)

                                                  [32m+[0m[0m volume_mount {
                                                      [32m+[0m[0m mount_path        = "/var/lib/mysql"
                                                      [32m+[0m[0m mount_propagation = "None"
                                                      [32m+[0m[0m name              = "db-data"
                                                      [32m+[0m[0m read_only         = false
                                                    }
                                                }

                                              [32m+[0m[0m image_pull_secrets (known after apply)

                                              [32m+[0m[0m readiness_gate (known after apply)

                                              [32m+[0m[0m volume {
                                                  [32m+[0m[0m name = "db-data"

                                                  [32m+[0m[0m persistent_volume_claim {
                                                      [32m+[0m[0m claim_name = "wordpress-db-pvc"
                                                      [32m+[0m[0m read_only  = false
                                                    }
                                                }
                                            }
                                        }
                                    }
                                }

                            [1m  # kubernetes_deployment.wordpress-native_web-deployment_D498D866 (wordpress-native/web-deployment)[0m will be created
                            [0m  [32m+[0m[0m resource "kubernetes_deployment" "wordpress-native_web-deployment_D498D866" {
                                  [32m+[0m[0m id               = (known after apply)
                                  [32m+[0m[0m wait_for_rollout = true

                                  [32m+[0m[0m metadata {
                                      [32m+[0m[0m generation       = (known after apply)
                                      [32m+[0m[0m labels           = {
                                          [32m+[0m[0m "app" = "wordpress-web-wordpress-native"
                                        }
                                      [32m+[0m[0m name             = "wordpress"
                                      [32m+[0m[0m namespace        = "wordpress-e2e"
                                      [32m+[0m[0m resource_version = (known after apply)
                                      [32m+[0m[0m uid              = (known after apply)
                                    }

                                  [32m+[0m[0m spec {
                                      [32m+[0m[0m min_ready_seconds         = 0
                                      [32m+[0m[0m paused                    = false
                                      [32m+[0m[0m progress_deadline_seconds = 600
                                      [32m+[0m[0m replicas                  = "1"
                                      [32m+[0m[0m revision_history_limit    = 10

                                      [32m+[0m[0m selector {
                                          [32m+[0m[0m match_labels = {
                                              [32m+[0m[0m "app" = "wordpress-web-wordpress-native"
                                            }
                                        }

                                      [32m+[0m[0m strategy (known after apply)

                                      [32m+[0m[0m template {
                                          [32m+[0m[0m metadata {
                                              [32m+[0m[0m generation       = (known after apply)
                                              [32m+[0m[0m labels           = {
                                                  [32m+[0m[0m "app" = "wordpress-web-wordpress-native"
                                                }
                                              [32m+[0m[0m name             = (known after apply)
                                              [32m+[0m[0m resource_version = (known after apply)
                                              [32m+[0m[0m uid              = (known after apply)
                                            }


1 Stack deploying     0 Stacks done     0 Stacks waiting
[2K[1A[2K[1A[2K[1A[2K[G[1m[33mapp-e2e-fleet-575-hzh4la71[39m[22m  [32m+[0m[0m spec {
                                              [32m+[0m[0m automount_service_account_token  = true
                                              [32m+[0m[0m dns_policy                       = "ClusterFirst"
                                              [32m+[0m[0m enable_service_links             = true
                                              [32m+[0m[0m host_ipc                         = false
                                              [32m+[0m[0m host_network                     = false
                                              [32m+[0m[0m host_pid                         = false
                                              [32m+[0m[0m hostname                         = (known after apply)
                                              [32m+[0m[0m node_name                        = (known after apply)
                                              [32m+[0m[0m restart_policy                   = "Always"
                                              [32m+[0m[0m scheduler_name                   = (known after apply)
                                              [32m+[0m[0m service_account_name             = (known after apply)
                                              [32m+[0m[0m share_process_namespace          = false
                                              [32m+[0m[0m termination_grace_period_seconds = 30

                                              [32m+[0m[0m container {
                                                  [32m+[0m[0m image                      = "library/wordpress:6.7-apache"
                                                  [32m+[0m[0m image_pull_policy          = (known after apply)
                                                  [32m+[0m[0m name                       = "wordpress"
                                                  [32m+[0m[0m stdin                      = false
                                                  [32m+[0m[0m stdin_once                 = false
                                                  [32m+[0m[0m termination_message_path   = "/dev/termination-log"
                                                  [32m+[0m[0m termination_message_policy = (known after apply)
                                                  [32m+[0m[0m tty                        = false

                                                  [32m+[0m[0m env {
                                                      [32m+[0m[0m name  = "WORDPRESS_DB_HOST"
                                                      [32m+[0m[0m value = "wordpress-db-svc"
                                                    }
                                                  [32m+[0m[0m env {
                                                      [32m+[0m[0m name  = "WORDPRESS_DB_USER"
                                                      [32m+[0m[0m value = "wordpress"
                                                    }
                                                  [32m+[0m[0m env {
                                                      [32m+[0m[0m name = "WORDPRESS_DB_PASSWORD"

                                                      [32m+[0m[0m value_from {
                                                          [32m+[0m[0m secret_key_ref {
                                                              [32m+[0m[0m key  = "mysql-password"
                                                              [32m+[0m[0m name = "wordpress-db-credentials"
                                                            }
                                                        }
                                                    }
                                                  [32m+[0m[0m env {
                                                      [32m+[0m[0m name  = "WORDPRESS_DB_NAME"
                                                      [32m+[0m[0m value = "wordpress"
                                                    }

                                                  [32m+[0m[0m port {
                                                      [32m+[0m[0m container_port = 80
                                                      [32m+[0m[0m protocol       = "TCP"
                                                    }

                                                  [32m+[0m[0m resources (known after apply)
                                                }

                                              [32m+[0m[0m image_pull_secrets (known after apply)

                                              [32m+[0m[0m readiness_gate (known after apply)
                                            }
                                        }
                                    }
                                }

                            [1m  # kubernetes_namespace.wordpress-native_ns_09C198FD (wordpress-native/ns)[0m will be created
                            [0m  [32m+[0m[0m resource "kubernetes_namespace" "wordpress-native_ns_09C198FD" {
                                  [32m+[0m[0m id                               = (known after apply)
                                  [32m+[0m[0m wait_for_default_service_account = false

                                  [32m+[0m[0m metadata {
                                      [32m+[0m[0m generation       = (known after apply)
                                      [32m+[0m[0m name             = "wordpress-e2e"
                                      [32m+[0m[0m resource_version = (known after apply)
                                      [32m+[0m[0m uid              = (known after apply)
                                    }
                                }

                            [1m  # kubernetes_persistent_volume_claim.wordpress-native_db-pvc_451E4D35 (wordpress-native/db-pvc)[0m will be created


1 Stack deploying     0 Stacks done     0 Stacks waiting
[2K[1A[2K[1A[2K[1A[2K[G[1m[33mapp-e2e-fleet-575-hzh4la71[39m[22m  [0m  [32m+[0m[0m resource "kubernetes_persistent_volume_claim" "wordpress-native_db-pvc_451E4D35" {
                                  [32m+[0m[0m id               = (known after apply)
                                  [32m+[0m[0m wait_until_bound = false

                                  [32m+[0m[0m metadata {
                                      [32m+[0m[0m generation       = (known after apply)
                                      [32m+[0m[0m name             = "wordpress-db-pvc"
                                      [32m+[0m[0m namespace        = "wordpress-e2e"
                                      [32m+[0m[0m resource_version = (known after apply)
                                      [32m+[0m[0m uid              = (known after apply)
                                    }

                                  [32m+[0m[0m spec {
                                      [32m+[0m[0m access_modes       = [
                                          [32m+[0m[0m "ReadWriteOnce",
                                        ]
                                      [32m+[0m[0m storage_class_name = (known after apply)
                                      [32m+[0m[0m volume_mode        = (known after apply)
                                      [32m+[0m[0m volume_name        = (known after apply)

                                      [32m+[0m[0m resources {
                                          [32m+[0m[0m requests = {
                                              [32m+[0m[0m "storage" = "2Gi"
                                            }
                                        }
                                    }
                                }

                            [1m  # kubernetes_secret.wordpress-native_db-secret_AC537C2F (wordpress-native/db-secret)[0m will be created
                            [0m  [32m+[0m[0m resource "kubernetes_secret" "wordpress-native_db-secret_AC537C2F" {
                                  [32m+[0m[0m data                           = (sensitive value)
                                  [32m+[0m[0m id                             = (known after apply)
                                  [32m+[0m[0m type                           = "Opaque"
                                  [32m+[0m[0m wait_for_service_account_token = true

                                  [32m+[0m[0m metadata {
                                      [32m+[0m[0m generation       = (known after apply)
                                      [32m+[0m[0m name             = "wordpress-db-credentials"
                                      [32m+[0m[0m namespace        = "wordpress-e2e"
                                      [32m+[0m[0m resource_version = (known after apply)
                                      [32m+[0m[0m uid              = (known after apply)
                                    }
                                }

                            [1m  # kubernetes_service.wordpress-native_db-service_6D40514E (wordpress-native/db-service)[0m will be created
                            [0m  [32m+[0m[0m resource "kubernetes_service" "wordpress-native_db-service_6D40514E" {
                                  [32m+[0m[0m id                     = (known after apply)
                                  [32m+[0m[0m status                 = (known after apply)
                                  [32m+[0m[0m wait_for_load_balancer = true

                                  [32m+[0m[0m metadata {
                                      [32m+[0m[0m generation       = (known after apply)
                                      [32m+[0m[0m name             = "wordpress-db-svc"
                                      [32m+[0m[0m namespace        = "wordpress-e2e"
                                      [32m+[0m[0m resource_version = (known after apply)
                                      [32m+[0m[0m uid              = (known after apply)
                                    }

                                  [32m+[0m[0m spec {
                                      [32m+[0m[0m allocate_load_balancer_node_ports = true
                                      [32m+[0m[0m cluster_ip                        = (known after apply)
                                      [32m+[0m[0m cluster_ips                       = (known after apply)
                                      [32m+[0m[0m external_traffic_policy           = (known after apply)
                                      [32m+[0m[0m health_check_node_port            = (known after apply)
                                      [32m+[0m[0m internal_traffic_policy           = (known after apply)
                                      [32m+[0m[0m ip_families                       = (known after apply)
                                      [32m+[0m[0m ip_family_policy                  = (known after apply)
                                      [32m+[0m[0m publish_not_ready_addresses       = false
                                      [32m+[0m[0m selector                          = {
                                          [32m+[0m[0m "app" = "wordpress-db-wordpress-native"
                                        }
                                      [32m+[0m[0m session_affinity                  = "None"
                                      [32m+[0m[0m type                              = "ClusterIP"

                                      [32m+[0m[0m port {
                                          [32m+[0m[0m node_port   = (known after apply)
                                          [32m+[0m[0m port        = 3306
                                          [32m+[0m[0m protocol    = "TCP"
                                          [32m+[0m[0m target_port = "3306"
                                        }

                                      [32m+[0m[0m session_affinity_config (known after apply)
                                    }
                                }


1 Stack deploying     0 Stacks done     0 Stacks waiting
[2K[1A[2K[1A[2K[1A[2K[G[1m[33mapp-e2e-fleet-575-hzh4la71[39m[22m  [1m  # kubernetes_service.wordpress-native_web-service_CD07C547 (wordpress-native/web-service)[0m will be created
                            [0m  [32m+[0m[0m resource "kubernetes_service" "wordpress-native_web-service_CD07C547" {
                                  [32m+[0m[0m id                     = (known after apply)
                                  [32m+[0m[0m status                 = (known after apply)
                                  [32m+[0m[0m wait_for_load_balancer = false

                                  [32m+[0m[0m metadata {
                                      [32m+[0m[0m generation       = (known after apply)
                                      [32m+[0m[0m name             = "wordpress"
                                      [32m+[0m[0m namespace        = "wordpress-e2e"
                                      [32m+[0m[0m resource_version = (known after apply)
                                      [32m+[0m[0m uid              = (known after apply)
                                    }

                                  [32m+[0m[0m spec {
                                      [32m+[0m[0m allocate_load_balancer_node_ports = true
                                      [32m+[0m[0m cluster_ip                        = (known after apply)
                                      [32m+[0m[0m cluster_ips                       = (known after apply)
                                      [32m+[0m[0m external_traffic_policy           = (known after apply)
                                      [32m+[0m[0m health_check_node_port            = (known after apply)
                                      [32m+[0m[0m internal_traffic_policy           = (known after apply)
                                      [32m+[0m[0m ip_families                       = (known after apply)
                                      [32m+[0m[0m ip_family_policy                  = (known after apply)
                                      [32m+[0m[0m publish_not_ready_addresses       = false
                                      [32m+[0m[0m selector                          = {
                                          [32m+[0m[0m "app" = "wordpress-web-wordpress-native"
                                        }
                                      [32m+[0m[0m session_affinity                  = "None"
                                      [32m+[0m[0m type                              = "LoadBalancer"

                                      [32m+[0m[0m port {
                                          [32m+[0m[0m node_port   = (known after apply)
                                          [32m+[0m[0m port        = 80
                                          [32m+[0m[0m protocol    = "TCP"
                                          [32m+[0m[0m target_port = "80"
                                        }

                                      [32m+[0m[0m session_affinity_config (known after apply)
                                    }
                                }

                            [1mPlan:[0m 7 to add, 0 to change, 0 to destroy.


1 Stack deploying     0 Stacks done     0 Stacks waiting
[2K[1A[2K[1A[2K[1A[2K[G[1m[33mapp-e2e-fleet-575-hzh4la71[39m[22m  [0m[0m[1mkubernetes_namespace.wordpress-native_ns_09C198FD: Creating...[0m[0m


1 Stack deploying     0 Stacks done     0 Stacks waiting
[2K[1A[2K[1A[2K[1A[2K[G[1m[33mapp-e2e-fleet-575-hzh4la71[39m[22m  [0m[1mkubernetes_namespace.wordpress-native_ns_09C198FD: Creation complete after 0s [id=wordpress-e2e][0m


1 Stack deploying     0 Stacks done     0 Stacks waiting
[2K[1A[2K[1A[2K[1A[2K[G[1m[33mapp-e2e-fleet-575-hzh4la71[39m[22m  [0m[1mkubernetes_service.wordpress-native_db-service_6D40514E: Creating...[0m[0m


1 Stack deploying     0 Stacks done     0 Stacks waiting
[2K[1A[2K[1A[2K[1A[2K[G[1m[33mapp-e2e-fleet-575-hzh4la71[39m[22m  [0m[1mkubernetes_secret.wordpress-native_db-secret_AC537C2F: Creating...[0m[0m
                            [0m[1mkubernetes_service.wordpress-native_web-service_CD07C547: Creating...[0m[0m
                            [0m[1mkubernetes_persistent_volume_claim.wordpress-native_db-pvc_451E4D35: Creating...[0m[0m


1 Stack deploying     0 Stacks done     0 Stacks waiting
[2K[1A[2K[1A[2K[1A[2K[G[1m[33mapp-e2e-fleet-575-hzh4la71[39m[22m  [0m[1mkubernetes_secret.wordpress-native_db-secret_AC537C2F: Creation complete after 0s [id=wordpress-e2e/wordpress-db-credentials][0m


1 Stack deploying     0 Stacks done     0 Stacks waiting
[2K[1A[2K[1A[2K[1A[2K[G[1m[33mapp-e2e-fleet-575-hzh4la71[39m[22m  [0m[1mkubernetes_persistent_volume_claim.wordpress-native_db-pvc_451E4D35: Creation complete after 0s [id=wordpress-e2e/wordpress-db-pvc][0m


1 Stack deploying     0 Stacks done     0 Stacks waiting
[2K[1A[2K[1A[2K[1A[2K[G[1m[33mapp-e2e-fleet-575-hzh4la71[39m[22m  [0m[1mkubernetes_service.wordpress-native_db-service_6D40514E: Creation complete after 0s [id=wordpress-e2e/wordpress-db-svc][0m


1 Stack deploying     0 Stacks done     0 Stacks waiting
[2K[1A[2K[1A[2K[1A[2K[G[1m[33mapp-e2e-fleet-575-hzh4la71[39m[22m  [0m[1mkubernetes_service.wordpress-native_web-service_CD07C547: Creation complete after 0s [id=wordpress-e2e/wordpress][0m


1 Stack deploying     0 Stacks done     0 Stacks waiting
[2K[1A[2K[1A[2K[1A[2K[G[1m[33mapp-e2e-fleet-575-hzh4la71[39m[22m  [0m[1mkubernetes_deployment.wordpress-native_web-deployment_D498D866: Creating...[0m[0m


1 Stack deploying     0 Stacks done     0 Stacks waiting
[2K[1A[2K[1A[2K[1A[2K[G[1m[33mapp-e2e-fleet-575-hzh4la71[39m[22m  [0m[1mkubernetes_deployment.wordpress-native_db-deployment_16F83C6F: Creating...[0m[0m


1 Stack deploying     0 Stacks done     0 Stacks waiting
[2K[1A[2K[1A[2K[1A[2K[G[1m[33mapp-e2e-fleet-575-hzh4la71[39m[22m  [0m[1mkubernetes_deployment.wordpress-native_web-deployment_D498D866: Still creating... [10s elapsed][0m[0m


1 Stack deploying     0 Stacks done     0 Stacks waiting
[2K[1A[2K[1A[2K[1A[2K[G[1m[33mapp-e2e-fleet-575-hzh4la71[39m[22m  [0m[1mkubernetes_deployment.wordpress-native_db-deployment_16F83C6F: Still creating... [10s elapsed][0m[0m


1 Stack deploying     0 Stacks done     0 Stacks waiting
[2K[1A[2K[1A[2K[1A[2K[G[1m[33mapp-e2e-fleet-575-hzh4la71[39m[22m  [0m[1mkubernetes_deployment.wordpress-native_db-deployment_16F83C6F: Creation complete after 16s [id=wordpress-e2e/wordpress-db][0m


1 Stack deploying     0 Stacks done     0 Stacks waiting
[2K[1A[2K[1A[2K[1A[2K[G[1m[33mapp-e2e-fleet-575-hzh4la71[39m[22m  [0m[1mkubernetes_deployment.wordpress-native_web-deployment_D498D866: Still creating... [20s elapsed][0m[0m


1 Stack deploying     0 Stacks done     0 Stacks waiting
[2K[1A[2K[1A[2K[1A[2K[G[1m[33mapp-e2e-fleet-575-hzh4la71[39m[22m  [0m[1mkubernetes_deployment.wordpress-native_web-deployment_D498D866: Creation complete after 26s [id=wordpress-e2e/wordpress][0m


1 Stack deploying     0 Stacks done     0 Stacks waiting
[2K[1A[2K[1A[2K[1A[2K[G[1m[33mapp-e2e-fleet-575-hzh4la71[39m[22m  [0m[1m[32m
                            Apply complete! Resources: 7 added, 0 changed, 0 destroyed.


1 Stack deploying     0 Stacks done     0 Stacks waiting
[2K[1A[2K[1A[2K[1A[2K[G
No outputs found.
