
⠋  [1mStarting[22m
[2K[1A[2K[1A[2K[G
⠋  [1mSynthesizing[22m
[2K[1A[2K[1A[2K[G
⠙  [1mSynthesizing[22m
[2K[1A[2K[1A[2K[G
⠹  [1mSynthesizing[22m
[2K[1A[2K[1A[2K[G
⠸  [1mSynthesizing[22m
[2K[1A[2K[1A[2K[G
⠼  [1mSynthesizing[22m
[2K[1A[2K[1A[2K[G
⠴  [1mSynthesizing[22m
[2K[1A[2K[1A[2K[G
⠦  [1mSynthesizing[22m
[2K[1A[2K[1A[2K[G
⠧  [1mSynthesizing[22m
[2K[1A[2K[1A[2K[G
⠇  [1mSynthesizing[22m
[2K[1A[2K[1A[2K[G
⠏  [1mSynthesizing[22m
[2K[1A[2K[1A[2K[G
⠋  [1mSynthesizing[22m
[2K[1A[2K[1A[2K[G
⠙  [1mSynthesizing[22m
[2K[1A[2K[1A[2K[G
⠹  [1mSynthesizing[22m
[2K[1A[2K[1A[2K[G

0 Stacks deploying     0 Stacks done     0 Stacks waiting
[2K[1A[2K[1A[2K[1A[2K[G[1m[33mapp-c-760-edb3db28[39m[22m  [0m[1mInitializing the backend...[0m


0 Stacks deploying     0 Stacks done     0 Stacks waiting
[2K[1A[2K[1A[2K[1A[2K[G

0 Stacks deploying     0 Stacks done     1 Stack waiting
[2K[1A[2K[1A[2K[1A[2K[G[1m[33mapp-c-760-edb3db28[39m[22m  [0m[32m
                    Successfully configured the backend "local"! Terraform will automatically
                    use this backend unless the backend configuration changes.[0m
                    [0m[1mInitializing provider plugins...[0m
                    - Finding hashicorp/kubernetes versions matching "2.38.0"...


0 Stacks deploying     0 Stacks done     1 Stack waiting
[2K[1A[2K[1A[2K[1A[2K[G[1m[33mapp-c-760-edb3db28[39m[22m  - Finding hashicorp/helm versions matching "2.17.0"...


0 Stacks deploying     0 Stacks done     1 Stack waiting
[2K[1A[2K[1A[2K[1A[2K[G[1m[33mapp-c-760-edb3db28[39m[22m  - Installing hashicorp/kubernetes v2.38.0...


0 Stacks deploying     0 Stacks done     1 Stack waiting
[2K[1A[2K[1A[2K[1A[2K[G[1m[33mapp-c-760-edb3db28[39m[22m  - Installed hashicorp/kubernetes v2.38.0 (signed by HashiCorp)


0 Stacks deploying     0 Stacks done     1 Stack waiting
[2K[1A[2K[1A[2K[1A[2K[G[1m[33mapp-c-760-edb3db28[39m[22m  - Installing hashicorp/helm v2.17.0...


0 Stacks deploying     0 Stacks done     1 Stack waiting
[2K[1A[2K[1A[2K[1A[2K[G[1m[33mapp-c-760-edb3db28[39m[22m  - Installed hashicorp/helm v2.17.0 (signed by HashiCorp)
                    Terraform has created a lock file [1m.terraform.lock.hcl[0m to record the provider
                    selections it made above. Include this file in your version control repository
                    so that Terraform can guarantee to make the same selections by default when
                    you run "terraform init" in the future.[0m


0 Stacks deploying     0 Stacks done     1 Stack waiting
[2K[1A[2K[1A[2K[1A[2K[G[1m[33mapp-c-760-edb3db28[39m[22m  [0m[1m[32mTerraform has been successfully initialized![0m[32m[0m
                    [0m[32m
                    You may now begin working with Terraform. Try running "terraform plan" to see
                    any changes that are required for your infrastructure. All Terraform commands
                    should now work.

                    If you ever set or change modules or backend configuration for Terraform,
                    rerun this command to reinitialize your working directory. If you forget, other
                    commands will detect it and remind you to do so if necessary.[0m


0 Stacks deploying     0 Stacks done     1 Stack waiting
[2K[1A[2K[1A[2K[1A[2K[G[1m[33mapp-c-760-edb3db28[39m[22m  - Fetching hashicorp/helm 2.17.0 for linux_amd64...


0 Stacks deploying     0 Stacks done     1 Stack waiting
[2K[1A[2K[1A[2K[1A[2K[G[1m[33mapp-c-760-edb3db28[39m[22m  - Retrieved hashicorp/helm 2.17.0 for linux_amd64 (signed by HashiCorp)


0 Stacks deploying     0 Stacks done     1 Stack waiting
[2K[1A[2K[1A[2K[1A[2K[G[1m[33mapp-c-760-edb3db28[39m[22m  - Fetching hashicorp/kubernetes 2.38.0 for linux_amd64...


0 Stacks deploying     0 Stacks done     1 Stack waiting
[2K[1A[2K[1A[2K[1A[2K[G[1m[33mapp-c-760-edb3db28[39m[22m  - Retrieved hashicorp/kubernetes 2.38.0 for linux_amd64 (signed by HashiCorp)
                    - Obtained hashicorp/helm checksums for linux_amd64; All checksums for this platform were already tracked in the lock file
                    - Obtained hashicorp/kubernetes checksums for linux_amd64; All checksums for this platform were already tracked in the lock file


0 Stacks deploying     0 Stacks done     1 Stack waiting
[2K[1A[2K[1A[2K[1A[2K[G[1m[33mapp-c-760-edb3db28[39m[22m  [1m[32mSuccess![0m [1mTerraform has validated the lock file and found no need for changes.[0m[0m


0 Stacks deploying     0 Stacks done     1 Stack waiting
[2K[1A[2K[1A[2K[1A[2K[G

1 Stack deploying     0 Stacks done     0 Stacks waiting
[2K[1A[2K[1A[2K[1A[2K[G[1m[33mapp-c-760-edb3db28[39m[22m  Terraform used the selected providers to generate the following execution plan.
                    Resource actions are indicated with the following symbols:
                      [32m+[0m create[0m

                    Terraform will perform the following actions:


1 Stack deploying     0 Stacks done     0 Stacks waiting
[2K[1A[2K[1A[2K[1A[2K[G[1m[33mapp-c-760-edb3db28[39m[22m  [1m  # kubernetes_deployment.audiobookshelf-native_audiobookshelf-deployment_67D8BF59 (audiobookshelf-native/audiobookshelf-deployment)[0m will be created
                    [0m  [32m+[0m[0m resource "kubernetes_deployment" "audiobookshelf-native_audiobookshelf-deployment_67D8BF59" {
                          [32m+[0m[0m id               = (known after apply)
                          [32m+[0m[0m wait_for_rollout = true

                          [32m+[0m[0m metadata {
                              [32m+[0m[0m generation       = (known after apply)
                              [32m+[0m[0m labels           = {
                                  [32m+[0m[0m "app" = "audiobookshelf-audiobookshelf-native"
                                }
                              [32m+[0m[0m name             = "audiobookshelf"
                              [32m+[0m[0m namespace        = "audiobookshelf-real"
                              [32m+[0m[0m resource_version = (known after apply)
                              [32m+[0m[0m uid              = (known after apply)
                            }

                          [32m+[0m[0m spec {
                              [32m+[0m[0m min_ready_seconds         = 0
                              [32m+[0m[0m paused                    = false
                              [32m+[0m[0m progress_deadline_seconds = 600
                              [32m+[0m[0m replicas                  = "1"
                              [32m+[0m[0m revision_history_limit    = 10

                              [32m+[0m[0m selector {
                                  [32m+[0m[0m match_labels = {
                                      [32m+[0m[0m "app" = "audiobookshelf-audiobookshelf-native"
                                    }
                                }

                              [32m+[0m[0m strategy (known after apply)

                              [32m+[0m[0m template {
                                  [32m+[0m[0m metadata {
                                      [32m+[0m[0m generation       = (known after apply)
                                      [32m+[0m[0m labels           = {
                                          [32m+[0m[0m "app" = "audiobookshelf-audiobookshelf-native"
                                        }
                                      [32m+[0m[0m name             = (known after apply)
                                      [32m+[0m[0m resource_version = (known after apply)
                                      [32m+[0m[0m uid              = (known after apply)
                                    }
                                  [32m+[0m[0m spec {
                                      [32m+[0m[0m automount_service_account_token  = true
                                      [32m+[0m[0m dns_policy                       = "ClusterFirst"
                                      [32m+[0m[0m enable_service_links             = true
                                      [32m+[0m[0m host_ipc                         = false
                                      [32m+[0m[0m host_network                     = false
                                      [32m+[0m[0m host_pid                         = false
                                      [32m+[0m[0m hostname                         = (known after apply)
                                      [32m+[0m[0m node_name                        = (known after apply)
                                      [32m+[0m[0m restart_policy                   = "Always"
                                      [32m+[0m[0m scheduler_name                   = (known after apply)
                                      [32m+[0m[0m service_account_name             = (known after apply)
                                      [32m+[0m[0m share_process_namespace          = false
                                      [32m+[0m[0m termination_grace_period_seconds = 30

                                      [32m+[0m[0m container {
                                          [32m+[0m[0m image                      = "advplyr/audiobookshelf:2.35.1"
                                          [32m+[0m[0m image_pull_policy          = (known after apply)
                                          [32m+[0m[0m name                       = "audiobookshelf"
                                          [32m+[0m[0m stdin                      = false
                                          [32m+[0m[0m stdin_once                 = false
                                          [32m+[0m[0m termination_message_path   = "/dev/termination-log"
                                          [32m+[0m[0m termination_message_policy = (known after apply)
                                          [32m+[0m[0m tty                        = false

                                          [32m+[0m[0m env {
                                              [32m+[0m[0m name  = "PORT"
                                              [32m+[0m[0m value = "80"
                                            }
                                          [32m+[0m[0m env {
                                              [32m+[0m[0m name  = "METADATA_PATH"


1 Stack deploying     0 Stacks done     0 Stacks waiting
[2K[1A[2K[1A[2K[1A[2K[G[1m[33mapp-c-760-edb3db28[39m[22m  [32m+[0m[0m value = "/metadata"
                                            }
                                          [32m+[0m[0m env {
                                              [32m+[0m[0m name  = "CONFIG_PATH"
                                              [32m+[0m[0m value = "/config"
                                            }

                                          [32m+[0m[0m port {
                                              [32m+[0m[0m container_port = 80
                                              [32m+[0m[0m protocol       = "TCP"
                                            }

                                          [32m+[0m[0m resources (known after apply)

                                          [32m+[0m[0m volume_mount {
                                              [32m+[0m[0m mount_path        = "/metadata"
                                              [32m+[0m[0m mount_propagation = "None"
                                              [32m+[0m[0m name              = "metadata-vol"
                                              [32m+[0m[0m read_only         = false
                                            }
                                          [32m+[0m[0m volume_mount {
                                              [32m+[0m[0m mount_path        = "/config"
                                              [32m+[0m[0m mount_propagation = "None"
                                              [32m+[0m[0m name              = "config-vol"
                                              [32m+[0m[0m read_only         = false
                                            }
                                        }

                                      [32m+[0m[0m image_pull_secrets (known after apply)

                                      [32m+[0m[0m readiness_gate (known after apply)

                                      [32m+[0m[0m volume {
                                          [32m+[0m[0m name = "metadata-vol"

                                          [32m+[0m[0m persistent_volume_claim {
                                              [32m+[0m[0m claim_name = "audiobookshelf-metadata-pvc"
                                              [32m+[0m[0m read_only  = false
                                            }
                                        }
                                      [32m+[0m[0m volume {
                                          [32m+[0m[0m name = "config-vol"

                                          [32m+[0m[0m persistent_volume_claim {
                                              [32m+[0m[0m claim_name = "audiobookshelf-config-pvc"
                                              [32m+[0m[0m read_only  = false
                                            }
                                        }
                                    }
                                }
                            }
                        }

                    [1m  # kubernetes_namespace.audiobookshelf-native_ns_8477BDB3 (audiobookshelf-native/ns)[0m will be created
                    [0m  [32m+[0m[0m resource "kubernetes_namespace" "audiobookshelf-native_ns_8477BDB3" {
                          [32m+[0m[0m id                               = (known after apply)
                          [32m+[0m[0m wait_for_default_service_account = false

                          [32m+[0m[0m metadata {
                              [32m+[0m[0m generation       = (known after apply)
                              [32m+[0m[0m name             = "audiobookshelf-real"
                              [32m+[0m[0m resource_version = (known after apply)
                              [32m+[0m[0m uid              = (known after apply)
                            }
                        }

                    [1m  # kubernetes_persistent_volume_claim.audiobookshelf-native_config-pvc_91BA997B (audiobookshelf-native/config-pvc)[0m will be created
                    [0m  [32m+[0m[0m resource "kubernetes_persistent_volume_claim" "audiobookshelf-native_config-pvc_91BA997B" {
                          [32m+[0m[0m id               = (known after apply)
                          [32m+[0m[0m wait_until_bound = false

                          [32m+[0m[0m metadata {
                              [32m+[0m[0m generation       = (known after apply)
                              [32m+[0m[0m name             = "audiobookshelf-config-pvc"
                              [32m+[0m[0m namespace        = "audiobookshelf-real"
                              [32m+[0m[0m resource_version = (known after apply)
                              [32m+[0m[0m uid              = (known after apply)
                            }

                          [32m+[0m[0m spec {
                              [32m+[0m[0m access_modes       = [
                                  [32m+[0m[0m "ReadWriteOnce",
                                ]
                              [32m+[0m[0m storage_class_name = (known after apply)
                              [32m+[0m[0m volume_mode        = (known after apply)
                              [32m+[0m[0m volume_name        = (known after apply)

                              [32m+[0m[0m resources {
                                  [32m+[0m[0m requests = {
                                      [32m+[0m[0m "storage" = "1Gi"
                                    }
                                }
                            }
                        }


1 Stack deploying     0 Stacks done     0 Stacks waiting
[2K[1A[2K[1A[2K[1A[2K[G[1m[33mapp-c-760-edb3db28[39m[22m  [1m  # kubernetes_persistent_volume_claim.audiobookshelf-native_metadata-pvc_F2CF1D89 (audiobookshelf-native/metadata-pvc)[0m will be created
                    [0m  [32m+[0m[0m resource "kubernetes_persistent_volume_claim" "audiobookshelf-native_metadata-pvc_F2CF1D89" {
                          [32m+[0m[0m id               = (known after apply)
                          [32m+[0m[0m wait_until_bound = false

                          [32m+[0m[0m metadata {
                              [32m+[0m[0m generation       = (known after apply)
                              [32m+[0m[0m name             = "audiobookshelf-metadata-pvc"
                              [32m+[0m[0m namespace        = "audiobookshelf-real"
                              [32m+[0m[0m resource_version = (known after apply)
                              [32m+[0m[0m uid              = (known after apply)
                            }

                          [32m+[0m[0m spec {
                              [32m+[0m[0m access_modes       = [
                                  [32m+[0m[0m "ReadWriteOnce",
                                ]
                              [32m+[0m[0m storage_class_name = (known after apply)
                              [32m+[0m[0m volume_mode        = (known after apply)
                              [32m+[0m[0m volume_name        = (known after apply)

                              [32m+[0m[0m resources {
                                  [32m+[0m[0m requests = {
                                      [32m+[0m[0m "storage" = "2Gi"
                                    }
                                }
                            }
                        }

                    [1m  # kubernetes_service.audiobookshelf-native_audiobookshelf-service_A3D5F074 (audiobookshelf-native/audiobookshelf-service)[0m will be created
                    [0m  [32m+[0m[0m resource "kubernetes_service" "audiobookshelf-native_audiobookshelf-service_A3D5F074" {
                          [32m+[0m[0m id                     = (known after apply)
                          [32m+[0m[0m status                 = (known after apply)
                          [32m+[0m[0m wait_for_load_balancer = true

                          [32m+[0m[0m metadata {
                              [32m+[0m[0m generation       = (known after apply)
                              [32m+[0m[0m name             = "audiobookshelf"
                              [32m+[0m[0m namespace        = "audiobookshelf-real"
                              [32m+[0m[0m resource_version = (known after apply)
                              [32m+[0m[0m uid              = (known after apply)
                            }

                          [32m+[0m[0m spec {
                              [32m+[0m[0m allocate_load_balancer_node_ports = true
                              [32m+[0m[0m cluster_ip                        = (known after apply)
                              [32m+[0m[0m cluster_ips                       = (known after apply)
                              [32m+[0m[0m external_traffic_policy           = (known after apply)
                              [32m+[0m[0m health_check_node_port            = (known after apply)
                              [32m+[0m[0m internal_traffic_policy           = (known after apply)
                              [32m+[0m[0m ip_families                       = (known after apply)
                              [32m+[0m[0m ip_family_policy                  = (known after apply)
                              [32m+[0m[0m publish_not_ready_addresses       = false
                              [32m+[0m[0m selector                          = {
                                  [32m+[0m[0m "app" = "audiobookshelf-audiobookshelf-native"
                                }
                              [32m+[0m[0m session_affinity                  = "None"
                              [32m+[0m[0m type                              = "LoadBalancer"

                              [32m+[0m[0m port {
                                  [32m+[0m[0m node_port   = (known after apply)
                                  [32m+[0m[0m port        = 80
                                  [32m+[0m[0m protocol    = "TCP"
                                  [32m+[0m[0m target_port = "80"
                                }

                              [32m+[0m[0m session_affinity_config (known after apply)
                            }
                        }

                    [1mPlan:[0m 5 to add, 0 to change, 0 to destroy.


1 Stack deploying     0 Stacks done     0 Stacks waiting
[2K[1A[2K[1A[2K[1A[2K[G[1m[33mapp-c-760-edb3db28[39m[22m  [0m[0m[1mkubernetes_namespace.audiobookshelf-native_ns_8477BDB3: Creating...[0m[0m


1 Stack deploying     0 Stacks done     0 Stacks waiting
[2K[1A[2K[1A[2K[1A[2K[G[1m[33mapp-c-760-edb3db28[39m[22m  [0m[1mkubernetes_namespace.audiobookshelf-native_ns_8477BDB3: Creation complete after 0s [id=audiobookshelf-real][0m


1 Stack deploying     0 Stacks done     0 Stacks waiting
[2K[1A[2K[1A[2K[1A[2K[G[1m[33mapp-c-760-edb3db28[39m[22m  [0m[1mkubernetes_service.audiobookshelf-native_audiobookshelf-service_A3D5F074: Creating...[0m[0m


1 Stack deploying     0 Stacks done     0 Stacks waiting
[2K[1A[2K[1A[2K[1A[2K[G[1m[33mapp-c-760-edb3db28[39m[22m  [0m[1mkubernetes_persistent_volume_claim.audiobookshelf-native_config-pvc_91BA997B: Creating...[0m[0m
                    [0m[1mkubernetes_persistent_volume_claim.audiobookshelf-native_metadata-pvc_F2CF1D89: Creating...[0m[0m


1 Stack deploying     0 Stacks done     0 Stacks waiting
[2K[1A[2K[1A[2K[1A[2K[G[1m[33mapp-c-760-edb3db28[39m[22m  [0m[1mkubernetes_persistent_volume_claim.audiobookshelf-native_metadata-pvc_F2CF1D89: Creation complete after 0s [id=audiobookshelf-real/audiobookshelf-metadata-pvc][0m


1 Stack deploying     0 Stacks done     0 Stacks waiting
[2K[1A[2K[1A[2K[1A[2K[G[1m[33mapp-c-760-edb3db28[39m[22m  [0m[1mkubernetes_persistent_volume_claim.audiobookshelf-native_config-pvc_91BA997B: Creation complete after 0s [id=audiobookshelf-real/audiobookshelf-config-pvc][0m


1 Stack deploying     0 Stacks done     0 Stacks waiting
[2K[1A[2K[1A[2K[1A[2K[G[1m[33mapp-c-760-edb3db28[39m[22m  [0m[1mkubernetes_deployment.audiobookshelf-native_audiobookshelf-deployment_67D8BF59: Creating...[0m[0m


1 Stack deploying     0 Stacks done     0 Stacks waiting
[2K[1A[2K[1A[2K[1A[2K[G[1m[33mapp-c-760-edb3db28[39m[22m  [0m[1mkubernetes_service.audiobookshelf-native_audiobookshelf-service_A3D5F074: Still creating... [10s elapsed][0m[0m


1 Stack deploying     0 Stacks done     0 Stacks waiting
[2K[1A[2K[1A[2K[1A[2K[G[1m[33mapp-c-760-edb3db28[39m[22m  [0m[1mkubernetes_deployment.audiobookshelf-native_audiobookshelf-deployment_67D8BF59: Still creating... [10s elapsed][0m[0m


1 Stack deploying     0 Stacks done     0 Stacks waiting
[2K[1A[2K[1A[2K[1A[2K[G[1m[33mapp-c-760-edb3db28[39m[22m  [0m[1mkubernetes_service.audiobookshelf-native_audiobookshelf-service_A3D5F074: Still creating... [20s elapsed][0m[0m


1 Stack deploying     0 Stacks done     0 Stacks waiting
[2K[1A[2K[1A[2K[1A[2K[G[1m[33mapp-c-760-edb3db28[39m[22m  [0m[1mkubernetes_deployment.audiobookshelf-native_audiobookshelf-deployment_67D8BF59: Still creating... [20s elapsed][0m[0m


1 Stack deploying     0 Stacks done     0 Stacks waiting
[2K[1A[2K[1A[2K[1A[2K[G[1m[33mapp-c-760-edb3db28[39m[22m  [0m[1mkubernetes_service.audiobookshelf-native_audiobookshelf-service_A3D5F074: Still creating... [30s elapsed][0m[0m


1 Stack deploying     0 Stacks done     0 Stacks waiting
[2K[1A[2K[1A[2K[1A[2K[G[1m[33mapp-c-760-edb3db28[39m[22m  [0m[1mkubernetes_deployment.audiobookshelf-native_audiobookshelf-deployment_67D8BF59: Still creating... [30s elapsed][0m[0m


1 Stack deploying     0 Stacks done     0 Stacks waiting
[2K[1A[2K[1A[2K[1A[2K[G[1m[33mapp-c-760-edb3db28[39m[22m  [0m[1mkubernetes_service.audiobookshelf-native_audiobookshelf-service_A3D5F074: Still creating... [40s elapsed][0m[0m


1 Stack deploying     0 Stacks done     0 Stacks waiting
[2K[1A[2K[1A[2K[1A[2K[G[1m[33mapp-c-760-edb3db28[39m[22m  [0m[1mkubernetes_deployment.audiobookshelf-native_audiobookshelf-deployment_67D8BF59: Still creating... [40s elapsed][0m[0m


1 Stack deploying     0 Stacks done     0 Stacks waiting
[2K[1A[2K[1A[2K[1A[2K[G[1m[33mapp-c-760-edb3db28[39m[22m  [0m[1mkubernetes_deployment.audiobookshelf-native_audiobookshelf-deployment_67D8BF59: Creation complete after 45s [id=audiobookshelf-real/audiobookshelf][0m


1 Stack deploying     0 Stacks done     0 Stacks waiting
[2K[1A[2K[1A[2K[1A[2K[G[1m[33mapp-c-760-edb3db28[39m[22m  [0m[1mkubernetes_service.audiobookshelf-native_audiobookshelf-service_A3D5F074: Still creating... [50s elapsed][0m[0m


1 Stack deploying     0 Stacks done     0 Stacks waiting
[2K[1A[2K[1A[2K[1A[2K[G[1m[33mapp-c-760-edb3db28[39m[22m  [0m[1mkubernetes_service.audiobookshelf-native_audiobookshelf-service_A3D5F074: Still creating... [1m0s elapsed][0m[0m


1 Stack deploying     0 Stacks done     0 Stacks waiting
[2K[1A[2K[1A[2K[1A[2K[G[1m[33mapp-c-760-edb3db28[39m[22m  [0m[1mkubernetes_service.audiobookshelf-native_audiobookshelf-service_A3D5F074: Still creating... [1m10s elapsed][0m[0m


1 Stack deploying     0 Stacks done     0 Stacks waiting
[2K[1A[2K[1A[2K[1A[2K[G[1m[33mapp-c-760-edb3db28[39m[22m  [0m[1mkubernetes_service.audiobookshelf-native_audiobookshelf-service_A3D5F074: Still creating... [1m20s elapsed][0m[0m


1 Stack deploying     0 Stacks done     0 Stacks waiting
[2K[1A[2K[1A[2K[1A[2K[G[1m[33mapp-c-760-edb3db28[39m[22m  [0m[1mkubernetes_service.audiobookshelf-native_audiobookshelf-service_A3D5F074: Still creating... [1m30s elapsed][0m[0m


1 Stack deploying     0 Stacks done     0 Stacks waiting
[2K[1A[2K[1A[2K[1A[2K[G[1m[33mapp-c-760-edb3db28[39m[22m  [0m[1mkubernetes_service.audiobookshelf-native_audiobookshelf-service_A3D5F074: Still creating... [1m40s elapsed][0m[0m


1 Stack deploying     0 Stacks done     0 Stacks waiting
[2K[1A[2K[1A[2K[1A[2K[G[1m[33mapp-c-760-edb3db28[39m[22m  [0m[1mkubernetes_service.audiobookshelf-native_audiobookshelf-service_A3D5F074: Still creating... [1m50s elapsed][0m[0m


1 Stack deploying     0 Stacks done     0 Stacks waiting
[2K[1A[2K[1A[2K[1A[2K[G[1m[33mapp-c-760-edb3db28[39m[22m  [0m[1mkubernetes_service.audiobookshelf-native_audiobookshelf-service_A3D5F074: Still creating... [2m0s elapsed][0m[0m


1 Stack deploying     0 Stacks done     0 Stacks waiting
[2K[1A[2K[1A[2K[1A[2K[G[1m[33mapp-c-760-edb3db28[39m[22m  [0m[1mkubernetes_service.audiobookshelf-native_audiobookshelf-service_A3D5F074: Still creating... [2m10s elapsed][0m[0m


1 Stack deploying     0 Stacks done     0 Stacks waiting
[2K[1A[2K[1A[2K[1A[2K[G[1m[33mapp-c-760-edb3db28[39m[22m  [0m[1mkubernetes_service.audiobookshelf-native_audiobookshelf-service_A3D5F074: Still creating... [2m20s elapsed][0m[0m


1 Stack deploying     0 Stacks done     0 Stacks waiting
[2K[1A[2K[1A[2K[1A[2K[G[1m[33mapp-c-760-edb3db28[39m[22m  [0m[1mkubernetes_service.audiobookshelf-native_audiobookshelf-service_A3D5F074: Still creating... [2m30s elapsed][0m[0m


1 Stack deploying     0 Stacks done     0 Stacks waiting
[2K[1A[2K[1A[2K[1A[2K[G[1m[33mapp-c-760-edb3db28[39m[22m  [0m[1mkubernetes_service.audiobookshelf-native_audiobookshelf-service_A3D5F074: Still creating... [2m40s elapsed][0m[0m


1 Stack deploying     0 Stacks done     0 Stacks waiting
[2K[1A[2K[1A[2K[1A[2K[G[1m[33mapp-c-760-edb3db28[39m[22m  [0m[1mkubernetes_service.audiobookshelf-native_audiobookshelf-service_A3D5F074: Still creating... [2m50s elapsed][0m[0m


1 Stack deploying     0 Stacks done     0 Stacks waiting
[2K[1A[2K[1A[2K[1A[2K[G[1m[33mapp-c-760-edb3db28[39m[22m  [0m[1mkubernetes_service.audiobookshelf-native_audiobookshelf-service_A3D5F074: Still creating... [3m0s elapsed][0m[0m


1 Stack deploying     0 Stacks done     0 Stacks waiting
[2K[1A[2K[1A[2K[1A[2K[G[1m[33mapp-c-760-edb3db28[39m[22m  [0m[1mkubernetes_service.audiobookshelf-native_audiobookshelf-service_A3D5F074: Still creating... [3m10s elapsed][0m[0m


1 Stack deploying     0 Stacks done     0 Stacks waiting
[2K[1A[2K[1A[2K[1A[2K[G[1m[33mapp-c-760-edb3db28[39m[22m  [0m[1mkubernetes_service.audiobookshelf-native_audiobookshelf-service_A3D5F074: Still creating... [3m20s elapsed][0m[0m


1 Stack deploying     0 Stacks done     0 Stacks waiting
[2K[1A[2K[1A[2K[1A[2K[G[1m[33mapp-c-760-edb3db28[39m[22m  [0m[1mkubernetes_service.audiobookshelf-native_audiobookshelf-service_A3D5F074: Still creating... [3m30s elapsed][0m[0m


1 Stack deploying     0 Stacks done     0 Stacks waiting
[2K[1A[2K[1A[2K[1A[2K[G[1m[33mapp-c-760-edb3db28[39m[22m  [0m[1mkubernetes_service.audiobookshelf-native_audiobookshelf-service_A3D5F074: Still creating... [3m40s elapsed][0m[0m


1 Stack deploying     0 Stacks done     0 Stacks waiting
[2K[1A[2K[1A[2K[1A[2K[G[1m[33mapp-c-760-edb3db28[39m[22m  [0m[1mkubernetes_service.audiobookshelf-native_audiobookshelf-service_A3D5F074: Still creating... [3m50s elapsed][0m[0m


1 Stack deploying     0 Stacks done     0 Stacks waiting
[2K[1A[2K[1A[2K[1A[2K[G[1m[33mapp-c-760-edb3db28[39m[22m  [0m[1mkubernetes_service.audiobookshelf-native_audiobookshelf-service_A3D5F074: Still creating... [4m0s elapsed][0m[0m


1 Stack deploying     0 Stacks done     0 Stacks waiting
[2K[1A[2K[1A[2K[1A[2K[G[1m[33mapp-c-760-edb3db28[39m[22m  [0m[1mkubernetes_service.audiobookshelf-native_audiobookshelf-service_A3D5F074: Still creating... [4m10s elapsed][0m[0m


1 Stack deploying     0 Stacks done     0 Stacks waiting
[2K[1A[2K[1A[2K[1A[2K[G[1m[33mapp-c-760-edb3db28[39m[22m  [0m[1mkubernetes_service.audiobookshelf-native_audiobookshelf-service_A3D5F074: Still creating... [4m20s elapsed][0m[0m


1 Stack deploying     0 Stacks done     0 Stacks waiting
[2K[1A[2K[1A[2K[1A[2K[G[1m[33mapp-c-760-edb3db28[39m[22m  [0m[1mkubernetes_service.audiobookshelf-native_audiobookshelf-service_A3D5F074: Still creating... [4m30s elapsed][0m[0m


1 Stack deploying     0 Stacks done     0 Stacks waiting
[2K[1A[2K[1A[2K[1A[2K[G[1m[33mapp-c-760-edb3db28[39m[22m  [0m[1mkubernetes_service.audiobookshelf-native_audiobookshelf-service_A3D5F074: Still creating... [4m40s elapsed][0m[0m


1 Stack deploying     0 Stacks done     0 Stacks waiting
[2K[1A[2K[1A[2K[1A[2K[G[1m[33mapp-c-760-edb3db28[39m[22m  [0m[1mkubernetes_service.audiobookshelf-native_audiobookshelf-service_A3D5F074: Still creating... [4m50s elapsed][0m[0m


1 Stack deploying     0 Stacks done     0 Stacks waiting
[2K[1A[2K[1A[2K[1A[2K[G[1m[33mapp-c-760-edb3db28[39m[22m  [0m[1mkubernetes_service.audiobookshelf-native_audiobookshelf-service_A3D5F074: Still creating... [5m0s elapsed][0m[0m


1 Stack deploying     0 Stacks done     0 Stacks waiting
[2K[1A[2K[1A[2K[1A[2K[G[1m[33mapp-c-760-edb3db28[39m[22m  [0m[1mkubernetes_service.audiobookshelf-native_audiobookshelf-service_A3D5F074: Still creating... [5m10s elapsed][0m[0m


1 Stack deploying     0 Stacks done     0 Stacks waiting
[2K[1A[2K[1A[2K[1A[2K[G[1m[33mapp-c-760-edb3db28[39m[22m  [0m[1mkubernetes_service.audiobookshelf-native_audiobookshelf-service_A3D5F074: Still creating... [5m20s elapsed][0m[0m


1 Stack deploying     0 Stacks done     0 Stacks waiting
[2K[1A[2K[1A[2K[1A[2K[G[1m[33mapp-c-760-edb3db28[39m[22m  [0m[1mkubernetes_service.audiobookshelf-native_audiobookshelf-service_A3D5F074: Still creating... [5m30s elapsed][0m[0m


1 Stack deploying     0 Stacks done     0 Stacks waiting
[2K[1A[2K[1A[2K[1A[2K[G[1m[33mapp-c-760-edb3db28[39m[22m  [0m[1mkubernetes_service.audiobookshelf-native_audiobookshelf-service_A3D5F074: Still creating... [5m40s elapsed][0m[0m


1 Stack deploying     0 Stacks done     0 Stacks waiting
[2K[1A[2K[1A[2K[1A[2K[G[1m[33mapp-c-760-edb3db28[39m[22m  [0m[1mkubernetes_service.audiobookshelf-native_audiobookshelf-service_A3D5F074: Still creating... [5m50s elapsed][0m[0m


1 Stack deploying     0 Stacks done     0 Stacks waiting
[2K[1A[2K[1A[2K[1A[2K[G[1m[33mapp-c-760-edb3db28[39m[22m  [0m[1mkubernetes_service.audiobookshelf-native_audiobookshelf-service_A3D5F074: Still creating... [6m0s elapsed][0m[0m


1 Stack deploying     0 Stacks done     0 Stacks waiting
[2K[1A[2K[1A[2K[1A[2K[G[1m[33mapp-c-760-edb3db28[39m[22m  [0m[1mkubernetes_service.audiobookshelf-native_audiobookshelf-service_A3D5F074: Still creating... [6m10s elapsed][0m[0m


1 Stack deploying     0 Stacks done     0 Stacks waiting
[2K[1A[2K[1A[2K[1A[2K[G[1m[33mapp-c-760-edb3db28[39m[22m  [0m[1mkubernetes_service.audiobookshelf-native_audiobookshelf-service_A3D5F074: Still creating... [6m20s elapsed][0m[0m


1 Stack deploying     0 Stacks done     0 Stacks waiting
[2K[1A[2K[1A[2K[1A[2K[G[1m[33mapp-c-760-edb3db28[39m[22m  [0m[1mkubernetes_service.audiobookshelf-native_audiobookshelf-service_A3D5F074: Still creating... [6m30s elapsed][0m[0m


1 Stack deploying     0 Stacks done     0 Stacks waiting
[2K[1A[2K[1A[2K[1A[2K[G[1m[33mapp-c-760-edb3db28[39m[22m  [0m[1mkubernetes_service.audiobookshelf-native_audiobookshelf-service_A3D5F074: Still creating... [6m40s elapsed][0m[0m


1 Stack deploying     0 Stacks done     0 Stacks waiting
[2K[1A[2K[1A[2K[1A[2K[G[1m[33mapp-c-760-edb3db28[39m[22m  [0m[1mkubernetes_service.audiobookshelf-native_audiobookshelf-service_A3D5F074: Still creating... [6m50s elapsed][0m[0m


1 Stack deploying     0 Stacks done     0 Stacks waiting
[2K[1A[2K[1A[2K[1A[2K[G[1m[33mapp-c-760-edb3db28[39m[22m  [0m[1mkubernetes_service.audiobookshelf-native_audiobookshelf-service_A3D5F074: Still creating... [7m0s elapsed][0m[0m


1 Stack deploying     0 Stacks done     0 Stacks waiting
[2K[1A[2K[1A[2K[1A[2K[G[1m[33mapp-c-760-edb3db28[39m[22m  [0m[1mkubernetes_service.audiobookshelf-native_audiobookshelf-service_A3D5F074: Still creating... [7m10s elapsed][0m[0m


1 Stack deploying     0 Stacks done     0 Stacks waiting
[2K[1A[2K[1A[2K[1A[2K[G[1m[33mapp-c-760-edb3db28[39m[22m  [0m[1mkubernetes_service.audiobookshelf-native_audiobookshelf-service_A3D5F074: Still creating... [7m20s elapsed][0m[0m


1 Stack deploying     0 Stacks done     0 Stacks waiting
[2K[1A[2K[1A[2K[1A[2K[G[1m[33mapp-c-760-edb3db28[39m[22m  [0m[1mkubernetes_service.audiobookshelf-native_audiobookshelf-service_A3D5F074: Still creating... [7m30s elapsed][0m[0m


1 Stack deploying     0 Stacks done     0 Stacks waiting
[2K[1A[2K[1A[2K[1A[2K[G[1m[33mapp-c-760-edb3db28[39m[22m  [0m[1mkubernetes_service.audiobookshelf-native_audiobookshelf-service_A3D5F074: Still creating... [7m40s elapsed][0m[0m


1 Stack deploying     0 Stacks done     0 Stacks waiting
[2K[1A[2K[1A[2K[1A[2K[G[1m[33mapp-c-760-edb3db28[39m[22m  [0m[1mkubernetes_service.audiobookshelf-native_audiobookshelf-service_A3D5F074: Still creating... [7m50s elapsed][0m[0m


1 Stack deploying     0 Stacks done     0 Stacks waiting
[2K[1A[2K[1A[2K[1A[2K[G[1m[33mapp-c-760-edb3db28[39m[22m  [0m[1mkubernetes_service.audiobookshelf-native_audiobookshelf-service_A3D5F074: Still creating... [8m0s elapsed][0m[0m


1 Stack deploying     0 Stacks done     0 Stacks waiting
[2K[1A[2K[1A[2K[1A[2K[G[1m[33mapp-c-760-edb3db28[39m[22m  [0m[1mkubernetes_service.audiobookshelf-native_audiobookshelf-service_A3D5F074: Still creating... [8m10s elapsed][0m[0m


1 Stack deploying     0 Stacks done     0 Stacks waiting
[2K[1A[2K[1A[2K[1A[2K[G[1m[33mapp-c-760-edb3db28[39m[22m  [0m[1mkubernetes_service.audiobookshelf-native_audiobookshelf-service_A3D5F074: Still creating... [8m20s elapsed][0m[0m


1 Stack deploying     0 Stacks done     0 Stacks waiting
[2K[1A[2K[1A[2K[1A[2K[G[1m[33mapp-c-760-edb3db28[39m[22m  [0m[1mkubernetes_service.audiobookshelf-native_audiobookshelf-service_A3D5F074: Still creating... [8m30s elapsed][0m[0m


1 Stack deploying     0 Stacks done     0 Stacks waiting
[2K[1A[2K[1A[2K[1A[2K[G[1m[33mapp-c-760-edb3db28[39m[22m  [0m[1mkubernetes_service.audiobookshelf-native_audiobookshelf-service_A3D5F074: Still creating... [8m40s elapsed][0m[0m


1 Stack deploying     0 Stacks done     0 Stacks waiting
[2K[1A[2K[1A[2K[1A[2K[G

0 Stacks deploying     1 Stack done     0 Stacks waiting
AbortError: The operation was aborted

--- EXECUTION FAILED (Exit Code 1) ---
