
⠋  [1mStarting[22m
[2K[1A[2K[1A[2K[G
⠋  [1mSynthesizing[22m
[2K[1A[2K[1A[2K[G
⠙  [1mSynthesizing[22m
[2K[1A[2K[1A[2K[G
⠹  [1mSynthesizing[22m
[2K[1A[2K[1A[2K[G
⠸  [1mSynthesizing[22m
[2K[1A[2K[1A[2K[G
⠼  [1mSynthesizing[22m
[2K[1A[2K[1A[2K[G
⠴  [1mSynthesizing[22m
[2K[1A[2K[1A[2K[G
⠦  [1mSynthesizing[22m
[2K[1A[2K[1A[2K[G
⠧  [1mSynthesizing[22m
[2K[1A[2K[1A[2K[G
⠇  [1mSynthesizing[22m
[2K[1A[2K[1A[2K[G
⠏  [1mSynthesizing[22m
[2K[1A[2K[1A[2K[G
⠋  [1mSynthesizing[22m
[2K[1A[2K[1A[2K[G
⠙  [1mSynthesizing[22m
[2K[1A[2K[1A[2K[G

0 Stacks destroying     0 Stacks done     0 Stacks waiting
[2K[1A[2K[1A[2K[1A[2K[G[1m[33mapp-c-760-4ef55754[39m[22m  [0m[1mInitializing the backend...[0m


0 Stacks destroying     0 Stacks done     0 Stacks waiting
[2K[1A[2K[1A[2K[1A[2K[G

0 Stacks destroying     0 Stacks done     1 Stack waiting
[2K[1A[2K[1A[2K[1A[2K[G[1m[33mapp-c-760-4ef55754[39m[22m  [0m[1mInitializing provider plugins...[0m
                    - Reusing previous version of hashicorp/kubernetes from the dependency lock file


0 Stacks destroying     0 Stacks done     1 Stack waiting
[2K[1A[2K[1A[2K[1A[2K[G[1m[33mapp-c-760-4ef55754[39m[22m  - Reusing previous version of hashicorp/helm from the dependency lock file


0 Stacks destroying     0 Stacks done     1 Stack waiting
[2K[1A[2K[1A[2K[1A[2K[G[1m[33mapp-c-760-4ef55754[39m[22m  - Using previously-installed hashicorp/helm v2.17.0


0 Stacks destroying     0 Stacks done     1 Stack waiting
[2K[1A[2K[1A[2K[1A[2K[G[1m[33mapp-c-760-4ef55754[39m[22m  - Using previously-installed hashicorp/kubernetes v2.38.0

                    [0m[1m[32mTerraform has been successfully initialized![0m[32m[0m
                    [0m[32m
                    You may now begin working with Terraform. Try running "terraform plan" to see
                    any changes that are required for your infrastructure. All Terraform commands
                    should now work.

                    If you ever set or change modules or backend configuration for Terraform,
                    rerun this command to reinitialize your working directory. If you forget, other
                    commands will detect it and remind you to do so if necessary.[0m


0 Stacks destroying     0 Stacks done     1 Stack waiting
[2K[1A[2K[1A[2K[1A[2K[G

1 Stack destroying     0 Stacks done     0 Stacks waiting
[2K[1A[2K[1A[2K[1A[2K[G[1m[33mapp-c-760-4ef55754[39m[22m  [0m[1m[32mNo changes.[0m[1m No objects need to be destroyed.[0m

                    [0mEither you have not created any objects yet or the existing objects were
                    already deleted outside of Terraform.


1 Stack destroying     0 Stacks done     0 Stacks waiting
[2K[1A[2K[1A[2K[1A[2K[G[1m[33mapp-c-760-4ef55754[39m[22m  [0m[1m[32m
                    Destroy complete! Resources: 0 destroyed.


1 Stack destroying     0 Stacks done     0 Stacks waiting
[2K[1A[2K[1A[2K[1A[2K[G
