
⠋  [1mStarting[22m
[2K[1A[2K[1A[2K[G
⠋  [1mSynthesizing[22m
[2K[1A[2K[1A[2K[G
⠙  [1mSynthesizing[22m
[2K[1A[2K[1A[2K[G
⠹  [1mSynthesizing[22m
[2K[1A[2K[1A[2K[G
⠸  [1mSynthesizing[22m
[2K[1A[2K[1A[2K[G
⠼  [1mSynthesizing[22m
[2K[1A[2K[1A[2K[G
⠴  [1mSynthesizing[22m
[2K[1A[2K[1A[2K[G
⠦  [1mSynthesizing[22m
[2K[1A[2K[1A[2K[G
⠧  [1mSynthesizing[22m
[2K[1A[2K[1A[2K[G
⠇  [1mSynthesizing[22m
[2K[1A[2K[1A[2K[G
⠏  [1mSynthesizing[22m
[2K[1A[2K[1A[2K[G
⠋  [1mSynthesizing[22m
[2K[1A[2K[1A[2K[G
⠙  [1mSynthesizing[22m
[2K[1A[2K[1A[2K[G

0 Stacks deploying     0 Stacks done     0 Stacks waiting
[2K[1A[2K[1A[2K[1A[2K[G[1m[33mapp-c-760-06971141[39m[22m  [0m[1mInitializing the backend...[0m


0 Stacks deploying     0 Stacks done     0 Stacks waiting
[2K[1A[2K[1A[2K[1A[2K[G

0 Stacks deploying     0 Stacks done     1 Stack waiting
[2K[1A[2K[1A[2K[1A[2K[G[1m[33mapp-c-760-06971141[39m[22m  [0m[1mInitializing provider plugins...[0m
                    - Reusing previous version of hashicorp/helm from the dependency lock file


0 Stacks deploying     0 Stacks done     1 Stack waiting
[2K[1A[2K[1A[2K[1A[2K[G[1m[33mapp-c-760-06971141[39m[22m  - Reusing previous version of hashicorp/kubernetes from the dependency lock file


0 Stacks deploying     0 Stacks done     1 Stack waiting
[2K[1A[2K[1A[2K[1A[2K[G[1m[33mapp-c-760-06971141[39m[22m  - Using previously-installed hashicorp/helm v2.17.0


0 Stacks deploying     0 Stacks done     1 Stack waiting
[2K[1A[2K[1A[2K[1A[2K[G[1m[33mapp-c-760-06971141[39m[22m  - Using previously-installed hashicorp/kubernetes v2.38.0

                    [0m[1m[32mTerraform has been successfully initialized![0m[32m[0m
                    [0m[32m
                    You may now begin working with Terraform. Try running "terraform plan" to see
                    any changes that are required for your infrastructure. All Terraform commands
                    should now work.

                    If you ever set or change modules or backend configuration for Terraform,
                    rerun this command to reinitialize your working directory. If you forget, other
                    commands will detect it and remind you to do so if necessary.[0m


0 Stacks deploying     0 Stacks done     1 Stack waiting
[2K[1A[2K[1A[2K[1A[2K[G

1 Stack deploying     0 Stacks done     0 Stacks waiting
[2K[1A[2K[1A[2K[1A[2K[G[1m[33mapp-c-760-06971141[39m[22m  [0m[1mkubernetes_namespace.audiobookshelf-native_ns_8477BDB3: Refreshing state... [id=audiobookshelf-local][0m


1 Stack deploying     0 Stacks done     0 Stacks waiting
[2K[1A[2K[1A[2K[1A[2K[G[1m[33mapp-c-760-06971141[39m[22m  [31m╷[0m[0m
                    [31m│[0m [0m[1m[31mError: [0m[0m[1mGet "https://0.0.0.0:45443/api/v1/namespaces/audiobookshelf-local": net/http: TLS handshake timeout[0m
                    [31m│[0m [0m
                    [31m│[0m [0m[0m  with kubernetes_namespace.audiobookshelf-native_ns_8477BDB3 (audiobookshelf-native/ns),
                    [31m│[0m [0m  on cdk.tf.json line 132, in resource.kubernetes_namespace.audiobookshelf-native_ns_8477BDB3 (audiobookshelf-native/ns):
                    [31m│[0m [0m 132:       [4m}[0m[0m
                    [31m│[0m [0m
                    [31m╵[0m[0m


1 Stack deploying     0 Stacks done     0 Stacks waiting
[2K[1A[2K[1A[2K[1A[2K[G

0 Stacks deploying     1 Stack done     0 Stacks waiting
Invoking Terraform CLI failed with exit code 1

--- EXECUTION FAILED (Exit Code 1) ---
