
⠋  [1mStarting[22m
[2K[1A[2K[1A[2K[G
⠋  [1mSynthesizing[22m
[2K[1A[2K[1A[2K[G
⠙  [1mSynthesizing[22m
[2K[1A[2K[1A[2K[G
⠹  [1mSynthesizing[22m
[2K[1A[2K[1A[2K[G
⠸  [1mSynthesizing[22m
[2K[1A[2K[1A[2K[G
⠼  [1mSynthesizing[22m
[2K[1A[2K[1A[2K[G
⠴  [1mSynthesizing[22m
[2K[1A[2K[1A[2K[G
⠦  [1mSynthesizing[22m
[2K[1A[2K[1A[2K[G
⠧  [1mSynthesizing[22m
[2K[1A[2K[1A[2K[G
⠇  [1mSynthesizing[22m
[2K[1A[2K[1A[2K[G
⠏  [1mSynthesizing[22m
[2K[1A[2K[1A[2K[G
⠋  [1mSynthesizing[22m
[2K[1A[2K[1A[2K[G
⠙  [1mSynthesizing[22m
[2K[1A[2K[1A[2K[G
⠹  [1mSynthesizing[22m
[2K[1A[2K[1A[2K[G
⠸  [1mSynthesizing[22m
[2K[1A[2K[1A[2K[G

0 Stacks destroying     0 Stacks done     0 Stacks waiting
[2K[1A[2K[1A[2K[1A[2K[G[1m[33mapp-e2e-fleet-756-2edeb5a7[39m[22m  [0m[1mInitializing the backend...[0m


0 Stacks destroying     0 Stacks done     0 Stacks waiting
[2K[1A[2K[1A[2K[1A[2K[G

0 Stacks destroying     0 Stacks done     1 Stack waiting
[2K[1A[2K[1A[2K[1A[2K[G[1m[33mapp-e2e-fleet-756-2edeb5a7[39m[22m  [0m[1mInitializing provider plugins...[0m
                            - Reusing previous version of hashicorp/kubernetes from the dependency lock file


0 Stacks destroying     0 Stacks done     1 Stack waiting
[2K[1A[2K[1A[2K[1A[2K[G[1m[33mapp-e2e-fleet-756-2edeb5a7[39m[22m  - Reusing previous version of hashicorp/helm from the dependency lock file


0 Stacks destroying     0 Stacks done     1 Stack waiting
[2K[1A[2K[1A[2K[1A[2K[G[1m[33mapp-e2e-fleet-756-2edeb5a7[39m[22m  - Using previously-installed hashicorp/kubernetes v2.38.0


0 Stacks destroying     0 Stacks done     1 Stack waiting
[2K[1A[2K[1A[2K[1A[2K[G[1m[33mapp-e2e-fleet-756-2edeb5a7[39m[22m  - Using previously-installed hashicorp/helm v2.17.0


0 Stacks destroying     0 Stacks done     1 Stack waiting
[2K[1A[2K[1A[2K[1A[2K[G[1m[33mapp-e2e-fleet-756-2edeb5a7[39m[22m  [0m[1m[32mTerraform has been successfully initialized![0m[32m[0m
                            [0m[32m
                            You may now begin working with Terraform. Try running "terraform plan" to see
                            any changes that are required for your infrastructure. All Terraform commands
                            should now work.

                            If you ever set or change modules or backend configuration for Terraform,
                            rerun this command to reinitialize your working directory. If you forget, other
                            commands will detect it and remind you to do so if necessary.[0m


0 Stacks destroying     0 Stacks done     1 Stack waiting
[2K[1A[2K[1A[2K[1A[2K[G

1 Stack destroying     0 Stacks done     0 Stacks waiting
[2K[1A[2K[1A[2K[1A[2K[G[1m[33mapp-e2e-fleet-756-2edeb5a7[39m[22m  [0m[1mkubernetes_namespace.audiobookshelf-native_ns_8477BDB3: Refreshing state... [id=audiobookshelf-e2e][0m


1 Stack destroying     0 Stacks done     0 Stacks waiting
[2K[1A[2K[1A[2K[1A[2K[G[1m[33mapp-e2e-fleet-756-2edeb5a7[39m[22m  [0m[1mkubernetes_persistent_volume_claim.audiobookshelf-native_library-pvc_76D5F4F7: Refreshing state... [id=audiobookshelf-e2e/audiobookshelf-library-pvc][0m
                            [0m[1mkubernetes_persistent_volume_claim.audiobookshelf-native_metadata-pvc_F2CF1D89: Refreshing state... [id=audiobookshelf-e2e/audiobookshelf-metadata-pvc][0m
                            [0m[1mkubernetes_persistent_volume_claim.audiobookshelf-native_config-pvc_91BA997B: Refreshing state... [id=audiobookshelf-e2e/audiobookshelf-config-pvc][0m
                            [0m[1mkubernetes_service.audiobookshelf-native_audiobookshelf-service_A3D5F074: Refreshing state... [id=audiobookshelf-e2e/audiobookshelf][0m


1 Stack destroying     0 Stacks done     0 Stacks waiting
[2K[1A[2K[1A[2K[1A[2K[G[1m[33mapp-e2e-fleet-756-2edeb5a7[39m[22m  [0m[1mkubernetes_deployment.audiobookshelf-native_audiobookshelf-deployment_67D8BF59: Refreshing state... [id=audiobookshelf-e2e/audiobookshelf][0m


1 Stack destroying     0 Stacks done     0 Stacks waiting
[2K[1A[2K[1A[2K[1A[2K[G[1m[33mapp-e2e-fleet-756-2edeb5a7[39m[22m  Terraform used the selected providers to generate the following execution plan.
                            Resource actions are indicated with the following symbols:
                              [31m-[0m destroy[0m

                            Terraform will perform the following actions:


1 Stack destroying     0 Stacks done     0 Stacks waiting
[2K[1A[2K[1A[2K[1A[2K[G[1m[33mapp-e2e-fleet-756-2edeb5a7[39m[22m  [1m  # kubernetes_deployment.audiobookshelf-native_audiobookshelf-deployment_67D8BF59[0m will be [1m[31mdestroyed[0m
                            [0m  [31m-[0m[0m resource "kubernetes_deployment" "audiobookshelf-native_audiobookshelf-deployment_67D8BF59" {
                                  [31m-[0m[0m id               = "audiobookshelf-e2e/audiobookshelf" [90m-> null[0m[0m
                                  [31m-[0m[0m wait_for_rollout = true [90m-> null[0m[0m

                                  [31m-[0m[0m metadata {
                                      [31m-[0m[0m annotations      = {} [90m-> null[0m[0m
                                      [31m-[0m[0m generation       = 1 [90m-> null[0m[0m
                                      [31m-[0m[0m labels           = {
                                          [31m-[0m[0m "app" = "audiobookshelf-audiobookshelf-native"
                                        } [90m-> null[0m[0m
                                      [31m-[0m[0m name             = "audiobookshelf" [90m-> null[0m[0m
                                      [31m-[0m[0m namespace        = "audiobookshelf-e2e" [90m-> null[0m[0m
                                      [31m-[0m[0m resource_version = "1644" [90m-> null[0m[0m
                                      [31m-[0m[0m uid              = "418aed2e-170f-416b-ad4d-614e8f174662" [90m-> null[0m[0m
                                        [90m# (1 unchanged attribute hidden)[0m[0m
                                    }

                                  [31m-[0m[0m spec {
                                      [31m-[0m[0m min_ready_seconds         = 0 [90m-> null[0m[0m
                                      [31m-[0m[0m paused                    = false [90m-> null[0m[0m
                                      [31m-[0m[0m progress_deadline_seconds = 600 [90m-> null[0m[0m
                                      [31m-[0m[0m replicas                  = "1" [90m-> null[0m[0m
                                      [31m-[0m[0m revision_history_limit    = 10 [90m-> null[0m[0m

                                      [31m-[0m[0m selector {
                                          [31m-[0m[0m match_labels = {
                                              [31m-[0m[0m "app" = "audiobookshelf-audiobookshelf-native"
                                            } [90m-> null[0m[0m
                                        }

                                      [31m-[0m[0m strategy {
                                          [31m-[0m[0m type = "RollingUpdate" [90m-> null[0m[0m

                                          [31m-[0m[0m rolling_update {
                                              [31m-[0m[0m max_surge       = "25%" [90m-> null[0m[0m
                                              [31m-[0m[0m max_unavailable = "25%" [90m-> null[0m[0m
                                            }
                                        }

                                      [31m-[0m[0m template {
                                          [31m-[0m[0m metadata {
                                              [31m-[0m[0m annotations      = {} [90m-> null[0m[0m
                                              [31m-[0m[0m generation       = 0 [90m-> null[0m[0m
                                              [31m-[0m[0m labels           = {
                                                  [31m-[0m[0m "app" = "audiobookshelf-audiobookshelf-native"
                                                } [90m-> null[0m[0m
                                                name             = [90mnull[0m[0m
                                                [90m# (4 unchanged attributes hidden)[0m[0m
                                            }
                                          [31m-[0m[0m spec {
                                              [31m-[0m[0m active_deadline_seconds          = 0 [90m-> null[0m[0m
                                              [31m-[0m[0m automount_service_account_token  = true [90m-> null[0m[0m
                                              [31m-[0m[0m dns_policy                       = "ClusterFirst" [90m-> null[0m[0m
                                              [31m-[0m[0m enable_service_links             = true [90m-> null[0m[0m
                                              [31m-[0m[0m host_ipc                         = false [90m-> null[0m[0m
                                              [31m-[0m[0m host_network                     = false [90m-> null[0m[0m
                                              [31m-[0m[0m host_pid                         = false [90m-> null[0m[0m
                                              [31m-[0m[0m node_selector                    = {} [90m-> null[0m[0m
                                              [31m-[0m[0m restart_policy                   = "Always" [90m-> null[0m[0m
                                              [31m-[0m[0m scheduler_name                   = "default-scheduler" [90m-> null[0m[0m
                                              [31m-[0m[0m share_process_namespace          = false [90m-> null[0m[0m
                                              [31m-[0m[0m termination_grace_period_seconds = 30 [90m-> null[0m[0m
                                                [90m# (6 unchanged attributes hidden)[0m[0m

                                              [31m-[0m[0m container {


1 Stack destroying     0 Stacks done     0 Stacks waiting
[2K[1A[2K[1A[2K[1A[2K[G[1m[33mapp-e2e-fleet-756-2edeb5a7[39m[22m  [31m-[0m[0m args                       = [] [90m-> null[0m[0m
                                                  [31m-[0m[0m command                    = [] [90m-> null[0m[0m
                                                  [31m-[0m[0m image                      = "advplyr/audiobookshelf:2.19.0" [90m-> null[0m[0m
                                                  [31m-[0m[0m image_pull_policy          = "IfNotPresent" [90m-> null[0m[0m
                                                  [31m-[0m[0m name                       = "audiobookshelf" [90m-> null[0m[0m
                                                  [31m-[0m[0m stdin                      = false [90m-> null[0m[0m
                                                  [31m-[0m[0m stdin_once                 = false [90m-> null[0m[0m
                                                  [31m-[0m[0m termination_message_path   = "/dev/termination-log" [90m-> null[0m[0m
                                                  [31m-[0m[0m termination_message_policy = "File" [90m-> null[0m[0m
                                                  [31m-[0m[0m tty                        = false [90m-> null[0m[0m
                                                    [90m# (1 unchanged attribute hidden)[0m[0m

                                                  [31m-[0m[0m env {
                                                      [31m-[0m[0m name  = "PORT" [90m-> null[0m[0m
                                                      [31m-[0m[0m value = "80" [90m-> null[0m[0m
                                                    }
                                                  [31m-[0m[0m env {
                                                      [31m-[0m[0m name  = "METADATA_PATH" [90m-> null[0m[0m
                                                      [31m-[0m[0m value = "/metadata" [90m-> null[0m[0m
                                                    }
                                                  [31m-[0m[0m env {
                                                      [31m-[0m[0m name  = "CONFIG_PATH" [90m-> null[0m[0m
                                                      [31m-[0m[0m value = "/config" [90m-> null[0m[0m
                                                    }

                                                  [31m-[0m[0m port {
                                                      [31m-[0m[0m container_port = 80 [90m-> null[0m[0m
                                                      [31m-[0m[0m host_port      = 0 [90m-> null[0m[0m
                                                        name           = [90mnull[0m[0m
                                                      [31m-[0m[0m protocol       = "TCP" [90m-> null[0m[0m
                                                        [90m# (1 unchanged attribute hidden)[0m[0m
                                                    }

                                                  [31m-[0m[0m resources {
                                                      [31m-[0m[0m limits   = {} [90m-> null[0m[0m
                                                      [31m-[0m[0m requests = {} [90m-> null[0m[0m
                                                    }

                                                  [31m-[0m[0m volume_mount {
                                                      [31m-[0m[0m mount_path        = "/metadata" [90m-> null[0m[0m
                                                      [31m-[0m[0m mount_propagation = "None" [90m-> null[0m[0m
                                                      [31m-[0m[0m name              = "metadata-vol" [90m-> null[0m[0m
                                                      [31m-[0m[0m read_only         = false [90m-> null[0m[0m
                                                        [90m# (2 unchanged attributes hidden)[0m[0m
                                                    }
                                                  [31m-[0m[0m volume_mount {
                                                      [31m-[0m[0m mount_path        = "/config" [90m-> null[0m[0m
                                                      [31m-[0m[0m mount_propagation = "None" [90m-> null[0m[0m
                                                      [31m-[0m[0m name              = "config-vol" [90m-> null[0m[0m
                                                      [31m-[0m[0m read_only         = false [90m-> null[0m[0m
                                                        [90m# (2 unchanged attributes hidden)[0m[0m
                                                    }
                                                  [31m-[0m[0m volume_mount {
                                                      [31m-[0m[0m mount_path        = "/audiobooks" [90m-> null[0m[0m
                                                      [31m-[0m[0m mount_propagation = "None" [90m-> null[0m[0m
                                                      [31m-[0m[0m name              = "library-vol" [90m-> null[0m[0m
                                                      [31m-[0m[0m read_only         = false [90m-> null[0m[0m
                                                        [90m# (2 unchanged attributes hidden)[0m[0m
                                                    }
                                                }

                                              [31m-[0m[0m volume {


1 Stack destroying     0 Stacks done     0 Stacks waiting
[2K[1A[2K[1A[2K[1A[2K[G[1m[33mapp-e2e-fleet-756-2edeb5a7[39m[22m  [31m-[0m[0m name = "metadata-vol" [90m-> null[0m[0m

                                                  [31m-[0m[0m persistent_volume_claim {
                                                      [31m-[0m[0m claim_name = "audiobookshelf-metadata-pvc" [90m-> null[0m[0m
                                                      [31m-[0m[0m read_only  = false [90m-> null[0m[0m
                                                    }
                                                }
                                              [31m-[0m[0m volume {
                                                  [31m-[0m[0m name = "config-vol" [90m-> null[0m[0m

                                                  [31m-[0m[0m persistent_volume_claim {
                                                      [31m-[0m[0m claim_name = "audiobookshelf-config-pvc" [90m-> null[0m[0m
                                                      [31m-[0m[0m read_only  = false [90m-> null[0m[0m
                                                    }
                                                }
                                              [31m-[0m[0m volume {
                                                  [31m-[0m[0m name = "library-vol" [90m-> null[0m[0m

                                                  [31m-[0m[0m persistent_volume_claim {
                                                      [31m-[0m[0m claim_name = "audiobookshelf-library-pvc" [90m-> null[0m[0m
                                                      [31m-[0m[0m read_only  = false [90m-> null[0m[0m
                                                    }
                                                }
                                            }
                                        }
                                    }
                                }

                            [1m  # kubernetes_namespace.audiobookshelf-native_ns_8477BDB3[0m will be [1m[31mdestroyed[0m
                            [0m  [31m-[0m[0m resource "kubernetes_namespace" "audiobookshelf-native_ns_8477BDB3" {
                                  [31m-[0m[0m id                               = "audiobookshelf-e2e" [90m-> null[0m[0m
                                  [31m-[0m[0m wait_for_default_service_account = false [90m-> null[0m[0m

                                  [31m-[0m[0m metadata {
                                      [31m-[0m[0m annotations      = {} [90m-> null[0m[0m
                                      [31m-[0m[0m generation       = 0 [90m-> null[0m[0m
                                      [31m-[0m[0m labels           = {} [90m-> null[0m[0m
                                      [31m-[0m[0m name             = "audiobookshelf-e2e" [90m-> null[0m[0m
                                      [31m-[0m[0m resource_version = "1531" [90m-> null[0m[0m
                                      [31m-[0m[0m uid              = "b7c2eb89-7162-4258-9546-802fed1988f4" [90m-> null[0m[0m
                                        [90m# (1 unchanged attribute hidden)[0m[0m
                                    }
                                }

                            [1m  # kubernetes_persistent_volume_claim.audiobookshelf-native_config-pvc_91BA997B[0m will be [1m[31mdestroyed[0m
                            [0m  [31m-[0m[0m resource "kubernetes_persistent_volume_claim" "audiobookshelf-native_config-pvc_91BA997B" {
                                  [31m-[0m[0m id               = "audiobookshelf-e2e/audiobookshelf-config-pvc" [90m-> null[0m[0m
                                  [31m-[0m[0m wait_until_bound = false [90m-> null[0m[0m

                                  [31m-[0m[0m metadata {
                                      [31m-[0m[0m annotations      = {} [90m-> null[0m[0m
                                      [31m-[0m[0m generation       = 0 [90m-> null[0m[0m
                                      [31m-[0m[0m labels           = {} [90m-> null[0m[0m
                                      [31m-[0m[0m name             = "audiobookshelf-config-pvc" [90m-> null[0m[0m
                                      [31m-[0m[0m namespace        = "audiobookshelf-e2e" [90m-> null[0m[0m
                                      [31m-[0m[0m resource_version = "1616" [90m-> null[0m[0m
                                      [31m-[0m[0m uid              = "908a34e5-6ebe-4469-9a8a-45fbef53d422" [90m-> null[0m[0m
                                        [90m# (1 unchanged attribute hidden)[0m[0m
                                    }

                                  [31m-[0m[0m spec {
                                      [31m-[0m[0m access_modes       = [
                                          [31m-[0m[0m "ReadWriteOnce",
                                        ] [90m-> null[0m[0m
                                      [31m-[0m[0m storage_class_name = "local-path" [90m-> null[0m[0m
                                      [31m-[0m[0m volume_mode        = "Filesystem" [90m-> null[0m[0m
                                      [31m-[0m[0m volume_name        = "pvc-908a34e5-6ebe-4469-9a8a-45fbef53d422" [90m-> null[0m[0m

                                      [31m-[0m[0m resources {
                                          [31m-[0m[0m limits   = {} [90m-> null[0m[0m
                                          [31m-[0m[0m requests = {
                                              [31m-[0m[0m "storage" = "1Gi"
                                            } [90m-> null[0m[0m
                                        }
                                    }
                                }


1 Stack destroying     0 Stacks done     0 Stacks waiting
[2K[1A[2K[1A[2K[1A[2K[G[1m[33mapp-e2e-fleet-756-2edeb5a7[39m[22m  [1m  # kubernetes_persistent_volume_claim.audiobookshelf-native_library-pvc_76D5F4F7[0m will be [1m[31mdestroyed[0m
                            [0m  [31m-[0m[0m resource "kubernetes_persistent_volume_claim" "audiobookshelf-native_library-pvc_76D5F4F7" {
                                  [31m-[0m[0m id               = "audiobookshelf-e2e/audiobookshelf-library-pvc" [90m-> null[0m[0m
                                  [31m-[0m[0m wait_until_bound = false [90m-> null[0m[0m

                                  [31m-[0m[0m metadata {
                                      [31m-[0m[0m annotations      = {} [90m-> null[0m[0m
                                      [31m-[0m[0m generation       = 0 [90m-> null[0m[0m
                                      [31m-[0m[0m labels           = {} [90m-> null[0m[0m
                                      [31m-[0m[0m name             = "audiobookshelf-library-pvc" [90m-> null[0m[0m
                                      [31m-[0m[0m namespace        = "audiobookshelf-e2e" [90m-> null[0m[0m
                                      [31m-[0m[0m resource_version = "1647" [90m-> null[0m[0m
                                      [31m-[0m[0m uid              = "02858bce-0b7e-4e57-9d2d-e8ce7de07ecf" [90m-> null[0m[0m
                                        [90m# (1 unchanged attribute hidden)[0m[0m
                                    }

                                  [31m-[0m[0m spec {
                                      [31m-[0m[0m access_modes       = [
                                          [31m-[0m[0m "ReadWriteOnce",
                                        ] [90m-> null[0m[0m
                                      [31m-[0m[0m storage_class_name = "local-path" [90m-> null[0m[0m
                                      [31m-[0m[0m volume_mode        = "Filesystem" [90m-> null[0m[0m
                                      [31m-[0m[0m volume_name        = "pvc-02858bce-0b7e-4e57-9d2d-e8ce7de07ecf" [90m-> null[0m[0m

                                      [31m-[0m[0m resources {
                                          [31m-[0m[0m limits   = {} [90m-> null[0m[0m
                                          [31m-[0m[0m requests = {
                                              [31m-[0m[0m "storage" = "6Gi"
                                            } [90m-> null[0m[0m
                                        }
                                    }
                                }

                            [1m  # kubernetes_persistent_volume_claim.audiobookshelf-native_metadata-pvc_F2CF1D89[0m will be [1m[31mdestroyed[0m
                            [0m  [31m-[0m[0m resource "kubernetes_persistent_volume_claim" "audiobookshelf-native_metadata-pvc_F2CF1D89" {
                                  [31m-[0m[0m id               = "audiobookshelf-e2e/audiobookshelf-metadata-pvc" [90m-> null[0m[0m
                                  [31m-[0m[0m wait_until_bound = false [90m-> null[0m[0m

                                  [31m-[0m[0m metadata {
                                      [31m-[0m[0m annotations      = {} [90m-> null[0m[0m
                                      [31m-[0m[0m generation       = 0 [90m-> null[0m[0m
                                      [31m-[0m[0m labels           = {} [90m-> null[0m[0m
                                      [31m-[0m[0m name             = "audiobookshelf-metadata-pvc" [90m-> null[0m[0m
                                      [31m-[0m[0m namespace        = "audiobookshelf-e2e" [90m-> null[0m[0m
                                      [31m-[0m[0m resource_version = "1613" [90m-> null[0m[0m
                                      [31m-[0m[0m uid              = "e89463e1-273c-4878-bde9-13e080d36f0c" [90m-> null[0m[0m
                                        [90m# (1 unchanged attribute hidden)[0m[0m
                                    }

                                  [31m-[0m[0m spec {
                                      [31m-[0m[0m access_modes       = [
                                          [31m-[0m[0m "ReadWriteOnce",
                                        ] [90m-> null[0m[0m
                                      [31m-[0m[0m storage_class_name = "local-path" [90m-> null[0m[0m
                                      [31m-[0m[0m volume_mode        = "Filesystem" [90m-> null[0m[0m
                                      [31m-[0m[0m volume_name        = "pvc-e89463e1-273c-4878-bde9-13e080d36f0c" [90m-> null[0m[0m

                                      [31m-[0m[0m resources {
                                          [31m-[0m[0m limits   = {} [90m-> null[0m[0m
                                          [31m-[0m[0m requests = {
                                              [31m-[0m[0m "storage" = "2Gi"
                                            } [90m-> null[0m[0m
                                        }
                                    }
                                }

                            [1m  # kubernetes_service.audiobookshelf-native_audiobookshelf-service_A3D5F074[0m will be [1m[31mdestroyed[0m
                            [0m  [31m-[0m[0m resource "kubernetes_service" "audiobookshelf-native_audiobookshelf-service_A3D5F074" {
                                  [31m-[0m[0m id                     = "audiobookshelf-e2e/audiobookshelf" [90m-> null[0m[0m
                                  [31m-[0m[0m status                 = [
                                      [31m-[0m[0m {
                                          [31m-[0m[0m load_balancer = [
                                              [31m-[0m[0m {
                                                  [31m-[0m[0m ingress = []
                                                },


1 Stack destroying     0 Stacks done     0 Stacks waiting
[2K[1A[2K[1A[2K[1A[2K[G[1m[33mapp-e2e-fleet-756-2edeb5a7[39m[22m  ]
                                        },
                                    ] [90m-> null[0m[0m
                                  [31m-[0m[0m wait_for_load_balancer = false [90m-> null[0m[0m

                                  [31m-[0m[0m metadata {
                                      [31m-[0m[0m annotations      = {} [90m-> null[0m[0m
                                      [31m-[0m[0m generation       = 0 [90m-> null[0m[0m
                                      [31m-[0m[0m labels           = {} [90m-> null[0m[0m
                                      [31m-[0m[0m name             = "audiobookshelf" [90m-> null[0m[0m
                                      [31m-[0m[0m namespace        = "audiobookshelf-e2e" [90m-> null[0m[0m
                                      [31m-[0m[0m resource_version = "1544" [90m-> null[0m[0m
                                      [31m-[0m[0m uid              = "1946023a-6b5b-4f3b-9405-d8340b025015" [90m-> null[0m[0m
                                        [90m# (1 unchanged attribute hidden)[0m[0m
                                    }

                                  [31m-[0m[0m spec {
                                      [31m-[0m[0m allocate_load_balancer_node_ports = true [90m-> null[0m[0m
                                      [31m-[0m[0m cluster_ip                        = "10.43.72.249" [90m-> null[0m[0m
                                      [31m-[0m[0m cluster_ips                       = [
                                          [31m-[0m[0m "10.43.72.249",
                                        ] [90m-> null[0m[0m
                                      [31m-[0m[0m external_ips                      = [] [90m-> null[0m[0m
                                      [31m-[0m[0m external_traffic_policy           = "Cluster" [90m-> null[0m[0m
                                      [31m-[0m[0m health_check_node_port            = 0 [90m-> null[0m[0m
                                      [31m-[0m[0m internal_traffic_policy           = "Cluster" [90m-> null[0m[0m
                                      [31m-[0m[0m ip_families                       = [
                                          [31m-[0m[0m "IPv4",
                                        ] [90m-> null[0m[0m
                                      [31m-[0m[0m ip_family_policy                  = "SingleStack" [90m-> null[0m[0m
                                      [31m-[0m[0m load_balancer_source_ranges       = [] [90m-> null[0m[0m
                                      [31m-[0m[0m publish_not_ready_addresses       = false [90m-> null[0m[0m
                                      [31m-[0m[0m selector                          = {
                                          [31m-[0m[0m "app" = "audiobookshelf-audiobookshelf-native"
                                        } [90m-> null[0m[0m
                                      [31m-[0m[0m session_affinity                  = "None" [90m-> null[0m[0m
                                      [31m-[0m[0m type                              = "LoadBalancer" [90m-> null[0m[0m
                                        [90m# (3 unchanged attributes hidden)[0m[0m

                                      [31m-[0m[0m port {
                                            name         = [90mnull[0m[0m
                                          [31m-[0m[0m node_port    = 31518 [90m-> null[0m[0m
                                          [31m-[0m[0m port         = 80 [90m-> null[0m[0m
                                          [31m-[0m[0m protocol     = "TCP" [90m-> null[0m[0m
                                          [31m-[0m[0m target_port  = "80" [90m-> null[0m[0m
                                            [90m# (1 unchanged attribute hidden)[0m[0m
                                        }
                                    }
                                }

                            [1mPlan:[0m 0 to add, 0 to change, 6 to destroy.


1 Stack destroying     0 Stacks done     0 Stacks waiting
[2K[1A[2K[1A[2K[1A[2K[G[1m[33mapp-e2e-fleet-756-2edeb5a7[39m[22m  [0m[0m[1mkubernetes_service.audiobookshelf-native_audiobookshelf-service_A3D5F074: Destroying... [id=audiobookshelf-e2e/audiobookshelf][0m[0m


1 Stack destroying     0 Stacks done     0 Stacks waiting
[2K[1A[2K[1A[2K[1A[2K[G[1m[33mapp-e2e-fleet-756-2edeb5a7[39m[22m  [0m[1mkubernetes_deployment.audiobookshelf-native_audiobookshelf-deployment_67D8BF59: Destroying... [id=audiobookshelf-e2e/audiobookshelf][0m[0m


1 Stack destroying     0 Stacks done     0 Stacks waiting
[2K[1A[2K[1A[2K[1A[2K[G[1m[33mapp-e2e-fleet-756-2edeb5a7[39m[22m  [0m[1mkubernetes_deployment.audiobookshelf-native_audiobookshelf-deployment_67D8BF59: Destruction complete after 0s[0m


1 Stack destroying     0 Stacks done     0 Stacks waiting
[2K[1A[2K[1A[2K[1A[2K[G[1m[33mapp-e2e-fleet-756-2edeb5a7[39m[22m  [0m[1mkubernetes_persistent_volume_claim.audiobookshelf-native_library-pvc_76D5F4F7: Destroying... [id=audiobookshelf-e2e/audiobookshelf-library-pvc][0m[0m
                            [0m[1mkubernetes_persistent_volume_claim.audiobookshelf-native_config-pvc_91BA997B: Destroying... [id=audiobookshelf-e2e/audiobookshelf-config-pvc][0m[0m


1 Stack destroying     0 Stacks done     0 Stacks waiting
[2K[1A[2K[1A[2K[1A[2K[G[1m[33mapp-e2e-fleet-756-2edeb5a7[39m[22m  [0m[1mkubernetes_persistent_volume_claim.audiobookshelf-native_metadata-pvc_F2CF1D89: Destroying... [id=audiobookshelf-e2e/audiobookshelf-metadata-pvc][0m[0m


1 Stack destroying     0 Stacks done     0 Stacks waiting
[2K[1A[2K[1A[2K[1A[2K[G[1m[33mapp-e2e-fleet-756-2edeb5a7[39m[22m  [0m[1mkubernetes_service.audiobookshelf-native_audiobookshelf-service_A3D5F074: Destruction complete after 1s[0m


1 Stack destroying     0 Stacks done     0 Stacks waiting
[2K[1A[2K[1A[2K[1A[2K[G[1m[33mapp-e2e-fleet-756-2edeb5a7[39m[22m  [0m[1mkubernetes_persistent_volume_claim.audiobookshelf-native_metadata-pvc_F2CF1D89: Destruction complete after 4s[0m


1 Stack destroying     0 Stacks done     0 Stacks waiting
[2K[1A[2K[1A[2K[1A[2K[G[1m[33mapp-e2e-fleet-756-2edeb5a7[39m[22m  [0m[1mkubernetes_persistent_volume_claim.audiobookshelf-native_library-pvc_76D5F4F7: Destruction complete after 4s[0m


1 Stack destroying     0 Stacks done     0 Stacks waiting
[2K[1A[2K[1A[2K[1A[2K[G[1m[33mapp-e2e-fleet-756-2edeb5a7[39m[22m  [0m[1mkubernetes_persistent_volume_claim.audiobookshelf-native_config-pvc_91BA997B: Destruction complete after 4s[0m


1 Stack destroying     0 Stacks done     0 Stacks waiting
[2K[1A[2K[1A[2K[1A[2K[G[1m[33mapp-e2e-fleet-756-2edeb5a7[39m[22m  [0m[1mkubernetes_namespace.audiobookshelf-native_ns_8477BDB3: Destroying... [id=audiobookshelf-e2e][0m[0m


1 Stack destroying     0 Stacks done     0 Stacks waiting
[2K[1A[2K[1A[2K[1A[2K[G[1m[33mapp-e2e-fleet-756-2edeb5a7[39m[22m  [0m[1mkubernetes_namespace.audiobookshelf-native_ns_8477BDB3: Destruction complete after 6s[0m


1 Stack destroying     0 Stacks done     0 Stacks waiting
[2K[1A[2K[1A[2K[1A[2K[G[1m[33mapp-e2e-fleet-756-2edeb5a7[39m[22m  [0m[1m[32m
                            Destroy complete! Resources: 6 destroyed.


1 Stack destroying     0 Stacks done     0 Stacks waiting
[2K[1A[2K[1A[2K[1A[2K[G
