
⠋  [1mStarting[22m
[2K[1A[2K[1A[2K[G
⠋  [1mSynthesizing[22m
[2K[1A[2K[1A[2K[G
⠙  [1mSynthesizing[22m
[2K[1A[2K[1A[2K[G
⠹  [1mSynthesizing[22m
[2K[1A[2K[1A[2K[G
⠸  [1mSynthesizing[22m
[2K[1A[2K[1A[2K[G
⠼  [1mSynthesizing[22m
[2K[1A[2K[1A[2K[G
⠴  [1mSynthesizing[22m
[2K[1A[2K[1A[2K[G
⠦  [1mSynthesizing[22m
[2K[1A[2K[1A[2K[G
⠧  [1mSynthesizing[22m
[2K[1A[2K[1A[2K[G
⠇  [1mSynthesizing[22m
[2K[1A[2K[1A[2K[G
⠏  [1mSynthesizing[22m
[2K[1A[2K[1A[2K[G
⠋  [1mSynthesizing[22m
[2K[1A[2K[1A[2K[G
⠙  [1mSynthesizing[22m
[2K[1A[2K[1A[2K[G

0 Stacks deploying     0 Stacks done     0 Stacks waiting
[2K[1A[2K[1A[2K[1A[2K[G[1m[33mapp-e2e-sync-821-dc026f72[39m[22m  [0m[1mInitializing the backend...[0m


0 Stacks deploying     0 Stacks done     0 Stacks waiting
[2K[1A[2K[1A[2K[1A[2K[G

0 Stacks deploying     0 Stacks done     1 Stack waiting
[2K[1A[2K[1A[2K[1A[2K[G[1m[33mapp-e2e-sync-821-dc026f72[39m[22m  [0m[32m
                           Successfully configured the backend "local"! Terraform will automatically
                           use this backend unless the backend configuration changes.[0m
                           [0m[1mInitializing provider plugins...[0m
                           - Finding hashicorp/helm versions matching "2.17.0"...


0 Stacks deploying     0 Stacks done     1 Stack waiting
[2K[1A[2K[1A[2K[1A[2K[G[1m[33mapp-e2e-sync-821-dc026f72[39m[22m  - Finding hashicorp/kubernetes versions matching "2.38.0"...


0 Stacks deploying     0 Stacks done     1 Stack waiting
[2K[1A[2K[1A[2K[1A[2K[G[1m[33mapp-e2e-sync-821-dc026f72[39m[22m  - Installing hashicorp/helm v2.17.0...


0 Stacks deploying     0 Stacks done     1 Stack waiting
[2K[1A[2K[1A[2K[1A[2K[G[1m[33mapp-e2e-sync-821-dc026f72[39m[22m  - Installed hashicorp/helm v2.17.0 (signed by HashiCorp)


0 Stacks deploying     0 Stacks done     1 Stack waiting
[2K[1A[2K[1A[2K[1A[2K[G[1m[33mapp-e2e-sync-821-dc026f72[39m[22m  - Installing hashicorp/kubernetes v2.38.0...


0 Stacks deploying     0 Stacks done     1 Stack waiting
[2K[1A[2K[1A[2K[1A[2K[G[1m[33mapp-e2e-sync-821-dc026f72[39m[22m  - Installed hashicorp/kubernetes v2.38.0 (signed by HashiCorp)
                           Terraform has created a lock file [1m.terraform.lock.hcl[0m to record the provider
                           selections it made above. Include this file in your version control repository
                           so that Terraform can guarantee to make the same selections by default when
                           you run "terraform init" in the future.[0m


0 Stacks deploying     0 Stacks done     1 Stack waiting
[2K[1A[2K[1A[2K[1A[2K[G[1m[33mapp-e2e-sync-821-dc026f72[39m[22m  [0m[1m[32mTerraform has been successfully initialized![0m[32m[0m
                           [0m[32m
                           You may now begin working with Terraform. Try running "terraform plan" to see
                           any changes that are required for your infrastructure. All Terraform commands
                           should now work.

                           If you ever set or change modules or backend configuration for Terraform,
                           rerun this command to reinitialize your working directory. If you forget, other
                           commands will detect it and remind you to do so if necessary.[0m


0 Stacks deploying     0 Stacks done     1 Stack waiting
[2K[1A[2K[1A[2K[1A[2K[G[1m[33mapp-e2e-sync-821-dc026f72[39m[22m  - Fetching hashicorp/kubernetes 2.38.0 for linux_amd64...


0 Stacks deploying     0 Stacks done     1 Stack waiting
[2K[1A[2K[1A[2K[1A[2K[G[1m[33mapp-e2e-sync-821-dc026f72[39m[22m  - Retrieved hashicorp/kubernetes 2.38.0 for linux_amd64 (signed by HashiCorp)


0 Stacks deploying     0 Stacks done     1 Stack waiting
[2K[1A[2K[1A[2K[1A[2K[G[1m[33mapp-e2e-sync-821-dc026f72[39m[22m  - Fetching hashicorp/helm 2.17.0 for linux_amd64...


0 Stacks deploying     0 Stacks done     1 Stack waiting
[2K[1A[2K[1A[2K[1A[2K[G[1m[33mapp-e2e-sync-821-dc026f72[39m[22m  - Retrieved hashicorp/helm 2.17.0 for linux_amd64 (signed by HashiCorp)
                           - Obtained hashicorp/helm checksums for linux_amd64; All checksums for this platform were already tracked in the lock file
                           - Obtained hashicorp/kubernetes checksums for linux_amd64; All checksums for this platform were already tracked in the lock file


0 Stacks deploying     0 Stacks done     1 Stack waiting
[2K[1A[2K[1A[2K[1A[2K[G[1m[33mapp-e2e-sync-821-dc026f72[39m[22m  [1m[32mSuccess![0m [1mTerraform has validated the lock file and found no need for changes.[0m[0m


0 Stacks deploying     0 Stacks done     1 Stack waiting
[2K[1A[2K[1A[2K[1A[2K[G

1 Stack deploying     0 Stacks done     0 Stacks waiting
[2K[1A[2K[1A[2K[1A[2K[G[1m[33mapp-e2e-sync-821-dc026f72[39m[22m  Terraform used the selected providers to generate the following execution plan.
                           Resource actions are indicated with the following symbols:
                             [32m+[0m create[0m

                           Terraform will perform the following actions:


1 Stack deploying     0 Stacks done     0 Stacks waiting
[2K[1A[2K[1A[2K[1A[2K[G[1m[33mapp-e2e-sync-821-dc026f72[39m[22m  [1m  # kubernetes_deployment.audiobookshelf-native_audiobookshelf-deployment_67D8BF59 (audiobookshelf-native/audiobookshelf-deployment)[0m will be created
                           [0m  [32m+[0m[0m resource "kubernetes_deployment" "audiobookshelf-native_audiobookshelf-deployment_67D8BF59" {
                                 [32m+[0m[0m id               = (known after apply)
                                 [32m+[0m[0m wait_for_rollout = true

                                 [32m+[0m[0m metadata {
                                     [32m+[0m[0m generation       = (known after apply)
                                     [32m+[0m[0m labels           = {
                                         [32m+[0m[0m "app" = "audiobookshelf-audiobookshelf-native"
                                       }
                                     [32m+[0m[0m name             = "audiobookshelf"
                                     [32m+[0m[0m namespace        = "e2e-sync-app-792"
                                     [32m+[0m[0m resource_version = (known after apply)
                                     [32m+[0m[0m uid              = (known after apply)
                                   }

                                 [32m+[0m[0m spec {
                                     [32m+[0m[0m min_ready_seconds         = 0
                                     [32m+[0m[0m paused                    = false
                                     [32m+[0m[0m progress_deadline_seconds = 600
                                     [32m+[0m[0m replicas                  = "1"
                                     [32m+[0m[0m revision_history_limit    = 10

                                     [32m+[0m[0m selector {
                                         [32m+[0m[0m match_labels = {
                                             [32m+[0m[0m "app" = "audiobookshelf-audiobookshelf-native"
                                           }
                                       }

                                     [32m+[0m[0m strategy (known after apply)

                                     [32m+[0m[0m template {
                                         [32m+[0m[0m metadata {
                                             [32m+[0m[0m generation       = (known after apply)
                                             [32m+[0m[0m labels           = {
                                                 [32m+[0m[0m "app" = "audiobookshelf-audiobookshelf-native"
                                               }
                                             [32m+[0m[0m name             = (known after apply)
                                             [32m+[0m[0m resource_version = (known after apply)
                                             [32m+[0m[0m uid              = (known after apply)
                                           }
                                         [32m+[0m[0m spec {
                                             [32m+[0m[0m automount_service_account_token  = true
                                             [32m+[0m[0m dns_policy                       = "ClusterFirst"
                                             [32m+[0m[0m enable_service_links             = true
                                             [32m+[0m[0m host_ipc                         = false
                                             [32m+[0m[0m host_network                     = false
                                             [32m+[0m[0m host_pid                         = false
                                             [32m+[0m[0m hostname                         = (known after apply)
                                             [32m+[0m[0m node_name                        = (known after apply)
                                             [32m+[0m[0m restart_policy                   = "Always"
                                             [32m+[0m[0m scheduler_name                   = (known after apply)
                                             [32m+[0m[0m service_account_name             = (known after apply)
                                             [32m+[0m[0m share_process_namespace          = false
                                             [32m+[0m[0m termination_grace_period_seconds = 30

                                             [32m+[0m[0m container {
                                                 [32m+[0m[0m image                      = "advplyr/audiobookshelf:2.19.0"
                                                 [32m+[0m[0m image_pull_policy          = (known after apply)
                                                 [32m+[0m[0m name                       = "audiobookshelf"
                                                 [32m+[0m[0m stdin                      = false
                                                 [32m+[0m[0m stdin_once                 = false
                                                 [32m+[0m[0m termination_message_path   = "/dev/termination-log"
                                                 [32m+[0m[0m termination_message_policy = (known after apply)
                                                 [32m+[0m[0m tty                        = false

                                                 [32m+[0m[0m env {
                                                     [32m+[0m[0m name  = "PORT"
                                                     [32m+[0m[0m value = "80"
                                                   }
                                                 [32m+[0m[0m env {
                                                     [32m+[0m[0m name  = "METADATA_PATH"


1 Stack deploying     0 Stacks done     0 Stacks waiting
[2K[1A[2K[1A[2K[1A[2K[G[1m[33mapp-e2e-sync-821-dc026f72[39m[22m  [32m+[0m[0m value = "/metadata"
                                                   }
                                                 [32m+[0m[0m env {
                                                     [32m+[0m[0m name  = "CONFIG_PATH"
                                                     [32m+[0m[0m value = "/config"
                                                   }

                                                 [32m+[0m[0m port {
                                                     [32m+[0m[0m container_port = 80
                                                     [32m+[0m[0m protocol       = "TCP"
                                                   }

                                                 [32m+[0m[0m resources (known after apply)

                                                 [32m+[0m[0m volume_mount {
                                                     [32m+[0m[0m mount_path        = "/metadata"
                                                     [32m+[0m[0m mount_propagation = "None"
                                                     [32m+[0m[0m name              = "metadata-vol"
                                                     [32m+[0m[0m read_only         = false
                                                   }
                                                 [32m+[0m[0m volume_mount {
                                                     [32m+[0m[0m mount_path        = "/config"
                                                     [32m+[0m[0m mount_propagation = "None"
                                                     [32m+[0m[0m name              = "config-vol"
                                                     [32m+[0m[0m read_only         = false
                                                   }
                                                 [32m+[0m[0m volume_mount {
                                                     [32m+[0m[0m mount_path        = "/audiobooks"
                                                     [32m+[0m[0m mount_propagation = "None"
                                                     [32m+[0m[0m name              = "library-vol"
                                                     [32m+[0m[0m read_only         = false
                                                   }
                                               }

                                             [32m+[0m[0m image_pull_secrets (known after apply)

                                             [32m+[0m[0m readiness_gate (known after apply)

                                             [32m+[0m[0m volume {
                                                 [32m+[0m[0m name = "metadata-vol"

                                                 [32m+[0m[0m persistent_volume_claim {
                                                     [32m+[0m[0m claim_name = "audiobookshelf-metadata-pvc"
                                                     [32m+[0m[0m read_only  = false
                                                   }
                                               }
                                             [32m+[0m[0m volume {
                                                 [32m+[0m[0m name = "config-vol"

                                                 [32m+[0m[0m persistent_volume_claim {
                                                     [32m+[0m[0m claim_name = "audiobookshelf-config-pvc"
                                                     [32m+[0m[0m read_only  = false
                                                   }
                                               }
                                             [32m+[0m[0m volume {
                                                 [32m+[0m[0m name = "library-vol"

                                                 [32m+[0m[0m persistent_volume_claim {
                                                     [32m+[0m[0m claim_name = "audiobookshelf-library-pvc"
                                                     [32m+[0m[0m read_only  = false
                                                   }
                                               }
                                           }
                                       }
                                   }
                               }

                           [1m  # kubernetes_namespace.audiobookshelf-native_ns_8477BDB3 (audiobookshelf-native/ns)[0m will be created
                           [0m  [32m+[0m[0m resource "kubernetes_namespace" "audiobookshelf-native_ns_8477BDB3" {
                                 [32m+[0m[0m id                               = (known after apply)
                                 [32m+[0m[0m wait_for_default_service_account = false

                                 [32m+[0m[0m metadata {
                                     [32m+[0m[0m generation       = (known after apply)
                                     [32m+[0m[0m name             = "e2e-sync-app-792"
                                     [32m+[0m[0m resource_version = (known after apply)
                                     [32m+[0m[0m uid              = (known after apply)
                                   }
                               }

                           [1m  # kubernetes_persistent_volume_claim.audiobookshelf-native_config-pvc_91BA997B (audiobookshelf-native/config-pvc)[0m will be created
                           [0m  [32m+[0m[0m resource "kubernetes_persistent_volume_claim" "audiobookshelf-native_config-pvc_91BA997B" {
                                 [32m+[0m[0m id               = (known after apply)
                                 [32m+[0m[0m wait_until_bound = false

                                 [32m+[0m[0m metadata {
                                     [32m+[0m[0m generation       = (known after apply)
                                     [32m+[0m[0m name             = "audiobookshelf-config-pvc"


1 Stack deploying     0 Stacks done     0 Stacks waiting
[2K[1A[2K[1A[2K[1A[2K[G[1m[33mapp-e2e-sync-821-dc026f72[39m[22m  [32m+[0m[0m namespace        = "e2e-sync-app-792"
                                     [32m+[0m[0m resource_version = (known after apply)
                                     [32m+[0m[0m uid              = (known after apply)
                                   }

                                 [32m+[0m[0m spec {
                                     [32m+[0m[0m access_modes       = [
                                         [32m+[0m[0m "ReadWriteOnce",
                                       ]
                                     [32m+[0m[0m storage_class_name = (known after apply)
                                     [32m+[0m[0m volume_mode        = (known after apply)
                                     [32m+[0m[0m volume_name        = (known after apply)

                                     [32m+[0m[0m resources {
                                         [32m+[0m[0m requests = {
                                             [32m+[0m[0m "storage" = "1Gi"
                                           }
                                       }
                                   }
                               }

                           [1m  # kubernetes_persistent_volume_claim.audiobookshelf-native_library-pvc_76D5F4F7 (audiobookshelf-native/library-pvc)[0m will be created
                           [0m  [32m+[0m[0m resource "kubernetes_persistent_volume_claim" "audiobookshelf-native_library-pvc_76D5F4F7" {
                                 [32m+[0m[0m id               = (known after apply)
                                 [32m+[0m[0m wait_until_bound = false

                                 [32m+[0m[0m metadata {
                                     [32m+[0m[0m generation       = (known after apply)
                                     [32m+[0m[0m name             = "audiobookshelf-library-pvc"
                                     [32m+[0m[0m namespace        = "e2e-sync-app-792"
                                     [32m+[0m[0m resource_version = (known after apply)
                                     [32m+[0m[0m uid              = (known after apply)
                                   }

                                 [32m+[0m[0m spec {
                                     [32m+[0m[0m access_modes       = [
                                         [32m+[0m[0m "ReadWriteOnce",
                                       ]
                                     [32m+[0m[0m storage_class_name = (known after apply)
                                     [32m+[0m[0m volume_mode        = (known after apply)
                                     [32m+[0m[0m volume_name        = (known after apply)

                                     [32m+[0m[0m resources {
                                         [32m+[0m[0m requests = {
                                             [32m+[0m[0m "storage" = "5Gi"
                                           }
                                       }
                                   }
                               }

                           [1m  # kubernetes_persistent_volume_claim.audiobookshelf-native_metadata-pvc_F2CF1D89 (audiobookshelf-native/metadata-pvc)[0m will be created
                           [0m  [32m+[0m[0m resource "kubernetes_persistent_volume_claim" "audiobookshelf-native_metadata-pvc_F2CF1D89" {
                                 [32m+[0m[0m id               = (known after apply)
                                 [32m+[0m[0m wait_until_bound = false

                                 [32m+[0m[0m metadata {
                                     [32m+[0m[0m generation       = (known after apply)
                                     [32m+[0m[0m name             = "audiobookshelf-metadata-pvc"
                                     [32m+[0m[0m namespace        = "e2e-sync-app-792"
                                     [32m+[0m[0m resource_version = (known after apply)
                                     [32m+[0m[0m uid              = (known after apply)
                                   }

                                 [32m+[0m[0m spec {
                                     [32m+[0m[0m access_modes       = [
                                         [32m+[0m[0m "ReadWriteOnce",
                                       ]
                                     [32m+[0m[0m storage_class_name = (known after apply)
                                     [32m+[0m[0m volume_mode        = (known after apply)
                                     [32m+[0m[0m volume_name        = (known after apply)

                                     [32m+[0m[0m resources {
                                         [32m+[0m[0m requests = {
                                             [32m+[0m[0m "storage" = "2Gi"
                                           }
                                       }
                                   }
                               }

                           [1m  # kubernetes_service.audiobookshelf-native_audiobookshelf-service_A3D5F074 (audiobookshelf-native/audiobookshelf-service)[0m will be created
                           [0m  [32m+[0m[0m resource "kubernetes_service" "audiobookshelf-native_audiobookshelf-service_A3D5F074" {
                                 [32m+[0m[0m id                     = (known after apply)
                                 [32m+[0m[0m status                 = (known after apply)
                                 [32m+[0m[0m wait_for_load_balancer = false

                                 [32m+[0m[0m metadata {
                                     [32m+[0m[0m generation       = (known after apply)
                                     [32m+[0m[0m name             = "audiobookshelf"
                                     [32m+[0m[0m namespace        = "e2e-sync-app-792"
                                     [32m+[0m[0m resource_version = (known after apply)
                                     [32m+[0m[0m uid              = (known after apply)
                                   }

                                 [32m+[0m[0m spec {
                                     [32m+[0m[0m allocate_load_balancer_node_ports = true


1 Stack deploying     0 Stacks done     0 Stacks waiting
[2K[1A[2K[1A[2K[1A[2K[G[1m[33mapp-e2e-sync-821-dc026f72[39m[22m  [32m+[0m[0m cluster_ip                        = (known after apply)
                                     [32m+[0m[0m cluster_ips                       = (known after apply)
                                     [32m+[0m[0m external_traffic_policy           = (known after apply)
                                     [32m+[0m[0m health_check_node_port            = (known after apply)
                                     [32m+[0m[0m internal_traffic_policy           = (known after apply)
                                     [32m+[0m[0m ip_families                       = (known after apply)
                                     [32m+[0m[0m ip_family_policy                  = (known after apply)
                                     [32m+[0m[0m publish_not_ready_addresses       = false
                                     [32m+[0m[0m selector                          = {
                                         [32m+[0m[0m "app" = "audiobookshelf-audiobookshelf-native"
                                       }
                                     [32m+[0m[0m session_affinity                  = "None"
                                     [32m+[0m[0m type                              = "LoadBalancer"

                                     [32m+[0m[0m port {
                                         [32m+[0m[0m node_port   = (known after apply)
                                         [32m+[0m[0m port        = 80
                                         [32m+[0m[0m protocol    = "TCP"
                                         [32m+[0m[0m target_port = "80"
                                       }

                                     [32m+[0m[0m session_affinity_config (known after apply)
                                   }
                               }

                           [1mPlan:[0m 6 to add, 0 to change, 0 to destroy.


1 Stack deploying     0 Stacks done     0 Stacks waiting
[2K[1A[2K[1A[2K[1A[2K[G[1m[33mapp-e2e-sync-821-dc026f72[39m[22m  [0m[0m[1mkubernetes_namespace.audiobookshelf-native_ns_8477BDB3: Creating...[0m[0m


1 Stack deploying     0 Stacks done     0 Stacks waiting
[2K[1A[2K[1A[2K[1A[2K[G[1m[33mapp-e2e-sync-821-dc026f72[39m[22m  [0m[1mkubernetes_namespace.audiobookshelf-native_ns_8477BDB3: Creation complete after 0s [id=e2e-sync-app-792][0m


1 Stack deploying     0 Stacks done     0 Stacks waiting
[2K[1A[2K[1A[2K[1A[2K[G[1m[33mapp-e2e-sync-821-dc026f72[39m[22m  [0m[1mkubernetes_service.audiobookshelf-native_audiobookshelf-service_A3D5F074: Creating...[0m[0m


1 Stack deploying     0 Stacks done     0 Stacks waiting
[2K[1A[2K[1A[2K[1A[2K[G[1m[33mapp-e2e-sync-821-dc026f72[39m[22m  [0m[1mkubernetes_persistent_volume_claim.audiobookshelf-native_library-pvc_76D5F4F7: Creating...[0m[0m
                           [0m[1mkubernetes_persistent_volume_claim.audiobookshelf-native_metadata-pvc_F2CF1D89: Creating...[0m[0m
                           [0m[1mkubernetes_persistent_volume_claim.audiobookshelf-native_config-pvc_91BA997B: Creating...[0m[0m


1 Stack deploying     0 Stacks done     0 Stacks waiting
[2K[1A[2K[1A[2K[1A[2K[G[1m[33mapp-e2e-sync-821-dc026f72[39m[22m  [0m[1mkubernetes_persistent_volume_claim.audiobookshelf-native_library-pvc_76D5F4F7: Creation complete after 0s [id=e2e-sync-app-792/audiobookshelf-library-pvc][0m


1 Stack deploying     0 Stacks done     0 Stacks waiting
[2K[1A[2K[1A[2K[1A[2K[G[1m[33mapp-e2e-sync-821-dc026f72[39m[22m  [0m[1mkubernetes_persistent_volume_claim.audiobookshelf-native_config-pvc_91BA997B: Creation complete after 0s [id=e2e-sync-app-792/audiobookshelf-config-pvc][0m


1 Stack deploying     0 Stacks done     0 Stacks waiting
[2K[1A[2K[1A[2K[1A[2K[G[1m[33mapp-e2e-sync-821-dc026f72[39m[22m  [0m[1mkubernetes_persistent_volume_claim.audiobookshelf-native_metadata-pvc_F2CF1D89: Creation complete after 0s [id=e2e-sync-app-792/audiobookshelf-metadata-pvc][0m


1 Stack deploying     0 Stacks done     0 Stacks waiting
[2K[1A[2K[1A[2K[1A[2K[G[1m[33mapp-e2e-sync-821-dc026f72[39m[22m  [0m[1mkubernetes_service.audiobookshelf-native_audiobookshelf-service_A3D5F074: Creation complete after 0s [id=e2e-sync-app-792/audiobookshelf][0m


1 Stack deploying     0 Stacks done     0 Stacks waiting
[2K[1A[2K[1A[2K[1A[2K[G[1m[33mapp-e2e-sync-821-dc026f72[39m[22m  [0m[1mkubernetes_deployment.audiobookshelf-native_audiobookshelf-deployment_67D8BF59: Creating...[0m[0m


1 Stack deploying     0 Stacks done     0 Stacks waiting
[2K[1A[2K[1A[2K[1A[2K[G[1m[33mapp-e2e-sync-821-dc026f72[39m[22m  [0m[1mkubernetes_deployment.audiobookshelf-native_audiobookshelf-deployment_67D8BF59: Still creating... [10s elapsed][0m[0m


1 Stack deploying     0 Stacks done     0 Stacks waiting
[2K[1A[2K[1A[2K[1A[2K[G[1m[33mapp-e2e-sync-821-dc026f72[39m[22m  [0m[1mkubernetes_deployment.audiobookshelf-native_audiobookshelf-deployment_67D8BF59: Still creating... [20s elapsed][0m[0m


1 Stack deploying     0 Stacks done     0 Stacks waiting
[2K[1A[2K[1A[2K[1A[2K[G[1m[33mapp-e2e-sync-821-dc026f72[39m[22m  [0m[1mkubernetes_deployment.audiobookshelf-native_audiobookshelf-deployment_67D8BF59: Creation complete after 26s [id=e2e-sync-app-792/audiobookshelf][0m


1 Stack deploying     0 Stacks done     0 Stacks waiting
[2K[1A[2K[1A[2K[1A[2K[G[1m[33mapp-e2e-sync-821-dc026f72[39m[22m  [0m[1m[32m
                           Apply complete! Resources: 6 added, 0 changed, 0 destroyed.


1 Stack deploying     0 Stacks done     0 Stacks waiting
[2K[1A[2K[1A[2K[1A[2K[G
No outputs found.
