
⠋  [1mStarting[22m
[2K[1A[2K[1A[2K[G
⠋  [1mSynthesizing[22m
[2K[1A[2K[1A[2K[G
⠙  [1mSynthesizing[22m
[2K[1A[2K[1A[2K[G
⠹  [1mSynthesizing[22m
[2K[1A[2K[1A[2K[G
⠸  [1mSynthesizing[22m
[2K[1A[2K[1A[2K[G
⠼  [1mSynthesizing[22m
[2K[1A[2K[1A[2K[G
⠴  [1mSynthesizing[22m
[2K[1A[2K[1A[2K[G
⠦  [1mSynthesizing[22m
[2K[1A[2K[1A[2K[G
⠧  [1mSynthesizing[22m
[2K[1A[2K[1A[2K[G
⠇  [1mSynthesizing[22m
[2K[1A[2K[1A[2K[G
⠏  [1mSynthesizing[22m
[2K[1A[2K[1A[2K[G
⠋  [1mSynthesizing[22m
[2K[1A[2K[1A[2K[G
⠙  [1mSynthesizing[22m
[2K[1A[2K[1A[2K[G

0 Stacks destroying     0 Stacks done     0 Stacks waiting
[2K[1A[2K[1A[2K[1A[2K[G[1m[33me2e-fleet-187[39m[22m  [0m[1mInitializing the backend...[0m


0 Stacks destroying     0 Stacks done     0 Stacks waiting
[2K[1A[2K[1A[2K[1A[2K[G

0 Stacks destroying     0 Stacks done     1 Stack waiting
[2K[1A[2K[1A[2K[1A[2K[G[1m[33me2e-fleet-187[39m[22m  [0m[32m
               Successfully configured the backend "local"! Terraform will automatically
               use this backend unless the backend configuration changes.[0m
               [0m[1mInitializing provider plugins...[0m
               - Finding hashicorp/helm versions matching "2.17.0"...


0 Stacks destroying     0 Stacks done     1 Stack waiting
[2K[1A[2K[1A[2K[1A[2K[G[1m[33me2e-fleet-187[39m[22m  - Finding hashicorp/kubernetes versions matching "2.38.0"...


0 Stacks destroying     0 Stacks done     1 Stack waiting
[2K[1A[2K[1A[2K[1A[2K[G[1m[33me2e-fleet-187[39m[22m  - Installing hashicorp/helm v2.17.0...


0 Stacks destroying     0 Stacks done     1 Stack waiting
[2K[1A[2K[1A[2K[1A[2K[G[1m[33me2e-fleet-187[39m[22m  - Installed hashicorp/helm v2.17.0 (signed by HashiCorp)


0 Stacks destroying     0 Stacks done     1 Stack waiting
[2K[1A[2K[1A[2K[1A[2K[G[1m[33me2e-fleet-187[39m[22m  - Installing hashicorp/kubernetes v2.38.0...


0 Stacks destroying     0 Stacks done     1 Stack waiting
[2K[1A[2K[1A[2K[1A[2K[G[1m[33me2e-fleet-187[39m[22m  - Installed hashicorp/kubernetes v2.38.0 (signed by HashiCorp)
               Terraform has created a lock file [1m.terraform.lock.hcl[0m to record the provider
               selections it made above. Include this file in your version control repository
               so that Terraform can guarantee to make the same selections by default when
               you run "terraform init" in the future.[0m


0 Stacks destroying     0 Stacks done     1 Stack waiting
[2K[1A[2K[1A[2K[1A[2K[G[1m[33me2e-fleet-187[39m[22m  [0m[1m[32mTerraform has been successfully initialized![0m[32m[0m
               [0m[32m
               You may now begin working with Terraform. Try running "terraform plan" to see
               any changes that are required for your infrastructure. All Terraform commands
               should now work.

               If you ever set or change modules or backend configuration for Terraform,
               rerun this command to reinitialize your working directory. If you forget, other
               commands will detect it and remind you to do so if necessary.[0m


0 Stacks destroying     0 Stacks done     1 Stack waiting
[2K[1A[2K[1A[2K[1A[2K[G[1m[33me2e-fleet-187[39m[22m  - Fetching hashicorp/kubernetes 2.38.0 for linux_amd64...


0 Stacks destroying     0 Stacks done     1 Stack waiting
[2K[1A[2K[1A[2K[1A[2K[G[1m[33me2e-fleet-187[39m[22m  - Retrieved hashicorp/kubernetes 2.38.0 for linux_amd64 (signed by HashiCorp)


0 Stacks destroying     0 Stacks done     1 Stack waiting
[2K[1A[2K[1A[2K[1A[2K[G[1m[33me2e-fleet-187[39m[22m  - Fetching hashicorp/helm 2.17.0 for linux_amd64...


0 Stacks destroying     0 Stacks done     1 Stack waiting
[2K[1A[2K[1A[2K[1A[2K[G[1m[33me2e-fleet-187[39m[22m  - Retrieved hashicorp/helm 2.17.0 for linux_amd64 (signed by HashiCorp)
               - Obtained hashicorp/helm checksums for linux_amd64; All checksums for this platform were already tracked in the lock file
               - Obtained hashicorp/kubernetes checksums for linux_amd64; All checksums for this platform were already tracked in the lock file


0 Stacks destroying     0 Stacks done     1 Stack waiting
[2K[1A[2K[1A[2K[1A[2K[G[1m[33me2e-fleet-187[39m[22m  [1m[32mSuccess![0m [1mTerraform has validated the lock file and found no need for changes.[0m[0m


0 Stacks destroying     0 Stacks done     1 Stack waiting
[2K[1A[2K[1A[2K[1A[2K[G

1 Stack destroying     0 Stacks done     0 Stacks waiting
[2K[1A[2K[1A[2K[1A[2K[G[1m[33me2e-fleet-187[39m[22m  [0m[1mkubernetes_namespace.monitoring_monitoring-ns_DCC445AB: Refreshing state... [id=monitoring][0m


1 Stack destroying     0 Stacks done     0 Stacks waiting
[2K[1A[2K[1A[2K[1A[2K[G[1m[33me2e-fleet-187[39m[22m  [0m[1mhelm_release.monitoring_prometheus-stack_F4CBFC9A: Refreshing state... [id=kube-prometheus-stack][0m


1 Stack destroying     0 Stacks done     0 Stacks waiting
[2K[1A[2K[1A[2K[1A[2K[G[1m[33me2e-fleet-187[39m[22m  Terraform used the selected providers to generate the following execution plan.
               Resource actions are indicated with the following symbols:
                 [31m-[0m destroy[0m

               Terraform will perform the following actions:


1 Stack destroying     0 Stacks done     0 Stacks waiting
[2K[1A[2K[1A[2K[1A[2K[G[1m[33me2e-fleet-187[39m[22m  [1m  # helm_release.monitoring_prometheus-stack_F4CBFC9A (monitoring/prometheus-stack)[0m will be [1m[31mdestroyed[0m
               [0m  [31m-[0m[0m resource "helm_release" "monitoring_prometheus-stack_F4CBFC9A" {
                     [31m-[0m[0m atomic                     = false [90m-> null[0m[0m
                     [31m-[0m[0m chart                      = "kube-prometheus-stack" [90m-> null[0m[0m
                     [31m-[0m[0m cleanup_on_fail            = false [90m-> null[0m[0m
                     [31m-[0m[0m create_namespace           = false [90m-> null[0m[0m
                     [31m-[0m[0m dependency_update          = false [90m-> null[0m[0m
                     [31m-[0m[0m disable_crd_hooks          = false [90m-> null[0m[0m
                     [31m-[0m[0m disable_openapi_validation = false [90m-> null[0m[0m
                     [31m-[0m[0m disable_webhooks           = false [90m-> null[0m[0m
                     [31m-[0m[0m force_update               = false [90m-> null[0m[0m
                     [31m-[0m[0m id                         = "kube-prometheus-stack" [90m-> null[0m[0m
                     [31m-[0m[0m lint                       = false [90m-> null[0m[0m
                     [31m-[0m[0m max_history                = 0 [90m-> null[0m[0m
                     [31m-[0m[0m metadata                   = [
                         [31m-[0m[0m {
                             [31m-[0m[0m app_version    = "v0.92.0"
                             [31m-[0m[0m chart          = "kube-prometheus-stack"
                             [31m-[0m[0m first_deployed = 1782404248
                             [31m-[0m[0m last_deployed  = 1782404248
                             [31m-[0m[0m name           = "kube-prometheus-stack"
                             [31m-[0m[0m namespace      = "monitoring"
                             [31m-[0m[0m notes          = <<-EOT
                                   kube-state-metrics is a simple service that listens to the Kubernetes API server and generates metrics about the state of the objects.
                                   The exposed metrics can be found here:
                                   https://github.com/kubernetes/kube-state-metrics/blob/master/docs/README.md#exposed-metrics

                                   The metrics are exported on the HTTP endpoint /metrics on the listening port.
                                   In your case, kube-prometheus-stack-kube-state-metrics.monitoring.svc.cluster.local:8080/metrics

                                   They are served either as plaintext or protobuf depending on the Accept header.
                                   They are designed to be consumed either by Prometheus itself or by a scraper that is compatible with scraping a Prometheus client endpoint.

                                   1. Get your 'admin' user password by running:

                                      kubectl get secret --namespace monitoring kube-prometheus-stack-grafana -o jsonpath="{.data.admin-password}" | base64 --decode ; echo


                                   2. The Grafana server can be accessed via port 80 on the following DNS name from within your cluster:

                                      kube-prometheus-stack-grafana.monitoring.svc.cluster.local

                                      Get the Grafana URL to visit by running these commands in the same shell:
                                        export POD_NAME=$(kubectl get pods --namespace monitoring -l "app.kubernetes.io/name=grafana,app.kubernetes.io/instance=kube-prometheus-stack" -o jsonpath="{.items[0].metadata.name}")
                                        kubectl --namespace monitoring port-forward $POD_NAME 3000

                                   3. Login with the password from step 1 and the username: admin
                                   #################################################################################
                                   ######   WARNING: Persistence is disabled!!! You will lose your data when   #####
                                   ######            the Grafana pod is terminated.                            #####
                                   #################################################################################

                                   1. Get the application URL by running these commands:


1 Stack destroying     0 Stacks done     0 Stacks waiting
[2K[1A[2K[1A[2K[1A[2K[G[1m[33me2e-fleet-187[39m[22m  export POD_NAME=$(kubectl get pods --namespace monitoring -l "app.kubernetes.io/name=prometheus-node-exporter,app.kubernetes.io/instance=kube-prometheus-stack" -o jsonpath="{.items[0].metadata.name}")
                                     echo "Visit http://127.0.0.1:9100 to use your application"
                                     kubectl port-forward --namespace monitoring $POD_NAME 9100
                                   kube-prometheus-stack has been installed. Check its status by running:
                                     kubectl --namespace monitoring get pods -l "release=kube-prometheus-stack"

                                   Get Grafana 'admin' user password by running:

                                     kubectl --namespace monitoring get secrets kube-prometheus-stack-grafana -o jsonpath="{.data.admin-password}" | base64 -d ; echo

                                   Access Grafana local instance:

                                     export POD_NAME=$(kubectl --namespace monitoring get pod -l "app.kubernetes.io/name=grafana,app.kubernetes.io/instance=kube-prometheus-stack" -oname)
                                     kubectl --namespace monitoring port-forward $POD_NAME 3000

                                   Get your grafana admin user password by running:

                                     kubectl get secret --namespace monitoring -l app.kubernetes.io/component=admin-secret -o jsonpath="{.items[0].data.admin-password}" | base64 --decode ; echo


                                   Visit https://github.com/prometheus-operator/kube-prometheus for instructions on how to create & configure Alertmanager and Prometheus instances using the Operator.
                               EOT
                             [31m-[0m[0m revision       = 1
                             [31m-[0m[0m values         = jsonencode(
                                   {
                                     [31m-[0m[0m grafana = {
                                         [31m-[0m[0m enabled = true
                                       }
                                   }
                               )
                             [31m-[0m[0m version        = "87.2.1"
                           },
                       ] [90m-> null[0m[0m
                     [31m-[0m[0m name                       = "kube-prometheus-stack" [90m-> null[0m[0m
                     [31m-[0m[0m namespace                  = "monitoring" [90m-> null[0m[0m
                     [31m-[0m[0m pass_credentials           = false [90m-> null[0m[0m
                     [31m-[0m[0m recreate_pods              = false [90m-> null[0m[0m
                     [31m-[0m[0m render_subchart_notes      = true [90m-> null[0m[0m
                     [31m-[0m[0m replace                    = false [90m-> null[0m[0m
                     [31m-[0m[0m repository                 = "https://prometheus-community.github.io/helm-charts" [90m-> null[0m[0m
                     [31m-[0m[0m reset_values               = false [90m-> null[0m[0m
                     [31m-[0m[0m reuse_values               = false [90m-> null[0m[0m
                     [31m-[0m[0m skip_crds                  = false [90m-> null[0m[0m
                     [31m-[0m[0m status                     = "deployed" [90m-> null[0m[0m
                     [31m-[0m[0m timeout                    = 300 [90m-> null[0m[0m
                     [31m-[0m[0m verify                     = false [90m-> null[0m[0m
                     [31m-[0m[0m version                    = "87.2.1" [90m-> null[0m[0m
                     [31m-[0m[0m wait                       = true [90m-> null[0m[0m
                     [31m-[0m[0m wait_for_jobs              = false [90m-> null[0m[0m

                     [31m-[0m[0m set {
                         [31m-[0m[0m name  = "grafana.enabled" [90m-> null[0m[0m
                         [31m-[0m[0m value = "true" [90m-> null[0m[0m
                           [90m# (1 unchanged attribute hidden)[0m[0m
                       }
                   }

               [1m  # kubernetes_namespace.monitoring_monitoring-ns_DCC445AB (monitoring/monitoring-ns)[0m will be [1m[31mdestroyed[0m
               [0m  [31m-[0m[0m resource "kubernetes_namespace" "monitoring_monitoring-ns_DCC445AB" {
                     [31m-[0m[0m id                               = "monitoring" [90m-> null[0m[0m
                     [31m-[0m[0m wait_for_default_service_account = false [90m-> null[0m[0m


1 Stack destroying     0 Stacks done     0 Stacks waiting
[2K[1A[2K[1A[2K[1A[2K[G[1m[33me2e-fleet-187[39m[22m  [31m-[0m[0m metadata {
                         [31m-[0m[0m annotations      = {} [90m-> null[0m[0m
                         [31m-[0m[0m generation       = 0 [90m-> null[0m[0m
                         [31m-[0m[0m labels           = {} [90m-> null[0m[0m
                         [31m-[0m[0m name             = "monitoring" [90m-> null[0m[0m
                         [31m-[0m[0m resource_version = "643" [90m-> null[0m[0m
                         [31m-[0m[0m uid              = "6a874203-238e-4b21-835d-5d8199813651" [90m-> null[0m[0m
                           [90m# (1 unchanged attribute hidden)[0m[0m
                       }
                   }

               [1mPlan:[0m 0 to add, 0 to change, 2 to destroy.
               [0m
               Changes to Outputs:
                 [31m-[0m[0m cluster_kubeconfig_path_9558E5B9 = "~/.kube/config" [90m-> null[0m[0m


1 Stack destroying     0 Stacks done     0 Stacks waiting
[2K[1A[2K[1A[2K[1A[2K[G[1m[33me2e-fleet-187[39m[22m  [0m[1mhelm_release.monitoring_prometheus-stack_F4CBFC9A: Destroying... [id=kube-prometheus-stack][0m[0m


1 Stack destroying     0 Stacks done     0 Stacks waiting
[2K[1A[2K[1A[2K[1A[2K[G[1m[33me2e-fleet-187[39m[22m  [0m[1mhelm_release.monitoring_prometheus-stack_F4CBFC9A: Destruction complete after 1s[0m


1 Stack destroying     0 Stacks done     0 Stacks waiting
[2K[1A[2K[1A[2K[1A[2K[G[1m[33me2e-fleet-187[39m[22m  [0m[1mkubernetes_namespace.monitoring_monitoring-ns_DCC445AB: Destroying... [id=monitoring][0m[0m


1 Stack destroying     0 Stacks done     0 Stacks waiting
[2K[1A[2K[1A[2K[1A[2K[G[1m[33me2e-fleet-187[39m[22m  [0m[1mkubernetes_namespace.monitoring_monitoring-ns_DCC445AB: Destruction complete after 6s[0m


1 Stack destroying     0 Stacks done     0 Stacks waiting
[2K[1A[2K[1A[2K[1A[2K[G[1m[33me2e-fleet-187[39m[22m  [0m[1m[32m
               Destroy complete! Resources: 2 destroyed.


1 Stack destroying     0 Stacks done     0 Stacks waiting
[2K[1A[2K[1A[2K[1A[2K[G
[36mINFO[0m[0000] Deleting cluster 'e2e-fleet-187'             
[36mINFO[0m[0002] Deleting 1 attached volumes...               
[36mINFO[0m[0002] Removing cluster details from default kubeconfig... 
[36mINFO[0m[0002] Removing standalone kubeconfig file (if there is one)... 
[36mINFO[0m[0002] Successfully deleted cluster e2e-fleet-187!  
