[36mINFO[0m[0000] [SimpleConfig] Hostnetwork selected - disabling injection of docker host into the cluster, server load balancer and setting the api port to the k3s default 
[36mINFO[0m[0000] [ClusterConfig] Hostnetwork selected - disabling injection of docker host into the cluster, server load balancer and setting the api port to the k3s default 
[36mINFO[0m[0000] Prep: Network                                
[36mINFO[0m[0000] Re-using existing network 'host' (7113385435bc53a5f22719dd43f53d82a1d432cd10ed6b844544e76a2cd11617) 
[36mINFO[0m[0000] Created image volume k3d-e2e-fleet-368-images 
[36mINFO[0m[0000] Starting new tools node...                   
[36mINFO[0m[0000] Starting node 'k3d-e2e-fleet-368-tools'      
[36mINFO[0m[0001] Creating node 'k3d-e2e-fleet-368-server-0'   
[36mINFO[0m[0001] Using the k3d-tools node to gather environment information 
[36mINFO[0m[0001] Starting cluster 'e2e-fleet-368'             
[36mINFO[0m[0001] Starting servers...                          
[36mINFO[0m[0001] Starting node 'k3d-e2e-fleet-368-server-0'   
[36mINFO[0m[0003] All agents already running.                  
[36mINFO[0m[0003] All helpers already running.                 
[36mINFO[0m[0003] Cluster 'e2e-fleet-368' created successfully! 
[36mINFO[0m[0003] You can now use it like this:                
kubectl cluster-info

⠋  [1mStarting[22m
[2K[1A[2K[1A[2K[G
⠋  [1mSynthesizing[22m
[2K[1A[2K[1A[2K[G
⠙  [1mSynthesizing[22m
[2K[1A[2K[1A[2K[G
⠹  [1mSynthesizing[22m
[2K[1A[2K[1A[2K[G
⠸  [1mSynthesizing[22m
[2K[1A[2K[1A[2K[G
⠼  [1mSynthesizing[22m
[2K[1A[2K[1A[2K[G
⠴  [1mSynthesizing[22m
[2K[1A[2K[1A[2K[G
⠦  [1mSynthesizing[22m
[2K[1A[2K[1A[2K[G
⠧  [1mSynthesizing[22m
[2K[1A[2K[1A[2K[G
⠇  [1mSynthesizing[22m
[2K[1A[2K[1A[2K[G
⠏  [1mSynthesizing[22m
[2K[1A[2K[1A[2K[G
⠋  [1mSynthesizing[22m
[2K[1A[2K[1A[2K[G
⠙  [1mSynthesizing[22m
[2K[1A[2K[1A[2K[G

0 Stacks deploying     0 Stacks done     0 Stacks waiting
[2K[1A[2K[1A[2K[1A[2K[G[1m[33me2e-fleet-368[39m[22m  [0m[1mInitializing the backend...[0m


0 Stacks deploying     0 Stacks done     0 Stacks waiting
[2K[1A[2K[1A[2K[1A[2K[G

0 Stacks deploying     0 Stacks done     1 Stack waiting
[2K[1A[2K[1A[2K[1A[2K[G[1m[33me2e-fleet-368[39m[22m  [0m[32m
               Successfully configured the backend "local"! Terraform will automatically
               use this backend unless the backend configuration changes.[0m
               [0m[1mInitializing provider plugins...[0m
               - Finding hashicorp/kubernetes versions matching "2.38.0"...


0 Stacks deploying     0 Stacks done     1 Stack waiting
[2K[1A[2K[1A[2K[1A[2K[G[1m[33me2e-fleet-368[39m[22m  - Finding hashicorp/helm versions matching "2.17.0"...


0 Stacks deploying     0 Stacks done     1 Stack waiting
[2K[1A[2K[1A[2K[1A[2K[G[1m[33me2e-fleet-368[39m[22m  - Installing hashicorp/kubernetes v2.38.0...


0 Stacks deploying     0 Stacks done     1 Stack waiting
