[36mINFO[0m[0000] portmapping '8069:8069' targets the loadbalancer: defaulting to [servers:*:proxy agents:*:proxy] 
[36mINFO[0m[0000] Prep: Network                                
[36mINFO[0m[0000] Created network 'k3d-e2e-fleet-267'          
[36mINFO[0m[0000] Created image volume k3d-e2e-fleet-267-images 
[36mINFO[0m[0000] Starting new tools node...                   
[36mINFO[0m[0000] Starting node 'k3d-e2e-fleet-267-tools'      
[36mINFO[0m[0001] Creating node 'k3d-e2e-fleet-267-server-0'   
[36mINFO[0m[0001] Creating LoadBalancer 'k3d-e2e-fleet-267-serverlb' 
[36mINFO[0m[0001] Using the k3d-tools node to gather environment information 
[36mINFO[0m[0001] HostIP: using network gateway 172.20.0.1 address 
[36mINFO[0m[0001] Starting cluster 'e2e-fleet-267'             
[36mINFO[0m[0001] Starting servers...                          
[36mINFO[0m[0001] Starting node 'k3d-e2e-fleet-267-server-0'   
[36mINFO[0m[0004] All agents already running.                  
[36mINFO[0m[0004] Starting helpers...                          
[36mINFO[0m[0004] Starting node 'k3d-e2e-fleet-267-serverlb'   
[31mERRO[0m[0004] Failed Cluster Start: Failed to add one or more helper nodes: runtime failed to start node 'k3d-e2e-fleet-267-serverlb': docker failed to start container for node 'k3d-e2e-fleet-267-serverlb': Error response from daemon: failed to set up container networking: driver failed programming external connectivity on endpoint k3d-e2e-fleet-267-serverlb (bcb4b0e6dd5d8f3a9cdb610a6f0b53d5db64e208d70b987e3317f8b10c60b1da): Bind for 0.0.0.0:8069 failed: port is already allocated 
[31mERRO[0m[0004] Failed to create cluster >>> Rolling Back    
[36mINFO[0m[0004] Deleting cluster 'e2e-fleet-267'             
[36mINFO[0m[0004] Deleting cluster network 'k3d-e2e-fleet-267' 
[36mINFO[0m[0004] Deleting 1 attached volumes...               
[31mFATA[0m[0004] Cluster creation FAILED, all changes have been rolled back! 

--- EXECUTION FAILED (Exit Code 1) ---
