[36mINFO[0m[0000] portmapping '8069:8069' targets the loadbalancer: defaulting to [servers:*:proxy agents:*:proxy] 
[36mINFO[0m[0000] Prep: Network                                
[36mINFO[0m[0000] Created network 'k3d-e2e-382'                
[36mINFO[0m[0000] Created image volume k3d-e2e-382-images      
[36mINFO[0m[0000] Starting new tools node...                   
[36mINFO[0m[0000] Starting node 'k3d-e2e-382-tools'            
[36mINFO[0m[0001] Creating node 'k3d-e2e-382-server-0'         
[36mINFO[0m[0001] Creating LoadBalancer 'k3d-e2e-382-serverlb' 
[36mINFO[0m[0001] Using the k3d-tools node to gather environment information 
[36mINFO[0m[0001] HostIP: using network gateway 172.19.0.1 address 
[36mINFO[0m[0001] Starting cluster 'e2e-382'                   
[36mINFO[0m[0001] Starting servers...                          
[36mINFO[0m[0001] Starting node 'k3d-e2e-382-server-0'         
[36mINFO[0m[0004] All agents already running.                  
[36mINFO[0m[0004] Starting helpers...                          
[36mINFO[0m[0004] Starting node 'k3d-e2e-382-serverlb'         
[31mERRO[0m[0004] Failed Cluster Start: Failed to add one or more helper nodes: runtime failed to start node 'k3d-e2e-382-serverlb': docker failed to start container for node 'k3d-e2e-382-serverlb': Error response from daemon: failed to set up container networking: driver failed programming external connectivity on endpoint k3d-e2e-382-serverlb (d2ea51ec40bb0d3d1ef3bbee0cccd5af0965d043c52c4a3877a41ff7cd19bd5a): Bind for 0.0.0.0:8069 failed: port is already allocated 
[31mERRO[0m[0004] Failed to create cluster >>> Rolling Back    
[36mINFO[0m[0004] Deleting cluster 'e2e-382'                   
[36mINFO[0m[0004] Deleting cluster network 'k3d-e2e-382'       
[36mINFO[0m[0004] Deleting 1 attached volumes...               
[31mFATA[0m[0004] Cluster creation FAILED, all changes have been rolled back! 

--- EXECUTION FAILED (Exit Code 1) ---
