[36mINFO[0m[0000] portmapping '8069:8069' targets the loadbalancer: defaulting to [servers:*:proxy agents:*:proxy] 
[36mINFO[0m[0000] Prep: Network                                
[36mINFO[0m[0000] Created network 'k3d-e2e-fleet-908'          
[36mINFO[0m[0000] Created image volume k3d-e2e-fleet-908-images 
[36mINFO[0m[0000] Starting new tools node...                   
[36mINFO[0m[0000] Starting node 'k3d-e2e-fleet-908-tools'      
[36mINFO[0m[0001] Creating node 'k3d-e2e-fleet-908-server-0'   
[36mINFO[0m[0001] Creating LoadBalancer 'k3d-e2e-fleet-908-serverlb' 
[36mINFO[0m[0001] Using the k3d-tools node to gather environment information 
[36mINFO[0m[0001] HostIP: using network gateway 172.19.0.1 address 
[36mINFO[0m[0001] Starting cluster 'e2e-fleet-908'             
[36mINFO[0m[0001] Starting servers...                          
[36mINFO[0m[0001] Starting node 'k3d-e2e-fleet-908-server-0'   
[36mINFO[0m[0004] All agents already running.                  
[36mINFO[0m[0004] Starting helpers...                          
[36mINFO[0m[0004] Starting node 'k3d-e2e-fleet-908-serverlb'   
[36mINFO[0m[0010] Injecting records for hostAliases (incl. host.k3d.internal) and for 2 network members into CoreDNS configmap... 
[36mINFO[0m[0012] Cluster 'e2e-fleet-908' created successfully! 
[36mINFO[0m[0012] You can now use it like this:                
kubectl cluster-info
