[36mINFO[0m[0000] [SimpleConfig] Hostnetwork selected - disabling injection of docker host into the cluster, server load balancer and setting the api port to the k3s default 
[36mINFO[0m[0000] [ClusterConfig] Hostnetwork selected - disabling injection of docker host into the cluster, server load balancer and setting the api port to the k3s default 
[36mINFO[0m[0000] Prep: Network                                
[36mINFO[0m[0000] Re-using existing network 'host' (7113385435bc53a5f22719dd43f53d82a1d432cd10ed6b844544e76a2cd11617) 
[36mINFO[0m[0000] Created image volume k3d-e2e-fleet-428-images 
[36mINFO[0m[0000] Starting new tools node...                   
[36mINFO[0m[0000] Starting node 'k3d-e2e-fleet-428-tools'      
[36mINFO[0m[0001] Creating node 'k3d-e2e-fleet-428-server-0'   
[36mINFO[0m[0001] Using the k3d-tools node to gather environment information 
[36mINFO[0m[0001] Starting cluster 'e2e-fleet-428'             
[36mINFO[0m[0001] Starting servers...                          
[36mINFO[0m[0001] Starting node 'k3d-e2e-fleet-428-server-0'   
[36mINFO[0m[0003] All agents already running.                  
[36mINFO[0m[0003] All helpers already running.                 
[36mINFO[0m[0003] Cluster 'e2e-fleet-428' created successfully! 
[36mINFO[0m[0003] You can now use it like this:                
kubectl cluster-info

⠋  Starting
[2K[1A[2K[1A[2K[G
⠋  Synthesizing
[2K[1A[2K[1A[2K[G
⠙  Synthesizing
[2K[1A[2K[1A[2K[G
⠹  Synthesizing
[2K[1A[2K[1A[2K[G
⠸  Synthesizing
[2K[1A[2K[1A[2K[G
⠼  Synthesizing
[2K[1A[2K[1A[2K[G
⠴  Synthesizing
[2K[1A[2K[1A[2K[G
⠦  Synthesizing
[2K[1A[2K[1A[2K[G
⠧  Synthesizing
[2K[1A[2K[1A[2K[G
⠇  Synthesizing
[2K[1A[2K[1A[2K[G
⠏  Synthesizing
[2K[1A[2K[1A[2K[G
⠋  Synthesizing
[2K[1A[2K[1A[2K[G
⠙  Synthesizing
[2K[1A[2K[1A[2K[G
⠹  Synthesizing
[2K[1A[2K[1A[2K[G
⠸  Synthesizing
[2K[1A[2K[1A[2K[G

0 Stacks deploying     0 Stacks done     0 Stacks waiting
[2K[1A[2K[1A[2K[1A[2K[Ge2e-fleet-428  [0m[1mInitializing the backend...[0m


0 Stacks deploying     0 Stacks done     0 Stacks waiting
[2K[1A[2K[1A[2K[1A[2K[G

0 Stacks deploying     0 Stacks done     1 Stack waiting
[2K[1A[2K[1A[2K[1A[2K[Ge2e-fleet-428  [0m[32m
               Successfully configured the backend "local"! Terraform will automatically
               use this backend unless the backend configuration changes.[0m
               [0m[1mInitializing provider plugins...[0m
               - Finding hashicorp/helm versions matching "2.17.0"...


0 Stacks deploying     0 Stacks done     1 Stack waiting
[2K[1A[2K[1A[2K[1A[2K[Ge2e-fleet-428  - Finding hashicorp/kubernetes versions matching "2.38.0"...


0 Stacks deploying     0 Stacks done     1 Stack waiting
[2K[1A[2K[1A[2K[1A[2K[Ge2e-fleet-428  - Installing hashicorp/kubernetes v2.38.0...


0 Stacks deploying     0 Stacks done     1 Stack waiting
[2K[1A[2K[1A[2K[1A[2K[Ge2e-fleet-428  - Installed hashicorp/kubernetes v2.38.0 (signed by HashiCorp)


0 Stacks deploying     0 Stacks done     1 Stack waiting
[2K[1A[2K[1A[2K[1A[2K[Ge2e-fleet-428  - Installing hashicorp/helm v2.17.0...


0 Stacks deploying     0 Stacks done     1 Stack waiting
[2K[1A[2K[1A[2K[1A[2K[Ge2e-fleet-428  - Installed hashicorp/helm v2.17.0 (signed by HashiCorp)
               Terraform has created a lock file [1m.terraform.lock.hcl[0m to record the provider
               selections it made above. Include this file in your version control repository
               so that Terraform can guarantee to make the same selections by default when
               you run "terraform init" in the future.[0m


0 Stacks deploying     0 Stacks done     1 Stack waiting
[2K[1A[2K[1A[2K[1A[2K[Ge2e-fleet-428  [0m[1m[32mTerraform has been successfully initialized![0m[32m[0m
               [0m[32m
               You may now begin working with Terraform. Try running "terraform plan" to see
               any changes that are required for your infrastructure. All Terraform commands
               should now work.

               If you ever set or change modules or backend configuration for Terraform,
               rerun this command to reinitialize your working directory. If you forget, other
               commands will detect it and remind you to do so if necessary.[0m


0 Stacks deploying     0 Stacks done     1 Stack waiting
[2K[1A[2K[1A[2K[1A[2K[Ge2e-fleet-428  - Fetching hashicorp/kubernetes 2.38.0 for linux_amd64...


0 Stacks deploying     0 Stacks done     1 Stack waiting
[2K[1A[2K[1A[2K[1A[2K[Ge2e-fleet-428  - Retrieved hashicorp/kubernetes 2.38.0 for linux_amd64 (signed by HashiCorp)


0 Stacks deploying     0 Stacks done     1 Stack waiting
[2K[1A[2K[1A[2K[1A[2K[Ge2e-fleet-428  - Fetching hashicorp/helm 2.17.0 for linux_amd64...


0 Stacks deploying     0 Stacks done     1 Stack waiting
[2K[1A[2K[1A[2K[1A[2K[Ge2e-fleet-428  - Retrieved hashicorp/helm 2.17.0 for linux_amd64 (signed by HashiCorp)
               - Obtained hashicorp/kubernetes checksums for linux_amd64; All checksums for this platform were already tracked in the lock file
               - Obtained hashicorp/helm checksums for linux_amd64; All checksums for this platform were already tracked in the lock file


0 Stacks deploying     0 Stacks done     1 Stack waiting
[2K[1A[2K[1A[2K[1A[2K[Ge2e-fleet-428  [1m[32mSuccess![0m [1mTerraform has validated the lock file and found no need for changes.[0m[0m


0 Stacks deploying     0 Stacks done     1 Stack waiting
[2K[1A[2K[1A[2K[1A[2K[G

1 Stack deploying     0 Stacks done     0 Stacks waiting
[2K[1A[2K[1A[2K[1A[2K[Ge2e-fleet-428  Terraform used the selected providers to generate the following execution plan.
               Resource actions are indicated with the following symbols:
                 [32m+[0m create[0m

               Terraform will perform the following actions:


1 Stack deploying     0 Stacks done     0 Stacks waiting
[2K[1A[2K[1A[2K[1A[2K[Ge2e-fleet-428  [1m  # helm_release.monitoring_prometheus-stack_F4CBFC9A (monitoring/prometheus-stack)[0m will be created
               [0m  [32m+[0m[0m resource "helm_release" "monitoring_prometheus-stack_F4CBFC9A" {
                     [32m+[0m[0m atomic                     = false
                     [32m+[0m[0m chart                      = "kube-prometheus-stack"
                     [32m+[0m[0m cleanup_on_fail            = false
                     [32m+[0m[0m create_namespace           = false
                     [32m+[0m[0m dependency_update          = false
                     [32m+[0m[0m disable_crd_hooks          = false
                     [32m+[0m[0m disable_openapi_validation = false
                     [32m+[0m[0m disable_webhooks           = false
                     [32m+[0m[0m force_update               = false
                     [32m+[0m[0m id                         = (known after apply)
                     [32m+[0m[0m lint                       = false
                     [32m+[0m[0m manifest                   = (known after apply)
                     [32m+[0m[0m max_history                = 0
                     [32m+[0m[0m metadata                   = (known after apply)
                     [32m+[0m[0m name                       = "kube-prometheus-stack"
                     [32m+[0m[0m namespace                  = "monitoring"
                     [32m+[0m[0m pass_credentials           = false
                     [32m+[0m[0m recreate_pods              = false
                     [32m+[0m[0m render_subchart_notes      = true
                     [32m+[0m[0m replace                    = false
                     [32m+[0m[0m repository                 = "https://prometheus-community.github.io/helm-charts"
                     [32m+[0m[0m reset_values               = false
                     [32m+[0m[0m reuse_values               = false
                     [32m+[0m[0m skip_crds                  = false
                     [32m+[0m[0m status                     = "deployed"
                     [32m+[0m[0m timeout                    = 300
                     [32m+[0m[0m verify                     = false
                     [32m+[0m[0m version                    = "87.2.1"
                     [32m+[0m[0m wait                       = true
                     [32m+[0m[0m wait_for_jobs              = false

                     [32m+[0m[0m set {
                         [32m+[0m[0m name  = "grafana.enabled"
                         [32m+[0m[0m value = "true"
                           [90m# (1 unchanged attribute hidden)[0m[0m
                       }
                   }

               [1m  # kubernetes_namespace.monitoring_monitoring-ns_DCC445AB (monitoring/monitoring-ns)[0m will be created
               [0m  [32m+[0m[0m resource "kubernetes_namespace" "monitoring_monitoring-ns_DCC445AB" {
                     [32m+[0m[0m id                               = (known after apply)
                     [32m+[0m[0m wait_for_default_service_account = false

                     [32m+[0m[0m metadata {
                         [32m+[0m[0m generation       = (known after apply)
                         [32m+[0m[0m name             = "monitoring"
                         [32m+[0m[0m resource_version = (known after apply)
                         [32m+[0m[0m uid              = (known after apply)
                       }
                   }

               [1mPlan:[0m 2 to add, 0 to change, 0 to destroy.
               [0m
               Changes to Outputs:
                 [32m+[0m[0m cluster_kubeconfig_path_9558E5B9 = "~/.kube/config"


1 Stack deploying     0 Stacks done     0 Stacks waiting
[2K[1A[2K[1A[2K[1A[2K[Ge2e-fleet-428  [0m[1mkubernetes_namespace.monitoring_monitoring-ns_DCC445AB: Creating...[0m[0m


1 Stack deploying     0 Stacks done     0 Stacks waiting
[2K[1A[2K[1A[2K[1A[2K[Ge2e-fleet-428  [0m[1mkubernetes_namespace.monitoring_monitoring-ns_DCC445AB: Creation complete after 0s [id=monitoring][0m


1 Stack deploying     0 Stacks done     0 Stacks waiting
[2K[1A[2K[1A[2K[1A[2K[Ge2e-fleet-428  [0m[1mhelm_release.monitoring_prometheus-stack_F4CBFC9A: Creating...[0m[0m


1 Stack deploying     0 Stacks done     0 Stacks waiting
[2K[1A[2K[1A[2K[1A[2K[Ge2e-fleet-428  [0m[1mhelm_release.monitoring_prometheus-stack_F4CBFC9A: Still creating... [10s elapsed][0m[0m


1 Stack deploying     0 Stacks done     0 Stacks waiting
[2K[1A[2K[1A[2K[1A[2K[Ge2e-fleet-428  [0m[1mhelm_release.monitoring_prometheus-stack_F4CBFC9A: Still creating... [20s elapsed][0m[0m


1 Stack deploying     0 Stacks done     0 Stacks waiting
[2K[1A[2K[1A[2K[1A[2K[Ge2e-fleet-428  [0m[1mhelm_release.monitoring_prometheus-stack_F4CBFC9A: Still creating... [30s elapsed][0m[0m


1 Stack deploying     0 Stacks done     0 Stacks waiting
[2K[1A[2K[1A[2K[1A[2K[Ge2e-fleet-428  [0m[1mhelm_release.monitoring_prometheus-stack_F4CBFC9A: Still creating... [40s elapsed][0m[0m


1 Stack deploying     0 Stacks done     0 Stacks waiting
[2K[1A[2K[1A[2K[1A[2K[Ge2e-fleet-428  [0m[1mhelm_release.monitoring_prometheus-stack_F4CBFC9A: Still creating... [50s elapsed][0m[0m


1 Stack deploying     0 Stacks done     0 Stacks waiting
[2K[1A[2K[1A[2K[1A[2K[Ge2e-fleet-428  [0m[1mhelm_release.monitoring_prometheus-stack_F4CBFC9A: Still creating... [1m0s elapsed][0m[0m


1 Stack deploying     0 Stacks done     0 Stacks waiting
[2K[1A[2K[1A[2K[1A[2K[Ge2e-fleet-428  [0m[1mhelm_release.monitoring_prometheus-stack_F4CBFC9A: Creation complete after 1m6s [id=kube-prometheus-stack][0m


1 Stack deploying     0 Stacks done     0 Stacks waiting
[2K[1A[2K[1A[2K[1A[2K[Ge2e-fleet-428  [0m[1m[32m
               Apply complete! Resources: 2 added, 0 changed, 0 destroyed.
               [0m[0m[1m[32m
               Outputs:

               [0mcluster_kubeconfig_path_9558E5B9 = "~/.kube/config"


1 Stack deploying     0 Stacks done     0 Stacks waiting
[2K[1A[2K[1A[2K[1A[2K[G
  e2e-fleet-428
    cluster
      kubeconfig_path = ~/.kube/config


