[36mINFO[0m[0000] [SimpleConfig] Hostnetwork selected - disabling injection of docker host into the cluster, server load balancer and setting the api port to the k3s default 
[36mINFO[0m[0000] [ClusterConfig] Hostnetwork selected - disabling injection of docker host into the cluster, server load balancer and setting the api port to the k3s default 
[36mINFO[0m[0000] Prep: Network                                
[36mINFO[0m[0000] Re-using existing network 'host' (7113385435bc53a5f22719dd43f53d82a1d432cd10ed6b844544e76a2cd11617) 
[36mINFO[0m[0000] Created image volume k3d-e2e-fleet-500-images 
[36mINFO[0m[0000] Starting new tools node...                   
[36mINFO[0m[0000] Starting node 'k3d-e2e-fleet-500-tools'      
[36mINFO[0m[0001] Creating node 'k3d-e2e-fleet-500-server-0'   
[36mINFO[0m[0001] Using the k3d-tools node to gather environment information 
[36mINFO[0m[0001] Starting cluster 'e2e-fleet-500'             
[36mINFO[0m[0001] Starting servers...                          
[36mINFO[0m[0001] Starting node 'k3d-e2e-fleet-500-server-0'   
[36mINFO[0m[0003] All agents already running.                  
[36mINFO[0m[0003] All helpers already running.                 
[36mINFO[0m[0003] Cluster 'e2e-fleet-500' created successfully! 
[36mINFO[0m[0003] You can now use it like this:                
kubectl cluster-info

⠋  Starting
[2K[1A[2K[1A[2K[G
⠋  Synthesizing
[2K[1A[2K[1A[2K[G
⠙  Synthesizing
[2K[1A[2K[1A[2K[G
⠹  Synthesizing
[2K[1A[2K[1A[2K[G
⠸  Synthesizing
[2K[1A[2K[1A[2K[G
⠼  Synthesizing
[2K[1A[2K[1A[2K[G
⠴  Synthesizing
[2K[1A[2K[1A[2K[G
⠦  Synthesizing
[2K[1A[2K[1A[2K[G
⠧  Synthesizing
[2K[1A[2K[1A[2K[G
⠇  Synthesizing
[2K[1A[2K[1A[2K[G
⠏  Synthesizing
[2K[1A[2K[1A[2K[G
⠋  Synthesizing
[2K[1A[2K[1A[2K[G
⠙  Synthesizing
[2K[1A[2K[1A[2K[G

0 Stacks deploying     0 Stacks done     0 Stacks waiting
[2K[1A[2K[1A[2K[1A[2K[Ge2e-fleet-500  [0m[1mInitializing the backend...[0m


0 Stacks deploying     0 Stacks done     0 Stacks waiting
[2K[1A[2K[1A[2K[1A[2K[G

0 Stacks deploying     0 Stacks done     1 Stack waiting
[2K[1A[2K[1A[2K[1A[2K[Ge2e-fleet-500  [0m[32m
               Successfully configured the backend "local"! Terraform will automatically
               use this backend unless the backend configuration changes.[0m
               [0m[1mInitializing provider plugins...[0m
               - Finding hashicorp/helm versions matching "2.17.0"...


0 Stacks deploying     0 Stacks done     1 Stack waiting
[2K[1A[2K[1A[2K[1A[2K[Ge2e-fleet-500  - Finding hashicorp/kubernetes versions matching "2.38.0"...


0 Stacks deploying     0 Stacks done     1 Stack waiting
[2K[1A[2K[1A[2K[1A[2K[Ge2e-fleet-500  - Installing hashicorp/helm v2.17.0...


0 Stacks deploying     0 Stacks done     1 Stack waiting
[2K[1A[2K[1A[2K[1A[2K[Ge2e-fleet-500  - Installed hashicorp/helm v2.17.0 (signed by HashiCorp)


0 Stacks deploying     0 Stacks done     1 Stack waiting
[2K[1A[2K[1A[2K[1A[2K[Ge2e-fleet-500  - Installing hashicorp/kubernetes v2.38.0...


0 Stacks deploying     0 Stacks done     1 Stack waiting
[2K[1A[2K[1A[2K[1A[2K[Ge2e-fleet-500  - Installed hashicorp/kubernetes v2.38.0 (signed by HashiCorp)
               Terraform has created a lock file [1m.terraform.lock.hcl[0m to record the provider
               selections it made above. Include this file in your version control repository
               so that Terraform can guarantee to make the same selections by default when
               you run "terraform init" in the future.[0m


0 Stacks deploying     0 Stacks done     1 Stack waiting
[2K[1A[2K[1A[2K[1A[2K[Ge2e-fleet-500  [0m[1m[32mTerraform has been successfully initialized![0m[32m[0m
               [0m[32m
               You may now begin working with Terraform. Try running "terraform plan" to see
               any changes that are required for your infrastructure. All Terraform commands
               should now work.

               If you ever set or change modules or backend configuration for Terraform,
               rerun this command to reinitialize your working directory. If you forget, other
               commands will detect it and remind you to do so if necessary.[0m


0 Stacks deploying     0 Stacks done     1 Stack waiting
[2K[1A[2K[1A[2K[1A[2K[Ge2e-fleet-500  - Fetching hashicorp/helm 2.17.0 for linux_amd64...


0 Stacks deploying     0 Stacks done     1 Stack waiting
[2K[1A[2K[1A[2K[1A[2K[Ge2e-fleet-500  - Retrieved hashicorp/helm 2.17.0 for linux_amd64 (signed by HashiCorp)


0 Stacks deploying     0 Stacks done     1 Stack waiting
[2K[1A[2K[1A[2K[1A[2K[Ge2e-fleet-500  - Fetching hashicorp/kubernetes 2.38.0 for linux_amd64...


0 Stacks deploying     0 Stacks done     1 Stack waiting
[2K[1A[2K[1A[2K[1A[2K[Ge2e-fleet-500  - Retrieved hashicorp/kubernetes 2.38.0 for linux_amd64 (signed by HashiCorp)
               - Obtained hashicorp/kubernetes checksums for linux_amd64; All checksums for this platform were already tracked in the lock file
               - Obtained hashicorp/helm checksums for linux_amd64; All checksums for this platform were already tracked in the lock file


0 Stacks deploying     0 Stacks done     1 Stack waiting
[2K[1A[2K[1A[2K[1A[2K[Ge2e-fleet-500  [1m[32mSuccess![0m [1mTerraform has validated the lock file and found no need for changes.[0m[0m


0 Stacks deploying     0 Stacks done     1 Stack waiting
[2K[1A[2K[1A[2K[1A[2K[G

1 Stack deploying     0 Stacks done     0 Stacks waiting
[2K[1A[2K[1A[2K[1A[2K[Ge2e-fleet-500  [31m╷[0m[0m
               [31m│[0m [0m[1m[31mError: [0m[0m[1mBackend initialization required, please run "terraform init"[0m
               [31m│[0m [0m
               [31m│[0m [0m[0mReason: Initial configuration of the requested backend "local"
               [31m│[0m [0m
               [31m│[0m [0mThe "backend" is the interface that Terraform uses to store state,
               [31m│[0m [0mperform operations, etc. If this message is showing up, it means that the
               [31m│[0m [0mTerraform configuration you're using is using a custom configuration for
               [31m│[0m [0mthe Terraform backend.
               [31m│[0m [0m
               [31m│[0m [0mChanges to backend configurations require reinitialization. This allows
               [31m│[0m [0mTerraform to set up the new configuration, copy existing state, etc. Please
               [31m│[0m [0mrun
               [31m│[0m [0m"terraform init" with either the "-reconfigure" or "-migrate-state" flags to
               [31m│[0m [0muse the current configuration.
               [31m│[0m [0m
               [31m│[0m [0mIf the change reason above is incorrect, please verify your configuration
               [31m│[0m [0mhasn't changed and try again. At this point, no changes to your existing
               [31m│[0m [0mconfiguration or state have been made.
               [31m╵[0m[0m


1 Stack deploying     0 Stacks done     0 Stacks waiting
[2K[1A[2K[1A[2K[1A[2K[G

0 Stacks deploying     1 Stack done     0 Stacks waiting
Invoking Terraform CLI failed with exit code 1

--- EXECUTION FAILED (Exit Code 1) ---
