[36mINFO[0m[0000] Prep: Network                                
[36mINFO[0m[0000] Created network 'k3d-Local-Odoo'             
[36mINFO[0m[0000] Created image volume k3d-Local-Odoo-images   
[36mINFO[0m[0000] Starting new tools node...                   
[36mINFO[0m[0000] Pulling image 'ghcr.io/k3d-io/k3d-tools:5.6.3' 
[36mINFO[0m[0001] Creating node 'k3d-Local-Odoo-server-0'      
[36mINFO[0m[0001] Starting node 'k3d-Local-Odoo-tools'         
[36mINFO[0m[0002] Pulling image 'docker.io/rancher/k3s:v1.28.8-k3s1' 
[36mINFO[0m[0008] Creating LoadBalancer 'k3d-Local-Odoo-serverlb' 
[36mINFO[0m[0008] Pulling image 'ghcr.io/k3d-io/k3d-proxy:5.6.3' 
[36mINFO[0m[0011] Using the k3d-tools node to gather environment information 
[36mINFO[0m[0011] HostIP: using network gateway 172.18.0.1 address 
[36mINFO[0m[0011] Starting cluster 'Local-Odoo'                
[36mINFO[0m[0011] Starting servers...                          
[36mINFO[0m[0011] Starting node 'k3d-Local-Odoo-server-0'      
[36mINFO[0m[0014] All agents already running.                  
[36mINFO[0m[0014] Starting helpers...                          
[36mINFO[0m[0014] Starting node 'k3d-Local-Odoo-serverlb'      
[36mINFO[0m[0020] Injecting records for hostAliases (incl. host.k3d.internal) and for 2 network members into CoreDNS configmap... 
[36mINFO[0m[0022] Cluster 'Local-Odoo' created successfully!   
[36mINFO[0m[0022] You can now use it like this:                
kubectl cluster-info
