
⠋  [1mStarting[22m
[2K[1A[2K[1A[2K[G
⠋  [1mSynthesizing[22m
[2K[1A[2K[1A[2K[G
⠙  [1mSynthesizing[22m
[2K[1A[2K[1A[2K[G
⠹  [1mSynthesizing[22m
[2K[1A[2K[1A[2K[G
⠸  [1mSynthesizing[22m
[2K[1A[2K[1A[2K[G
⠼  [1mSynthesizing[22m
[2K[1A[2K[1A[2K[G
⠴  [1mSynthesizing[22m
[2K[1A[2K[1A[2K[G
⠦  [1mSynthesizing[22m
[2K[1A[2K[1A[2K[G
⠧  [1mSynthesizing[22m
[2K[1A[2K[1A[2K[GK3D Cluster logic would be instantiated here.


⠧  [1mSynthesizing[22m
[2K[1A[2K[1A[2K[G
⠇  [1mSynthesizing[22m
[2K[1A[2K[1A[2K[G
⠏  [1mSynthesizing[22m
[2K[1A[2K[1A[2K[G
⠋  [1mSynthesizing[22m
[2K[1A[2K[1A[2K[G
⠙  [1mSynthesizing[22m
[2K[1A[2K[1A[2K[G

0 Stacks destroying     0 Stacks done     0 Stacks waiting
[2K[1A[2K[1A[2K[1A[2K[G[1m[33mlocal-odoo-v1[39m[22m  [0m[1mInitializing the backend...[0m


0 Stacks destroying     0 Stacks done     0 Stacks waiting
[2K[1A[2K[1A[2K[1A[2K[G

0 Stacks destroying     0 Stacks done     1 Stack waiting
[2K[1A[2K[1A[2K[1A[2K[G[1m[33mlocal-odoo-v1[39m[22m  [0m[32m
               Successfully configured the backend "local"! Terraform will automatically
               use this backend unless the backend configuration changes.[0m
               [0m[1mInitializing provider plugins...[0m
               - Finding hashicorp/kubernetes versions matching "2.38.0"...


0 Stacks destroying     0 Stacks done     1 Stack waiting
[2K[1A[2K[1A[2K[1A[2K[G[1m[33mlocal-odoo-v1[39m[22m  - Finding hashicorp/helm versions matching "2.17.0"...


0 Stacks destroying     0 Stacks done     1 Stack waiting
[2K[1A[2K[1A[2K[1A[2K[G[1m[33mlocal-odoo-v1[39m[22m  - Installing hashicorp/kubernetes v2.38.0...


0 Stacks destroying     0 Stacks done     1 Stack waiting
[2K[1A[2K[1A[2K[1A[2K[G[1m[33mlocal-odoo-v1[39m[22m  - Installed hashicorp/kubernetes v2.38.0 (signed by HashiCorp)


0 Stacks destroying     0 Stacks done     1 Stack waiting
[2K[1A[2K[1A[2K[1A[2K[G[1m[33mlocal-odoo-v1[39m[22m  - Installing hashicorp/helm v2.17.0...


0 Stacks destroying     0 Stacks done     1 Stack waiting
[2K[1A[2K[1A[2K[1A[2K[G[1m[33mlocal-odoo-v1[39m[22m  - Installed hashicorp/helm v2.17.0 (signed by HashiCorp)
               Terraform has created a lock file [1m.terraform.lock.hcl[0m to record the provider
               selections it made above. Include this file in your version control repository
               so that Terraform can guarantee to make the same selections by default when
               you run "terraform init" in the future.[0m


0 Stacks destroying     0 Stacks done     1 Stack waiting
[2K[1A[2K[1A[2K[1A[2K[G[1m[33mlocal-odoo-v1[39m[22m  [0m[1m[32mTerraform has been successfully initialized![0m[32m[0m
               [0m[32m
               You may now begin working with Terraform. Try running "terraform plan" to see
               any changes that are required for your infrastructure. All Terraform commands
               should now work.

               If you ever set or change modules or backend configuration for Terraform,
               rerun this command to reinitialize your working directory. If you forget, other
               commands will detect it and remind you to do so if necessary.[0m


0 Stacks destroying     0 Stacks done     1 Stack waiting
[2K[1A[2K[1A[2K[1A[2K[G[1m[33mlocal-odoo-v1[39m[22m  - Fetching hashicorp/helm 2.17.0 for linux_amd64...


0 Stacks destroying     0 Stacks done     1 Stack waiting
[2K[1A[2K[1A[2K[1A[2K[G[1m[33mlocal-odoo-v1[39m[22m  - Retrieved hashicorp/helm 2.17.0 for linux_amd64 (signed by HashiCorp)


0 Stacks destroying     0 Stacks done     1 Stack waiting
[2K[1A[2K[1A[2K[1A[2K[G[1m[33mlocal-odoo-v1[39m[22m  - Fetching hashicorp/kubernetes 2.38.0 for linux_amd64...


0 Stacks destroying     0 Stacks done     1 Stack waiting
[2K[1A[2K[1A[2K[1A[2K[G[1m[33mlocal-odoo-v1[39m[22m  - Retrieved hashicorp/kubernetes 2.38.0 for linux_amd64 (signed by HashiCorp)
               - Obtained hashicorp/helm checksums for linux_amd64; All checksums for this platform were already tracked in the lock file
               - Obtained hashicorp/kubernetes checksums for linux_amd64; All checksums for this platform were already tracked in the lock file


0 Stacks destroying     0 Stacks done     1 Stack waiting
[2K[1A[2K[1A[2K[1A[2K[G[1m[33mlocal-odoo-v1[39m[22m  [1m[32mSuccess![0m [1mTerraform has validated the lock file and found no need for changes.[0m[0m


0 Stacks destroying     0 Stacks done     1 Stack waiting
[2K[1A[2K[1A[2K[1A[2K[G

1 Stack destroying     0 Stacks done     0 Stacks waiting
[2K[1A[2K[1A[2K[1A[2K[G[1m[33mlocal-odoo-v1[39m[22m  Changes to Outputs:
                 [31m-[0m[0m cluster_kubeconfig_path_9558E5B9 = "/tmp/kubeconfig-local-odoo-v1" [90m-> null[0m[0m

               You can apply this plan to save these new output values to the Terraform state,
               without changing any real infrastructure.


1 Stack destroying     0 Stacks done     0 Stacks waiting
[2K[1A[2K[1A[2K[1A[2K[G[1m[33mlocal-odoo-v1[39m[22m  [0m[1m[32m
               Destroy complete! Resources: 0 destroyed.


1 Stack destroying     0 Stacks done     0 Stacks waiting
[2K[1A[2K[1A[2K[1A[2K[G
