
⠋  [1mStarting[22m
[2K[1A[2K[1A[2K[G
⠋  [1mSynthesizing[22m
[2K[1A[2K[1A[2K[G
⠙  [1mSynthesizing[22m
[2K[1A[2K[1A[2K[G
⠹  [1mSynthesizing[22m
[2K[1A[2K[1A[2K[G
⠸  [1mSynthesizing[22m
[2K[1A[2K[1A[2K[G
⠼  [1mSynthesizing[22m
[2K[1A[2K[1A[2K[G
⠴  [1mSynthesizing[22m
[2K[1A[2K[1A[2K[G
⠦  [1mSynthesizing[22m
[2K[1A[2K[1A[2K[G
⠧  [1mSynthesizing[22m
[2K[1A[2K[1A[2K[G
⠇  [1mSynthesizing[22m
[2K[1A[2K[1A[2K[G
⠏  [1mSynthesizing[22m
[2K[1A[2K[1A[2K[G
⠋  [1mSynthesizing[22m
[2K[1A[2K[1A[2K[G
⠙  [1mSynthesizing[22m
[2K[1A[2K[1A[2K[G
⠹  [1mSynthesizing[22m
[2K[1A[2K[1A[2K[G

0 Stacks destroying     0 Stacks done     0 Stacks waiting
[2K[1A[2K[1A[2K[1A[2K[G[1m[33mapp-e2e-fleet-408-8f6d4282[39m[22m  [0m[1mInitializing the backend...[0m


0 Stacks destroying     0 Stacks done     0 Stacks waiting
[2K[1A[2K[1A[2K[1A[2K[G

0 Stacks destroying     0 Stacks done     1 Stack waiting
[2K[1A[2K[1A[2K[1A[2K[G[1m[33mapp-e2e-fleet-408-8f6d4282[39m[22m  [0m[1mInitializing provider plugins...[0m
                            - Reusing previous version of hashicorp/kubernetes from the dependency lock file


0 Stacks destroying     0 Stacks done     1 Stack waiting
[2K[1A[2K[1A[2K[1A[2K[G[1m[33mapp-e2e-fleet-408-8f6d4282[39m[22m  - Reusing previous version of hashicorp/helm from the dependency lock file


0 Stacks destroying     0 Stacks done     1 Stack waiting
[2K[1A[2K[1A[2K[1A[2K[G[1m[33mapp-e2e-fleet-408-8f6d4282[39m[22m  - Using previously-installed hashicorp/helm v2.17.0


0 Stacks destroying     0 Stacks done     1 Stack waiting
[2K[1A[2K[1A[2K[1A[2K[G[1m[33mapp-e2e-fleet-408-8f6d4282[39m[22m  - Using previously-installed hashicorp/kubernetes v2.38.0

                            [0m[1m[32mTerraform has been successfully initialized![0m[32m[0m
                            [0m[32m
                            You may now begin working with Terraform. Try running "terraform plan" to see
                            any changes that are required for your infrastructure. All Terraform commands
                            should now work.

                            If you ever set or change modules or backend configuration for Terraform,
                            rerun this command to reinitialize your working directory. If you forget, other
                            commands will detect it and remind you to do so if necessary.[0m


0 Stacks destroying     0 Stacks done     1 Stack waiting
[2K[1A[2K[1A[2K[1A[2K[G

1 Stack destroying     0 Stacks done     0 Stacks waiting
[2K[1A[2K[1A[2K[1A[2K[G[1m[33mapp-e2e-fleet-408-8f6d4282[39m[22m  [0m[1mkubernetes_namespace.nextcloud-native_ns_8F62CBCD: Refreshing state... [id=nextcloud-e2e][0m


1 Stack destroying     0 Stacks done     0 Stacks waiting
[2K[1A[2K[1A[2K[1A[2K[G[1m[33mapp-e2e-fleet-408-8f6d4282[39m[22m  [0m[1mkubernetes_persistent_volume_claim.nextcloud-native_db-pvc_607F4A87: Refreshing state... [id=nextcloud-e2e/nextcloud-db-pvc][0m
                            [0m[1mkubernetes_secret.nextcloud-native_db-secret_6FE88882: Refreshing state... [id=nextcloud-e2e/nextcloud-db-credentials][0m
                            [0m[1mkubernetes_service.nextcloud-native_db-service_25E0EA6D: Refreshing state... [id=nextcloud-e2e/nextcloud-db-svc][0m
                            [0m[1mkubernetes_service.nextcloud-native_web-service_A2C4799E: Refreshing state... [id=nextcloud-e2e/nextcloud][0m


1 Stack destroying     0 Stacks done     0 Stacks waiting
[2K[1A[2K[1A[2K[1A[2K[G[1m[33mapp-e2e-fleet-408-8f6d4282[39m[22m  [0m[1mkubernetes_deployment.nextcloud-native_web-deployment_C4CA0F9D: Refreshing state... [id=nextcloud-e2e/nextcloud][0m


1 Stack destroying     0 Stacks done     0 Stacks waiting
[2K[1A[2K[1A[2K[1A[2K[G[1m[33mapp-e2e-fleet-408-8f6d4282[39m[22m  [0m[1mkubernetes_deployment.nextcloud-native_db-deployment_41AD83E9: Refreshing state... [id=nextcloud-e2e/nextcloud-db][0m


1 Stack destroying     0 Stacks done     0 Stacks waiting
[2K[1A[2K[1A[2K[1A[2K[G[1m[33mapp-e2e-fleet-408-8f6d4282[39m[22m  Terraform used the selected providers to generate the following execution plan.
                            Resource actions are indicated with the following symbols:
                              [31m-[0m destroy[0m

                            Terraform will perform the following actions:


1 Stack destroying     0 Stacks done     0 Stacks waiting
[2K[1A[2K[1A[2K[1A[2K[G[1m[33mapp-e2e-fleet-408-8f6d4282[39m[22m  [1m  # kubernetes_deployment.nextcloud-native_db-deployment_41AD83E9[0m will be [1m[31mdestroyed[0m
                            [0m  [31m-[0m[0m resource "kubernetes_deployment" "nextcloud-native_db-deployment_41AD83E9" {
                                  [31m-[0m[0m id               = "nextcloud-e2e/nextcloud-db" [90m-> null[0m[0m
                                  [31m-[0m[0m wait_for_rollout = true [90m-> null[0m[0m

                                  [31m-[0m[0m metadata {
                                      [31m-[0m[0m annotations      = {} [90m-> null[0m[0m
                                      [31m-[0m[0m generation       = 1 [90m-> null[0m[0m
                                      [31m-[0m[0m labels           = {
                                          [31m-[0m[0m "app" = "nextcloud-db-nextcloud-native"
                                        } [90m-> null[0m[0m
                                      [31m-[0m[0m name             = "nextcloud-db" [90m-> null[0m[0m
                                      [31m-[0m[0m namespace        = "nextcloud-e2e" [90m-> null[0m[0m
                                      [31m-[0m[0m resource_version = "1412" [90m-> null[0m[0m
                                      [31m-[0m[0m uid              = "c81ce115-8bf2-4a8f-a0f5-f45d0d6b710f" [90m-> null[0m[0m
                                        [90m# (1 unchanged attribute hidden)[0m[0m
                                    }

                                  [31m-[0m[0m spec {
                                      [31m-[0m[0m min_ready_seconds         = 0 [90m-> null[0m[0m
                                      [31m-[0m[0m paused                    = false [90m-> null[0m[0m
                                      [31m-[0m[0m progress_deadline_seconds = 600 [90m-> null[0m[0m
                                      [31m-[0m[0m replicas                  = "1" [90m-> null[0m[0m
                                      [31m-[0m[0m revision_history_limit    = 10 [90m-> null[0m[0m

                                      [31m-[0m[0m selector {
                                          [31m-[0m[0m match_labels = {
                                              [31m-[0m[0m "app" = "nextcloud-db-nextcloud-native"
                                            } [90m-> null[0m[0m
                                        }

                                      [31m-[0m[0m strategy {
                                          [31m-[0m[0m type = "RollingUpdate" [90m-> null[0m[0m

                                          [31m-[0m[0m rolling_update {
                                              [31m-[0m[0m max_surge       = "25%" [90m-> null[0m[0m
                                              [31m-[0m[0m max_unavailable = "25%" [90m-> null[0m[0m
                                            }
                                        }

                                      [31m-[0m[0m template {
                                          [31m-[0m[0m metadata {
                                              [31m-[0m[0m annotations      = {} [90m-> null[0m[0m
                                              [31m-[0m[0m generation       = 0 [90m-> null[0m[0m
                                              [31m-[0m[0m labels           = {
                                                  [31m-[0m[0m "app" = "nextcloud-db-nextcloud-native"
                                                } [90m-> null[0m[0m
                                                name             = [90mnull[0m[0m
                                                [90m# (4 unchanged attributes hidden)[0m[0m
                                            }
                                          [31m-[0m[0m spec {
                                              [31m-[0m[0m active_deadline_seconds          = 0 [90m-> null[0m[0m
                                              [31m-[0m[0m automount_service_account_token  = true [90m-> null[0m[0m
                                              [31m-[0m[0m dns_policy                       = "ClusterFirst" [90m-> null[0m[0m
                                              [31m-[0m[0m enable_service_links             = true [90m-> null[0m[0m
                                              [31m-[0m[0m host_ipc                         = false [90m-> null[0m[0m
                                              [31m-[0m[0m host_network                     = false [90m-> null[0m[0m
                                              [31m-[0m[0m host_pid                         = false [90m-> null[0m[0m
                                              [31m-[0m[0m node_selector                    = {} [90m-> null[0m[0m
                                              [31m-[0m[0m restart_policy                   = "Always" [90m-> null[0m[0m
                                              [31m-[0m[0m scheduler_name                   = "default-scheduler" [90m-> null[0m[0m
                                              [31m-[0m[0m share_process_namespace          = false [90m-> null[0m[0m
                                              [31m-[0m[0m termination_grace_period_seconds = 30 [90m-> null[0m[0m
                                                [90m# (6 unchanged attributes hidden)[0m[0m

                                              [31m-[0m[0m container {
                                                  [31m-[0m[0m args                       = [] [90m-> null[0m[0m


1 Stack destroying     0 Stacks done     0 Stacks waiting
[2K[1A[2K[1A[2K[1A[2K[G[1m[33mapp-e2e-fleet-408-8f6d4282[39m[22m  [31m-[0m[0m command                    = [] [90m-> null[0m[0m
                                                  [31m-[0m[0m image                      = "library/mariadb:11.4" [90m-> null[0m[0m
                                                  [31m-[0m[0m image_pull_policy          = "IfNotPresent" [90m-> null[0m[0m
                                                  [31m-[0m[0m name                       = "mariadb" [90m-> null[0m[0m
                                                  [31m-[0m[0m stdin                      = false [90m-> null[0m[0m
                                                  [31m-[0m[0m stdin_once                 = false [90m-> null[0m[0m
                                                  [31m-[0m[0m termination_message_path   = "/dev/termination-log" [90m-> null[0m[0m
                                                  [31m-[0m[0m termination_message_policy = "File" [90m-> null[0m[0m
                                                  [31m-[0m[0m tty                        = false [90m-> null[0m[0m
                                                    [90m# (1 unchanged attribute hidden)[0m[0m

                                                  [31m-[0m[0m env {
                                                      [31m-[0m[0m name  = "MYSQL_DATABASE" [90m-> null[0m[0m
                                                      [31m-[0m[0m value = "nextcloud" [90m-> null[0m[0m
                                                    }
                                                  [31m-[0m[0m env {
                                                      [31m-[0m[0m name  = "MYSQL_USER" [90m-> null[0m[0m
                                                      [31m-[0m[0m value = "nextcloud" [90m-> null[0m[0m
                                                    }
                                                  [31m-[0m[0m env {
                                                      [31m-[0m[0m name  = "MYSQL_PASSWORD" [90m-> null[0m[0m
                                                        [90m# (1 unchanged attribute hidden)[0m[0m

                                                      [31m-[0m[0m value_from {
                                                          [31m-[0m[0m secret_key_ref {
                                                              [31m-[0m[0m key      = "mysql-password" [90m-> null[0m[0m
                                                              [31m-[0m[0m name     = "nextcloud-db-credentials" [90m-> null[0m[0m
                                                              [31m-[0m[0m optional = false [90m-> null[0m[0m
                                                            }
                                                        }
                                                    }
                                                  [31m-[0m[0m env {
                                                      [31m-[0m[0m name  = "MYSQL_ROOT_PASSWORD" [90m-> null[0m[0m
                                                        [90m# (1 unchanged attribute hidden)[0m[0m

                                                      [31m-[0m[0m value_from {
                                                          [31m-[0m[0m secret_key_ref {
                                                              [31m-[0m[0m key      = "mysql-root-password" [90m-> null[0m[0m
                                                              [31m-[0m[0m name     = "nextcloud-db-credentials" [90m-> null[0m[0m
                                                              [31m-[0m[0m optional = false [90m-> null[0m[0m
                                                            }
                                                        }
                                                    }

                                                  [31m-[0m[0m port {
                                                      [31m-[0m[0m container_port = 3306 [90m-> null[0m[0m
                                                      [31m-[0m[0m host_port      = 0 [90m-> null[0m[0m
                                                        name           = [90mnull[0m[0m
                                                      [31m-[0m[0m protocol       = "TCP" [90m-> null[0m[0m
                                                        [90m# (1 unchanged attribute hidden)[0m[0m
                                                    }

                                                  [31m-[0m[0m resources {
                                                      [31m-[0m[0m limits   = {} [90m-> null[0m[0m
                                                      [31m-[0m[0m requests = {} [90m-> null[0m[0m
                                                    }

                                                  [31m-[0m[0m volume_mount {
                                                      [31m-[0m[0m mount_path        = "/var/lib/mysql" [90m-> null[0m[0m
                                                      [31m-[0m[0m mount_propagation = "None" [90m-> null[0m[0m
                                                      [31m-[0m[0m name              = "db-data" [90m-> null[0m[0m
                                                      [31m-[0m[0m read_only         = false [90m-> null[0m[0m
                                                        [90m# (2 unchanged attributes hidden)[0m[0m
                                                    }


1 Stack destroying     0 Stacks done     0 Stacks waiting
[2K[1A[2K[1A[2K[1A[2K[G[1m[33mapp-e2e-fleet-408-8f6d4282[39m[22m  }

                                              [31m-[0m[0m volume {
                                                  [31m-[0m[0m name = "db-data" [90m-> null[0m[0m

                                                  [31m-[0m[0m persistent_volume_claim {
                                                      [31m-[0m[0m claim_name = "nextcloud-db-pvc" [90m-> null[0m[0m
                                                      [31m-[0m[0m read_only  = false [90m-> null[0m[0m
                                                    }
                                                }
                                            }
                                        }
                                    }
                                }

                            [1m  # kubernetes_deployment.nextcloud-native_web-deployment_C4CA0F9D[0m will be [1m[31mdestroyed[0m
                            [0m  [31m-[0m[0m resource "kubernetes_deployment" "nextcloud-native_web-deployment_C4CA0F9D" {
                                  [31m-[0m[0m id               = "nextcloud-e2e/nextcloud" [90m-> null[0m[0m
                                  [31m-[0m[0m wait_for_rollout = true [90m-> null[0m[0m

                                  [31m-[0m[0m metadata {
                                      [31m-[0m[0m annotations      = {} [90m-> null[0m[0m
                                      [31m-[0m[0m generation       = 1 [90m-> null[0m[0m
                                      [31m-[0m[0m labels           = {
                                          [31m-[0m[0m "app" = "nextcloud-web-nextcloud-native"
                                        } [90m-> null[0m[0m
                                      [31m-[0m[0m name             = "nextcloud" [90m-> null[0m[0m
                                      [31m-[0m[0m namespace        = "nextcloud-e2e" [90m-> null[0m[0m
                                      [31m-[0m[0m resource_version = "1428" [90m-> null[0m[0m
                                      [31m-[0m[0m uid              = "93206b17-9b5f-46de-bcd5-811368b9eca3" [90m-> null[0m[0m
                                        [90m# (1 unchanged attribute hidden)[0m[0m
                                    }

                                  [31m-[0m[0m spec {
                                      [31m-[0m[0m min_ready_seconds         = 0 [90m-> null[0m[0m
                                      [31m-[0m[0m paused                    = false [90m-> null[0m[0m
                                      [31m-[0m[0m progress_deadline_seconds = 600 [90m-> null[0m[0m
                                      [31m-[0m[0m replicas                  = "1" [90m-> null[0m[0m
                                      [31m-[0m[0m revision_history_limit    = 10 [90m-> null[0m[0m

                                      [31m-[0m[0m selector {
                                          [31m-[0m[0m match_labels = {
                                              [31m-[0m[0m "app" = "nextcloud-web-nextcloud-native"
                                            } [90m-> null[0m[0m
                                        }

                                      [31m-[0m[0m strategy {
                                          [31m-[0m[0m type = "RollingUpdate" [90m-> null[0m[0m

                                          [31m-[0m[0m rolling_update {
                                              [31m-[0m[0m max_surge       = "25%" [90m-> null[0m[0m
                                              [31m-[0m[0m max_unavailable = "25%" [90m-> null[0m[0m
                                            }
                                        }

                                      [31m-[0m[0m template {
                                          [31m-[0m[0m metadata {
                                              [31m-[0m[0m annotations      = {} [90m-> null[0m[0m
                                              [31m-[0m[0m generation       = 0 [90m-> null[0m[0m
                                              [31m-[0m[0m labels           = {
                                                  [31m-[0m[0m "app" = "nextcloud-web-nextcloud-native"
                                                } [90m-> null[0m[0m
                                                name             = [90mnull[0m[0m
                                                [90m# (4 unchanged attributes hidden)[0m[0m
                                            }
                                          [31m-[0m[0m spec {
                                              [31m-[0m[0m active_deadline_seconds          = 0 [90m-> null[0m[0m
                                              [31m-[0m[0m automount_service_account_token  = true [90m-> null[0m[0m
                                              [31m-[0m[0m dns_policy                       = "ClusterFirst" [90m-> null[0m[0m
                                              [31m-[0m[0m enable_service_links             = true [90m-> null[0m[0m
                                              [31m-[0m[0m host_ipc                         = false [90m-> null[0m[0m
                                              [31m-[0m[0m host_network                     = false [90m-> null[0m[0m
                                              [31m-[0m[0m host_pid                         = false [90m-> null[0m[0m
                                              [31m-[0m[0m node_selector                    = {} [90m-> null[0m[0m
                                              [31m-[0m[0m restart_policy                   = "Always" [90m-> null[0m[0m


1 Stack destroying     0 Stacks done     0 Stacks waiting
[2K[1A[2K[1A[2K[1A[2K[G[1m[33mapp-e2e-fleet-408-8f6d4282[39m[22m  [31m-[0m[0m scheduler_name                   = "default-scheduler" [90m-> null[0m[0m
                                              [31m-[0m[0m share_process_namespace          = false [90m-> null[0m[0m
                                              [31m-[0m[0m termination_grace_period_seconds = 30 [90m-> null[0m[0m
                                                [90m# (6 unchanged attributes hidden)[0m[0m

                                              [31m-[0m[0m container {
                                                  [31m-[0m[0m args                       = [] [90m-> null[0m[0m
                                                  [31m-[0m[0m command                    = [] [90m-> null[0m[0m
                                                  [31m-[0m[0m image                      = "library/nextcloud:30.0-apache" [90m-> null[0m[0m
                                                  [31m-[0m[0m image_pull_policy          = "IfNotPresent" [90m-> null[0m[0m
                                                  [31m-[0m[0m name                       = "nextcloud" [90m-> null[0m[0m
                                                  [31m-[0m[0m stdin                      = false [90m-> null[0m[0m
                                                  [31m-[0m[0m stdin_once                 = false [90m-> null[0m[0m
                                                  [31m-[0m[0m termination_message_path   = "/dev/termination-log" [90m-> null[0m[0m
                                                  [31m-[0m[0m termination_message_policy = "File" [90m-> null[0m[0m
                                                  [31m-[0m[0m tty                        = false [90m-> null[0m[0m
                                                    [90m# (1 unchanged attribute hidden)[0m[0m

                                                  [31m-[0m[0m env {
                                                      [31m-[0m[0m name  = "MYSQL_HOST" [90m-> null[0m[0m
                                                      [31m-[0m[0m value = "nextcloud-db-svc" [90m-> null[0m[0m
                                                    }
                                                  [31m-[0m[0m env {
                                                      [31m-[0m[0m name  = "MYSQL_USER" [90m-> null[0m[0m
                                                      [31m-[0m[0m value = "nextcloud" [90m-> null[0m[0m
                                                    }
                                                  [31m-[0m[0m env {
                                                      [31m-[0m[0m name  = "MYSQL_PASSWORD" [90m-> null[0m[0m
                                                        [90m# (1 unchanged attribute hidden)[0m[0m

                                                      [31m-[0m[0m value_from {
                                                          [31m-[0m[0m secret_key_ref {
                                                              [31m-[0m[0m key      = "mysql-password" [90m-> null[0m[0m
                                                              [31m-[0m[0m name     = "nextcloud-db-credentials" [90m-> null[0m[0m
                                                              [31m-[0m[0m optional = false [90m-> null[0m[0m
                                                            }
                                                        }
                                                    }
                                                  [31m-[0m[0m env {
                                                      [31m-[0m[0m name  = "MYSQL_DATABASE" [90m-> null[0m[0m
                                                      [31m-[0m[0m value = "nextcloud" [90m-> null[0m[0m
                                                    }
                                                  [31m-[0m[0m env {
                                                      [31m-[0m[0m name  = "NEXTCLOUD_ADMIN_USER" [90m-> null[0m[0m
                                                      [31m-[0m[0m value = "admin" [90m-> null[0m[0m
                                                    }
                                                  [31m-[0m[0m env {
                                                      [31m-[0m[0m name  = "NEXTCLOUD_ADMIN_PASSWORD" [90m-> null[0m[0m
                                                      [31m-[0m[0m value = "admin_secure_password" [90m-> null[0m[0m
                                                    }

                                                  [31m-[0m[0m port {
                                                      [31m-[0m[0m container_port = 80 [90m-> null[0m[0m
                                                      [31m-[0m[0m host_port      = 0 [90m-> null[0m[0m
                                                        name           = [90mnull[0m[0m
                                                      [31m-[0m[0m protocol       = "TCP" [90m-> null[0m[0m
                                                        [90m# (1 unchanged attribute hidden)[0m[0m
                                                    }

                                                  [31m-[0m[0m resources {
                                                      [31m-[0m[0m limits   = {} [90m-> null[0m[0m
                                                      [31m-[0m[0m requests = {} [90m-> null[0m[0m
                                                    }
                                                }


1 Stack destroying     0 Stacks done     0 Stacks waiting
[2K[1A[2K[1A[2K[1A[2K[G[1m[33mapp-e2e-fleet-408-8f6d4282[39m[22m  }
                                        }
                                    }
                                }

                            [1m  # kubernetes_namespace.nextcloud-native_ns_8F62CBCD[0m will be [1m[31mdestroyed[0m
                            [0m  [31m-[0m[0m resource "kubernetes_namespace" "nextcloud-native_ns_8F62CBCD" {
                                  [31m-[0m[0m id                               = "nextcloud-e2e" [90m-> null[0m[0m
                                  [31m-[0m[0m wait_for_default_service_account = false [90m-> null[0m[0m

                                  [31m-[0m[0m metadata {
                                      [31m-[0m[0m annotations      = {} [90m-> null[0m[0m
                                      [31m-[0m[0m generation       = 0 [90m-> null[0m[0m
                                      [31m-[0m[0m labels           = {} [90m-> null[0m[0m
                                      [31m-[0m[0m name             = "nextcloud-e2e" [90m-> null[0m[0m
                                      [31m-[0m[0m resource_version = "1331" [90m-> null[0m[0m
                                      [31m-[0m[0m uid              = "11433b8a-0658-41ba-a42c-2f1c39e7e569" [90m-> null[0m[0m
                                        [90m# (1 unchanged attribute hidden)[0m[0m
                                    }
                                }

                            [1m  # kubernetes_persistent_volume_claim.nextcloud-native_db-pvc_607F4A87[0m will be [1m[31mdestroyed[0m
                            [0m  [31m-[0m[0m resource "kubernetes_persistent_volume_claim" "nextcloud-native_db-pvc_607F4A87" {
                                  [31m-[0m[0m id               = "nextcloud-e2e/nextcloud-db-pvc" [90m-> null[0m[0m
                                  [31m-[0m[0m wait_until_bound = false [90m-> null[0m[0m

                                  [31m-[0m[0m metadata {
                                      [31m-[0m[0m annotations      = {} [90m-> null[0m[0m
                                      [31m-[0m[0m generation       = 0 [90m-> null[0m[0m
                                      [31m-[0m[0m labels           = {} [90m-> null[0m[0m
                                      [31m-[0m[0m name             = "nextcloud-db-pvc" [90m-> null[0m[0m
                                      [31m-[0m[0m namespace        = "nextcloud-e2e" [90m-> null[0m[0m
                                      [31m-[0m[0m resource_version = "1432" [90m-> null[0m[0m
                                      [31m-[0m[0m uid              = "a002c148-9392-4b11-8447-aec7f9c48962" [90m-> null[0m[0m
                                        [90m# (1 unchanged attribute hidden)[0m[0m
                                    }

                                  [31m-[0m[0m spec {
                                      [31m-[0m[0m access_modes       = [
                                          [31m-[0m[0m "ReadWriteOnce",
                                        ] [90m-> null[0m[0m
                                      [31m-[0m[0m storage_class_name = "local-path" [90m-> null[0m[0m
                                      [31m-[0m[0m volume_mode        = "Filesystem" [90m-> null[0m[0m
                                      [31m-[0m[0m volume_name        = "pvc-a002c148-9392-4b11-8447-aec7f9c48962" [90m-> null[0m[0m

                                      [31m-[0m[0m resources {
                                          [31m-[0m[0m limits   = {} [90m-> null[0m[0m
                                          [31m-[0m[0m requests = {
                                              [31m-[0m[0m "storage" = "3Gi"
                                            } [90m-> null[0m[0m
                                        }
                                    }
                                }

                            [1m  # kubernetes_secret.nextcloud-native_db-secret_6FE88882[0m will be [1m[31mdestroyed[0m
                            [0m  [31m-[0m[0m resource "kubernetes_secret" "nextcloud-native_db-secret_6FE88882" {
                                  [31m-[0m[0m data                           = (sensitive value) [90m-> null[0m[0m
                                  [31m-[0m[0m id                             = "nextcloud-e2e/nextcloud-db-credentials" [90m-> null[0m[0m
                                  [31m-[0m[0m immutable                      = false [90m-> null[0m[0m
                                  [31m-[0m[0m type                           = "Opaque" [90m-> null[0m[0m
                                  [31m-[0m[0m wait_for_service_account_token = true [90m-> null[0m[0m

                                  [31m-[0m[0m metadata {
                                      [31m-[0m[0m annotations      = {} [90m-> null[0m[0m
                                      [31m-[0m[0m generation       = 0 [90m-> null[0m[0m
                                      [31m-[0m[0m labels           = {} [90m-> null[0m[0m
                                      [31m-[0m[0m name             = "nextcloud-db-credentials" [90m-> null[0m[0m
                                      [31m-[0m[0m namespace        = "nextcloud-e2e" [90m-> null[0m[0m
                                      [31m-[0m[0m resource_version = "1334" [90m-> null[0m[0m
                                      [31m-[0m[0m uid              = "b7febd81-cb55-4024-8327-4eeaa2676ac7" [90m-> null[0m[0m
                                        [90m# (1 unchanged attribute hidden)[0m[0m
                                    }
                                }


1 Stack destroying     0 Stacks done     0 Stacks waiting
[2K[1A[2K[1A[2K[1A[2K[G[1m[33mapp-e2e-fleet-408-8f6d4282[39m[22m  [1m  # kubernetes_service.nextcloud-native_db-service_25E0EA6D[0m will be [1m[31mdestroyed[0m
                            [0m  [31m-[0m[0m resource "kubernetes_service" "nextcloud-native_db-service_25E0EA6D" {
                                  [31m-[0m[0m id                     = "nextcloud-e2e/nextcloud-db-svc" [90m-> null[0m[0m
                                  [31m-[0m[0m status                 = [
                                      [31m-[0m[0m {
                                          [31m-[0m[0m load_balancer = [
                                              [31m-[0m[0m {
                                                  [31m-[0m[0m ingress = []
                                                },
                                            ]
                                        },
                                    ] [90m-> null[0m[0m
                                  [31m-[0m[0m wait_for_load_balancer = true [90m-> null[0m[0m

                                  [31m-[0m[0m metadata {
                                      [31m-[0m[0m annotations      = {} [90m-> null[0m[0m
                                      [31m-[0m[0m generation       = 0 [90m-> null[0m[0m
                                      [31m-[0m[0m labels           = {} [90m-> null[0m[0m
                                      [31m-[0m[0m name             = "nextcloud-db-svc" [90m-> null[0m[0m
                                      [31m-[0m[0m namespace        = "nextcloud-e2e" [90m-> null[0m[0m
                                      [31m-[0m[0m resource_version = "1338" [90m-> null[0m[0m
                                      [31m-[0m[0m uid              = "2e334729-fd85-4f19-95e3-993e8bf3f487" [90m-> null[0m[0m
                                        [90m# (1 unchanged attribute hidden)[0m[0m
                                    }

                                  [31m-[0m[0m spec {
                                      [31m-[0m[0m allocate_load_balancer_node_ports = true [90m-> null[0m[0m
                                      [31m-[0m[0m cluster_ip                        = "10.43.193.148" [90m-> null[0m[0m
                                      [31m-[0m[0m cluster_ips                       = [
                                          [31m-[0m[0m "10.43.193.148",
                                        ] [90m-> null[0m[0m
                                      [31m-[0m[0m external_ips                      = [] [90m-> null[0m[0m
                                      [31m-[0m[0m health_check_node_port            = 0 [90m-> null[0m[0m
                                      [31m-[0m[0m internal_traffic_policy           = "Cluster" [90m-> null[0m[0m
                                      [31m-[0m[0m ip_families                       = [
                                          [31m-[0m[0m "IPv4",
                                        ] [90m-> null[0m[0m
                                      [31m-[0m[0m ip_family_policy                  = "SingleStack" [90m-> null[0m[0m
                                      [31m-[0m[0m load_balancer_source_ranges       = [] [90m-> null[0m[0m
                                      [31m-[0m[0m publish_not_ready_addresses       = false [90m-> null[0m[0m
                                      [31m-[0m[0m selector                          = {
                                          [31m-[0m[0m "app" = "nextcloud-db-nextcloud-native"
                                        } [90m-> null[0m[0m
                                      [31m-[0m[0m session_affinity                  = "None" [90m-> null[0m[0m
                                      [31m-[0m[0m type                              = "ClusterIP" [90m-> null[0m[0m
                                        [90m# (4 unchanged attributes hidden)[0m[0m

                                      [31m-[0m[0m port {
                                            name         = [90mnull[0m[0m
                                          [31m-[0m[0m node_port    = 0 [90m-> null[0m[0m
                                          [31m-[0m[0m port         = 3306 [90m-> null[0m[0m
                                          [31m-[0m[0m protocol     = "TCP" [90m-> null[0m[0m
                                          [31m-[0m[0m target_port  = "3306" [90m-> null[0m[0m
                                            [90m# (1 unchanged attribute hidden)[0m[0m
                                        }
                                    }
                                }

                            [1m  # kubernetes_service.nextcloud-native_web-service_A2C4799E[0m will be [1m[31mdestroyed[0m
                            [0m  [31m-[0m[0m resource "kubernetes_service" "nextcloud-native_web-service_A2C4799E" {
                                  [31m-[0m[0m id                     = "nextcloud-e2e/nextcloud" [90m-> null[0m[0m
                                  [31m-[0m[0m status                 = [
                                      [31m-[0m[0m {
                                          [31m-[0m[0m load_balancer = [
                                              [31m-[0m[0m {
                                                  [31m-[0m[0m ingress = []
                                                },
                                            ]
                                        },
                                    ] [90m-> null[0m[0m
                                  [31m-[0m[0m wait_for_load_balancer = false [90m-> null[0m[0m

                                  [31m-[0m[0m metadata {
                                      [31m-[0m[0m annotations      = {} [90m-> null[0m[0m
                                      [31m-[0m[0m generation       = 0 [90m-> null[0m[0m


1 Stack destroying     0 Stacks done     0 Stacks waiting
[2K[1A[2K[1A[2K[1A[2K[G[1m[33mapp-e2e-fleet-408-8f6d4282[39m[22m  [31m-[0m[0m labels           = {} [90m-> null[0m[0m
                                      [31m-[0m[0m name             = "nextcloud" [90m-> null[0m[0m
                                      [31m-[0m[0m namespace        = "nextcloud-e2e" [90m-> null[0m[0m
                                      [31m-[0m[0m resource_version = "1346" [90m-> null[0m[0m
                                      [31m-[0m[0m uid              = "a23e7f8b-0c34-4852-95da-51c079469564" [90m-> null[0m[0m
                                        [90m# (1 unchanged attribute hidden)[0m[0m
                                    }

                                  [31m-[0m[0m spec {
                                      [31m-[0m[0m allocate_load_balancer_node_ports = true [90m-> null[0m[0m
                                      [31m-[0m[0m cluster_ip                        = "10.43.206.131" [90m-> null[0m[0m
                                      [31m-[0m[0m cluster_ips                       = [
                                          [31m-[0m[0m "10.43.206.131",
                                        ] [90m-> null[0m[0m
                                      [31m-[0m[0m external_ips                      = [] [90m-> null[0m[0m
                                      [31m-[0m[0m external_traffic_policy           = "Cluster" [90m-> null[0m[0m
                                      [31m-[0m[0m health_check_node_port            = 0 [90m-> null[0m[0m
                                      [31m-[0m[0m internal_traffic_policy           = "Cluster" [90m-> null[0m[0m
                                      [31m-[0m[0m ip_families                       = [
                                          [31m-[0m[0m "IPv4",
                                        ] [90m-> null[0m[0m
                                      [31m-[0m[0m ip_family_policy                  = "SingleStack" [90m-> null[0m[0m
                                      [31m-[0m[0m load_balancer_source_ranges       = [] [90m-> null[0m[0m
                                      [31m-[0m[0m publish_not_ready_addresses       = false [90m-> null[0m[0m
                                      [31m-[0m[0m selector                          = {
                                          [31m-[0m[0m "app" = "nextcloud-web-nextcloud-native"
                                        } [90m-> null[0m[0m
                                      [31m-[0m[0m session_affinity                  = "None" [90m-> null[0m[0m
                                      [31m-[0m[0m type                              = "LoadBalancer" [90m-> null[0m[0m
                                        [90m# (3 unchanged attributes hidden)[0m[0m

                                      [31m-[0m[0m port {
                                            name         = [90mnull[0m[0m
                                          [31m-[0m[0m node_port    = 30716 [90m-> null[0m[0m
                                          [31m-[0m[0m port         = 80 [90m-> null[0m[0m
                                          [31m-[0m[0m protocol     = "TCP" [90m-> null[0m[0m
                                          [31m-[0m[0m target_port  = "80" [90m-> null[0m[0m
                                            [90m# (1 unchanged attribute hidden)[0m[0m
                                        }
                                    }
                                }

                            [1mPlan:[0m 0 to add, 0 to change, 7 to destroy.


1 Stack destroying     0 Stacks done     0 Stacks waiting
[2K[1A[2K[1A[2K[1A[2K[G[1m[33mapp-e2e-fleet-408-8f6d4282[39m[22m  [0m[0m[1mkubernetes_service.nextcloud-native_web-service_A2C4799E: Destroying... [id=nextcloud-e2e/nextcloud][0m[0m


1 Stack destroying     0 Stacks done     0 Stacks waiting
[2K[1A[2K[1A[2K[1A[2K[G[1m[33mapp-e2e-fleet-408-8f6d4282[39m[22m  [0m[1mkubernetes_service.nextcloud-native_db-service_25E0EA6D: Destroying... [id=nextcloud-e2e/nextcloud-db-svc][0m[0m


1 Stack destroying     0 Stacks done     0 Stacks waiting
[2K[1A[2K[1A[2K[1A[2K[G[1m[33mapp-e2e-fleet-408-8f6d4282[39m[22m  [0m[1mkubernetes_deployment.nextcloud-native_web-deployment_C4CA0F9D: Destroying... [id=nextcloud-e2e/nextcloud][0m[0m


1 Stack destroying     0 Stacks done     0 Stacks waiting
[2K[1A[2K[1A[2K[1A[2K[G[1m[33mapp-e2e-fleet-408-8f6d4282[39m[22m  [0m[1mkubernetes_deployment.nextcloud-native_db-deployment_41AD83E9: Destroying... [id=nextcloud-e2e/nextcloud-db][0m[0m


1 Stack destroying     0 Stacks done     0 Stacks waiting
[2K[1A[2K[1A[2K[1A[2K[G[1m[33mapp-e2e-fleet-408-8f6d4282[39m[22m  [0m[1mkubernetes_service.nextcloud-native_db-service_25E0EA6D: Destruction complete after 0s[0m


1 Stack destroying     0 Stacks done     0 Stacks waiting
[2K[1A[2K[1A[2K[1A[2K[G[1m[33mapp-e2e-fleet-408-8f6d4282[39m[22m  [0m[1mkubernetes_deployment.nextcloud-native_web-deployment_C4CA0F9D: Destruction complete after 0s[0m


1 Stack destroying     0 Stacks done     0 Stacks waiting
[2K[1A[2K[1A[2K[1A[2K[G[1m[33mapp-e2e-fleet-408-8f6d4282[39m[22m  [0m[1mkubernetes_deployment.nextcloud-native_db-deployment_41AD83E9: Destruction complete after 0s[0m


1 Stack destroying     0 Stacks done     0 Stacks waiting
[2K[1A[2K[1A[2K[1A[2K[G[1m[33mapp-e2e-fleet-408-8f6d4282[39m[22m  [0m[1mkubernetes_secret.nextcloud-native_db-secret_6FE88882: Destroying... [id=nextcloud-e2e/nextcloud-db-credentials][0m[0m


1 Stack destroying     0 Stacks done     0 Stacks waiting
[2K[1A[2K[1A[2K[1A[2K[G[1m[33mapp-e2e-fleet-408-8f6d4282[39m[22m  [0m[1mkubernetes_persistent_volume_claim.nextcloud-native_db-pvc_607F4A87: Destroying... [id=nextcloud-e2e/nextcloud-db-pvc][0m[0m


1 Stack destroying     0 Stacks done     0 Stacks waiting
[2K[1A[2K[1A[2K[1A[2K[G[1m[33mapp-e2e-fleet-408-8f6d4282[39m[22m  [0m[1mkubernetes_secret.nextcloud-native_db-secret_6FE88882: Destruction complete after 0s[0m


1 Stack destroying     0 Stacks done     0 Stacks waiting
[2K[1A[2K[1A[2K[1A[2K[G[1m[33mapp-e2e-fleet-408-8f6d4282[39m[22m  [0m[1mkubernetes_service.nextcloud-native_web-service_A2C4799E: Destruction complete after 0s[0m


1 Stack destroying     0 Stacks done     0 Stacks waiting
[2K[1A[2K[1A[2K[1A[2K[G[1m[33mapp-e2e-fleet-408-8f6d4282[39m[22m  [0m[1mkubernetes_persistent_volume_claim.nextcloud-native_db-pvc_607F4A87: Destruction complete after 1s[0m


1 Stack destroying     0 Stacks done     0 Stacks waiting
[2K[1A[2K[1A[2K[1A[2K[G[1m[33mapp-e2e-fleet-408-8f6d4282[39m[22m  [0m[1mkubernetes_namespace.nextcloud-native_ns_8F62CBCD: Destroying... [id=nextcloud-e2e][0m[0m


1 Stack destroying     0 Stacks done     0 Stacks waiting
[2K[1A[2K[1A[2K[1A[2K[G[1m[33mapp-e2e-fleet-408-8f6d4282[39m[22m  [0m[1mkubernetes_namespace.nextcloud-native_ns_8F62CBCD: Destruction complete after 6s[0m


1 Stack destroying     0 Stacks done     0 Stacks waiting
[2K[1A[2K[1A[2K[1A[2K[G[1m[33mapp-e2e-fleet-408-8f6d4282[39m[22m  [0m[1m[32m
                            Destroy complete! Resources: 7 destroyed.


1 Stack destroying     0 Stacks done     0 Stacks waiting
[2K[1A[2K[1A[2K[1A[2K[G
