#0 building with "default" instance using docker driver

#1 [internal] load build definition from Dockerfile
#1 transferring dockerfile: 154B done
#1 DONE 0.1s

#2 [internal] load metadata for docker.io/library/odoo:18.0
#2 DONE 1.2s

#3 [internal] load .dockerignore
#3 transferring context: 2B done
#3 DONE 0.0s

#4 [internal] load build context
#4 transferring context: 4.61kB done
#4 DONE 0.0s

#5 [1/3] FROM docker.io/library/odoo:18.0@sha256:f0d5dcafc72cacea66ae0ee8d7950d436d19d084ffade089f51e14c98b823803
#5 resolve docker.io/library/odoo:18.0@sha256:f0d5dcafc72cacea66ae0ee8d7950d436d19d084ffade089f51e14c98b823803 0.0s done
#5 sha256:d90d2618af9382596dab502aed66db8df548184aaa7c16c98061e6fcb61caf5c 7.89kB / 7.89kB done
#5 sha256:cb259a83ac3dd9fea0b394df41df2b298adf0df938fef5999475af18a751c257 0B / 29.73MB 0.2s
#5 sha256:da74a6be825b0749c3ede21b02172eee0ada126f8b97add9fa1a47e9f93b2710 0B / 254.68MB 0.2s
#5 sha256:f0d5dcafc72cacea66ae0ee8d7950d436d19d084ffade089f51e14c98b823803 3.84kB / 3.84kB done
#5 sha256:cbe759b2a2291be5de4b25538d31aa5f12a7be040694ac0bb5af244d6f03b4e4 2.66kB / 2.66kB done
#5 sha256:25943e8bc37baf8f474bbf49859657837a2ed5f0d743c1a3397c9d72aa465b8f 0B / 14.37MB 0.2s
#5 sha256:25943e8bc37baf8f474bbf49859657837a2ed5f0d743c1a3397c9d72aa465b8f 1.05MB / 14.37MB 0.3s
#5 sha256:25943e8bc37baf8f474bbf49859657837a2ed5f0d743c1a3397c9d72aa465b8f 4.19MB / 14.37MB 0.5s
#5 sha256:25943e8bc37baf8f474bbf49859657837a2ed5f0d743c1a3397c9d72aa465b8f 6.29MB / 14.37MB 0.7s
#5 sha256:cb259a83ac3dd9fea0b394df41df2b298adf0df938fef5999475af18a751c257 2.10MB / 29.73MB 0.9s
#5 sha256:25943e8bc37baf8f474bbf49859657837a2ed5f0d743c1a3397c9d72aa465b8f 7.34MB / 14.37MB 0.9s
#5 sha256:25943e8bc37baf8f474bbf49859657837a2ed5f0d743c1a3397c9d72aa465b8f 9.44MB / 14.37MB 1.1s
#5 sha256:25943e8bc37baf8f474bbf49859657837a2ed5f0d743c1a3397c9d72aa465b8f 12.58MB / 14.37MB 1.4s
#5 sha256:25943e8bc37baf8f474bbf49859657837a2ed5f0d743c1a3397c9d72aa465b8f 13.63MB / 14.37MB 1.5s
#5 sha256:cb259a83ac3dd9fea0b394df41df2b298adf0df938fef5999475af18a751c257 4.19MB / 29.73MB 1.6s
#5 sha256:25943e8bc37baf8f474bbf49859657837a2ed5f0d743c1a3397c9d72aa465b8f 14.37MB / 14.37MB 1.5s done
#5 sha256:25b7663c22267e2019ce7a3492c77eb09dd7c25220a26e62ef042e96cfab355c 0B / 483.61kB 1.6s
#5 sha256:25b7663c22267e2019ce7a3492c77eb09dd7c25220a26e62ef042e96cfab355c 483.61kB / 483.61kB 1.7s done
#5 sha256:c16dfdead42f46db400007aca15a790da11425c155d2d9a8fff6b0ade0085deb 0B / 388.22MB 1.8s
#5 sha256:cb259a83ac3dd9fea0b394df41df2b298adf0df938fef5999475af18a751c257 6.29MB / 29.73MB 2.0s
#5 sha256:cb259a83ac3dd9fea0b394df41df2b298adf0df938fef5999475af18a751c257 8.39MB / 29.73MB 2.5s
#5 sha256:cb259a83ac3dd9fea0b394df41df2b298adf0df938fef5999475af18a751c257 10.49MB / 29.73MB 2.9s
#5 sha256:cb259a83ac3dd9fea0b394df41df2b298adf0df938fef5999475af18a751c257 12.58MB / 29.73MB 3.3s
#5 sha256:c16dfdead42f46db400007aca15a790da11425c155d2d9a8fff6b0ade0085deb 19.92MB / 388.22MB 3.6s
#5 sha256:cb259a83ac3dd9fea0b394df41df2b298adf0df938fef5999475af18a751c257 14.68MB / 29.73MB 3.7s
#5 sha256:cb259a83ac3dd9fea0b394df41df2b298adf0df938fef5999475af18a751c257 16.78MB / 29.73MB 4.3s
#5 sha256:cb259a83ac3dd9fea0b394df41df2b298adf0df938fef5999475af18a751c257 18.87MB / 29.73MB 4.6s
#5 sha256:cb259a83ac3dd9fea0b394df41df2b298adf0df938fef5999475af18a751c257 22.02MB / 29.73MB 5.3s
#5 sha256:da74a6be825b0749c3ede21b02172eee0ada126f8b97add9fa1a47e9f93b2710 10.49MB / 254.68MB 5.3s
#5 sha256:c16dfdead42f46db400007aca15a790da11425c155d2d9a8fff6b0ade0085deb 40.89MB / 388.22MB 5.5s
#5 sha256:cb259a83ac3dd9fea0b394df41df2b298adf0df938fef5999475af18a751c257 24.12MB / 29.73MB 5.8s
#5 sha256:cb259a83ac3dd9fea0b394df41df2b298adf0df938fef5999475af18a751c257 26.21MB / 29.73MB 6.4s
#5 sha256:cb259a83ac3dd9fea0b394df41df2b298adf0df938fef5999475af18a751c257 28.31MB / 29.73MB 6.8s
#5 sha256:cb259a83ac3dd9fea0b394df41df2b298adf0df938fef5999475af18a751c257 29.73MB / 29.73MB 7.0s done
#5 extracting sha256:cb259a83ac3dd9fea0b394df41df2b298adf0df938fef5999475af18a751c257 0.1s
#5 sha256:e322817c1b332e7c297c3573842c0f8fa7f03ee8d164d44572763eb34d068a14 0B / 766B 7.1s
#5 sha256:c16dfdead42f46db400007aca15a790da11425c155d2d9a8fff6b0ade0085deb 61.87MB / 388.22MB 7.3s
#5 sha256:e322817c1b332e7c297c3573842c0f8fa7f03ee8d164d44572763eb34d068a14 766B / 766B 7.2s done
#5 sha256:bdf1e65abdf7ce48a816c91eaefd9bf69a637ee72436ae63483e471a35f8dfb4 0B / 554B 7.3s
#5 sha256:bdf1e65abdf7ce48a816c91eaefd9bf69a637ee72436ae63483e471a35f8dfb4 554B / 554B 7.4s done
#5 extracting sha256:cb259a83ac3dd9fea0b394df41df2b298adf0df938fef5999475af18a751c257 0.4s done
#5 sha256:5e6bc4c638d2a7360133e274842d160038c0a5b47bdff0467b8ffc37fab58149 594B / 594B 7.5s done
#5 sha256:5e03c3a7c3f3a200cd64f07b5f0ff01f9e8428056fa1a3c9b0b418135f9668d4 0B / 880B 7.6s
#5 sha256:5e03c3a7c3f3a200cd64f07b5f0ff01f9e8428056fa1a3c9b0b418135f9668d4 880B / 880B 7.7s done
#5 sha256:c16dfdead42f46db400007aca15a790da11425c155d2d9a8fff6b0ade0085deb 83.89MB / 388.22MB 8.8s
#5 sha256:da74a6be825b0749c3ede21b02172eee0ada126f8b97add9fa1a47e9f93b2710 24.12MB / 254.68MB 9.4s
#5 sha256:c16dfdead42f46db400007aca15a790da11425c155d2d9a8fff6b0ade0085deb 104.86MB / 388.22MB 10.3s
#5 sha256:da74a6be825b0749c3ede21b02172eee0ada126f8b97add9fa1a47e9f93b2710 37.75MB / 254.68MB 12.2s
#5 sha256:c16dfdead42f46db400007aca15a790da11425c155d2d9a8fff6b0ade0085deb 125.83MB / 388.22MB 12.4s
#5 sha256:c16dfdead42f46db400007aca15a790da11425c155d2d9a8fff6b0ade0085deb 145.75MB / 388.22MB 13.9s
#5 sha256:da74a6be825b0749c3ede21b02172eee0ada126f8b97add9fa1a47e9f93b2710 51.38MB / 254.68MB 14.7s
#5 sha256:c16dfdead42f46db400007aca15a790da11425c155d2d9a8fff6b0ade0085deb 166.72MB / 388.22MB 15.4s
#5 sha256:c16dfdead42f46db400007aca15a790da11425c155d2d9a8fff6b0ade0085deb 187.70MB / 388.22MB 17.0s
#5 sha256:da74a6be825b0749c3ede21b02172eee0ada126f8b97add9fa1a47e9f93b2710 65.01MB / 254.68MB 17.4s
#5 sha256:c16dfdead42f46db400007aca15a790da11425c155d2d9a8fff6b0ade0085deb 208.67MB / 388.22MB 18.5s
#5 sha256:c16dfdead42f46db400007aca15a790da11425c155d2d9a8fff6b0ade0085deb 228.59MB / 388.22MB 19.8s
#5 sha256:da74a6be825b0749c3ede21b02172eee0ada126f8b97add9fa1a47e9f93b2710 78.64MB / 254.68MB 21.4s
#5 sha256:c16dfdead42f46db400007aca15a790da11425c155d2d9a8fff6b0ade0085deb 248.51MB / 388.22MB 21.5s
#5 sha256:c16dfdead42f46db400007aca15a790da11425c155d2d9a8fff6b0ade0085deb 270.53MB / 388.22MB 23.0s
#5 sha256:c16dfdead42f46db400007aca15a790da11425c155d2d9a8fff6b0ade0085deb 291.50MB / 388.22MB 24.4s
#5 sha256:da74a6be825b0749c3ede21b02172eee0ada126f8b97add9fa1a47e9f93b2710 92.27MB / 254.68MB 24.8s
#5 sha256:c16dfdead42f46db400007aca15a790da11425c155d2d9a8fff6b0ade0085deb 312.48MB / 388.22MB 26.3s
#5 sha256:c16dfdead42f46db400007aca15a790da11425c155d2d9a8fff6b0ade0085deb 333.45MB / 388.22MB 28.1s
#5 sha256:da74a6be825b0749c3ede21b02172eee0ada126f8b97add9fa1a47e9f93b2710 105.91MB / 254.68MB 29.4s
#5 sha256:c16dfdead42f46db400007aca15a790da11425c155d2d9a8fff6b0ade0085deb 353.37MB / 388.22MB 29.8s
#5 sha256:c16dfdead42f46db400007aca15a790da11425c155d2d9a8fff6b0ade0085deb 373.29MB / 388.22MB 31.2s
#5 sha256:c16dfdead42f46db400007aca15a790da11425c155d2d9a8fff6b0ade0085deb 388.22MB / 388.22MB 32.1s done
#5 sha256:da74a6be825b0749c3ede21b02172eee0ada126f8b97add9fa1a47e9f93b2710 119.54MB / 254.68MB 33.7s
#5 sha256:da74a6be825b0749c3ede21b02172eee0ada126f8b97add9fa1a47e9f93b2710 135.27MB / 254.68MB 35.1s
#5 sha256:da74a6be825b0749c3ede21b02172eee0ada126f8b97add9fa1a47e9f93b2710 152.04MB / 254.68MB 36.0s
#5 sha256:da74a6be825b0749c3ede21b02172eee0ada126f8b97add9fa1a47e9f93b2710 167.77MB / 254.68MB 36.9s
#5 sha256:da74a6be825b0749c3ede21b02172eee0ada126f8b97add9fa1a47e9f93b2710 183.50MB / 254.68MB 37.7s
#5 sha256:da74a6be825b0749c3ede21b02172eee0ada126f8b97add9fa1a47e9f93b2710 198.18MB / 254.68MB 38.5s
#5 sha256:da74a6be825b0749c3ede21b02172eee0ada126f8b97add9fa1a47e9f93b2710 211.81MB / 254.68MB 39.2s
#5 sha256:da74a6be825b0749c3ede21b02172eee0ada126f8b97add9fa1a47e9f93b2710 226.49MB / 254.68MB 39.9s
#5 sha256:da74a6be825b0749c3ede21b02172eee0ada126f8b97add9fa1a47e9f93b2710 241.17MB / 254.68MB 40.7s
#5 sha256:da74a6be825b0749c3ede21b02172eee0ada126f8b97add9fa1a47e9f93b2710 254.68MB / 254.68MB 41.6s
#5 sha256:da74a6be825b0749c3ede21b02172eee0ada126f8b97add9fa1a47e9f93b2710 254.68MB / 254.68MB 41.6s done
#5 extracting sha256:da74a6be825b0749c3ede21b02172eee0ada126f8b97add9fa1a47e9f93b2710 0.1s
#5 extracting sha256:da74a6be825b0749c3ede21b02172eee0ada126f8b97add9fa1a47e9f93b2710 5.2s
#5 extracting sha256:da74a6be825b0749c3ede21b02172eee0ada126f8b97add9fa1a47e9f93b2710 5.9s done
#5 extracting sha256:25943e8bc37baf8f474bbf49859657837a2ed5f0d743c1a3397c9d72aa465b8f
#5 extracting sha256:25943e8bc37baf8f474bbf49859657837a2ed5f0d743c1a3397c9d72aa465b8f 0.4s done
#5 extracting sha256:25b7663c22267e2019ce7a3492c77eb09dd7c25220a26e62ef042e96cfab355c
#5 extracting sha256:25b7663c22267e2019ce7a3492c77eb09dd7c25220a26e62ef042e96cfab355c 0.0s done
#5 extracting sha256:c16dfdead42f46db400007aca15a790da11425c155d2d9a8fff6b0ade0085deb 0.1s
#5 extracting sha256:c16dfdead42f46db400007aca15a790da11425c155d2d9a8fff6b0ade0085deb 5.2s
#5 extracting sha256:c16dfdead42f46db400007aca15a790da11425c155d2d9a8fff6b0ade0085deb 10.3s
#5 extracting sha256:c16dfdead42f46db400007aca15a790da11425c155d2d9a8fff6b0ade0085deb 11.0s done
#5 extracting sha256:e322817c1b332e7c297c3573842c0f8fa7f03ee8d164d44572763eb34d068a14
#5 extracting sha256:e322817c1b332e7c297c3573842c0f8fa7f03ee8d164d44572763eb34d068a14 done
#5 extracting sha256:bdf1e65abdf7ce48a816c91eaefd9bf69a637ee72436ae63483e471a35f8dfb4 done
#5 extracting sha256:5e6bc4c638d2a7360133e274842d160038c0a5b47bdff0467b8ffc37fab58149 done
#5 extracting sha256:5e03c3a7c3f3a200cd64f07b5f0ff01f9e8428056fa1a3c9b0b418135f9668d4 done
#5 DONE 61.8s

#6 [2/3] COPY ./addons /mnt/extra-addons
#6 DONE 0.0s

#7 [3/3] RUN chown -R odoo:odoo /mnt/extra-addons
#7 0.173 + chown -R odoo:odoo /mnt/extra-addons
#7 DONE 0.2s

#8 exporting to image
#8 exporting layers
#8 exporting layers 3.6s done
#8 writing image sha256:c6ecb7ad2c262de0cc7ee1a76a5f6bacde0e426917ebd9b873026e3d037b46a1 done
#8 naming to docker.io/library/odoo-custom:55d3a600 done
#8 DONE 3.6s
[36mINFO[0m[0000] Importing image(s) into cluster 'c-760'      
[36mINFO[0m[0000] Starting new tools node...                   
[36mINFO[0m[0000] Starting node 'k3d-c-760-tools'              
[36mINFO[0m[0000] Saving 1 image(s) from runtime...            
[36mINFO[0m[0013] Importing images into nodes...               
[36mINFO[0m[0013] Importing images from tarball '/k3d/images/k3d-c-760-images-20260614154424.tar' into node 'k3d-c-760-server-0'... 
[36mINFO[0m[0028] Removing the tarball(s) from image volume... 
[36mINFO[0m[0029] Removing k3d-tools node...                   
[36mINFO[0m[0030] Successfully imported image(s)               
[36mINFO[0m[0030] Successfully imported 1 image(s) into 1 cluster(s) 

⠋  [1mStarting[22m
[2K[1A[2K[1A[2K[G
⠋  [1mSynthesizing[22m
[2K[1A[2K[1A[2K[G
⠙  [1mSynthesizing[22m
[2K[1A[2K[1A[2K[G
⠹  [1mSynthesizing[22m
[2K[1A[2K[1A[2K[G
⠸  [1mSynthesizing[22m
[2K[1A[2K[1A[2K[G
⠼  [1mSynthesizing[22m
[2K[1A[2K[1A[2K[G
⠴  [1mSynthesizing[22m
[2K[1A[2K[1A[2K[G
⠦  [1mSynthesizing[22m
[2K[1A[2K[1A[2K[G
⠧  [1mSynthesizing[22m
[2K[1A[2K[1A[2K[G
⠇  [1mSynthesizing[22m
[2K[1A[2K[1A[2K[G
⠏  [1mSynthesizing[22m
[2K[1A[2K[1A[2K[G
⠋  [1mSynthesizing[22m
[2K[1A[2K[1A[2K[G
⠙  [1mSynthesizing[22m
[2K[1A[2K[1A[2K[G
⠹  [1mSynthesizing[22m
[2K[1A[2K[1A[2K[G

0 Stacks deploying     0 Stacks done     0 Stacks waiting
[2K[1A[2K[1A[2K[1A[2K[G[1m[33mapp-c-760-55d3a600[39m[22m  [0m[1mInitializing the backend...[0m


0 Stacks deploying     0 Stacks done     0 Stacks waiting
[2K[1A[2K[1A[2K[1A[2K[G

0 Stacks deploying     0 Stacks done     1 Stack waiting
[2K[1A[2K[1A[2K[1A[2K[G[1m[33mapp-c-760-55d3a600[39m[22m  [0m[1mInitializing provider plugins...[0m
                    - Reusing previous version of hashicorp/kubernetes from the dependency lock file


0 Stacks deploying     0 Stacks done     1 Stack waiting
[2K[1A[2K[1A[2K[1A[2K[G[1m[33mapp-c-760-55d3a600[39m[22m  - Reusing previous version of hashicorp/helm from the dependency lock file


0 Stacks deploying     0 Stacks done     1 Stack waiting
[2K[1A[2K[1A[2K[1A[2K[G[1m[33mapp-c-760-55d3a600[39m[22m  - Using previously-installed hashicorp/kubernetes v2.38.0


0 Stacks deploying     0 Stacks done     1 Stack waiting
[2K[1A[2K[1A[2K[1A[2K[G[1m[33mapp-c-760-55d3a600[39m[22m  - Using previously-installed hashicorp/helm v2.17.0

                    [0m[1m[32mTerraform has been successfully initialized![0m[32m[0m
                    [0m[32m
                    You may now begin working with Terraform. Try running "terraform plan" to see
                    any changes that are required for your infrastructure. All Terraform commands
                    should now work.

                    If you ever set or change modules or backend configuration for Terraform,
                    rerun this command to reinitialize your working directory. If you forget, other
                    commands will detect it and remind you to do so if necessary.[0m


0 Stacks deploying     0 Stacks done     1 Stack waiting
[2K[1A[2K[1A[2K[1A[2K[G

1 Stack deploying     0 Stacks done     0 Stacks waiting
[2K[1A[2K[1A[2K[1A[2K[G[1m[33mapp-c-760-55d3a600[39m[22m  [0m[1mkubernetes_namespace.odoo-native_ns_7A795E22: Refreshing state... [id=odoo-local][0m


1 Stack deploying     0 Stacks done     0 Stacks waiting
[2K[1A[2K[1A[2K[1A[2K[G[1m[33mapp-c-760-55d3a600[39m[22m  [0m[1mkubernetes_secret.odoo-native_pg-secret_012E9E71: Refreshing state... [id=odoo-local/odoo-pg-credentials][0m


1 Stack deploying     0 Stacks done     0 Stacks waiting
[2K[1A[2K[1A[2K[1A[2K[G[1m[33mapp-c-760-55d3a600[39m[22m  [0m[1mkubernetes_persistent_volume_claim.odoo-native_pg-pvc_2701BE5E: Refreshing state... [id=odoo-local/odoo-pg-pvc][0m
                    [0m[1mkubernetes_service.odoo-native_odoo-service_A3CA2A5D: Refreshing state... [id=odoo-local/odoo][0m
                    [0m[1mkubernetes_service.odoo-native_pg-service_E5472CCD: Refreshing state... [id=odoo-local/db][0m


1 Stack deploying     0 Stacks done     0 Stacks waiting
[2K[1A[2K[1A[2K[1A[2K[G[1m[33mapp-c-760-55d3a600[39m[22m  [0m[1mkubernetes_deployment.odoo-native_odoo-deployment_A0915993: Refreshing state... [id=odoo-local/odoo][0m


1 Stack deploying     0 Stacks done     0 Stacks waiting
[2K[1A[2K[1A[2K[1A[2K[G[1m[33mapp-c-760-55d3a600[39m[22m  [0m[1mkubernetes_deployment.odoo-native_pg-deployment_F92EC94F: Refreshing state... [id=odoo-local/odoo-db][0m


1 Stack deploying     0 Stacks done     0 Stacks waiting
[2K[1A[2K[1A[2K[1A[2K[G[1m[33mapp-c-760-55d3a600[39m[22m  Terraform used the selected providers to generate the following execution plan.
                    Resource actions are indicated with the following symbols:
                      [33m~[0m update in-place[0m

                    Terraform will perform the following actions:


1 Stack deploying     0 Stacks done     0 Stacks waiting
[2K[1A[2K[1A[2K[1A[2K[G[1m[33mapp-c-760-55d3a600[39m[22m  [1m  # kubernetes_deployment.odoo-native_odoo-deployment_A0915993 (odoo-native/odoo-deployment)[0m will be updated in-place
                    [0m  [33m~[0m[0m resource "kubernetes_deployment" "odoo-native_odoo-deployment_A0915993" {
                            id               = "odoo-local/odoo"
                            [90m# (1 unchanged attribute hidden)[0m[0m

                          [33m~[0m[0m spec {
                                [90m# (5 unchanged attributes hidden)[0m[0m

                              [33m~[0m[0m template {
                                  [33m~[0m[0m spec {
                                        [90m# (18 unchanged attributes hidden)[0m[0m

                                      [33m~[0m[0m container {
                                          [33m~[0m[0m args                       = [
                                              [31m-[0m[0m "--addons-path=/usr/lib/python3/dist-packages/odoo/addons,/mnt/extra-addons",
                                            ]
                                          [33m~[0m[0m image                      = "library/odoo:18.0" [33m->[0m[0m "odoo-custom:55d3a600"
                                          [33m~[0m[0m image_pull_policy          = "IfNotPresent" [33m->[0m[0m "Never"
                                            name                       = "odoo"
                                            [90m# (7 unchanged attributes hidden)[0m[0m

                                          [31m-[0m[0m volume_mount {
                                              [31m-[0m[0m mount_path        = "/mnt/extra-addons" [90m-> null[0m[0m
                                              [31m-[0m[0m mount_propagation = "None" [90m-> null[0m[0m
                                              [31m-[0m[0m name              = "extra-addons" [90m-> null[0m[0m
                                              [31m-[0m[0m read_only         = false [90m-> null[0m[0m
                                                [90m# (2 unchanged attributes hidden)[0m[0m
                                            }

                                            [90m# (5 unchanged blocks hidden)[0m[0m
                                        }

                                      [31m-[0m[0m init_container {
                                          [31m-[0m[0m args                       = [
                                              [31m-[0m[0m <<-EOT
                                                    echo "Initializing custom modules..."
                                                                      mkdir -p /mnt/extra-addons
                                                                      # If we had a real git URL, we would do: git clone $URL /mnt/extra-addons
                                                                      echo "Enabled modules: sale_delivery_split_date"
                                                EOT,
                                            ] [90m-> null[0m[0m
                                          [31m-[0m[0m command                    = [
                                              [31m-[0m[0m "sh",
                                              [31m-[0m[0m "-c",
                                            ] [90m-> null[0m[0m
                                          [31m-[0m[0m image                      = "alpine/git" [90m-> null[0m[0m
                                          [31m-[0m[0m image_pull_policy          = "Always" [90m-> null[0m[0m
                                          [31m-[0m[0m name                       = "git-sync" [90m-> null[0m[0m
                                          [31m-[0m[0m stdin                      = false [90m-> null[0m[0m
                                          [31m-[0m[0m stdin_once                 = false [90m-> null[0m[0m
                                          [31m-[0m[0m termination_message_path   = "/dev/termination-log" [90m-> null[0m[0m
                                          [31m-[0m[0m termination_message_policy = "File" [90m-> null[0m[0m
                                          [31m-[0m[0m tty                        = false [90m-> null[0m[0m
                                            [90m# (1 unchanged attribute hidden)[0m[0m

                                          [31m-[0m[0m resources {
                                              [31m-[0m[0m limits   = {} [90m-> null[0m[0m
                                              [31m-[0m[0m requests = {} [90m-> null[0m[0m
                                            }

                                          [31m-[0m[0m volume_mount {
                                              [31m-[0m[0m mount_path        = "/mnt/extra-addons" [90m-> null[0m[0m
                                              [31m-[0m[0m mount_propagation = "None" [90m-> null[0m[0m
                                              [31m-[0m[0m name              = "extra-addons" [90m-> null[0m[0m


1 Stack deploying     0 Stacks done     0 Stacks waiting
[2K[1A[2K[1A[2K[1A[2K[G[1m[33mapp-c-760-55d3a600[39m[22m  [31m-[0m[0m read_only         = false [90m-> null[0m[0m
                                                [90m# (2 unchanged attributes hidden)[0m[0m
                                            }
                                        }

                                      [31m-[0m[0m volume {
                                          [31m-[0m[0m name = "extra-addons" [90m-> null[0m[0m

                                          [31m-[0m[0m host_path {
                                              [31m-[0m[0m path = "/home/luno/Code/odoo-custom-modules" [90m-> null[0m[0m
                                              [31m-[0m[0m type = "Directory" [90m-> null[0m[0m
                                            }
                                        }
                                    }

                                    [90m# (1 unchanged block hidden)[0m[0m
                                }

                                [90m# (2 unchanged blocks hidden)[0m[0m
                            }

                            [90m# (1 unchanged block hidden)[0m[0m
                        }

                    [1mPlan:[0m 0 to add, 1 to change, 0 to destroy.


1 Stack deploying     0 Stacks done     0 Stacks waiting
[2K[1A[2K[1A[2K[1A[2K[G[1m[33mapp-c-760-55d3a600[39m[22m  [0m[0m[1mkubernetes_deployment.odoo-native_odoo-deployment_A0915993: Modifying... [id=odoo-local/odoo][0m[0m


1 Stack deploying     0 Stacks done     0 Stacks waiting
[2K[1A[2K[1A[2K[1A[2K[G[1m[33mapp-c-760-55d3a600[39m[22m  [0m[1mkubernetes_deployment.odoo-native_odoo-deployment_A0915993: Modifications complete after 2s [id=odoo-local/odoo][0m


1 Stack deploying     0 Stacks done     0 Stacks waiting
[2K[1A[2K[1A[2K[1A[2K[G[1m[33mapp-c-760-55d3a600[39m[22m  [0m[1m[32m
                    Apply complete! Resources: 0 added, 1 changed, 0 destroyed.


1 Stack deploying     0 Stacks done     0 Stacks waiting
[2K[1A[2K[1A[2K[1A[2K[G
No outputs found.
