Validating Odoo module at: /home/luno/Code/odoo-custom-modules/sale_delivery_split_date
----------------------------------------
✅ __manifest__.py is a valid dictionary.
✅ __init__.py syntax is valid.
✅ models/__init__.py syntax is valid.
✅ models/sale_order_line.py syntax is valid.
✅ views/sale_order_views.xml is well-formed.
----------------------------------------
🎉 Module sale_delivery_split_date passed all pre-flight checks!
#0 building with "default" instance using docker driver

#1 [internal] load build definition from Dockerfile
#1 transferring dockerfile: 196B done
#1 DONE 0.0s

#2 [internal] load metadata for docker.io/library/odoo:18.0
#2 DONE 0.8s

#3 [internal] load .dockerignore
#3 transferring context: 2B done
#3 DONE 0.0s

#4 [1/4] FROM docker.io/library/odoo:18.0@sha256:d263921105082f1793e6598b73779fc9fa4463fbe6add0278e469efaf0b9f7f0
#4 DONE 0.0s

#5 [internal] load build context
#5 transferring context: 9.75kB done
#5 DONE 0.0s

#6 [2/4] RUN mkdir -p /mnt/extra-addons
#6 CACHED

#7 [3/4] COPY ./addons /tmp/addons
#7 CACHED

#8 [4/4] RUN cp -r /tmp/addons/* /mnt/extra-addons/ && rm -rf /tmp/addons
#8 CACHED

#9 exporting to image
#9 exporting layers done
#9 writing image sha256:0c68140844799dc3678896da0f815650cfdda9c17f5874fdcbd3418e19f12f56 done
#9 naming to docker.io/library/odoo-custom:bd481676-1782403264011 done
#9 DONE 0.0s
[36mINFO[0m[0000] Importing image(s) into cluster 'e2e-fleet-721' 
[36mINFO[0m[0000] Starting new tools node...                   
[36mINFO[0m[0002] Starting node 'k3d-e2e-fleet-721-tools'      
[36mINFO[0m[0002] Saving 1 image(s) from runtime...            
[31mERRO[0m[0005] Failed to import image(s) into cluster 'e2e-fleet-721': failed to save image(s) in tools container for cluster 'e2e-fleet-721': Exec process in node 'k3d-e2e-fleet-721-tools' failed with exit code '1': Logs from failed access process:
[31mFATA[0m[0002] ERROR: couldn't save images [odoo-custom:bd481676-1782403264011]
Error response from daemon: file integrity checksum failed for "usr/local/bin/wkhtmltopdf"  
[33mWARN[0m[0005] At least one error occured while trying to import the image(s) into the selected cluster(s) 

--- EXECUTION FAILED (Exit Code 1) ---
