
⠋  [1mStarting[22m
[2K[1A[2K[1A[2K[G
⠋  [1mSynthesizing[22m
[2K[1A[2K[1A[2K[G
⠙  [1mSynthesizing[22m
[2K[1A[2K[1A[2K[G
⠹  [1mSynthesizing[22m
[2K[1A[2K[1A[2K[G
⠸  [1mSynthesizing[22m
[2K[1A[2K[1A[2K[G
⠼  [1mSynthesizing[22m
[2K[1A[2K[1A[2K[G
⠴  [1mSynthesizing[22m
[2K[1A[2K[1A[2K[G
⠦  [1mSynthesizing[22m
[2K[1A[2K[1A[2K[G
⠧  [1mSynthesizing[22m
[2K[1A[2K[1A[2K[G
⠇  [1mSynthesizing[22m
[2K[1A[2K[1A[2K[G
⠏  [1mSynthesizing[22m
[2K[1A[2K[1A[2K[G

0 Stacks destroying     0 Stacks done     0 Stacks waiting
[2K[1A[2K[1A[2K[1A[2K[G[1m[33mapp-c-760[39m[22m  [0m[1mInitializing the backend...[0m


0 Stacks destroying     0 Stacks done     0 Stacks waiting
[2K[1A[2K[1A[2K[1A[2K[G

0 Stacks destroying     0 Stacks done     1 Stack waiting
[2K[1A[2K[1A[2K[1A[2K[G[1m[33mapp-c-760[39m[22m  [0m[1mInitializing provider plugins...[0m
           - Reusing previous version of hashicorp/helm from the dependency lock file


0 Stacks destroying     0 Stacks done     1 Stack waiting
[2K[1A[2K[1A[2K[1A[2K[G[1m[33mapp-c-760[39m[22m  - Reusing previous version of hashicorp/kubernetes from the dependency lock file


0 Stacks destroying     0 Stacks done     1 Stack waiting
[2K[1A[2K[1A[2K[1A[2K[G[1m[33mapp-c-760[39m[22m  - Using previously-installed hashicorp/kubernetes v2.38.0


0 Stacks destroying     0 Stacks done     1 Stack waiting
[2K[1A[2K[1A[2K[1A[2K[G[1m[33mapp-c-760[39m[22m  - Using previously-installed hashicorp/helm v2.17.0

           [0m[1m[32mTerraform has been successfully initialized![0m[32m[0m
           [0m[32m
           You may now begin working with Terraform. Try running "terraform plan" to see
           any changes that are required for your infrastructure. All Terraform commands
           should now work.

           If you ever set or change modules or backend configuration for Terraform,
           rerun this command to reinitialize your working directory. If you forget, other
           commands will detect it and remind you to do so if necessary.[0m


0 Stacks destroying     0 Stacks done     1 Stack waiting
[2K[1A[2K[1A[2K[1A[2K[G

1 Stack destroying     0 Stacks done     0 Stacks waiting
[2K[1A[2K[1A[2K[1A[2K[G[1m[33mapp-c-760[39m[22m  [0m[1mkubernetes_namespace.odoo-app_ns_41817AE1: Refreshing state... [id=odoo][0m


1 Stack destroying     0 Stacks done     0 Stacks waiting
[2K[1A[2K[1A[2K[1A[2K[G[1m[33mapp-c-760[39m[22m  Terraform used the selected providers to generate the following execution plan.
           Resource actions are indicated with the following symbols:
             [31m-[0m destroy[0m

           Terraform will perform the following actions:


1 Stack destroying     0 Stacks done     0 Stacks waiting
[2K[1A[2K[1A[2K[1A[2K[G[1m[33mapp-c-760[39m[22m  [1m  # kubernetes_namespace.odoo-app_ns_41817AE1 (odoo-app/ns)[0m will be [1m[31mdestroyed[0m
           [0m  [31m-[0m[0m resource "kubernetes_namespace" "odoo-app_ns_41817AE1" {
                 [31m-[0m[0m id                               = "odoo" [90m-> null[0m[0m
                 [31m-[0m[0m wait_for_default_service_account = false [90m-> null[0m[0m

                 [31m-[0m[0m metadata {
                     [31m-[0m[0m annotations      = {} [90m-> null[0m[0m
                     [31m-[0m[0m generation       = 0 [90m-> null[0m[0m
                     [31m-[0m[0m labels           = {} [90m-> null[0m[0m
                     [31m-[0m[0m name             = "odoo" [90m-> null[0m[0m
                     [31m-[0m[0m resource_version = "8353" [90m-> null[0m[0m
                     [31m-[0m[0m uid              = "3a816f83-e391-4cae-bc83-970048eb1145" [90m-> null[0m[0m
                       [90m# (1 unchanged attribute hidden)[0m[0m
                   }
               }

           [1mPlan:[0m 0 to add, 0 to change, 1 to destroy.


1 Stack destroying     0 Stacks done     0 Stacks waiting
[2K[1A[2K[1A[2K[1A[2K[G[1m[33mapp-c-760[39m[22m  [0m[0m[1mkubernetes_namespace.odoo-app_ns_41817AE1: Destroying... [id=odoo][0m[0m


1 Stack destroying     0 Stacks done     0 Stacks waiting
[2K[1A[2K[1A[2K[1A[2K[G[1m[33mapp-c-760[39m[22m  [0m[1mkubernetes_namespace.odoo-app_ns_41817AE1: Destruction complete after 6s[0m


1 Stack destroying     0 Stacks done     0 Stacks waiting
[2K[1A[2K[1A[2K[1A[2K[G[1m[33mapp-c-760[39m[22m  [0m[1m[32m
           Destroy complete! Resources: 1 destroyed.


1 Stack destroying     0 Stacks done     0 Stacks waiting
[2K[1A[2K[1A[2K[1A[2K[G
