
⠋  [1mStarting[22m
[2K[1A[2K[1A[2K[G
⠋  [1mSynthesizing[22m
[2K[1A[2K[1A[2K[G
⠙  [1mSynthesizing[22m
[2K[1A[2K[1A[2K[G
⠹  [1mSynthesizing[22m
[2K[1A[2K[1A[2K[G
⠸  [1mSynthesizing[22m
[2K[1A[2K[1A[2K[G
⠼  [1mSynthesizing[22m
[2K[1A[2K[1A[2K[G
⠴  [1mSynthesizing[22m
[2K[1A[2K[1A[2K[G
⠦  [1mSynthesizing[22m
[2K[1A[2K[1A[2K[G
⠧  [1mSynthesizing[22m
[2K[1A[2K[1A[2K[G
⠇  [1mSynthesizing[22m
[2K[1A[2K[1A[2K[G
⠏  [1mSynthesizing[22m
[2K[1A[2K[1A[2K[G
⠋  [1mSynthesizing[22m
[2K[1A[2K[1A[2K[G
⠙  [1mSynthesizing[22m
[2K[1A[2K[1A[2K[G
⠹  [1mSynthesizing[22m
[2K[1A[2K[1A[2K[G

0 Stacks destroying     0 Stacks done     0 Stacks waiting
[2K[1A[2K[1A[2K[1A[2K[G[1m[33mapp-c-760-47beaea2[39m[22m  [0m[1mInitializing the backend...[0m


0 Stacks destroying     0 Stacks done     0 Stacks waiting
[2K[1A[2K[1A[2K[1A[2K[G

0 Stacks destroying     0 Stacks done     1 Stack waiting
[2K[1A[2K[1A[2K[1A[2K[G[1m[33mapp-c-760-47beaea2[39m[22m  [0m[1mInitializing provider plugins...[0m
                    - Reusing previous version of hashicorp/kubernetes from the dependency lock file


0 Stacks destroying     0 Stacks done     1 Stack waiting
[2K[1A[2K[1A[2K[1A[2K[G[1m[33mapp-c-760-47beaea2[39m[22m  - Reusing previous version of hashicorp/helm from the dependency lock file


0 Stacks destroying     0 Stacks done     1 Stack waiting
[2K[1A[2K[1A[2K[1A[2K[G[1m[33mapp-c-760-47beaea2[39m[22m  - Using previously-installed hashicorp/kubernetes v2.38.0


0 Stacks destroying     0 Stacks done     1 Stack waiting
[2K[1A[2K[1A[2K[1A[2K[G[1m[33mapp-c-760-47beaea2[39m[22m  - Using previously-installed hashicorp/helm v2.17.0

                    [0m[1m[32mTerraform has been successfully initialized![0m[32m[0m
                    [0m[32m
                    You may now begin working with Terraform. Try running "terraform plan" to see
                    any changes that are required for your infrastructure. All Terraform commands
                    should now work.

                    If you ever set or change modules or backend configuration for Terraform,
                    rerun this command to reinitialize your working directory. If you forget, other
                    commands will detect it and remind you to do so if necessary.[0m


0 Stacks destroying     0 Stacks done     1 Stack waiting
[2K[1A[2K[1A[2K[1A[2K[G

1 Stack destroying     0 Stacks done     0 Stacks waiting
[2K[1A[2K[1A[2K[1A[2K[G[1m[33mapp-c-760-47beaea2[39m[22m  [0m[1mkubernetes_namespace.odoo-native_ns_7A795E22: Refreshing state... [id=odoo-local][0m


1 Stack destroying     0 Stacks done     0 Stacks waiting
[2K[1A[2K[1A[2K[1A[2K[G[1m[33mapp-c-760-47beaea2[39m[22m  [0m[1mkubernetes_secret.odoo-native_pg-secret_012E9E71: Refreshing state... [id=odoo-local/odoo-pg-credentials][0m


1 Stack destroying     0 Stacks done     0 Stacks waiting
[2K[1A[2K[1A[2K[1A[2K[G[1m[33mapp-c-760-47beaea2[39m[22m  [0m[1mkubernetes_persistent_volume_claim.odoo-native_pg-pvc_2701BE5E: Refreshing state... [id=odoo-local/odoo-pg-pvc][0m
                    [0m[1mkubernetes_service.odoo-native_pg-service_E5472CCD: Refreshing state... [id=odoo-local/db][0m


1 Stack destroying     0 Stacks done     0 Stacks waiting
[2K[1A[2K[1A[2K[1A[2K[G[1m[33mapp-c-760-47beaea2[39m[22m  [0m[1mkubernetes_deployment.odoo-native_odoo-deployment_A0915993: Refreshing state... [id=odoo-local/odoo][0m


1 Stack destroying     0 Stacks done     0 Stacks waiting
[2K[1A[2K[1A[2K[1A[2K[G[1m[33mapp-c-760-47beaea2[39m[22m  Terraform used the selected providers to generate the following execution plan.
                    Resource actions are indicated with the following symbols:
                      [31m-[0m destroy[0m

                    Terraform will perform the following actions:


1 Stack destroying     0 Stacks done     0 Stacks waiting
[2K[1A[2K[1A[2K[1A[2K[G[1m[33mapp-c-760-47beaea2[39m[22m  [1m  # kubernetes_deployment.odoo-native_odoo-deployment_A0915993 (odoo-native/odoo-deployment)[0m will be [1m[31mdestroyed[0m
                    [0m  [31m-[0m[0m resource "kubernetes_deployment" "odoo-native_odoo-deployment_A0915993" {
                          [31m-[0m[0m id               = "odoo-local/odoo" [90m-> null[0m[0m
                          [31m-[0m[0m wait_for_rollout = true [90m-> null[0m[0m

                          [31m-[0m[0m metadata {
                              [31m-[0m[0m annotations      = {} [90m-> null[0m[0m
                              [31m-[0m[0m generation       = 1 [90m-> null[0m[0m
                              [31m-[0m[0m labels           = {
                                  [31m-[0m[0m "app" = "odoo-odoo-native"
                                } [90m-> null[0m[0m
                              [31m-[0m[0m name             = "odoo" [90m-> null[0m[0m
                              [31m-[0m[0m namespace        = "odoo-local" [90m-> null[0m[0m
                              [31m-[0m[0m resource_version = "13502" [90m-> null[0m[0m
                              [31m-[0m[0m uid              = "8e6f74ae-07dc-44d8-b0d7-4d7d1a576cf0" [90m-> null[0m[0m
                                [90m# (1 unchanged attribute hidden)[0m[0m
                            }

                          [31m-[0m[0m spec {
                              [31m-[0m[0m min_ready_seconds         = 0 [90m-> null[0m[0m
                              [31m-[0m[0m paused                    = false [90m-> null[0m[0m
                              [31m-[0m[0m progress_deadline_seconds = 600 [90m-> null[0m[0m
                              [31m-[0m[0m replicas                  = "1" [90m-> null[0m[0m
                              [31m-[0m[0m revision_history_limit    = 10 [90m-> null[0m[0m

                              [31m-[0m[0m selector {
                                  [31m-[0m[0m match_labels = {
                                      [31m-[0m[0m "app" = "odoo-odoo-native"
                                    } [90m-> null[0m[0m
                                }

                              [31m-[0m[0m strategy {
                                  [31m-[0m[0m type = "RollingUpdate" [90m-> null[0m[0m

                                  [31m-[0m[0m rolling_update {
                                      [31m-[0m[0m max_surge       = "25%" [90m-> null[0m[0m
                                      [31m-[0m[0m max_unavailable = "25%" [90m-> null[0m[0m
                                    }
                                }

                              [31m-[0m[0m template {
                                  [31m-[0m[0m metadata {
                                      [31m-[0m[0m annotations      = {} [90m-> null[0m[0m
                                      [31m-[0m[0m generation       = 0 [90m-> null[0m[0m
                                      [31m-[0m[0m labels           = {
                                          [31m-[0m[0m "app" = "odoo-odoo-native"
                                        } [90m-> null[0m[0m
                                        name             = [90mnull[0m[0m
                                        [90m# (4 unchanged attributes hidden)[0m[0m
                                    }
                                  [31m-[0m[0m spec {
                                      [31m-[0m[0m active_deadline_seconds          = 0 [90m-> null[0m[0m
                                      [31m-[0m[0m automount_service_account_token  = true [90m-> null[0m[0m
                                      [31m-[0m[0m dns_policy                       = "ClusterFirst" [90m-> null[0m[0m
                                      [31m-[0m[0m enable_service_links             = true [90m-> null[0m[0m
                                      [31m-[0m[0m host_ipc                         = false [90m-> null[0m[0m
                                      [31m-[0m[0m host_network                     = false [90m-> null[0m[0m
                                      [31m-[0m[0m host_pid                         = false [90m-> null[0m[0m
                                      [31m-[0m[0m node_selector                    = {} [90m-> null[0m[0m
                                      [31m-[0m[0m restart_policy                   = "Always" [90m-> null[0m[0m
                                      [31m-[0m[0m scheduler_name                   = "default-scheduler" [90m-> null[0m[0m
                                      [31m-[0m[0m share_process_namespace          = false [90m-> null[0m[0m
                                      [31m-[0m[0m termination_grace_period_seconds = 30 [90m-> null[0m[0m
                                        [90m# (6 unchanged attributes hidden)[0m[0m

                                      [31m-[0m[0m container {
                                          [31m-[0m[0m args                       = [] [90m-> null[0m[0m
                                          [31m-[0m[0m command                    = [] [90m-> null[0m[0m


1 Stack destroying     0 Stacks done     0 Stacks waiting
[2K[1A[2K[1A[2K[1A[2K[G[1m[33mapp-c-760-47beaea2[39m[22m  [31m-[0m[0m image                      = "library/odoo:19.0" [90m-> null[0m[0m
                                          [31m-[0m[0m image_pull_policy          = "IfNotPresent" [90m-> null[0m[0m
                                          [31m-[0m[0m name                       = "odoo" [90m-> null[0m[0m
                                          [31m-[0m[0m stdin                      = false [90m-> null[0m[0m
                                          [31m-[0m[0m stdin_once                 = false [90m-> null[0m[0m
                                          [31m-[0m[0m termination_message_path   = "/dev/termination-log" [90m-> null[0m[0m
                                          [31m-[0m[0m termination_message_policy = "File" [90m-> null[0m[0m
                                          [31m-[0m[0m tty                        = false [90m-> null[0m[0m
                                            [90m# (1 unchanged attribute hidden)[0m[0m

                                          [31m-[0m[0m env {
                                              [31m-[0m[0m name  = "HOST" [90m-> null[0m[0m
                                              [31m-[0m[0m value = "db" [90m-> null[0m[0m
                                            }
                                          [31m-[0m[0m env {
                                              [31m-[0m[0m name  = "USER" [90m-> null[0m[0m
                                              [31m-[0m[0m value = "odoo" [90m-> null[0m[0m
                                            }
                                          [31m-[0m[0m env {
                                              [31m-[0m[0m name  = "PASSWORD" [90m-> null[0m[0m
                                                [90m# (1 unchanged attribute hidden)[0m[0m

                                              [31m-[0m[0m value_from {
                                                  [31m-[0m[0m secret_key_ref {
                                                      [31m-[0m[0m key      = "postgres-password" [90m-> null[0m[0m
                                                      [31m-[0m[0m name     = "odoo-pg-credentials" [90m-> null[0m[0m
                                                      [31m-[0m[0m optional = false [90m-> null[0m[0m
                                                    }
                                                }
                                            }

                                          [31m-[0m[0m port {
                                              [31m-[0m[0m container_port = 8069 [90m-> null[0m[0m
                                              [31m-[0m[0m host_port      = 0 [90m-> null[0m[0m
                                                name           = [90mnull[0m[0m
                                              [31m-[0m[0m protocol       = "TCP" [90m-> null[0m[0m
                                                [90m# (1 unchanged attribute hidden)[0m[0m
                                            }

                                          [31m-[0m[0m resources {
                                              [31m-[0m[0m limits   = {} [90m-> null[0m[0m
                                              [31m-[0m[0m requests = {} [90m-> null[0m[0m
                                            }
                                        }
                                    }
                                }
                            }
                        }

                    [1m  # kubernetes_namespace.odoo-native_ns_7A795E22 (odoo-native/ns)[0m will be [1m[31mdestroyed[0m
                    [0m  [31m-[0m[0m resource "kubernetes_namespace" "odoo-native_ns_7A795E22" {
                          [31m-[0m[0m id                               = "odoo-local" [90m-> null[0m[0m
                          [31m-[0m[0m wait_for_default_service_account = false [90m-> null[0m[0m

                          [31m-[0m[0m metadata {
                              [31m-[0m[0m annotations      = {} [90m-> null[0m[0m
                              [31m-[0m[0m generation       = 0 [90m-> null[0m[0m
                              [31m-[0m[0m labels           = {} [90m-> null[0m[0m
                              [31m-[0m[0m name             = "odoo-local" [90m-> null[0m[0m
                              [31m-[0m[0m resource_version = "13346" [90m-> null[0m[0m
                              [31m-[0m[0m uid              = "951acb06-cc55-40cd-a096-dcf9e63bb1b5" [90m-> null[0m[0m
                                [90m# (1 unchanged attribute hidden)[0m[0m
                            }
                        }

                    [1m  # kubernetes_persistent_volume_claim.odoo-native_pg-pvc_2701BE5E (odoo-native/pg-pvc)[0m will be [1m[31mdestroyed[0m
                    [0m  [31m-[0m[0m resource "kubernetes_persistent_volume_claim" "odoo-native_pg-pvc_2701BE5E" {
                          [31m-[0m[0m id               = "odoo-local/odoo-pg-pvc" [90m-> null[0m[0m
                          [31m-[0m[0m wait_until_bound = false [90m-> null[0m[0m


1 Stack destroying     0 Stacks done     0 Stacks waiting
[2K[1A[2K[1A[2K[1A[2K[G[1m[33mapp-c-760-47beaea2[39m[22m  [31m-[0m[0m metadata {
                              [31m-[0m[0m annotations      = {} [90m-> null[0m[0m
                              [31m-[0m[0m generation       = 0 [90m-> null[0m[0m
                              [31m-[0m[0m labels           = {} [90m-> null[0m[0m
                              [31m-[0m[0m name             = "odoo-pg-pvc" [90m-> null[0m[0m
                              [31m-[0m[0m namespace        = "odoo-local" [90m-> null[0m[0m
                              [31m-[0m[0m resource_version = "13422" [90m-> null[0m[0m
                              [31m-[0m[0m uid              = "215423d3-0dbf-4d50-88aa-56488f108627" [90m-> null[0m[0m
                                [90m# (1 unchanged attribute hidden)[0m[0m
                            }

                          [31m-[0m[0m spec {
                              [31m-[0m[0m access_modes       = [
                                  [31m-[0m[0m "ReadWriteOnce",
                                ] [90m-> null[0m[0m
                              [31m-[0m[0m storage_class_name = "local-path" [90m-> null[0m[0m
                              [31m-[0m[0m volume_mode        = "Filesystem" [90m-> null[0m[0m
                              [31m-[0m[0m volume_name        = "pvc-215423d3-0dbf-4d50-88aa-56488f108627" [90m-> null[0m[0m

                              [31m-[0m[0m resources {
                                  [31m-[0m[0m limits   = {} [90m-> null[0m[0m
                                  [31m-[0m[0m requests = {
                                      [31m-[0m[0m "storage" = "2Gi"
                                    } [90m-> null[0m[0m
                                }
                            }
                        }

                    [1m  # kubernetes_secret.odoo-native_pg-secret_012E9E71 (odoo-native/pg-secret)[0m will be [1m[31mdestroyed[0m
                    [0m  [31m-[0m[0m resource "kubernetes_secret" "odoo-native_pg-secret_012E9E71" {
                          [31m-[0m[0m data                           = (sensitive value) [90m-> null[0m[0m
                          [31m-[0m[0m id                             = "odoo-local/odoo-pg-credentials" [90m-> null[0m[0m
                          [31m-[0m[0m immutable                      = false [90m-> null[0m[0m
                          [31m-[0m[0m type                           = "Opaque" [90m-> null[0m[0m
                          [31m-[0m[0m wait_for_service_account_token = true [90m-> null[0m[0m

                          [31m-[0m[0m metadata {
                              [31m-[0m[0m annotations      = {} [90m-> null[0m[0m
                              [31m-[0m[0m generation       = 0 [90m-> null[0m[0m
                              [31m-[0m[0m labels           = {} [90m-> null[0m[0m
                              [31m-[0m[0m name             = "odoo-pg-credentials" [90m-> null[0m[0m
                              [31m-[0m[0m namespace        = "odoo-local" [90m-> null[0m[0m
                              [31m-[0m[0m resource_version = "13349" [90m-> null[0m[0m
                              [31m-[0m[0m uid              = "4c444a33-2b15-4cfc-b98f-c2d221bc03df" [90m-> null[0m[0m
                                [90m# (1 unchanged attribute hidden)[0m[0m
                            }
                        }

                    [1m  # kubernetes_service.odoo-native_pg-service_E5472CCD (odoo-native/pg-service)[0m will be [1m[31mdestroyed[0m
                    [0m  [31m-[0m[0m resource "kubernetes_service" "odoo-native_pg-service_E5472CCD" {
                          [31m-[0m[0m id                     = "odoo-local/db" [90m-> null[0m[0m
                          [31m-[0m[0m status                 = [
                              [31m-[0m[0m {
                                  [31m-[0m[0m load_balancer = [
                                      [31m-[0m[0m {
                                          [31m-[0m[0m ingress = []
                                        },
                                    ]
                                },
                            ] [90m-> null[0m[0m
                          [31m-[0m[0m wait_for_load_balancer = true [90m-> null[0m[0m

                          [31m-[0m[0m metadata {
                              [31m-[0m[0m annotations      = {} [90m-> null[0m[0m
                              [31m-[0m[0m generation       = 0 [90m-> null[0m[0m
                              [31m-[0m[0m labels           = {} [90m-> null[0m[0m
                              [31m-[0m[0m name             = "db" [90m-> null[0m[0m
                              [31m-[0m[0m namespace        = "odoo-local" [90m-> null[0m[0m
                              [31m-[0m[0m resource_version = "13352" [90m-> null[0m[0m
                              [31m-[0m[0m uid              = "09821e6d-45ca-4404-8ca4-3c3348675c0d" [90m-> null[0m[0m
                                [90m# (1 unchanged attribute hidden)[0m[0m
                            }

                          [31m-[0m[0m spec {
                              [31m-[0m[0m allocate_load_balancer_node_ports = true [90m-> null[0m[0m


1 Stack destroying     0 Stacks done     0 Stacks waiting
[2K[1A[2K[1A[2K[1A[2K[G[1m[33mapp-c-760-47beaea2[39m[22m  [31m-[0m[0m cluster_ip                        = "10.43.230.212" [90m-> null[0m[0m
                              [31m-[0m[0m cluster_ips                       = [
                                  [31m-[0m[0m "10.43.230.212",
                                ] [90m-> null[0m[0m
                              [31m-[0m[0m external_ips                      = [] [90m-> null[0m[0m
                              [31m-[0m[0m health_check_node_port            = 0 [90m-> null[0m[0m
                              [31m-[0m[0m internal_traffic_policy           = "Cluster" [90m-> null[0m[0m
                              [31m-[0m[0m ip_families                       = [
                                  [31m-[0m[0m "IPv4",
                                ] [90m-> null[0m[0m
                              [31m-[0m[0m ip_family_policy                  = "SingleStack" [90m-> null[0m[0m
                              [31m-[0m[0m load_balancer_source_ranges       = [] [90m-> null[0m[0m
                              [31m-[0m[0m publish_not_ready_addresses       = false [90m-> null[0m[0m
                              [31m-[0m[0m selector                          = {
                                  [31m-[0m[0m "app" = "odoo-db-odoo-native"
                                } [90m-> null[0m[0m
                              [31m-[0m[0m session_affinity                  = "None" [90m-> null[0m[0m
                              [31m-[0m[0m type                              = "ClusterIP" [90m-> null[0m[0m
                                [90m# (4 unchanged attributes hidden)[0m[0m

                              [31m-[0m[0m port {
                                    name         = [90mnull[0m[0m
                                  [31m-[0m[0m node_port    = 0 [90m-> null[0m[0m
                                  [31m-[0m[0m port         = 5432 [90m-> null[0m[0m
                                  [31m-[0m[0m protocol     = "TCP" [90m-> null[0m[0m
                                  [31m-[0m[0m target_port  = "5432" [90m-> null[0m[0m
                                    [90m# (1 unchanged attribute hidden)[0m[0m
                                }
                            }
                        }

                    [1mPlan:[0m 0 to add, 0 to change, 5 to destroy.


1 Stack destroying     0 Stacks done     0 Stacks waiting
[2K[1A[2K[1A[2K[1A[2K[G[1m[33mapp-c-760-47beaea2[39m[22m  [0m[0m[1mkubernetes_persistent_volume_claim.odoo-native_pg-pvc_2701BE5E: Destroying... [id=odoo-local/odoo-pg-pvc][0m[0m


1 Stack destroying     0 Stacks done     0 Stacks waiting
[2K[1A[2K[1A[2K[1A[2K[G[1m[33mapp-c-760-47beaea2[39m[22m  [0m[1mkubernetes_service.odoo-native_pg-service_E5472CCD: Destroying... [id=odoo-local/db][0m[0m


1 Stack destroying     0 Stacks done     0 Stacks waiting
[2K[1A[2K[1A[2K[1A[2K[G[1m[33mapp-c-760-47beaea2[39m[22m  [0m[1mkubernetes_deployment.odoo-native_odoo-deployment_A0915993: Destroying... [id=odoo-local/odoo][0m[0m


1 Stack destroying     0 Stacks done     0 Stacks waiting
[2K[1A[2K[1A[2K[1A[2K[G[1m[33mapp-c-760-47beaea2[39m[22m  [0m[1mkubernetes_service.odoo-native_pg-service_E5472CCD: Destruction complete after 0s[0m


1 Stack destroying     0 Stacks done     0 Stacks waiting
[2K[1A[2K[1A[2K[1A[2K[G[1m[33mapp-c-760-47beaea2[39m[22m  [0m[1mkubernetes_deployment.odoo-native_odoo-deployment_A0915993: Destruction complete after 0s[0m


1 Stack destroying     0 Stacks done     0 Stacks waiting
[2K[1A[2K[1A[2K[1A[2K[G[1m[33mapp-c-760-47beaea2[39m[22m  [0m[1mkubernetes_secret.odoo-native_pg-secret_012E9E71: Destroying... [id=odoo-local/odoo-pg-credentials][0m[0m


1 Stack destroying     0 Stacks done     0 Stacks waiting
[2K[1A[2K[1A[2K[1A[2K[G[1m[33mapp-c-760-47beaea2[39m[22m  [0m[1mkubernetes_secret.odoo-native_pg-secret_012E9E71: Destruction complete after 0s[0m


1 Stack destroying     0 Stacks done     0 Stacks waiting
[2K[1A[2K[1A[2K[1A[2K[G[1m[33mapp-c-760-47beaea2[39m[22m  [0m[1mkubernetes_persistent_volume_claim.odoo-native_pg-pvc_2701BE5E: Still destroying... [id=odoo-local/odoo-pg-pvc, 10s elapsed][0m[0m


1 Stack destroying     0 Stacks done     0 Stacks waiting
[2K[1A[2K[1A[2K[1A[2K[G[1m[33mapp-c-760-47beaea2[39m[22m  [0m[1mkubernetes_persistent_volume_claim.odoo-native_pg-pvc_2701BE5E: Still destroying... [id=odoo-local/odoo-pg-pvc, 20s elapsed][0m[0m


1 Stack destroying     0 Stacks done     0 Stacks waiting
[2K[1A[2K[1A[2K[1A[2K[G[1m[33mapp-c-760-47beaea2[39m[22m  [0m[1mkubernetes_persistent_volume_claim.odoo-native_pg-pvc_2701BE5E: Still destroying... [id=odoo-local/odoo-pg-pvc, 30s elapsed][0m[0m


1 Stack destroying     0 Stacks done     0 Stacks waiting
[2K[1A[2K[1A[2K[1A[2K[G[1m[33mapp-c-760-47beaea2[39m[22m  [0m[1mkubernetes_persistent_volume_claim.odoo-native_pg-pvc_2701BE5E: Still destroying... [id=odoo-local/odoo-pg-pvc, 40s elapsed][0m[0m


1 Stack destroying     0 Stacks done     0 Stacks waiting
[2K[1A[2K[1A[2K[1A[2K[G[1m[33mapp-c-760-47beaea2[39m[22m  [0m[1mkubernetes_persistent_volume_claim.odoo-native_pg-pvc_2701BE5E: Still destroying... [id=odoo-local/odoo-pg-pvc, 50s elapsed][0m[0m


1 Stack destroying     0 Stacks done     0 Stacks waiting
[2K[1A[2K[1A[2K[1A[2K[G[1m[33mapp-c-760-47beaea2[39m[22m  [0m[1mkubernetes_persistent_volume_claim.odoo-native_pg-pvc_2701BE5E: Still destroying... [id=odoo-local/odoo-pg-pvc, 1m0s elapsed][0m[0m


1 Stack destroying     0 Stacks done     0 Stacks waiting
[2K[1A[2K[1A[2K[1A[2K[G[1m[33mapp-c-760-47beaea2[39m[22m  [0m[1mkubernetes_persistent_volume_claim.odoo-native_pg-pvc_2701BE5E: Still destroying... [id=odoo-local/odoo-pg-pvc, 1m10s elapsed][0m[0m


1 Stack destroying     0 Stacks done     0 Stacks waiting
[2K[1A[2K[1A[2K[1A[2K[G[1m[33mapp-c-760-47beaea2[39m[22m  [0m[1mkubernetes_persistent_volume_claim.odoo-native_pg-pvc_2701BE5E: Still destroying... [id=odoo-local/odoo-pg-pvc, 1m20s elapsed][0m[0m


1 Stack destroying     0 Stacks done     0 Stacks waiting
[2K[1A[2K[1A[2K[1A[2K[G[1m[33mapp-c-760-47beaea2[39m[22m  [0m[1mkubernetes_persistent_volume_claim.odoo-native_pg-pvc_2701BE5E: Still destroying... [id=odoo-local/odoo-pg-pvc, 1m30s elapsed][0m[0m


1 Stack destroying     0 Stacks done     0 Stacks waiting
[2K[1A[2K[1A[2K[1A[2K[G[1m[33mapp-c-760-47beaea2[39m[22m  [0m[1mkubernetes_persistent_volume_claim.odoo-native_pg-pvc_2701BE5E: Still destroying... [id=odoo-local/odoo-pg-pvc, 1m40s elapsed][0m[0m


1 Stack destroying     0 Stacks done     0 Stacks waiting
[2K[1A[2K[1A[2K[1A[2K[G[1m[33mapp-c-760-47beaea2[39m[22m  [0m[1mkubernetes_persistent_volume_claim.odoo-native_pg-pvc_2701BE5E: Still destroying... [id=odoo-local/odoo-pg-pvc, 1m50s elapsed][0m[0m


1 Stack destroying     0 Stacks done     0 Stacks waiting
[2K[1A[2K[1A[2K[1A[2K[G[1m[33mapp-c-760-47beaea2[39m[22m  [0m[1mkubernetes_persistent_volume_claim.odoo-native_pg-pvc_2701BE5E: Still destroying... [id=odoo-local/odoo-pg-pvc, 2m0s elapsed][0m[0m


1 Stack destroying     0 Stacks done     0 Stacks waiting
[2K[1A[2K[1A[2K[1A[2K[G[1m[33mapp-c-760-47beaea2[39m[22m  [0m[1mkubernetes_persistent_volume_claim.odoo-native_pg-pvc_2701BE5E: Still destroying... [id=odoo-local/odoo-pg-pvc, 2m10s elapsed][0m[0m


1 Stack destroying     0 Stacks done     0 Stacks waiting
[2K[1A[2K[1A[2K[1A[2K[G[1m[33mapp-c-760-47beaea2[39m[22m  [0m[1mkubernetes_persistent_volume_claim.odoo-native_pg-pvc_2701BE5E: Still destroying... [id=odoo-local/odoo-pg-pvc, 2m20s elapsed][0m[0m


1 Stack destroying     0 Stacks done     0 Stacks waiting
[2K[1A[2K[1A[2K[1A[2K[G[1m[33mapp-c-760-47beaea2[39m[22m  [0m[1mkubernetes_persistent_volume_claim.odoo-native_pg-pvc_2701BE5E: Still destroying... [id=odoo-local/odoo-pg-pvc, 2m30s elapsed][0m[0m


1 Stack destroying     0 Stacks done     0 Stacks waiting
[2K[1A[2K[1A[2K[1A[2K[G[1m[33mapp-c-760-47beaea2[39m[22m  [0m[1mkubernetes_persistent_volume_claim.odoo-native_pg-pvc_2701BE5E: Still destroying... [id=odoo-local/odoo-pg-pvc, 2m40s elapsed][0m[0m


1 Stack destroying     0 Stacks done     0 Stacks waiting
