
⠋  [1mStarting[22m
[2K[1A[2K[1A[2K[G
⠋  [1mSynthesizing[22m
[2K[1A[2K[1A[2K[G
⠙  [1mSynthesizing[22m
[2K[1A[2K[1A[2K[G
⠹  [1mSynthesizing[22m
[2K[1A[2K[1A[2K[G
⠸  [1mSynthesizing[22m
[2K[1A[2K[1A[2K[G
⠼  [1mSynthesizing[22m
[2K[1A[2K[1A[2K[G
⠴  [1mSynthesizing[22m
[2K[1A[2K[1A[2K[G
⠦  [1mSynthesizing[22m
[2K[1A[2K[1A[2K[G
⠧  [1mSynthesizing[22m
[2K[1A[2K[1A[2K[G
⠇  [1mSynthesizing[22m
[2K[1A[2K[1A[2K[G
⠏  [1mSynthesizing[22m
[2K[1A[2K[1A[2K[G
⠋  [1mSynthesizing[22m
[2K[1A[2K[1A[2K[G
⠙  [1mSynthesizing[22m
[2K[1A[2K[1A[2K[G

0 Stacks destroying     0 Stacks done     0 Stacks waiting
[2K[1A[2K[1A[2K[1A[2K[G[1m[33mapp-c-760[39m[22m  [0m[1mInitializing the backend...[0m


0 Stacks destroying     0 Stacks done     0 Stacks waiting
[2K[1A[2K[1A[2K[1A[2K[G

0 Stacks destroying     0 Stacks done     1 Stack waiting
[2K[1A[2K[1A[2K[1A[2K[G[1m[33mapp-c-760[39m[22m  [0m[1mInitializing provider plugins...[0m
           - Reusing previous version of hashicorp/helm from the dependency lock file


0 Stacks destroying     0 Stacks done     1 Stack waiting
[2K[1A[2K[1A[2K[1A[2K[G[1m[33mapp-c-760[39m[22m  - Reusing previous version of hashicorp/kubernetes from the dependency lock file


0 Stacks destroying     0 Stacks done     1 Stack waiting
[2K[1A[2K[1A[2K[1A[2K[G[1m[33mapp-c-760[39m[22m  - Using previously-installed hashicorp/helm v2.17.0


0 Stacks destroying     0 Stacks done     1 Stack waiting
[2K[1A[2K[1A[2K[1A[2K[G[1m[33mapp-c-760[39m[22m  - Using previously-installed hashicorp/kubernetes v2.38.0

           [0m[1m[32mTerraform has been successfully initialized![0m[32m[0m
           [0m[32m
           You may now begin working with Terraform. Try running "terraform plan" to see
           any changes that are required for your infrastructure. All Terraform commands
           should now work.

           If you ever set or change modules or backend configuration for Terraform,
           rerun this command to reinitialize your working directory. If you forget, other
           commands will detect it and remind you to do so if necessary.[0m


0 Stacks destroying     0 Stacks done     1 Stack waiting
[2K[1A[2K[1A[2K[1A[2K[G

1 Stack destroying     0 Stacks done     0 Stacks waiting
[2K[1A[2K[1A[2K[1A[2K[G[1m[33mapp-c-760[39m[22m  [0m[1mkubernetes_namespace.odoo-app_ns_41817AE1: Refreshing state... [id=odoo][0m


1 Stack destroying     0 Stacks done     0 Stacks waiting
[2K[1A[2K[1A[2K[1A[2K[G[1m[33mapp-c-760[39m[22m  [0m[1mhelm_release.odoo-app_odoo-release_C04F3449: Refreshing state... [id=odoo][0m


1 Stack destroying     0 Stacks done     0 Stacks waiting
[2K[1A[2K[1A[2K[1A[2K[G[1m[33mapp-c-760[39m[22m  Terraform used the selected providers to generate the following execution plan.
           Resource actions are indicated with the following symbols:
             [31m-[0m destroy[0m

           Terraform will perform the following actions:


1 Stack destroying     0 Stacks done     0 Stacks waiting
[2K[1A[2K[1A[2K[1A[2K[G[1m[33mapp-c-760[39m[22m  [1m  # helm_release.odoo-app_odoo-release_C04F3449 (odoo-app/odoo-release)[0m will be [1m[31mdestroyed[0m
           [0m  [31m-[0m[0m resource "helm_release" "odoo-app_odoo-release_C04F3449" {
                 [31m-[0m[0m atomic                     = false [90m-> null[0m[0m
                 [31m-[0m[0m chart                      = "oci://registry-1.docker.io/bitnamicharts/odoo" [90m-> null[0m[0m
                 [31m-[0m[0m cleanup_on_fail            = false [90m-> null[0m[0m
                 [31m-[0m[0m create_namespace           = false [90m-> null[0m[0m
                 [31m-[0m[0m dependency_update          = false [90m-> null[0m[0m
                 [31m-[0m[0m disable_crd_hooks          = false [90m-> null[0m[0m
                 [31m-[0m[0m disable_openapi_validation = false [90m-> null[0m[0m
                 [31m-[0m[0m disable_webhooks           = false [90m-> null[0m[0m
                 [31m-[0m[0m force_update               = false [90m-> null[0m[0m
                 [31m-[0m[0m id                         = "odoo" [90m-> null[0m[0m
                 [31m-[0m[0m lint                       = false [90m-> null[0m[0m
                 [31m-[0m[0m max_history                = 0 [90m-> null[0m[0m
                 [31m-[0m[0m metadata                   = [
                     [31m-[0m[0m {
                         [31m-[0m[0m app_version    = "18.0.20250805"
                         [31m-[0m[0m chart          = "odoo"
                         [31m-[0m[0m first_deployed = 1781462957
                         [31m-[0m[0m last_deployed  = 1781462957
                         [31m-[0m[0m name           = "odoo"
                         [31m-[0m[0m namespace      = "odoo"
                         [31m-[0m[0m notes          = <<-EOT
                               CHART NAME: postgresql
                               CHART VERSION: 16.7.21
                               APP VERSION: 17.5.0

                               NOTICE: Starting August 28th, 2025, only a limited subset of images/charts will remain available for free. Backup will be available for some time at the 'Bitnami Legacy' repository. More info at https://github.com/bitnami/containers/issues/83267

                               ** Please be patient while the chart is being deployed **

                               PostgreSQL can be accessed via port 5432 on the following DNS names from within your cluster:

                                   odoo-postgresql.odoo.svc.cluster.local - Read/Write connection

                               To get the password for "postgres" run:

                                   export POSTGRES_ADMIN_PASSWORD=$(kubectl get secret --namespace odoo odoo-postgresql -o jsonpath="{.data.postgres-password}" | base64 -d)

                               To get the password for "bn_odoo" run:

                                   export POSTGRES_PASSWORD=$(kubectl get secret --namespace odoo odoo-postgresql -o jsonpath="{.data.password}" | base64 -d)

                               To connect to your database run the following command:

                                   kubectl run odoo-postgresql-client --rm --tty -i --restart='Never' --namespace odoo --image public.ecr.aws/bitnami/postgresql:latest --env="PGPASSWORD=$POSTGRES_PASSWORD" \
                                     --command -- psql --host odoo-postgresql -U bn_odoo -d bitnami_odoo -p 5432

                                   > NOTE: If you access the container using bash, make sure that you execute "/opt/bitnami/scripts/postgresql/entrypoint.sh /bin/bash" in order to avoid the error "psql: local user with ID 1001} does not exist"

                               To connect to your database from outside the cluster execute the following commands:

                                   kubectl port-forward --namespace odoo svc/odoo-postgresql 5432:5432 &
                                   PGPASSWORD="$POSTGRES_PASSWORD" psql --host 127.0.0.1 -U bn_odoo -d bitnami_odoo -p 5432


1 Stack destroying     0 Stacks done     0 Stacks waiting
[2K[1A[2K[1A[2K[1A[2K[G[1m[33mapp-c-760[39m[22m  WARNING: The configured password will be ignored on new installation in case when previous PostgreSQL release was deleted through the helm command. In that case, old PVC will have an old password, and setting it through helm won't take effect. Deleting persistent volumes (PVs) will solve the issue.
                               WARNING: Rolling tag detected (bitnami/postgresql:latest), please note that it is strongly recommended to avoid using rolling tags in a production environment.
                               +info https://techdocs.broadcom.com/us/en/vmware-tanzu/application-catalog/tanzu-application-catalog/services/tac-doc/apps-tutorials-understand-rolling-tags-containers-index.html

                               WARNING: There are "resources" sections in the chart not set. Using "resourcesPreset" is not recommended for production. For production installations, please set the following values according to your workload needs:
                                 - primary.resources
                                 - readReplicas.resources
                               +info https://kubernetes.io/docs/concepts/configuration/manage-resources-containers/

                               ⚠ SECURITY WARNING: Original containers have been substituted. This Helm chart was designed, tested, and validated on multiple platforms using a specific set of Bitnami and Tanzu Application Catalog containers. Substituting other containers is likely to cause degraded security and performance, broken chart features, and missing environment variables.

                               Substituted images detected:
                                 - public.ecr.aws/bitnami/postgresql:latest

                               ⚠ SECURITY WARNING: Verifying original container images was skipped. Please note this Helm chart was designed, tested, and validated on multiple platforms using a specific set of Bitnami and Tanzu Application Catalog containers. Substituting other containers is likely to cause degraded security and performance, broken chart features, and missing environment variables.


                               CHART NAME: odoo
                               CHART VERSION: 28.2.10
                               APP VERSION: 18.0.20250805

                               ⚠ WARNING: Since August 28th, 2025, only a limited subset of images/charts are available for free.
                                   Subscribe to Bitnami Secure Images to receive continued support and security updates.
                                   More info at https://bitnami.com and https://github.com/bitnami/containers/issues/83267

                               ** Please be patient while the chart is being deployed **

                               1. Get the Odoo URL by running:

                               ** Please ensure an external IP is associated to the odoo service before proceeding **
                               ** Watch the status using: kubectl get svc --namespace odoo -w odoo **

                                 export SERVICE_IP=$(kubectl get svc --namespace odoo odoo --template "{{ range (index .status.loadBalancer.ingress 0) }}{{ . }}{{ end }}")
                                 echo "Odoo URL: http://$SERVICE_IP/"

                               2. Obtain the login credentials

                                 export ODOO_EMAIL=user@example.com
                                 export ODOO_PASSWORD=$(kubectl get secret --namespace "odoo" odoo -o jsonpath="{.data.odoo-password}" | base64 -d)

                                 echo Email   : $ODOO_EMAIL
                                 echo Password: $ODOO_PASSWORD
                               WARNING: Rolling tag detected (bitnami/odoo:latest), please note that it is strongly recommended to avoid using rolling tags in a production environment.
                               +info https://techdocs.broadcom.com/us/en/vmware-tanzu/application-catalog/tanzu-application-catalog/services/tac-doc/apps-tutorials-understand-rolling-tags-containers-index.html


1 Stack destroying     0 Stacks done     0 Stacks waiting
[2K[1A[2K[1A[2K[1A[2K[G[1m[33mapp-c-760[39m[22m  WARNING: There are "resources" sections in the chart not set. Using "resourcesPreset" is not recommended for production. For production installations, please set the following values according to your workload needs:
                                 - resources
                               +info https://kubernetes.io/docs/concepts/configuration/manage-resources-containers/

                               ⚠ SECURITY WARNING: Original containers have been substituted. This Helm chart was designed, tested, and validated on multiple platforms using a specific set of Bitnami and Tanzu Application Catalog containers. Substituting other containers is likely to cause degraded security and performance, broken chart features, and missing environment variables.

                               Substituted images detected:
                                 - public.ecr.aws/bitnami/odoo:latest

                               ⚠ SECURITY WARNING: Verifying original container images was skipped. Please note this Helm chart was designed, tested, and validated on multiple platforms using a specific set of Bitnami and Tanzu Application Catalog containers. Substituting other containers is likely to cause degraded security and performance, broken chart features, and missing environment variables.
                           EOT
                         [31m-[0m[0m revision       = 1
                         [31m-[0m[0m values         = jsonencode(
                               {
                                 [31m-[0m[0m global     = {
                                     [31m-[0m[0m security = {
                                         [31m-[0m[0m allowInsecureImages = true
                                       }
                                   }
                                 [31m-[0m[0m image      = {
                                     [31m-[0m[0m registry   = "public.ecr.aws"
                                     [31m-[0m[0m repository = "bitnami/odoo"
                                     [31m-[0m[0m tag        = "latest"
                                   }
                                 [31m-[0m[0m postgresql = {
                                     [31m-[0m[0m image = {
                                         [31m-[0m[0m registry   = "public.ecr.aws"
                                         [31m-[0m[0m repository = "bitnami/postgresql"
                                         [31m-[0m[0m tag        = "latest"
                                       }
                                   }
                                 [31m-[0m[0m service    = {
                                     [31m-[0m[0m type = "LoadBalancer"
                                   }
                               }
                           )
                         [31m-[0m[0m version        = "28.2.10"
                       },
                   ] [90m-> null[0m[0m
                 [31m-[0m[0m name                       = "odoo" [90m-> null[0m[0m
                 [31m-[0m[0m namespace                  = "odoo" [90m-> null[0m[0m
                 [31m-[0m[0m pass_credentials           = false [90m-> null[0m[0m
                 [31m-[0m[0m recreate_pods              = false [90m-> null[0m[0m
                 [31m-[0m[0m render_subchart_notes      = true [90m-> null[0m[0m
                 [31m-[0m[0m replace                    = false [90m-> null[0m[0m
                 [31m-[0m[0m reset_values               = false [90m-> null[0m[0m
                 [31m-[0m[0m reuse_values               = false [90m-> null[0m[0m
                 [31m-[0m[0m skip_crds                  = false [90m-> null[0m[0m
                 [31m-[0m[0m status                     = "failed" [90m-> null[0m[0m
                 [31m-[0m[0m timeout                    = 600 [90m-> null[0m[0m
                 [31m-[0m[0m verify                     = false [90m-> null[0m[0m
                 [31m-[0m[0m version                    = "28.2.10" [90m-> null[0m[0m
                 [31m-[0m[0m wait                       = true [90m-> null[0m[0m
                 [31m-[0m[0m wait_for_jobs              = false [90m-> null[0m[0m

                 [31m-[0m[0m set {
                     [31m-[0m[0m name  = "global.security.allowInsecureImages" [90m-> null[0m[0m
                     [31m-[0m[0m value = "true" [90m-> null[0m[0m
                       [90m# (1 unchanged attribute hidden)[0m[0m
                   }
                 [31m-[0m[0m set {


1 Stack destroying     0 Stacks done     0 Stacks waiting
[2K[1A[2K[1A[2K[1A[2K[G[1m[33mapp-c-760[39m[22m  [31m-[0m[0m name  = "image.registry" [90m-> null[0m[0m
                     [31m-[0m[0m value = "public.ecr.aws" [90m-> null[0m[0m
                       [90m# (1 unchanged attribute hidden)[0m[0m
                   }
                 [31m-[0m[0m set {
                     [31m-[0m[0m name  = "image.repository" [90m-> null[0m[0m
                     [31m-[0m[0m value = "bitnami/odoo" [90m-> null[0m[0m
                       [90m# (1 unchanged attribute hidden)[0m[0m
                   }
                 [31m-[0m[0m set {
                     [31m-[0m[0m name  = "image.tag" [90m-> null[0m[0m
                     [31m-[0m[0m value = "latest" [90m-> null[0m[0m
                       [90m# (1 unchanged attribute hidden)[0m[0m
                   }
                 [31m-[0m[0m set {
                     [31m-[0m[0m name  = "postgresql.image.registry" [90m-> null[0m[0m
                     [31m-[0m[0m value = "public.ecr.aws" [90m-> null[0m[0m
                       [90m# (1 unchanged attribute hidden)[0m[0m
                   }
                 [31m-[0m[0m set {
                     [31m-[0m[0m name  = "postgresql.image.repository" [90m-> null[0m[0m
                     [31m-[0m[0m value = "bitnami/postgresql" [90m-> null[0m[0m
                       [90m# (1 unchanged attribute hidden)[0m[0m
                   }
                 [31m-[0m[0m set {
                     [31m-[0m[0m name  = "postgresql.image.tag" [90m-> null[0m[0m
                     [31m-[0m[0m value = "latest" [90m-> null[0m[0m
                       [90m# (1 unchanged attribute hidden)[0m[0m
                   }
                 [31m-[0m[0m set {
                     [31m-[0m[0m name  = "service.type" [90m-> null[0m[0m
                     [31m-[0m[0m value = "LoadBalancer" [90m-> null[0m[0m
                       [90m# (1 unchanged attribute hidden)[0m[0m
                   }
               }

           [1m  # kubernetes_namespace.odoo-app_ns_41817AE1 (odoo-app/ns)[0m will be [1m[31mdestroyed[0m
           [0m  [31m-[0m[0m resource "kubernetes_namespace" "odoo-app_ns_41817AE1" {
                 [31m-[0m[0m id                               = "odoo" [90m-> null[0m[0m
                 [31m-[0m[0m wait_for_default_service_account = false [90m-> null[0m[0m

                 [31m-[0m[0m metadata {
                     [31m-[0m[0m annotations      = {} [90m-> null[0m[0m
                     [31m-[0m[0m generation       = 0 [90m-> null[0m[0m
                     [31m-[0m[0m labels           = {} [90m-> null[0m[0m
                     [31m-[0m[0m name             = "odoo" [90m-> null[0m[0m
                     [31m-[0m[0m resource_version = "8597" [90m-> null[0m[0m
                     [31m-[0m[0m uid              = "34f092a2-8a29-4972-8feb-249b9cf829a6" [90m-> null[0m[0m
                       [90m# (1 unchanged attribute hidden)[0m[0m
                   }
               }

           [1mPlan:[0m 0 to add, 0 to change, 2 to destroy.


1 Stack destroying     0 Stacks done     0 Stacks waiting
[2K[1A[2K[1A[2K[1A[2K[G[1m[33mapp-c-760[39m[22m  [0m[0m[1mhelm_release.odoo-app_odoo-release_C04F3449: Destroying... [id=odoo][0m[0m


1 Stack destroying     0 Stacks done     0 Stacks waiting
[2K[1A[2K[1A[2K[1A[2K[G[1m[33mapp-c-760[39m[22m  [0m[1mhelm_release.odoo-app_odoo-release_C04F3449: Destruction complete after 2s[0m


1 Stack destroying     0 Stacks done     0 Stacks waiting
[2K[1A[2K[1A[2K[1A[2K[G[1m[33mapp-c-760[39m[22m  [0m[1mkubernetes_namespace.odoo-app_ns_41817AE1: Destroying... [id=odoo][0m[0m


1 Stack destroying     0 Stacks done     0 Stacks waiting
[2K[1A[2K[1A[2K[1A[2K[G[1m[33mapp-c-760[39m[22m  [0m[1mkubernetes_namespace.odoo-app_ns_41817AE1: Still destroying... [id=odoo, 10s elapsed][0m[0m


1 Stack destroying     0 Stacks done     0 Stacks waiting
[2K[1A[2K[1A[2K[1A[2K[G[1m[33mapp-c-760[39m[22m  [0m[1mkubernetes_namespace.odoo-app_ns_41817AE1: Destruction complete after 13s[0m


1 Stack destroying     0 Stacks done     0 Stacks waiting
[2K[1A[2K[1A[2K[1A[2K[G[1m[33mapp-c-760[39m[22m  [0m[1m[32m
           Destroy complete! Resources: 2 destroyed.


1 Stack destroying     0 Stacks done     0 Stacks waiting
[2K[1A[2K[1A[2K[1A[2K[G
