Validating Odoo module at: /home/luno/Code/odoo-custom-modules/sale_delivery_split_date
----------------------------------------
✅ __manifest__.py is a valid dictionary.
✅ __init__.py syntax is valid.
✅ models/__init__.py syntax is valid.
✅ models/sale_order_line.py syntax is valid.
✅ views/sale_order_views.xml is well-formed.
----------------------------------------
🎉 Module sale_delivery_split_date passed all pre-flight checks!
#0 building with "default" instance using docker driver

#1 [internal] load build definition from Dockerfile
#1 transferring dockerfile: 224B done
#1 DONE 0.1s

#2 [internal] load metadata for docker.io/bitnamilegacy/odoo:18.0.20250805-debian-12-r8
#2 DONE 0.0s

#3 [internal] load .dockerignore
#3 transferring context: 2B done
#3 DONE 0.1s

#4 [1/4] FROM docker.io/bitnamilegacy/odoo:18.0.20250805-debian-12-r8
#4 DONE 0.1s

#5 [internal] load build context
#5 transferring context: 9.75kB done
#5 DONE 0.2s

#6 [2/4] RUN mkdir -p /mnt/extra-addons
#6 DONE 0.5s

#7 [3/4] COPY ./addons /tmp/addons
#7 DONE 0.1s

#8 [4/4] RUN cp -r /tmp/addons/* /mnt/extra-addons/ && rm -rf /tmp/addons
#8 DONE 0.2s

#9 exporting to image
#9 exporting layers
#9 exporting layers 3.7s done
#9 writing image sha256:00842d8a8f236e0f40b4c00cba872420f79b4b5c77793fe40ef9ce4390e8bdf1 done
#9 naming to docker.io/library/odoo-custom:d7a547dd-1782320754215 done
#9 DONE 3.7s
[36mINFO[0m[0000] Importing image(s) into cluster 'e2e-fleet-627' 
[36mINFO[0m[0000] Starting new tools node...                   
[36mINFO[0m[0000] Starting node 'k3d-e2e-fleet-627-tools'      
[36mINFO[0m[0000] Saving 1 image(s) from runtime...            
[36mINFO[0m[0016] Importing images into nodes...               
[36mINFO[0m[0016] Importing images from tarball '/k3d/images/k3d-e2e-fleet-627-images-20260624100559.tar' into node 'k3d-e2e-fleet-627-server-0'... 
[36mINFO[0m[0021] Removing the tarball(s) from image volume... 
[36mINFO[0m[0022] Removing k3d-tools node...                   
[36mINFO[0m[0022] Successfully imported image(s)               
[36mINFO[0m[0022] Successfully imported 1 image(s) into 1 cluster(s) 

⠋  [1mStarting[22m
[2K[1A[2K[1A[2K[G
⠋  [1mSynthesizing[22m
[2K[1A[2K[1A[2K[G
⠙  [1mSynthesizing[22m
[2K[1A[2K[1A[2K[G
⠹  [1mSynthesizing[22m
[2K[1A[2K[1A[2K[G
⠸  [1mSynthesizing[22m
[2K[1A[2K[1A[2K[G
⠼  [1mSynthesizing[22m
[2K[1A[2K[1A[2K[G
⠴  [1mSynthesizing[22m
[2K[1A[2K[1A[2K[G
⠦  [1mSynthesizing[22m
[2K[1A[2K[1A[2K[G
⠧  [1mSynthesizing[22m
[2K[1A[2K[1A[2K[G
⠇  [1mSynthesizing[22m
[2K[1A[2K[1A[2K[G
⠏  [1mSynthesizing[22m
[2K[1A[2K[1A[2K[G
⠋  [1mSynthesizing[22m
[2K[1A[2K[1A[2K[G

0 Stacks deploying     0 Stacks done     0 Stacks waiting
[2K[1A[2K[1A[2K[1A[2K[G[1m[33mapp-e2e-fleet-627-d7a547dd[39m[22m  [0m[1mInitializing the backend...[0m


0 Stacks deploying     0 Stacks done     0 Stacks waiting
[2K[1A[2K[1A[2K[1A[2K[G

0 Stacks deploying     0 Stacks done     1 Stack waiting
[2K[1A[2K[1A[2K[1A[2K[G[1m[33mapp-e2e-fleet-627-d7a547dd[39m[22m  [0m[1mInitializing provider plugins...[0m
                            - Reusing previous version of hashicorp/helm from the dependency lock file


0 Stacks deploying     0 Stacks done     1 Stack waiting
[2K[1A[2K[1A[2K[1A[2K[G[1m[33mapp-e2e-fleet-627-d7a547dd[39m[22m  - Reusing previous version of hashicorp/kubernetes from the dependency lock file


0 Stacks deploying     0 Stacks done     1 Stack waiting
[2K[1A[2K[1A[2K[1A[2K[G[1m[33mapp-e2e-fleet-627-d7a547dd[39m[22m  - Using previously-installed hashicorp/helm v2.17.0


0 Stacks deploying     0 Stacks done     1 Stack waiting
[2K[1A[2K[1A[2K[1A[2K[G[1m[33mapp-e2e-fleet-627-d7a547dd[39m[22m  - Using previously-installed hashicorp/kubernetes v2.38.0

                            [0m[1m[32mTerraform has been successfully initialized![0m[32m[0m
                            [0m[32m
                            You may now begin working with Terraform. Try running "terraform plan" to see
                            any changes that are required for your infrastructure. All Terraform commands
                            should now work.

                            If you ever set or change modules or backend configuration for Terraform,
                            rerun this command to reinitialize your working directory. If you forget, other
                            commands will detect it and remind you to do so if necessary.[0m


0 Stacks deploying     0 Stacks done     1 Stack waiting
[2K[1A[2K[1A[2K[1A[2K[G

1 Stack deploying     0 Stacks done     0 Stacks waiting
[2K[1A[2K[1A[2K[1A[2K[G[1m[33mapp-e2e-fleet-627-d7a547dd[39m[22m  [0m[1mkubernetes_namespace.odoo-app_ns_41817AE1: Refreshing state... [id=odoo-e2e][0m


1 Stack deploying     0 Stacks done     0 Stacks waiting
[2K[1A[2K[1A[2K[1A[2K[G[1m[33mapp-e2e-fleet-627-d7a547dd[39m[22m  [0m[1mhelm_release.odoo-app_odoo-release_C04F3449: Refreshing state... [id=odoo][0m


1 Stack deploying     0 Stacks done     0 Stacks waiting
[2K[1A[2K[1A[2K[1A[2K[G[1m[33mapp-e2e-fleet-627-d7a547dd[39m[22m  Terraform used the selected providers to generate the following execution plan.
                            Resource actions are indicated with the following symbols:
                              [33m~[0m update in-place[0m

                            Terraform will perform the following actions:


1 Stack deploying     0 Stacks done     0 Stacks waiting
[2K[1A[2K[1A[2K[1A[2K[G[1m[33mapp-e2e-fleet-627-d7a547dd[39m[22m  [1m  # helm_release.odoo-app_odoo-release_C04F3449 (odoo-app/odoo-release)[0m will be updated in-place
                            [0m  [33m~[0m[0m resource "helm_release" "odoo-app_odoo-release_C04F3449" {
                                    id                         = "odoo"
                                  [33m~[0m[0m metadata                   = [
                                      [31m-[0m[0m {
                                          [31m-[0m[0m app_version    = "18.0.20250805"
                                          [31m-[0m[0m chart          = "odoo"
                                          [31m-[0m[0m first_deployed = 1782320663
                                          [31m-[0m[0m last_deployed  = 1782320663
                                          [31m-[0m[0m name           = "odoo"
                                          [31m-[0m[0m namespace      = "odoo-e2e"
                                          [31m-[0m[0m notes          = <<-EOT
                                                CHART NAME: odoo
                                                CHART VERSION: 28.2.10
                                                APP VERSION: 18.0.20250805

                                                ⚠ WARNING: Since August 28th, 2025, only a limited subset of images/charts are available for free.
                                                    Subscribe to Bitnami Secure Images to receive continued support and security updates.
                                                    More info at https://bitnami.com and https://github.com/bitnami/containers/issues/83267

                                                ** Please be patient while the chart is being deployed **

                                                1. Get the Odoo URL by running:

                                                  export NODE_PORT=$(kubectl get --namespace odoo-e2e -o jsonpath="{.spec.ports[0].nodePort}" services odoo)
                                                  export NODE_IP=$(kubectl get nodes --namespace odoo-e2e -o jsonpath="{.items[0].status.addresses[0].address}")
                                                  echo "Odoo URL: http://$NODE_IP:$NODE_PORT/"

                                                2. Obtain the login credentials

                                                  export ODOO_EMAIL=user@example.com
                                                  export ODOO_PASSWORD=$(kubectl get secret --namespace "odoo-e2e" odoo -o jsonpath="{.data.odoo-password}" | base64 -d)

                                                  echo Email   : $ODOO_EMAIL
                                                  echo Password: $ODOO_PASSWORD

                                                WARNING: There are "resources" sections in the chart not set. Using "resourcesPreset" is not recommended for production. For production installations, please set the following values according to your workload needs:
                                                  - resources
                                                +info https://kubernetes.io/docs/concepts/configuration/manage-resources-containers/

                                                ⚠ SECURITY WARNING: Original containers have been substituted. This Helm chart was designed, tested, and validated on multiple platforms using a specific set of Bitnami and Tanzu Application Catalog containers. Substituting other containers is likely to cause degraded security and performance, broken chart features, and missing environment variables.

                                                Substituted images detected:
                                                  - docker.io/bitnamilegacy/odoo:18.0.20250805-debian-12-r8

                                                ⚠ SECURITY WARNING: Verifying original container images was skipped. Please note this Helm chart was designed, tested, and validated on multiple platforms using a specific set of Bitnami and Tanzu Application Catalog containers. Substituting other containers is likely to cause degraded security and performance, broken chart features, and missing environment variables.



                                                CHART NAME: postgresql
                                                CHART VERSION: 16.7.21
                                                APP VERSION: 17.5.0

                                                NOTICE: Starting August 28th, 2025, only a limited subset of images/charts will remain available for free. Backup will be available for some time at the 'Bitnami Legacy' repository. More info at https://github.com/bitnami/containers/issues/83267

                                                ** Please be patient while the chart is being deployed **


1 Stack deploying     0 Stacks done     0 Stacks waiting
[2K[1A[2K[1A[2K[1A[2K[G[1m[33mapp-e2e-fleet-627-d7a547dd[39m[22m  PostgreSQL can be accessed via port 5432 on the following DNS names from within your cluster:

                                                    odoo-postgresql.odoo-e2e.svc.cluster.local - Read/Write connection

                                                To get the password for "postgres" run:

                                                    export POSTGRES_ADMIN_PASSWORD=$(kubectl get secret --namespace odoo-e2e odoo-postgresql -o jsonpath="{.data.postgres-password}" | base64 -d)

                                                To get the password for "bn_odoo" run:

                                                    export POSTGRES_PASSWORD=$(kubectl get secret --namespace odoo-e2e odoo-postgresql -o jsonpath="{.data.password}" | base64 -d)

                                                To connect to your database run the following command:

                                                    kubectl run odoo-postgresql-client --rm --tty -i --restart='Never' --namespace odoo-e2e --image docker.io/bitnamilegacy/postgresql:17.5.0-debian-12-r20 --env="PGPASSWORD=$POSTGRES_PASSWORD" \
                                                      --command -- psql --host odoo-postgresql -U bn_odoo -d bitnami_odoo -p 5432

                                                    > NOTE: If you access the container using bash, make sure that you execute "/opt/bitnami/scripts/postgresql/entrypoint.sh /bin/bash" in order to avoid the error "psql: local user with ID 1001} does not exist"

                                                To connect to your database from outside the cluster execute the following commands:

                                                    kubectl port-forward --namespace odoo-e2e svc/odoo-postgresql 5432:5432 &
                                                    PGPASSWORD="$POSTGRES_PASSWORD" psql --host 127.0.0.1 -U bn_odoo -d bitnami_odoo -p 5432

                                                WARNING: The configured password will be ignored on new installation in case when previous PostgreSQL release was deleted through the helm command. In that case, old PVC will have an old password, and setting it through helm won't take effect. Deleting persistent volumes (PVs) will solve the issue.

                                                WARNING: There are "resources" sections in the chart not set. Using "resourcesPreset" is not recommended for production. For production installations, please set the following values according to your workload needs:
                                                  - primary.resources
                                                  - readReplicas.resources
                                                +info https://kubernetes.io/docs/concepts/configuration/manage-resources-containers/

                                                ⚠ SECURITY WARNING: Original containers have been substituted. This Helm chart was designed, tested, and validated on multiple platforms using a specific set of Bitnami and Tanzu Application Catalog containers. Substituting other containers is likely to cause degraded security and performance, broken chart features, and missing environment variables.

                                                Substituted images detected:
                                                  - docker.io/bitnamilegacy/postgresql:17.5.0-debian-12-r20

                                                ⚠ SECURITY WARNING: Verifying original container images was skipped. Please note this Helm chart was designed, tested, and validated on multiple platforms using a specific set of Bitnami and Tanzu Application Catalog containers. Substituting other containers is likely to cause degraded security and performance, broken chart features, and missing environment variables.
                                            EOT
                                          [31m-[0m[0m revision       = 1
                                          [31m-[0m[0m values         = jsonencode(
                                                {
                                                  [31m-[0m[0m global     = {
                                                      [31m-[0m[0m security = {
                                                          [31m-[0m[0m allowInsecureImages = true
                                                        }
                                                    }
                                                  [31m-[0m[0m image      = {


1 Stack deploying     0 Stacks done     0 Stacks waiting
[2K[1A[2K[1A[2K[1A[2K[G[1m[33mapp-e2e-fleet-627-d7a547dd[39m[22m  [31m-[0m[0m registry   = "docker.io"
                                                      [31m-[0m[0m repository = "bitnamilegacy/odoo"
                                                      [31m-[0m[0m tag        = "18.0.20250805-debian-12-r8"
                                                    }
                                                  [31m-[0m[0m postgresql = {
                                                      [31m-[0m[0m image = {
                                                          [31m-[0m[0m registry   = "docker.io"
                                                          [31m-[0m[0m repository = "bitnamilegacy/postgresql"
                                                          [31m-[0m[0m tag        = "17.5.0-debian-12-r20"
                                                        }
                                                    }
                                                  [31m-[0m[0m service    = {
                                                      [31m-[0m[0m type = "NodePort"
                                                    }
                                                }
                                            )
                                          [31m-[0m[0m version        = "28.2.10"
                                        },
                                    ] -> (known after apply)
                                    name                       = "odoo"
                                    [90m# (25 unchanged attributes hidden)[0m[0m

                                  [31m-[0m[0m set {
                                      [31m-[0m[0m name  = "image.repository" [90m-> null[0m[0m
                                      [31m-[0m[0m value = "bitnamilegacy/odoo" [90m-> null[0m[0m
                                        [90m# (1 unchanged attribute hidden)[0m[0m
                                    }
                                  [31m-[0m[0m set {
                                      [31m-[0m[0m name  = "image.tag" [90m-> null[0m[0m
                                      [31m-[0m[0m value = "18.0.20250805-debian-12-r8" [90m-> null[0m[0m
                                        [90m# (1 unchanged attribute hidden)[0m[0m
                                    }
                                  [32m+[0m[0m set {
                                      [32m+[0m[0m name  = "image.repository"
                                      [32m+[0m[0m value = "bitnami/odoo-custom"
                                        [90m# (1 unchanged attribute hidden)[0m[0m
                                    }
                                  [32m+[0m[0m set {
                                      [32m+[0m[0m name  = "image.tag"
                                      [32m+[0m[0m value = "d7a547dd-1782320754215"
                                        [90m# (1 unchanged attribute hidden)[0m[0m
                                    }

                                    [90m# (6 unchanged blocks hidden)[0m[0m
                                }

                            [1mPlan:[0m 0 to add, 1 to change, 0 to destroy.


1 Stack deploying     0 Stacks done     0 Stacks waiting
[2K[1A[2K[1A[2K[1A[2K[G[1m[33mapp-e2e-fleet-627-d7a547dd[39m[22m  [0m[0m[1mhelm_release.odoo-app_odoo-release_C04F3449: Modifying... [id=odoo][0m[0m


1 Stack deploying     0 Stacks done     0 Stacks waiting
[2K[1A[2K[1A[2K[1A[2K[G[1m[33mapp-e2e-fleet-627-d7a547dd[39m[22m  [0m[1mhelm_release.odoo-app_odoo-release_C04F3449: Still modifying... [id=odoo, 10s elapsed][0m[0m


1 Stack deploying     0 Stacks done     0 Stacks waiting
[2K[1A[2K[1A[2K[1A[2K[G[1m[33mapp-e2e-fleet-627-d7a547dd[39m[22m  [0m[1mhelm_release.odoo-app_odoo-release_C04F3449: Still modifying... [id=odoo, 20s elapsed][0m[0m


1 Stack deploying     0 Stacks done     0 Stacks waiting
[2K[1A[2K[1A[2K[1A[2K[G[1m[33mapp-e2e-fleet-627-d7a547dd[39m[22m  [0m[1mhelm_release.odoo-app_odoo-release_C04F3449: Still modifying... [id=odoo, 30s elapsed][0m[0m


1 Stack deploying     0 Stacks done     0 Stacks waiting
[2K[1A[2K[1A[2K[1A[2K[G[1m[33mapp-e2e-fleet-627-d7a547dd[39m[22m  [0m[1mhelm_release.odoo-app_odoo-release_C04F3449: Still modifying... [id=odoo, 40s elapsed][0m[0m


1 Stack deploying     0 Stacks done     0 Stacks waiting
[2K[1A[2K[1A[2K[1A[2K[G[1m[33mapp-e2e-fleet-627-d7a547dd[39m[22m  [0m[1mhelm_release.odoo-app_odoo-release_C04F3449: Still modifying... [id=odoo, 50s elapsed][0m[0m


1 Stack deploying     0 Stacks done     0 Stacks waiting
[2K[1A[2K[1A[2K[1A[2K[G[1m[33mapp-e2e-fleet-627-d7a547dd[39m[22m  [0m[1mhelm_release.odoo-app_odoo-release_C04F3449: Still modifying... [id=odoo, 1m0s elapsed][0m[0m


1 Stack deploying     0 Stacks done     0 Stacks waiting
[2K[1A[2K[1A[2K[1A[2K[G[1m[33mapp-e2e-fleet-627-d7a547dd[39m[22m  [0m[1mhelm_release.odoo-app_odoo-release_C04F3449: Still modifying... [id=odoo, 1m10s elapsed][0m[0m


1 Stack deploying     0 Stacks done     0 Stacks waiting
[2K[1A[2K[1A[2K[1A[2K[G[1m[33mapp-e2e-fleet-627-d7a547dd[39m[22m  [0m[1mhelm_release.odoo-app_odoo-release_C04F3449: Still modifying... [id=odoo, 1m20s elapsed][0m[0m


1 Stack deploying     0 Stacks done     0 Stacks waiting
[2K[1A[2K[1A[2K[1A[2K[G[1m[33mapp-e2e-fleet-627-d7a547dd[39m[22m  [0m[1mhelm_release.odoo-app_odoo-release_C04F3449: Still modifying... [id=odoo, 1m30s elapsed][0m[0m


1 Stack deploying     0 Stacks done     0 Stacks waiting
[2K[1A[2K[1A[2K[1A[2K[G[1m[33mapp-e2e-fleet-627-d7a547dd[39m[22m  [0m[1mhelm_release.odoo-app_odoo-release_C04F3449: Still modifying... [id=odoo, 1m40s elapsed][0m[0m


1 Stack deploying     0 Stacks done     0 Stacks waiting
[2K[1A[2K[1A[2K[1A[2K[G[1m[33mapp-e2e-fleet-627-d7a547dd[39m[22m  [0m[1mhelm_release.odoo-app_odoo-release_C04F3449: Still modifying... [id=odoo, 1m50s elapsed][0m[0m


1 Stack deploying     0 Stacks done     0 Stacks waiting
[2K[1A[2K[1A[2K[1A[2K[G[1m[33mapp-e2e-fleet-627-d7a547dd[39m[22m  [0m[1mhelm_release.odoo-app_odoo-release_C04F3449: Still modifying... [id=odoo, 2m0s elapsed][0m[0m


1 Stack deploying     0 Stacks done     0 Stacks waiting
[2K[1A[2K[1A[2K[1A[2K[G[1m[33mapp-e2e-fleet-627-d7a547dd[39m[22m  [0m[1mhelm_release.odoo-app_odoo-release_C04F3449: Still modifying... [id=odoo, 2m10s elapsed][0m[0m


1 Stack deploying     0 Stacks done     0 Stacks waiting
[2K[1A[2K[1A[2K[1A[2K[G[1m[33mapp-e2e-fleet-627-d7a547dd[39m[22m  [0m[1mhelm_release.odoo-app_odoo-release_C04F3449: Still modifying... [id=odoo, 2m20s elapsed][0m[0m


1 Stack deploying     0 Stacks done     0 Stacks waiting
[2K[1A[2K[1A[2K[1A[2K[G[1m[33mapp-e2e-fleet-627-d7a547dd[39m[22m  [0m[1mhelm_release.odoo-app_odoo-release_C04F3449: Still modifying... [id=odoo, 2m30s elapsed][0m[0m


1 Stack deploying     0 Stacks done     0 Stacks waiting
[2K[1A[2K[1A[2K[1A[2K[G[1m[33mapp-e2e-fleet-627-d7a547dd[39m[22m  [0m[1mhelm_release.odoo-app_odoo-release_C04F3449: Still modifying... [id=odoo, 2m40s elapsed][0m[0m


1 Stack deploying     0 Stacks done     0 Stacks waiting
[2K[1A[2K[1A[2K[1A[2K[G[1m[33mapp-e2e-fleet-627-d7a547dd[39m[22m  [0m[1mhelm_release.odoo-app_odoo-release_C04F3449: Still modifying... [id=odoo, 2m50s elapsed][0m[0m


1 Stack deploying     0 Stacks done     0 Stacks waiting
[2K[1A[2K[1A[2K[1A[2K[G[1m[33mapp-e2e-fleet-627-d7a547dd[39m[22m  [0m[1mhelm_release.odoo-app_odoo-release_C04F3449: Still modifying... [id=odoo, 3m0s elapsed][0m[0m


1 Stack deploying     0 Stacks done     0 Stacks waiting
[2K[1A[2K[1A[2K[1A[2K[G[1m[33mapp-e2e-fleet-627-d7a547dd[39m[22m  [0m[1mhelm_release.odoo-app_odoo-release_C04F3449: Still modifying... [id=odoo, 3m10s elapsed][0m[0m


1 Stack deploying     0 Stacks done     0 Stacks waiting
[2K[1A[2K[1A[2K[1A[2K[G[1m[33mapp-e2e-fleet-627-d7a547dd[39m[22m  [0m[1mhelm_release.odoo-app_odoo-release_C04F3449: Still modifying... [id=odoo, 3m20s elapsed][0m[0m


1 Stack deploying     0 Stacks done     0 Stacks waiting
[2K[1A[2K[1A[2K[1A[2K[G[1m[33mapp-e2e-fleet-627-d7a547dd[39m[22m  [0m[1mhelm_release.odoo-app_odoo-release_C04F3449: Still modifying... [id=odoo, 3m30s elapsed][0m[0m


1 Stack deploying     0 Stacks done     0 Stacks waiting
[2K[1A[2K[1A[2K[1A[2K[G[1m[33mapp-e2e-fleet-627-d7a547dd[39m[22m  [0m[1mhelm_release.odoo-app_odoo-release_C04F3449: Still modifying... [id=odoo, 3m40s elapsed][0m[0m


1 Stack deploying     0 Stacks done     0 Stacks waiting
[2K[1A[2K[1A[2K[1A[2K[G[1m[33mapp-e2e-fleet-627-d7a547dd[39m[22m  [0m[1mhelm_release.odoo-app_odoo-release_C04F3449: Still modifying... [id=odoo, 3m50s elapsed][0m[0m


1 Stack deploying     0 Stacks done     0 Stacks waiting
[2K[1A[2K[1A[2K[1A[2K[G[1m[33mapp-e2e-fleet-627-d7a547dd[39m[22m  [0m[1mhelm_release.odoo-app_odoo-release_C04F3449: Still modifying... [id=odoo, 4m0s elapsed][0m[0m


1 Stack deploying     0 Stacks done     0 Stacks waiting
[2K[1A[2K[1A[2K[1A[2K[G[1m[33mapp-e2e-fleet-627-d7a547dd[39m[22m  [0m[1mhelm_release.odoo-app_odoo-release_C04F3449: Still modifying... [id=odoo, 4m10s elapsed][0m[0m


1 Stack deploying     0 Stacks done     0 Stacks waiting
[2K[1A[2K[1A[2K[1A[2K[G[1m[33mapp-e2e-fleet-627-d7a547dd[39m[22m  [0m[1mhelm_release.odoo-app_odoo-release_C04F3449: Still modifying... [id=odoo, 4m20s elapsed][0m[0m


1 Stack deploying     0 Stacks done     0 Stacks waiting
[2K[1A[2K[1A[2K[1A[2K[G[1m[33mapp-e2e-fleet-627-d7a547dd[39m[22m  [0m[1mhelm_release.odoo-app_odoo-release_C04F3449: Still modifying... [id=odoo, 4m30s elapsed][0m[0m


1 Stack deploying     0 Stacks done     0 Stacks waiting
[2K[1A[2K[1A[2K[1A[2K[G[1m[33mapp-e2e-fleet-627-d7a547dd[39m[22m  [0m[1mhelm_release.odoo-app_odoo-release_C04F3449: Still modifying... [id=odoo, 4m40s elapsed][0m[0m


1 Stack deploying     0 Stacks done     0 Stacks waiting
[2K[1A[2K[1A[2K[1A[2K[G[1m[33mapp-e2e-fleet-627-d7a547dd[39m[22m  [0m[1mhelm_release.odoo-app_odoo-release_C04F3449: Still modifying... [id=odoo, 4m50s elapsed][0m[0m


1 Stack deploying     0 Stacks done     0 Stacks waiting
[2K[1A[2K[1A[2K[1A[2K[G[1m[33mapp-e2e-fleet-627-d7a547dd[39m[22m  [0m[1mhelm_release.odoo-app_odoo-release_C04F3449: Still modifying... [id=odoo, 5m0s elapsed][0m[0m


1 Stack deploying     0 Stacks done     0 Stacks waiting
[2K[1A[2K[1A[2K[1A[2K[G[1m[33mapp-e2e-fleet-627-d7a547dd[39m[22m  [0m[1mhelm_release.odoo-app_odoo-release_C04F3449: Still modifying... [id=odoo, 5m10s elapsed][0m[0m


1 Stack deploying     0 Stacks done     0 Stacks waiting
[2K[1A[2K[1A[2K[1A[2K[G[1m[33mapp-e2e-fleet-627-d7a547dd[39m[22m  [0m[1mhelm_release.odoo-app_odoo-release_C04F3449: Still modifying... [id=odoo, 5m20s elapsed][0m[0m


1 Stack deploying     0 Stacks done     0 Stacks waiting
[2K[1A[2K[1A[2K[1A[2K[G[1m[33mapp-e2e-fleet-627-d7a547dd[39m[22m  [0m[1mhelm_release.odoo-app_odoo-release_C04F3449: Still modifying... [id=odoo, 5m30s elapsed][0m[0m


1 Stack deploying     0 Stacks done     0 Stacks waiting
[2K[1A[2K[1A[2K[1A[2K[G[1m[33mapp-e2e-fleet-627-d7a547dd[39m[22m  [0m[1mhelm_release.odoo-app_odoo-release_C04F3449: Still modifying... [id=odoo, 5m40s elapsed][0m[0m


1 Stack deploying     0 Stacks done     0 Stacks waiting
[2K[1A[2K[1A[2K[1A[2K[G[1m[33mapp-e2e-fleet-627-d7a547dd[39m[22m  [0m[1mhelm_release.odoo-app_odoo-release_C04F3449: Still modifying... [id=odoo, 5m50s elapsed][0m[0m


1 Stack deploying     0 Stacks done     0 Stacks waiting
[2K[1A[2K[1A[2K[1A[2K[G[1m[33mapp-e2e-fleet-627-d7a547dd[39m[22m  [0m[1mhelm_release.odoo-app_odoo-release_C04F3449: Still modifying... [id=odoo, 6m0s elapsed][0m[0m


1 Stack deploying     0 Stacks done     0 Stacks waiting
[2K[1A[2K[1A[2K[1A[2K[G[1m[33mapp-e2e-fleet-627-d7a547dd[39m[22m  [0m[1mhelm_release.odoo-app_odoo-release_C04F3449: Still modifying... [id=odoo, 6m10s elapsed][0m[0m


1 Stack deploying     0 Stacks done     0 Stacks waiting
[2K[1A[2K[1A[2K[1A[2K[G[1m[33mapp-e2e-fleet-627-d7a547dd[39m[22m  [0m[1mhelm_release.odoo-app_odoo-release_C04F3449: Still modifying... [id=odoo, 6m20s elapsed][0m[0m


1 Stack deploying     0 Stacks done     0 Stacks waiting
[2K[1A[2K[1A[2K[1A[2K[G[1m[33mapp-e2e-fleet-627-d7a547dd[39m[22m  [0m[1mhelm_release.odoo-app_odoo-release_C04F3449: Still modifying... [id=odoo, 6m30s elapsed][0m[0m


1 Stack deploying     0 Stacks done     0 Stacks waiting
[2K[1A[2K[1A[2K[1A[2K[G[1m[33mapp-e2e-fleet-627-d7a547dd[39m[22m  [0m[1mhelm_release.odoo-app_odoo-release_C04F3449: Still modifying... [id=odoo, 6m40s elapsed][0m[0m


1 Stack deploying     0 Stacks done     0 Stacks waiting
[2K[1A[2K[1A[2K[1A[2K[G[1m[33mapp-e2e-fleet-627-d7a547dd[39m[22m  [0m[1mhelm_release.odoo-app_odoo-release_C04F3449: Still modifying... [id=odoo, 6m50s elapsed][0m[0m


1 Stack deploying     0 Stacks done     0 Stacks waiting
[2K[1A[2K[1A[2K[1A[2K[G[1m[33mapp-e2e-fleet-627-d7a547dd[39m[22m  [0m[1mhelm_release.odoo-app_odoo-release_C04F3449: Still modifying... [id=odoo, 7m0s elapsed][0m[0m


1 Stack deploying     0 Stacks done     0 Stacks waiting
[2K[1A[2K[1A[2K[1A[2K[G[1m[33mapp-e2e-fleet-627-d7a547dd[39m[22m  [0m[1mhelm_release.odoo-app_odoo-release_C04F3449: Still modifying... [id=odoo, 7m10s elapsed][0m[0m


1 Stack deploying     0 Stacks done     0 Stacks waiting
[2K[1A[2K[1A[2K[1A[2K[G[1m[33mapp-e2e-fleet-627-d7a547dd[39m[22m  [0m[1mhelm_release.odoo-app_odoo-release_C04F3449: Still modifying... [id=odoo, 7m20s elapsed][0m[0m


1 Stack deploying     0 Stacks done     0 Stacks waiting
[2K[1A[2K[1A[2K[1A[2K[G[1m[33mapp-e2e-fleet-627-d7a547dd[39m[22m  [0m[1mhelm_release.odoo-app_odoo-release_C04F3449: Still modifying... [id=odoo, 7m30s elapsed][0m[0m


1 Stack deploying     0 Stacks done     0 Stacks waiting
[2K[1A[2K[1A[2K[1A[2K[G[1m[33mapp-e2e-fleet-627-d7a547dd[39m[22m  [0m[1mhelm_release.odoo-app_odoo-release_C04F3449: Still modifying... [id=odoo, 7m40s elapsed][0m[0m


1 Stack deploying     0 Stacks done     0 Stacks waiting
[2K[1A[2K[1A[2K[1A[2K[G[1m[33mapp-e2e-fleet-627-d7a547dd[39m[22m  [0m[1mhelm_release.odoo-app_odoo-release_C04F3449: Still modifying... [id=odoo, 7m50s elapsed][0m[0m


1 Stack deploying     0 Stacks done     0 Stacks waiting
[2K[1A[2K[1A[2K[1A[2K[G[1m[33mapp-e2e-fleet-627-d7a547dd[39m[22m  [0m[1mhelm_release.odoo-app_odoo-release_C04F3449: Still modifying... [id=odoo, 8m0s elapsed][0m[0m


1 Stack deploying     0 Stacks done     0 Stacks waiting
[2K[1A[2K[1A[2K[1A[2K[G[1m[33mapp-e2e-fleet-627-d7a547dd[39m[22m  [0m[1mhelm_release.odoo-app_odoo-release_C04F3449: Still modifying... [id=odoo, 8m10s elapsed][0m[0m


1 Stack deploying     0 Stacks done     0 Stacks waiting
[2K[1A[2K[1A[2K[1A[2K[G[1m[33mapp-e2e-fleet-627-d7a547dd[39m[22m  [0m[1mhelm_release.odoo-app_odoo-release_C04F3449: Still modifying... [id=odoo, 8m20s elapsed][0m[0m


1 Stack deploying     0 Stacks done     0 Stacks waiting
[2K[1A[2K[1A[2K[1A[2K[G[1m[33mapp-e2e-fleet-627-d7a547dd[39m[22m  [0m[1mhelm_release.odoo-app_odoo-release_C04F3449: Still modifying... [id=odoo, 8m30s elapsed][0m[0m


1 Stack deploying     0 Stacks done     0 Stacks waiting
[2K[1A[2K[1A[2K[1A[2K[G[1m[33mapp-e2e-fleet-627-d7a547dd[39m[22m  [0m[1mhelm_release.odoo-app_odoo-release_C04F3449: Still modifying... [id=odoo, 8m40s elapsed][0m[0m


1 Stack deploying     0 Stacks done     0 Stacks waiting
[2K[1A[2K[1A[2K[1A[2K[G[1m[33mapp-e2e-fleet-627-d7a547dd[39m[22m  [0m[1mhelm_release.odoo-app_odoo-release_C04F3449: Still modifying... [id=odoo, 8m50s elapsed][0m[0m


1 Stack deploying     0 Stacks done     0 Stacks waiting
[2K[1A[2K[1A[2K[1A[2K[G[1m[33mapp-e2e-fleet-627-d7a547dd[39m[22m  [0m[1mhelm_release.odoo-app_odoo-release_C04F3449: Still modifying... [id=odoo, 9m0s elapsed][0m[0m


1 Stack deploying     0 Stacks done     0 Stacks waiting
[2K[1A[2K[1A[2K[1A[2K[G[1m[33mapp-e2e-fleet-627-d7a547dd[39m[22m  [0m[1mhelm_release.odoo-app_odoo-release_C04F3449: Still modifying... [id=odoo, 9m10s elapsed][0m[0m


1 Stack deploying     0 Stacks done     0 Stacks waiting
[2K[1A[2K[1A[2K[1A[2K[G[1m[33mapp-e2e-fleet-627-d7a547dd[39m[22m  [0m[1mhelm_release.odoo-app_odoo-release_C04F3449: Still modifying... [id=odoo, 9m20s elapsed][0m[0m


1 Stack deploying     0 Stacks done     0 Stacks waiting
[2K[1A[2K[1A[2K[1A[2K[G[1m[33mapp-e2e-fleet-627-d7a547dd[39m[22m  [0m[1mhelm_release.odoo-app_odoo-release_C04F3449: Still modifying... [id=odoo, 9m30s elapsed][0m[0m


1 Stack deploying     0 Stacks done     0 Stacks waiting
[2K[1A[2K[1A[2K[1A[2K[G[1m[33mapp-e2e-fleet-627-d7a547dd[39m[22m  [0m[1mhelm_release.odoo-app_odoo-release_C04F3449: Still modifying... [id=odoo, 9m40s elapsed][0m[0m


1 Stack deploying     0 Stacks done     0 Stacks waiting
[2K[1A[2K[1A[2K[1A[2K[G[1m[33mapp-e2e-fleet-627-d7a547dd[39m[22m  [0m[1mhelm_release.odoo-app_odoo-release_C04F3449: Still modifying... [id=odoo, 9m50s elapsed][0m[0m


1 Stack deploying     0 Stacks done     0 Stacks waiting
[2K[1A[2K[1A[2K[1A[2K[G[1m[33mapp-e2e-fleet-627-d7a547dd[39m[22m  [0m[1mhelm_release.odoo-app_odoo-release_C04F3449: Still modifying... [id=odoo, 10m0s elapsed][0m[0m


1 Stack deploying     0 Stacks done     0 Stacks waiting
[2K[1A[2K[1A[2K[1A[2K[G[1m[33mapp-e2e-fleet-627-d7a547dd[39m[22m  [31m╷[0m[0m
                            [31m│[0m [0m[1m[31mError: [0m[0m[1mcontext deadline exceeded[0m
                            [31m│[0m [0m
                            [31m│[0m [0m[0m  with helm_release.odoo-app_odoo-release_C04F3449 (odoo-app/odoo-release),
                            [31m│[0m [0m  on cdk.tf.json line 74, in resource.helm_release.odoo-app_odoo-release_C04F3449 (odoo-app/odoo-release):
                            [31m│[0m [0m  74:       [4m}[0m[0m
                            [31m│[0m [0m
                            [31m╵[0m[0m


1 Stack deploying     0 Stacks done     0 Stacks waiting
[2K[1A[2K[1A[2K[1A[2K[G

0 Stacks deploying     1 Stack done     0 Stacks waiting
Invoking Terraform CLI failed with exit code 1

--- EXECUTION FAILED (Exit Code 1) ---
