
⠋  [1mStarting[22m
[2K[1A[2K[1A[2K[G
⠋  [1mSynthesizing[22m
[2K[1A[2K[1A[2K[G
⠙  [1mSynthesizing[22m
[2K[1A[2K[1A[2K[G
⠹  [1mSynthesizing[22m
[2K[1A[2K[1A[2K[G
⠸  [1mSynthesizing[22m
[2K[1A[2K[1A[2K[G
⠼  [1mSynthesizing[22m
[2K[1A[2K[1A[2K[G
⠴  [1mSynthesizing[22m
[2K[1A[2K[1A[2K[G
⠦  [1mSynthesizing[22m
[2K[1A[2K[1A[2K[G
⠧  [1mSynthesizing[22m
[2K[1A[2K[1A[2K[G
⠇  [1mSynthesizing[22m
[2K[1A[2K[1A[2K[G
⠏  [1mSynthesizing[22m
[2K[1A[2K[1A[2K[G
⠋  [1mSynthesizing[22m
[2K[1A[2K[1A[2K[G
⠙  [1mSynthesizing[22m
[2K[1A[2K[1A[2K[G
⠹  [1mSynthesizing[22m
[2K[1A[2K[1A[2K[G

0 Stacks deploying     0 Stacks done     0 Stacks waiting
[2K[1A[2K[1A[2K[1A[2K[G[1m[33mapp-c-760[39m[22m  [0m[1mInitializing the backend...[0m


0 Stacks deploying     0 Stacks done     0 Stacks waiting
[2K[1A[2K[1A[2K[1A[2K[G

0 Stacks deploying     0 Stacks done     1 Stack waiting
[2K[1A[2K[1A[2K[1A[2K[G[1m[33mapp-c-760[39m[22m  [0m[1mInitializing provider plugins...[0m
           - Reusing previous version of hashicorp/helm from the dependency lock file


0 Stacks deploying     0 Stacks done     1 Stack waiting
[2K[1A[2K[1A[2K[1A[2K[G[1m[33mapp-c-760[39m[22m  - Reusing previous version of hashicorp/kubernetes from the dependency lock file


0 Stacks deploying     0 Stacks done     1 Stack waiting
[2K[1A[2K[1A[2K[1A[2K[G[1m[33mapp-c-760[39m[22m  - Using previously-installed hashicorp/helm v2.17.0


0 Stacks deploying     0 Stacks done     1 Stack waiting
[2K[1A[2K[1A[2K[1A[2K[G[1m[33mapp-c-760[39m[22m  - Using previously-installed hashicorp/kubernetes v2.38.0

           [0m[1m[32mTerraform has been successfully initialized![0m[32m[0m
           [0m[32m
           You may now begin working with Terraform. Try running "terraform plan" to see
           any changes that are required for your infrastructure. All Terraform commands
           should now work.

           If you ever set or change modules or backend configuration for Terraform,
           rerun this command to reinitialize your working directory. If you forget, other
           commands will detect it and remind you to do so if necessary.[0m


0 Stacks deploying     0 Stacks done     1 Stack waiting
[2K[1A[2K[1A[2K[1A[2K[G

1 Stack deploying     0 Stacks done     0 Stacks waiting
[2K[1A[2K[1A[2K[1A[2K[G[1m[33mapp-c-760[39m[22m  Terraform used the selected providers to generate the following execution plan.
           Resource actions are indicated with the following symbols:
             [32m+[0m create[0m

           Terraform will perform the following actions:


1 Stack deploying     0 Stacks done     0 Stacks waiting
[2K[1A[2K[1A[2K[1A[2K[G[1m[33mapp-c-760[39m[22m  [1m  # helm_release.odoo-app_odoo-release_C04F3449 (odoo-app/odoo-release)[0m will be created
           [0m  [32m+[0m[0m resource "helm_release" "odoo-app_odoo-release_C04F3449" {
                 [32m+[0m[0m atomic                     = false
                 [32m+[0m[0m chart                      = "oci://registry-1.docker.io/bitnamicharts/odoo"
                 [32m+[0m[0m cleanup_on_fail            = false
                 [32m+[0m[0m create_namespace           = false
                 [32m+[0m[0m dependency_update          = false
                 [32m+[0m[0m disable_crd_hooks          = false
                 [32m+[0m[0m disable_openapi_validation = false
                 [32m+[0m[0m disable_webhooks           = false
                 [32m+[0m[0m force_update               = false
                 [32m+[0m[0m id                         = (known after apply)
                 [32m+[0m[0m lint                       = false
                 [32m+[0m[0m manifest                   = (known after apply)
                 [32m+[0m[0m max_history                = 0
                 [32m+[0m[0m metadata                   = (known after apply)
                 [32m+[0m[0m name                       = "odoo"
                 [32m+[0m[0m namespace                  = "odoo"
                 [32m+[0m[0m pass_credentials           = false
                 [32m+[0m[0m recreate_pods              = false
                 [32m+[0m[0m render_subchart_notes      = true
                 [32m+[0m[0m replace                    = false
                 [32m+[0m[0m reset_values               = false
                 [32m+[0m[0m reuse_values               = false
                 [32m+[0m[0m skip_crds                  = false
                 [32m+[0m[0m status                     = "deployed"
                 [32m+[0m[0m timeout                    = 600
                 [32m+[0m[0m verify                     = false
                 [32m+[0m[0m version                    = "28.2.10"
                 [32m+[0m[0m wait                       = true
                 [32m+[0m[0m wait_for_jobs              = false

                 [32m+[0m[0m set {
                     [32m+[0m[0m name  = "image.tag"
                     [32m+[0m[0m value = "18.0.20250805-debian-12-r8"
                       [90m# (1 unchanged attribute hidden)[0m[0m
                   }
                 [32m+[0m[0m set {
                     [32m+[0m[0m name  = "postgresql.image.tag"
                     [32m+[0m[0m value = "17.5.0-debian-12-r20"
                       [90m# (1 unchanged attribute hidden)[0m[0m
                   }
                 [32m+[0m[0m set {
                     [32m+[0m[0m name  = "service.type"
                     [32m+[0m[0m value = "LoadBalancer"
                       [90m# (1 unchanged attribute hidden)[0m[0m
                   }
               }

           [1m  # kubernetes_namespace.odoo-app_ns_41817AE1 (odoo-app/ns)[0m will be created
           [0m  [32m+[0m[0m resource "kubernetes_namespace" "odoo-app_ns_41817AE1" {
                 [32m+[0m[0m id                               = (known after apply)
                 [32m+[0m[0m wait_for_default_service_account = false

                 [32m+[0m[0m metadata {
                     [32m+[0m[0m generation       = (known after apply)
                     [32m+[0m[0m name             = "odoo"
                     [32m+[0m[0m resource_version = (known after apply)
                     [32m+[0m[0m uid              = (known after apply)
                   }
               }

           [1mPlan:[0m 2 to add, 0 to change, 0 to destroy.


1 Stack deploying     0 Stacks done     0 Stacks waiting
[2K[1A[2K[1A[2K[1A[2K[G[1m[33mapp-c-760[39m[22m  [0m[0m[1mkubernetes_namespace.odoo-app_ns_41817AE1: Creating...[0m[0m


1 Stack deploying     0 Stacks done     0 Stacks waiting
[2K[1A[2K[1A[2K[1A[2K[G[1m[33mapp-c-760[39m[22m  [0m[1mkubernetes_namespace.odoo-app_ns_41817AE1: Creation complete after 0s [id=odoo][0m


1 Stack deploying     0 Stacks done     0 Stacks waiting
[2K[1A[2K[1A[2K[1A[2K[G[1m[33mapp-c-760[39m[22m  [0m[1mhelm_release.odoo-app_odoo-release_C04F3449: Creating...[0m[0m


1 Stack deploying     0 Stacks done     0 Stacks waiting
[2K[1A[2K[1A[2K[1A[2K[G[1m[33mapp-c-760[39m[22m  [0m[1mhelm_release.odoo-app_odoo-release_C04F3449: Still creating... [10s elapsed][0m[0m


1 Stack deploying     0 Stacks done     0 Stacks waiting
[2K[1A[2K[1A[2K[1A[2K[G[1m[33mapp-c-760[39m[22m  [0m[1mhelm_release.odoo-app_odoo-release_C04F3449: Still creating... [20s elapsed][0m[0m


1 Stack deploying     0 Stacks done     0 Stacks waiting
[2K[1A[2K[1A[2K[1A[2K[G[1m[33mapp-c-760[39m[22m  [0m[1mhelm_release.odoo-app_odoo-release_C04F3449: Still creating... [30s elapsed][0m[0m


1 Stack deploying     0 Stacks done     0 Stacks waiting
[2K[1A[2K[1A[2K[1A[2K[G[1m[33mapp-c-760[39m[22m  [0m[1mhelm_release.odoo-app_odoo-release_C04F3449: Still creating... [40s elapsed][0m[0m


1 Stack deploying     0 Stacks done     0 Stacks waiting
[2K[1A[2K[1A[2K[1A[2K[G[1m[33mapp-c-760[39m[22m  [0m[1mhelm_release.odoo-app_odoo-release_C04F3449: Still creating... [50s elapsed][0m[0m


1 Stack deploying     0 Stacks done     0 Stacks waiting
[2K[1A[2K[1A[2K[1A[2K[G[1m[33mapp-c-760[39m[22m  [0m[1mhelm_release.odoo-app_odoo-release_C04F3449: Still creating... [1m0s elapsed][0m[0m


1 Stack deploying     0 Stacks done     0 Stacks waiting
[2K[1A[2K[1A[2K[1A[2K[G[1m[33mapp-c-760[39m[22m  [0m[1mhelm_release.odoo-app_odoo-release_C04F3449: Still creating... [1m10s elapsed][0m[0m


1 Stack deploying     0 Stacks done     0 Stacks waiting
[2K[1A[2K[1A[2K[1A[2K[G[1m[33mapp-c-760[39m[22m  [0m[1mhelm_release.odoo-app_odoo-release_C04F3449: Still creating... [1m20s elapsed][0m[0m


1 Stack deploying     0 Stacks done     0 Stacks waiting
[2K[1A[2K[1A[2K[1A[2K[G[1m[33mapp-c-760[39m[22m  [0m[1mhelm_release.odoo-app_odoo-release_C04F3449: Still creating... [1m30s elapsed][0m[0m


1 Stack deploying     0 Stacks done     0 Stacks waiting
[2K[1A[2K[1A[2K[1A[2K[G[1m[33mapp-c-760[39m[22m  [0m[1mhelm_release.odoo-app_odoo-release_C04F3449: Still creating... [1m40s elapsed][0m[0m


1 Stack deploying     0 Stacks done     0 Stacks waiting
[2K[1A[2K[1A[2K[1A[2K[G[1m[33mapp-c-760[39m[22m  [0m[1mhelm_release.odoo-app_odoo-release_C04F3449: Still creating... [1m50s elapsed][0m[0m


1 Stack deploying     0 Stacks done     0 Stacks waiting
[2K[1A[2K[1A[2K[1A[2K[G[1m[33mapp-c-760[39m[22m  [0m[1mhelm_release.odoo-app_odoo-release_C04F3449: Still creating... [2m0s elapsed][0m[0m


1 Stack deploying     0 Stacks done     0 Stacks waiting
[2K[1A[2K[1A[2K[1A[2K[G[1m[33mapp-c-760[39m[22m  [0m[1mhelm_release.odoo-app_odoo-release_C04F3449: Still creating... [2m10s elapsed][0m[0m


1 Stack deploying     0 Stacks done     0 Stacks waiting
[2K[1A[2K[1A[2K[1A[2K[G[1m[33mapp-c-760[39m[22m  [0m[1mhelm_release.odoo-app_odoo-release_C04F3449: Still creating... [2m20s elapsed][0m[0m


1 Stack deploying     0 Stacks done     0 Stacks waiting
[2K[1A[2K[1A[2K[1A[2K[G[1m[33mapp-c-760[39m[22m  [0m[1mhelm_release.odoo-app_odoo-release_C04F3449: Still creating... [2m30s elapsed][0m[0m


1 Stack deploying     0 Stacks done     0 Stacks waiting
