#0 building with "default" instance using docker driver

#1 [internal] load build definition from Dockerfile
#1 transferring dockerfile: 154B done
#1 DONE 0.0s

#2 [internal] load metadata for docker.io/library/odoo:18.0
#2 DONE 0.6s

#3 [internal] load .dockerignore
#3 transferring context: 2B done
#3 DONE 0.0s

#4 [internal] load build context
#4 transferring context: 4.89kB done
#4 DONE 0.0s

#5 [1/3] FROM docker.io/library/odoo:18.0@sha256:f0d5dcafc72cacea66ae0ee8d7950d436d19d084ffade089f51e14c98b823803
#5 CACHED

#6 [2/3] COPY ./addons /mnt/extra-addons
#6 DONE 0.1s

#7 [3/3] RUN chown -R odoo:odoo /mnt/extra-addons
#7 0.167 + chown -R odoo:odoo /mnt/extra-addons
#7 DONE 0.2s

#8 exporting to image
#8 exporting layers
#8 exporting layers 3.8s done
#8 writing image sha256:0e4954788fc3a460b1c166c43086813dc503b7dbf0889a51a5c6c05d8aefa73f done
#8 naming to docker.io/library/odoo-custom:55d3a600-1781478489191 done
#8 DONE 3.8s
[36mINFO[0m[0000] Importing image(s) into cluster 'c-760'      
[36mINFO[0m[0000] Starting new tools node...                   
[36mINFO[0m[0000] Starting node 'k3d-c-760-tools'              
[36mINFO[0m[0000] Saving 1 image(s) from runtime...            
[36mINFO[0m[0016] Importing images into nodes...               
[36mINFO[0m[0016] Importing images from tarball '/k3d/images/k3d-c-760-images-20260614160814.tar' into node 'k3d-c-760-server-0'... 
[36mINFO[0m[0021] Removing the tarball(s) from image volume... 
[36mINFO[0m[0022] Removing k3d-tools node...                   
[36mINFO[0m[0022] Successfully imported image(s)               
[36mINFO[0m[0022] Successfully imported 1 image(s) into 1 cluster(s) 

⠋  [1mStarting[22m
[2K[1A[2K[1A[2K[G
⠋  [1mSynthesizing[22m
[2K[1A[2K[1A[2K[G
⠙  [1mSynthesizing[22m
[2K[1A[2K[1A[2K[G
⠹  [1mSynthesizing[22m
[2K[1A[2K[1A[2K[G
⠸  [1mSynthesizing[22m
[2K[1A[2K[1A[2K[G
⠼  [1mSynthesizing[22m
[2K[1A[2K[1A[2K[G
⠴  [1mSynthesizing[22m
[2K[1A[2K[1A[2K[G
⠦  [1mSynthesizing[22m
[2K[1A[2K[1A[2K[G
⠧  [1mSynthesizing[22m
[2K[1A[2K[1A[2K[G
⠇  [1mSynthesizing[22m
[2K[1A[2K[1A[2K[G
⠏  [1mSynthesizing[22m
[2K[1A[2K[1A[2K[G
⠋  [1mSynthesizing[22m
[2K[1A[2K[1A[2K[G
⠙  [1mSynthesizing[22m
[2K[1A[2K[1A[2K[G
⠹  [1mSynthesizing[22m
[2K[1A[2K[1A[2K[G

0 Stacks deploying     0 Stacks done     0 Stacks waiting
[2K[1A[2K[1A[2K[1A[2K[G[1m[33mapp-c-760-55d3a600[39m[22m  [0m[1mInitializing the backend...[0m


0 Stacks deploying     0 Stacks done     0 Stacks waiting
[2K[1A[2K[1A[2K[1A[2K[G

0 Stacks deploying     0 Stacks done     1 Stack waiting
[2K[1A[2K[1A[2K[1A[2K[G[1m[33mapp-c-760-55d3a600[39m[22m  [0m[1mInitializing provider plugins...[0m


0 Stacks deploying     0 Stacks done     1 Stack waiting
[2K[1A[2K[1A[2K[1A[2K[G[1m[33mapp-c-760-55d3a600[39m[22m  - Reusing previous version of hashicorp/kubernetes from the dependency lock file


0 Stacks deploying     0 Stacks done     1 Stack waiting
[2K[1A[2K[1A[2K[1A[2K[G[1m[33mapp-c-760-55d3a600[39m[22m  - Reusing previous version of hashicorp/helm from the dependency lock file


0 Stacks deploying     0 Stacks done     1 Stack waiting
[2K[1A[2K[1A[2K[1A[2K[G[1m[33mapp-c-760-55d3a600[39m[22m  - Using previously-installed hashicorp/kubernetes v2.38.0


0 Stacks deploying     0 Stacks done     1 Stack waiting
[2K[1A[2K[1A[2K[1A[2K[G[1m[33mapp-c-760-55d3a600[39m[22m  - Using previously-installed hashicorp/helm v2.17.0

                    [0m[1m[32mTerraform has been successfully initialized![0m[32m[0m
                    [0m[32m
                    You may now begin working with Terraform. Try running "terraform plan" to see
                    any changes that are required for your infrastructure. All Terraform commands
                    should now work.

                    If you ever set or change modules or backend configuration for Terraform,
                    rerun this command to reinitialize your working directory. If you forget, other
                    commands will detect it and remind you to do so if necessary.[0m


0 Stacks deploying     0 Stacks done     1 Stack waiting
[2K[1A[2K[1A[2K[1A[2K[G

1 Stack deploying     0 Stacks done     0 Stacks waiting
[2K[1A[2K[1A[2K[1A[2K[G[1m[33mapp-c-760-55d3a600[39m[22m  [0m[1mkubernetes_namespace.odoo-native_ns_7A795E22: Refreshing state... [id=odoo-local][0m


1 Stack deploying     0 Stacks done     0 Stacks waiting
[2K[1A[2K[1A[2K[1A[2K[G[1m[33mapp-c-760-55d3a600[39m[22m  [0m[1mkubernetes_persistent_volume_claim.odoo-native_pg-pvc_2701BE5E: Refreshing state... [id=odoo-local/odoo-pg-pvc][0m
                    [0m[1mkubernetes_secret.odoo-native_pg-secret_012E9E71: Refreshing state... [id=odoo-local/odoo-pg-credentials][0m


1 Stack deploying     0 Stacks done     0 Stacks waiting
[2K[1A[2K[1A[2K[1A[2K[G[1m[33mapp-c-760-55d3a600[39m[22m  [0m[1mkubernetes_service.odoo-native_odoo-service_A3CA2A5D: Refreshing state... [id=odoo-local/odoo][0m
                    [0m[1mkubernetes_service.odoo-native_pg-service_E5472CCD: Refreshing state... [id=odoo-local/db][0m


1 Stack deploying     0 Stacks done     0 Stacks waiting
[2K[1A[2K[1A[2K[1A[2K[G[1m[33mapp-c-760-55d3a600[39m[22m  [0m[1mkubernetes_deployment.odoo-native_odoo-deployment_A0915993: Refreshing state... [id=odoo-local/odoo][0m


1 Stack deploying     0 Stacks done     0 Stacks waiting
[2K[1A[2K[1A[2K[1A[2K[G[1m[33mapp-c-760-55d3a600[39m[22m  [0m[1mkubernetes_deployment.odoo-native_pg-deployment_F92EC94F: Refreshing state... [id=odoo-local/odoo-db][0m


1 Stack deploying     0 Stacks done     0 Stacks waiting
[2K[1A[2K[1A[2K[1A[2K[G[1m[33mapp-c-760-55d3a600[39m[22m  Terraform used the selected providers to generate the following execution plan.
                    Resource actions are indicated with the following symbols:
                      [33m~[0m update in-place[0m

                    Terraform will perform the following actions:


1 Stack deploying     0 Stacks done     0 Stacks waiting
[2K[1A[2K[1A[2K[1A[2K[G[1m[33mapp-c-760-55d3a600[39m[22m  [1m  # kubernetes_deployment.odoo-native_odoo-deployment_A0915993 (odoo-native/odoo-deployment)[0m will be updated in-place
                    [0m  [33m~[0m[0m resource "kubernetes_deployment" "odoo-native_odoo-deployment_A0915993" {
                            id               = "odoo-local/odoo"
                            [90m# (1 unchanged attribute hidden)[0m[0m

                          [33m~[0m[0m spec {
                                [90m# (5 unchanged attributes hidden)[0m[0m

                              [33m~[0m[0m template {
                                  [33m~[0m[0m spec {
                                        [90m# (18 unchanged attributes hidden)[0m[0m

                                      [33m~[0m[0m container {
                                          [33m~[0m[0m image                      = "odoo-custom:55d3a600-1781478207003" [33m->[0m[0m "odoo-custom:55d3a600-1781478489191"
                                            name                       = "odoo"
                                            [90m# (9 unchanged attributes hidden)[0m[0m

                                            [90m# (5 unchanged blocks hidden)[0m[0m
                                        }
                                    }

                                    [90m# (1 unchanged block hidden)[0m[0m
                                }

                                [90m# (2 unchanged blocks hidden)[0m[0m
                            }

                            [90m# (1 unchanged block hidden)[0m[0m
                        }

                    [1mPlan:[0m 0 to add, 1 to change, 0 to destroy.


1 Stack deploying     0 Stacks done     0 Stacks waiting
[2K[1A[2K[1A[2K[1A[2K[G[1m[33mapp-c-760-55d3a600[39m[22m  [0m[0m[1mkubernetes_deployment.odoo-native_odoo-deployment_A0915993: Modifying... [id=odoo-local/odoo][0m[0m


1 Stack deploying     0 Stacks done     0 Stacks waiting
[2K[1A[2K[1A[2K[1A[2K[G[1m[33mapp-c-760-55d3a600[39m[22m  [0m[1mkubernetes_deployment.odoo-native_odoo-deployment_A0915993: Modifications complete after 1s [id=odoo-local/odoo][0m


1 Stack deploying     0 Stacks done     0 Stacks waiting
[2K[1A[2K[1A[2K[1A[2K[G[1m[33mapp-c-760-55d3a600[39m[22m  [0m[1m[32m
                    Apply complete! Resources: 0 added, 1 changed, 0 destroyed.


1 Stack deploying     0 Stacks done     0 Stacks waiting
[2K[1A[2K[1A[2K[1A[2K[G
No outputs found.
