
⠋  Starting
[2K[1A[2K[1A[2K[G
⠋  Synthesizing
[2K[1A[2K[1A[2K[G
⠙  Synthesizing
[2K[1A[2K[1A[2K[G
⠹  Synthesizing
[2K[1A[2K[1A[2K[G
⠸  Synthesizing
[2K[1A[2K[1A[2K[G
⠼  Synthesizing
[2K[1A[2K[1A[2K[G
⠴  Synthesizing
[2K[1A[2K[1A[2K[G
⠦  Synthesizing
[2K[1A[2K[1A[2K[G
⠧  Synthesizing
[2K[1A[2K[1A[2K[G
⠇  Synthesizing
[2K[1A[2K[1A[2K[G
⠏  Synthesizing
[2K[1A[2K[1A[2K[G
⠋  Synthesizing
[2K[1A[2K[1A[2K[G
⠙  Synthesizing
[2K[1A[2K[1A[2K[G
⠹  Synthesizing
[2K[1A[2K[1A[2K[G

0 Stacks destroying     0 Stacks done     0 Stacks waiting
[2K[1A[2K[1A[2K[1A[2K[Gapp-e2e-fleet-167-8d53d630  [0m[1mInitializing the backend...[0m


0 Stacks destroying     0 Stacks done     0 Stacks waiting
[2K[1A[2K[1A[2K[1A[2K[G

0 Stacks destroying     0 Stacks done     1 Stack waiting
[2K[1A[2K[1A[2K[1A[2K[Gapp-e2e-fleet-167-8d53d630  [0m[1mInitializing provider plugins...[0m
                            - Reusing previous version of hashicorp/kubernetes from the dependency lock file


0 Stacks destroying     0 Stacks done     1 Stack waiting
[2K[1A[2K[1A[2K[1A[2K[Gapp-e2e-fleet-167-8d53d630  - Reusing previous version of hashicorp/helm from the dependency lock file


0 Stacks destroying     0 Stacks done     1 Stack waiting
[2K[1A[2K[1A[2K[1A[2K[Gapp-e2e-fleet-167-8d53d630  - Using previously-installed hashicorp/kubernetes v2.38.0


0 Stacks destroying     0 Stacks done     1 Stack waiting
[2K[1A[2K[1A[2K[1A[2K[Gapp-e2e-fleet-167-8d53d630  - Using previously-installed hashicorp/helm v2.17.0

                            [0m[1m[32mTerraform has been successfully initialized![0m[32m[0m
                            [0m[32m
                            You may now begin working with Terraform. Try running "terraform plan" to see
                            any changes that are required for your infrastructure. All Terraform commands
                            should now work.

                            If you ever set or change modules or backend configuration for Terraform,
                            rerun this command to reinitialize your working directory. If you forget, other
                            commands will detect it and remind you to do so if necessary.[0m


0 Stacks destroying     0 Stacks done     1 Stack waiting
[2K[1A[2K[1A[2K[1A[2K[G

1 Stack destroying     0 Stacks done     0 Stacks waiting
[2K[1A[2K[1A[2K[1A[2K[Gapp-e2e-fleet-167-8d53d630  [0m[1mkubernetes_namespace.odoo-native_ns_7A795E22: Refreshing state... [id=odoo-e2e][0m


1 Stack destroying     0 Stacks done     0 Stacks waiting
[2K[1A[2K[1A[2K[1A[2K[Gapp-e2e-fleet-167-8d53d630  [0m[1mkubernetes_persistent_volume_claim.odoo-native_pg-pvc_2701BE5E: Refreshing state... [id=odoo-e2e/odoo-pg-pvc][0m


1 Stack destroying     0 Stacks done     0 Stacks waiting
[2K[1A[2K[1A[2K[1A[2K[Gapp-e2e-fleet-167-8d53d630  [0m[1mkubernetes_secret.odoo-native_pg-secret_012E9E71: Refreshing state... [id=odoo-e2e/odoo-pg-credentials][0m
                            [0m[1mkubernetes_service.odoo-native_pg-service_E5472CCD: Refreshing state... [id=odoo-e2e/db][0m
                            [0m[1mkubernetes_service.odoo-native_odoo-service_A3CA2A5D: Refreshing state... [id=odoo-e2e/odoo][0m


1 Stack destroying     0 Stacks done     0 Stacks waiting
[2K[1A[2K[1A[2K[1A[2K[Gapp-e2e-fleet-167-8d53d630  [0m[1mkubernetes_deployment.odoo-native_odoo-deployment_A0915993: Refreshing state... [id=odoo-e2e/odoo][0m


1 Stack destroying     0 Stacks done     0 Stacks waiting
[2K[1A[2K[1A[2K[1A[2K[Gapp-e2e-fleet-167-8d53d630  [0m[1mkubernetes_deployment.odoo-native_pg-deployment_F92EC94F: Refreshing state... [id=odoo-e2e/odoo-db][0m


1 Stack destroying     0 Stacks done     0 Stacks waiting
[2K[1A[2K[1A[2K[1A[2K[Gapp-e2e-fleet-167-8d53d630  Terraform used the selected providers to generate the following execution plan.
                            Resource actions are indicated with the following symbols:
                              [31m-[0m destroy[0m

                            Terraform will perform the following actions:


1 Stack destroying     0 Stacks done     0 Stacks waiting
[2K[1A[2K[1A[2K[1A[2K[Gapp-e2e-fleet-167-8d53d630  [1m  # kubernetes_deployment.odoo-native_odoo-deployment_A0915993 (odoo-native/odoo-deployment)[0m will be [1m[31mdestroyed[0m
                            [0m  [31m-[0m[0m resource "kubernetes_deployment" "odoo-native_odoo-deployment_A0915993" {
                                  [31m-[0m[0m id               = "odoo-e2e/odoo" [90m-> null[0m[0m
                                  [31m-[0m[0m wait_for_rollout = true [90m-> null[0m[0m

                                  [31m-[0m[0m metadata {
                                      [31m-[0m[0m annotations      = {} [90m-> null[0m[0m
                                      [31m-[0m[0m generation       = 3 [90m-> null[0m[0m
                                      [31m-[0m[0m labels           = {
                                          [31m-[0m[0m "app" = "odoo-odoo-native"
                                        } [90m-> null[0m[0m
                                      [31m-[0m[0m name             = "odoo" [90m-> null[0m[0m
                                      [31m-[0m[0m namespace        = "odoo-e2e" [90m-> null[0m[0m
                                      [31m-[0m[0m resource_version = "1338" [90m-> null[0m[0m
                                      [31m-[0m[0m uid              = "0e90f236-4fe8-469d-b8b0-e35d5f940684" [90m-> null[0m[0m
                                        [90m# (1 unchanged attribute hidden)[0m[0m
                                    }

                                  [31m-[0m[0m spec {
                                      [31m-[0m[0m min_ready_seconds         = 0 [90m-> null[0m[0m
                                      [31m-[0m[0m paused                    = false [90m-> null[0m[0m
                                      [31m-[0m[0m progress_deadline_seconds = 600 [90m-> null[0m[0m
                                      [31m-[0m[0m replicas                  = "1" [90m-> null[0m[0m
                                      [31m-[0m[0m revision_history_limit    = 10 [90m-> null[0m[0m

                                      [31m-[0m[0m selector {
                                          [31m-[0m[0m match_labels = {
                                              [31m-[0m[0m "app" = "odoo-odoo-native"
                                            } [90m-> null[0m[0m
                                        }

                                      [31m-[0m[0m strategy {
                                          [31m-[0m[0m type = "RollingUpdate" [90m-> null[0m[0m

                                          [31m-[0m[0m rolling_update {
                                              [31m-[0m[0m max_surge       = "25%" [90m-> null[0m[0m
                                              [31m-[0m[0m max_unavailable = "25%" [90m-> null[0m[0m
                                            }
                                        }

                                      [31m-[0m[0m template {
                                          [31m-[0m[0m metadata {
                                              [31m-[0m[0m annotations      = {} [90m-> null[0m[0m
                                              [31m-[0m[0m generation       = 0 [90m-> null[0m[0m
                                              [31m-[0m[0m labels           = {
                                                  [31m-[0m[0m "app" = "odoo-odoo-native"
                                                } [90m-> null[0m[0m
                                                name             = [90mnull[0m[0m
                                                [90m# (4 unchanged attributes hidden)[0m[0m
                                            }
                                          [31m-[0m[0m spec {
                                              [31m-[0m[0m active_deadline_seconds          = 0 [90m-> null[0m[0m
                                              [31m-[0m[0m automount_service_account_token  = true [90m-> null[0m[0m
                                              [31m-[0m[0m dns_policy                       = "ClusterFirst" [90m-> null[0m[0m
                                              [31m-[0m[0m enable_service_links             = true [90m-> null[0m[0m
                                              [31m-[0m[0m host_ipc                         = false [90m-> null[0m[0m
                                              [31m-[0m[0m host_network                     = false [90m-> null[0m[0m
                                              [31m-[0m[0m host_pid                         = false [90m-> null[0m[0m
                                              [31m-[0m[0m node_selector                    = {} [90m-> null[0m[0m
                                              [31m-[0m[0m restart_policy                   = "Always" [90m-> null[0m[0m
                                              [31m-[0m[0m scheduler_name                   = "default-scheduler" [90m-> null[0m[0m
                                              [31m-[0m[0m share_process_namespace          = false [90m-> null[0m[0m
                                              [31m-[0m[0m termination_grace_period_seconds = 30 [90m-> null[0m[0m
                                                [90m# (6 unchanged attributes hidden)[0m[0m

                                              [31m-[0m[0m container {
                                                  [31m-[0m[0m args                       = [] [90m-> null[0m[0m
                                                  [31m-[0m[0m command                    = [] [90m-> null[0m[0m


1 Stack destroying     0 Stacks done     0 Stacks waiting
[2K[1A[2K[1A[2K[1A[2K[Gapp-e2e-fleet-167-8d53d630  [31m-[0m[0m image                      = "library/odoo:18.0" [90m-> null[0m[0m
                                                  [31m-[0m[0m image_pull_policy          = "IfNotPresent" [90m-> null[0m[0m
                                                  [31m-[0m[0m name                       = "odoo" [90m-> null[0m[0m
                                                  [31m-[0m[0m stdin                      = false [90m-> null[0m[0m
                                                  [31m-[0m[0m stdin_once                 = false [90m-> null[0m[0m
                                                  [31m-[0m[0m termination_message_path   = "/dev/termination-log" [90m-> null[0m[0m
                                                  [31m-[0m[0m termination_message_policy = "File" [90m-> null[0m[0m
                                                  [31m-[0m[0m tty                        = false [90m-> null[0m[0m
                                                    [90m# (1 unchanged attribute hidden)[0m[0m

                                                  [31m-[0m[0m env {
                                                      [31m-[0m[0m name  = "HOST" [90m-> null[0m[0m
                                                      [31m-[0m[0m value = "db" [90m-> null[0m[0m
                                                    }
                                                  [31m-[0m[0m env {
                                                      [31m-[0m[0m name  = "USER" [90m-> null[0m[0m
                                                      [31m-[0m[0m value = "odoo" [90m-> null[0m[0m
                                                    }
                                                  [31m-[0m[0m env {
                                                      [31m-[0m[0m name  = "PASSWORD" [90m-> null[0m[0m
                                                        [90m# (1 unchanged attribute hidden)[0m[0m

                                                      [31m-[0m[0m value_from {
                                                          [31m-[0m[0m secret_key_ref {
                                                              [31m-[0m[0m key      = "postgres-password" [90m-> null[0m[0m
                                                              [31m-[0m[0m name     = "odoo-pg-credentials" [90m-> null[0m[0m
                                                              [31m-[0m[0m optional = false [90m-> null[0m[0m
                                                            }
                                                        }
                                                    }

                                                  [31m-[0m[0m port {
                                                      [31m-[0m[0m container_port = 8069 [90m-> null[0m[0m
                                                      [31m-[0m[0m host_port      = 0 [90m-> null[0m[0m
                                                        name           = [90mnull[0m[0m
                                                      [31m-[0m[0m protocol       = "TCP" [90m-> null[0m[0m
                                                        [90m# (1 unchanged attribute hidden)[0m[0m
                                                    }

                                                  [31m-[0m[0m resources {
                                                      [31m-[0m[0m limits   = {} [90m-> null[0m[0m
                                                      [31m-[0m[0m requests = {} [90m-> null[0m[0m
                                                    }
                                                }
                                            }
                                        }
                                    }
                                }

                            [1m  # kubernetes_deployment.odoo-native_pg-deployment_F92EC94F (odoo-native/pg-deployment)[0m will be [1m[31mdestroyed[0m
                            [0m  [31m-[0m[0m resource "kubernetes_deployment" "odoo-native_pg-deployment_F92EC94F" {
                                  [31m-[0m[0m id               = "odoo-e2e/odoo-db" [90m-> null[0m[0m
                                  [31m-[0m[0m wait_for_rollout = true [90m-> null[0m[0m

                                  [31m-[0m[0m metadata {
                                      [31m-[0m[0m annotations      = {} [90m-> null[0m[0m
                                      [31m-[0m[0m generation       = 1 [90m-> null[0m[0m
                                      [31m-[0m[0m labels           = {
                                          [31m-[0m[0m "app" = "odoo-db-odoo-native"
                                        } [90m-> null[0m[0m
                                      [31m-[0m[0m name             = "odoo-db" [90m-> null[0m[0m
                                      [31m-[0m[0m namespace        = "odoo-e2e" [90m-> null[0m[0m
                                      [31m-[0m[0m resource_version = "1241" [90m-> null[0m[0m
                                      [31m-[0m[0m uid              = "1943fa9f-08ed-4132-a587-ac9215360812" [90m-> null[0m[0m
                                        [90m# (1 unchanged attribute hidden)[0m[0m
                                    }

                                  [31m-[0m[0m spec {
                                      [31m-[0m[0m min_ready_seconds         = 0 [90m-> null[0m[0m
                                      [31m-[0m[0m paused                    = false [90m-> null[0m[0m


1 Stack destroying     0 Stacks done     0 Stacks waiting
[2K[1A[2K[1A[2K[1A[2K[Gapp-e2e-fleet-167-8d53d630  [31m-[0m[0m progress_deadline_seconds = 600 [90m-> null[0m[0m
                                      [31m-[0m[0m replicas                  = "1" [90m-> null[0m[0m
                                      [31m-[0m[0m revision_history_limit    = 10 [90m-> null[0m[0m

                                      [31m-[0m[0m selector {
                                          [31m-[0m[0m match_labels = {
                                              [31m-[0m[0m "app" = "odoo-db-odoo-native"
                                            } [90m-> null[0m[0m
                                        }

                                      [31m-[0m[0m strategy {
                                          [31m-[0m[0m type = "RollingUpdate" [90m-> null[0m[0m

                                          [31m-[0m[0m rolling_update {
                                              [31m-[0m[0m max_surge       = "25%" [90m-> null[0m[0m
                                              [31m-[0m[0m max_unavailable = "25%" [90m-> null[0m[0m
                                            }
                                        }

                                      [31m-[0m[0m template {
                                          [31m-[0m[0m metadata {
                                              [31m-[0m[0m annotations      = {} [90m-> null[0m[0m
                                              [31m-[0m[0m generation       = 0 [90m-> null[0m[0m
                                              [31m-[0m[0m labels           = {
                                                  [31m-[0m[0m "app" = "odoo-db-odoo-native"
                                                } [90m-> null[0m[0m
                                                name             = [90mnull[0m[0m
                                                [90m# (4 unchanged attributes hidden)[0m[0m
                                            }
                                          [31m-[0m[0m spec {
                                              [31m-[0m[0m active_deadline_seconds          = 0 [90m-> null[0m[0m
                                              [31m-[0m[0m automount_service_account_token  = true [90m-> null[0m[0m
                                              [31m-[0m[0m dns_policy                       = "ClusterFirst" [90m-> null[0m[0m
                                              [31m-[0m[0m enable_service_links             = true [90m-> null[0m[0m
                                              [31m-[0m[0m host_ipc                         = false [90m-> null[0m[0m
                                              [31m-[0m[0m host_network                     = false [90m-> null[0m[0m
                                              [31m-[0m[0m host_pid                         = false [90m-> null[0m[0m
                                              [31m-[0m[0m node_selector                    = {} [90m-> null[0m[0m
                                              [31m-[0m[0m restart_policy                   = "Always" [90m-> null[0m[0m
                                              [31m-[0m[0m scheduler_name                   = "default-scheduler" [90m-> null[0m[0m
                                              [31m-[0m[0m share_process_namespace          = false [90m-> null[0m[0m
                                              [31m-[0m[0m termination_grace_period_seconds = 30 [90m-> null[0m[0m
                                                [90m# (6 unchanged attributes hidden)[0m[0m

                                              [31m-[0m[0m container {
                                                  [31m-[0m[0m args                       = [] [90m-> null[0m[0m
                                                  [31m-[0m[0m command                    = [] [90m-> null[0m[0m
                                                  [31m-[0m[0m image                      = "library/postgres:16.4" [90m-> null[0m[0m
                                                  [31m-[0m[0m image_pull_policy          = "IfNotPresent" [90m-> null[0m[0m
                                                  [31m-[0m[0m name                       = "postgres" [90m-> null[0m[0m
                                                  [31m-[0m[0m stdin                      = false [90m-> null[0m[0m
                                                  [31m-[0m[0m stdin_once                 = false [90m-> null[0m[0m
                                                  [31m-[0m[0m termination_message_path   = "/dev/termination-log" [90m-> null[0m[0m
                                                  [31m-[0m[0m termination_message_policy = "File" [90m-> null[0m[0m
                                                  [31m-[0m[0m tty                        = false [90m-> null[0m[0m
                                                    [90m# (1 unchanged attribute hidden)[0m[0m

                                                  [31m-[0m[0m env {
                                                      [31m-[0m[0m name  = "POSTGRES_USER" [90m-> null[0m[0m
                                                      [31m-[0m[0m value = "odoo" [90m-> null[0m[0m
                                                    }
                                                  [31m-[0m[0m env {
                                                      [31m-[0m[0m name  = "POSTGRES_PASSWORD" [90m-> null[0m[0m


1 Stack destroying     0 Stacks done     0 Stacks waiting
[2K[1A[2K[1A[2K[1A[2K[Gapp-e2e-fleet-167-8d53d630  [90m# (1 unchanged attribute hidden)[0m[0m

                                                      [31m-[0m[0m value_from {
                                                          [31m-[0m[0m secret_key_ref {
                                                              [31m-[0m[0m key      = "postgres-password" [90m-> null[0m[0m
                                                              [31m-[0m[0m name     = "odoo-pg-credentials" [90m-> null[0m[0m
                                                              [31m-[0m[0m optional = false [90m-> null[0m[0m
                                                            }
                                                        }
                                                    }
                                                  [31m-[0m[0m env {
                                                      [31m-[0m[0m name  = "POSTGRES_DB" [90m-> null[0m[0m
                                                      [31m-[0m[0m value = "postgres" [90m-> null[0m[0m
                                                    }
                                                  [31m-[0m[0m env {
                                                      [31m-[0m[0m name  = "PGDATA" [90m-> null[0m[0m
                                                      [31m-[0m[0m value = "/var/lib/postgresql/data/pgdata" [90m-> null[0m[0m
                                                    }

                                                  [31m-[0m[0m port {
                                                      [31m-[0m[0m container_port = 5432 [90m-> null[0m[0m
                                                      [31m-[0m[0m host_port      = 0 [90m-> null[0m[0m
                                                        name           = [90mnull[0m[0m
                                                      [31m-[0m[0m protocol       = "TCP" [90m-> null[0m[0m
                                                        [90m# (1 unchanged attribute hidden)[0m[0m
                                                    }

                                                  [31m-[0m[0m resources {
                                                      [31m-[0m[0m limits   = {} [90m-> null[0m[0m
                                                      [31m-[0m[0m requests = {} [90m-> null[0m[0m
                                                    }

                                                  [31m-[0m[0m volume_mount {
                                                      [31m-[0m[0m mount_path        = "/var/lib/postgresql" [90m-> null[0m[0m
                                                      [31m-[0m[0m mount_propagation = "None" [90m-> null[0m[0m
                                                      [31m-[0m[0m name              = "pg-data" [90m-> null[0m[0m
                                                      [31m-[0m[0m read_only         = false [90m-> null[0m[0m
                                                        [90m# (2 unchanged attributes hidden)[0m[0m
                                                    }
                                                }

                                              [31m-[0m[0m volume {
                                                  [31m-[0m[0m name = "pg-data" [90m-> null[0m[0m

                                                  [31m-[0m[0m persistent_volume_claim {
                                                      [31m-[0m[0m claim_name = "odoo-pg-pvc" [90m-> null[0m[0m
                                                      [31m-[0m[0m read_only  = false [90m-> null[0m[0m
                                                    }
                                                }
                                            }
                                        }
                                    }
                                }

                            [1m  # kubernetes_namespace.odoo-native_ns_7A795E22 (odoo-native/ns)[0m will be [1m[31mdestroyed[0m
                            [0m  [31m-[0m[0m resource "kubernetes_namespace" "odoo-native_ns_7A795E22" {
                                  [31m-[0m[0m id                               = "odoo-e2e" [90m-> null[0m[0m
                                  [31m-[0m[0m wait_for_default_service_account = false [90m-> null[0m[0m

                                  [31m-[0m[0m metadata {
                                      [31m-[0m[0m annotations      = {} [90m-> null[0m[0m
                                      [31m-[0m[0m generation       = 0 [90m-> null[0m[0m
                                      [31m-[0m[0m labels           = {} [90m-> null[0m[0m
                                      [31m-[0m[0m name             = "odoo-e2e" [90m-> null[0m[0m
                                      [31m-[0m[0m resource_version = "1141" [90m-> null[0m[0m
                                      [31m-[0m[0m uid              = "8af42f8d-af32-4426-8e93-3a504378df7e" [90m-> null[0m[0m
                                        [90m# (1 unchanged attribute hidden)[0m[0m
                                    }
                                }

                            [1m  # kubernetes_persistent_volume_claim.odoo-native_pg-pvc_2701BE5E (odoo-native/pg-pvc)[0m will be [1m[31mdestroyed[0m
                            [0m  [31m-[0m[0m resource "kubernetes_persistent_volume_claim" "odoo-native_pg-pvc_2701BE5E" {
                                  [31m-[0m[0m id               = "odoo-e2e/odoo-pg-pvc" [90m-> null[0m[0m
                                  [31m-[0m[0m wait_until_bound = false [90m-> null[0m[0m

                                  [31m-[0m[0m metadata {


1 Stack destroying     0 Stacks done     0 Stacks waiting
[2K[1A[2K[1A[2K[1A[2K[Gapp-e2e-fleet-167-8d53d630  [31m-[0m[0m annotations      = {} [90m-> null[0m[0m
                                      [31m-[0m[0m generation       = 0 [90m-> null[0m[0m
                                      [31m-[0m[0m labels           = {} [90m-> null[0m[0m
                                      [31m-[0m[0m name             = "odoo-pg-pvc" [90m-> null[0m[0m
                                      [31m-[0m[0m namespace        = "odoo-e2e" [90m-> null[0m[0m
                                      [31m-[0m[0m resource_version = "1305" [90m-> null[0m[0m
                                      [31m-[0m[0m uid              = "16e2d534-6a4e-4a08-856d-66142def4b24" [90m-> null[0m[0m
                                        [90m# (1 unchanged attribute hidden)[0m[0m
                                    }

                                  [31m-[0m[0m spec {
                                      [31m-[0m[0m access_modes       = [
                                          [31m-[0m[0m "ReadWriteOnce",
                                        ] [90m-> null[0m[0m
                                      [31m-[0m[0m storage_class_name = "local-path" [90m-> null[0m[0m
                                      [31m-[0m[0m volume_mode        = "Filesystem" [90m-> null[0m[0m
                                      [31m-[0m[0m volume_name        = "pvc-16e2d534-6a4e-4a08-856d-66142def4b24" [90m-> null[0m[0m

                                      [31m-[0m[0m resources {
                                          [31m-[0m[0m limits   = {} [90m-> null[0m[0m
                                          [31m-[0m[0m requests = {
                                              [31m-[0m[0m "storage" = "3Gi"
                                            } [90m-> null[0m[0m
                                        }
                                    }
                                }

                            [1m  # kubernetes_secret.odoo-native_pg-secret_012E9E71 (odoo-native/pg-secret)[0m will be [1m[31mdestroyed[0m
                            [0m  [31m-[0m[0m resource "kubernetes_secret" "odoo-native_pg-secret_012E9E71" {
                                  [31m-[0m[0m data                           = (sensitive value) [90m-> null[0m[0m
                                  [31m-[0m[0m id                             = "odoo-e2e/odoo-pg-credentials" [90m-> null[0m[0m
                                  [31m-[0m[0m immutable                      = false [90m-> null[0m[0m
                                  [31m-[0m[0m type                           = "Opaque" [90m-> null[0m[0m
                                  [31m-[0m[0m wait_for_service_account_token = true [90m-> null[0m[0m

                                  [31m-[0m[0m metadata {
                                      [31m-[0m[0m annotations      = {} [90m-> null[0m[0m
                                      [31m-[0m[0m generation       = 0 [90m-> null[0m[0m
                                      [31m-[0m[0m labels           = {} [90m-> null[0m[0m
                                      [31m-[0m[0m name             = "odoo-pg-credentials" [90m-> null[0m[0m
                                      [31m-[0m[0m namespace        = "odoo-e2e" [90m-> null[0m[0m
                                      [31m-[0m[0m resource_version = "1144" [90m-> null[0m[0m
                                      [31m-[0m[0m uid              = "6b6a8562-6668-451e-85cd-542005e678fe" [90m-> null[0m[0m
                                        [90m# (1 unchanged attribute hidden)[0m[0m
                                    }
                                }

                            [1m  # kubernetes_service.odoo-native_odoo-service_A3CA2A5D (odoo-native/odoo-service)[0m will be [1m[31mdestroyed[0m
                            [0m  [31m-[0m[0m resource "kubernetes_service" "odoo-native_odoo-service_A3CA2A5D" {
                                  [31m-[0m[0m id                     = "odoo-e2e/odoo" [90m-> null[0m[0m
                                  [31m-[0m[0m status                 = [
                                      [31m-[0m[0m {
                                          [31m-[0m[0m load_balancer = [
                                              [31m-[0m[0m {
                                                  [31m-[0m[0m ingress = [
                                                      [31m-[0m[0m {
                                                          [31m-[0m[0m ip       = "10.0.0.220"
                                                            [90m# (1 unchanged attribute hidden)[0m[0m
                                                        },
                                                    ]
                                                },
                                            ]
                                        },
                                    ] [90m-> null[0m[0m
                                  [31m-[0m[0m wait_for_load_balancer = false [90m-> null[0m[0m

                                  [31m-[0m[0m metadata {
                                      [31m-[0m[0m annotations      = {} [90m-> null[0m[0m
                                      [31m-[0m[0m generation       = 0 [90m-> null[0m[0m
                                      [31m-[0m[0m labels           = {} [90m-> null[0m[0m
                                      [31m-[0m[0m name             = "odoo" [90m-> null[0m[0m
                                      [31m-[0m[0m namespace        = "odoo-e2e" [90m-> null[0m[0m
                                      [31m-[0m[0m resource_version = "1205" [90m-> null[0m[0m
                                      [31m-[0m[0m uid              = "34c4c3f3-31dd-4d40-80ec-9c098157ab5d" [90m-> null[0m[0m
                                        [90m# (1 unchanged attribute hidden)[0m[0m


1 Stack destroying     0 Stacks done     0 Stacks waiting
[2K[1A[2K[1A[2K[1A[2K[Gapp-e2e-fleet-167-8d53d630  }

                                  [31m-[0m[0m spec {
                                      [31m-[0m[0m allocate_load_balancer_node_ports = true [90m-> null[0m[0m
                                      [31m-[0m[0m cluster_ip                        = "10.43.13.37" [90m-> null[0m[0m
                                      [31m-[0m[0m cluster_ips                       = [
                                          [31m-[0m[0m "10.43.13.37",
                                        ] [90m-> null[0m[0m
                                      [31m-[0m[0m external_ips                      = [] [90m-> null[0m[0m
                                      [31m-[0m[0m external_traffic_policy           = "Cluster" [90m-> null[0m[0m
                                      [31m-[0m[0m health_check_node_port            = 0 [90m-> null[0m[0m
                                      [31m-[0m[0m internal_traffic_policy           = "Cluster" [90m-> null[0m[0m
                                      [31m-[0m[0m ip_families                       = [
                                          [31m-[0m[0m "IPv4",
                                        ] [90m-> null[0m[0m
                                      [31m-[0m[0m ip_family_policy                  = "SingleStack" [90m-> null[0m[0m
                                      [31m-[0m[0m load_balancer_source_ranges       = [] [90m-> null[0m[0m
                                      [31m-[0m[0m publish_not_ready_addresses       = false [90m-> null[0m[0m
                                      [31m-[0m[0m selector                          = {
                                          [31m-[0m[0m "app" = "odoo-odoo-native"
                                        } [90m-> null[0m[0m
                                      [31m-[0m[0m session_affinity                  = "None" [90m-> null[0m[0m
                                      [31m-[0m[0m type                              = "LoadBalancer" [90m-> null[0m[0m
                                        [90m# (3 unchanged attributes hidden)[0m[0m

                                      [31m-[0m[0m port {
                                            name         = [90mnull[0m[0m
                                          [31m-[0m[0m node_port    = 32019 [90m-> null[0m[0m
                                          [31m-[0m[0m port         = 8069 [90m-> null[0m[0m
                                          [31m-[0m[0m protocol     = "TCP" [90m-> null[0m[0m
                                          [31m-[0m[0m target_port  = "8069" [90m-> null[0m[0m
                                            [90m# (1 unchanged attribute hidden)[0m[0m
                                        }
                                    }
                                }

                            [1m  # kubernetes_service.odoo-native_pg-service_E5472CCD (odoo-native/pg-service)[0m will be [1m[31mdestroyed[0m
                            [0m  [31m-[0m[0m resource "kubernetes_service" "odoo-native_pg-service_E5472CCD" {
                                  [31m-[0m[0m id                     = "odoo-e2e/db" [90m-> null[0m[0m
                                  [31m-[0m[0m status                 = [
                                      [31m-[0m[0m {
                                          [31m-[0m[0m load_balancer = [
                                              [31m-[0m[0m {
                                                  [31m-[0m[0m ingress = []
                                                },
                                            ]
                                        },
                                    ] [90m-> null[0m[0m
                                  [31m-[0m[0m wait_for_load_balancer = true [90m-> null[0m[0m

                                  [31m-[0m[0m metadata {
                                      [31m-[0m[0m annotations      = {} [90m-> null[0m[0m
                                      [31m-[0m[0m generation       = 0 [90m-> null[0m[0m
                                      [31m-[0m[0m labels           = {} [90m-> null[0m[0m
                                      [31m-[0m[0m name             = "db" [90m-> null[0m[0m
                                      [31m-[0m[0m namespace        = "odoo-e2e" [90m-> null[0m[0m
                                      [31m-[0m[0m resource_version = "1150" [90m-> null[0m[0m
                                      [31m-[0m[0m uid              = "a97a356c-2fb6-483d-b536-f683d23ea932" [90m-> null[0m[0m
                                        [90m# (1 unchanged attribute hidden)[0m[0m
                                    }

                                  [31m-[0m[0m spec {
                                      [31m-[0m[0m allocate_load_balancer_node_ports = true [90m-> null[0m[0m
                                      [31m-[0m[0m cluster_ip                        = "10.43.98.91" [90m-> null[0m[0m
                                      [31m-[0m[0m cluster_ips                       = [
                                          [31m-[0m[0m "10.43.98.91",
                                        ] [90m-> null[0m[0m
                                      [31m-[0m[0m external_ips                      = [] [90m-> null[0m[0m
                                      [31m-[0m[0m health_check_node_port            = 0 [90m-> null[0m[0m
                                      [31m-[0m[0m internal_traffic_policy           = "Cluster" [90m-> null[0m[0m
                                      [31m-[0m[0m ip_families                       = [
                                          [31m-[0m[0m "IPv4",
                                        ] [90m-> null[0m[0m


1 Stack destroying     0 Stacks done     0 Stacks waiting
[2K[1A[2K[1A[2K[1A[2K[Gapp-e2e-fleet-167-8d53d630  [31m-[0m[0m ip_family_policy                  = "SingleStack" [90m-> null[0m[0m
                                      [31m-[0m[0m load_balancer_source_ranges       = [] [90m-> null[0m[0m
                                      [31m-[0m[0m publish_not_ready_addresses       = false [90m-> null[0m[0m
                                      [31m-[0m[0m selector                          = {
                                          [31m-[0m[0m "app" = "odoo-db-odoo-native"
                                        } [90m-> null[0m[0m
                                      [31m-[0m[0m session_affinity                  = "None" [90m-> null[0m[0m
                                      [31m-[0m[0m type                              = "ClusterIP" [90m-> null[0m[0m
                                        [90m# (4 unchanged attributes hidden)[0m[0m

                                      [31m-[0m[0m port {
                                            name         = [90mnull[0m[0m
                                          [31m-[0m[0m node_port    = 0 [90m-> null[0m[0m
                                          [31m-[0m[0m port         = 5432 [90m-> null[0m[0m
                                          [31m-[0m[0m protocol     = "TCP" [90m-> null[0m[0m
                                          [31m-[0m[0m target_port  = "5432" [90m-> null[0m[0m
                                            [90m# (1 unchanged attribute hidden)[0m[0m
                                        }
                                    }
                                }

                            [1mPlan:[0m 0 to add, 0 to change, 7 to destroy.


1 Stack destroying     0 Stacks done     0 Stacks waiting
[2K[1A[2K[1A[2K[1A[2K[Gapp-e2e-fleet-167-8d53d630  [0m[0m[1mkubernetes_service.odoo-native_odoo-service_A3CA2A5D: Destroying... [id=odoo-e2e/odoo][0m[0m
                            [0m[1mkubernetes_service.odoo-native_pg-service_E5472CCD: Destroying... [id=odoo-e2e/db][0m[0m


1 Stack destroying     0 Stacks done     0 Stacks waiting
[2K[1A[2K[1A[2K[1A[2K[Gapp-e2e-fleet-167-8d53d630  [0m[1mkubernetes_deployment.odoo-native_odoo-deployment_A0915993: Destroying... [id=odoo-e2e/odoo][0m[0m


1 Stack destroying     0 Stacks done     0 Stacks waiting
[2K[1A[2K[1A[2K[1A[2K[Gapp-e2e-fleet-167-8d53d630  [0m[1mkubernetes_deployment.odoo-native_pg-deployment_F92EC94F: Destroying... [id=odoo-e2e/odoo-db][0m[0m


1 Stack destroying     0 Stacks done     0 Stacks waiting
[2K[1A[2K[1A[2K[1A[2K[Gapp-e2e-fleet-167-8d53d630  [0m[1mkubernetes_service.odoo-native_pg-service_E5472CCD: Destruction complete after 0s[0m


1 Stack destroying     0 Stacks done     0 Stacks waiting
[2K[1A[2K[1A[2K[1A[2K[Gapp-e2e-fleet-167-8d53d630  [0m[1mkubernetes_deployment.odoo-native_odoo-deployment_A0915993: Destruction complete after 0s[0m


1 Stack destroying     0 Stacks done     0 Stacks waiting
[2K[1A[2K[1A[2K[1A[2K[Gapp-e2e-fleet-167-8d53d630  [0m[1mkubernetes_deployment.odoo-native_pg-deployment_F92EC94F: Destruction complete after 0s[0m


1 Stack destroying     0 Stacks done     0 Stacks waiting
[2K[1A[2K[1A[2K[1A[2K[Gapp-e2e-fleet-167-8d53d630  [0m[1mkubernetes_secret.odoo-native_pg-secret_012E9E71: Destroying... [id=odoo-e2e/odoo-pg-credentials][0m[0m


1 Stack destroying     0 Stacks done     0 Stacks waiting
[2K[1A[2K[1A[2K[1A[2K[Gapp-e2e-fleet-167-8d53d630  [0m[1mkubernetes_persistent_volume_claim.odoo-native_pg-pvc_2701BE5E: Destroying... [id=odoo-e2e/odoo-pg-pvc][0m[0m


1 Stack destroying     0 Stacks done     0 Stacks waiting
[2K[1A[2K[1A[2K[1A[2K[Gapp-e2e-fleet-167-8d53d630  [0m[1mkubernetes_secret.odoo-native_pg-secret_012E9E71: Destruction complete after 0s[0m


1 Stack destroying     0 Stacks done     0 Stacks waiting
[2K[1A[2K[1A[2K[1A[2K[Gapp-e2e-fleet-167-8d53d630  [0m[1mkubernetes_service.odoo-native_odoo-service_A3CA2A5D: Destruction complete after 0s[0m


1 Stack destroying     0 Stacks done     0 Stacks waiting
[2K[1A[2K[1A[2K[1A[2K[Gapp-e2e-fleet-167-8d53d630  [0m[1mkubernetes_persistent_volume_claim.odoo-native_pg-pvc_2701BE5E: Destruction complete after 0s[0m


1 Stack destroying     0 Stacks done     0 Stacks waiting
[2K[1A[2K[1A[2K[1A[2K[Gapp-e2e-fleet-167-8d53d630  [0m[1mkubernetes_namespace.odoo-native_ns_7A795E22: Destroying... [id=odoo-e2e][0m[0m


1 Stack destroying     0 Stacks done     0 Stacks waiting
[2K[1A[2K[1A[2K[1A[2K[Gapp-e2e-fleet-167-8d53d630  [0m[1mkubernetes_namespace.odoo-native_ns_7A795E22: Destruction complete after 7s[0m


1 Stack destroying     0 Stacks done     0 Stacks waiting
[2K[1A[2K[1A[2K[1A[2K[Gapp-e2e-fleet-167-8d53d630  [0m[1m[32m
                            Destroy complete! Resources: 7 destroyed.


1 Stack destroying     0 Stacks done     0 Stacks waiting
[2K[1A[2K[1A[2K[1A[2K[G
