Validating Odoo module at: /home/luno/Code/odoo-custom-modules/sale_delivery_split_date
----------------------------------------
✅ __manifest__.py is a valid dictionary.
✅ __init__.py syntax is valid.
✅ models/__init__.py syntax is valid.
✅ models/sale_order_line.py syntax is valid.
✅ views/sale_order_views.xml is well-formed.
----------------------------------------
🎉 Module sale_delivery_split_date passed all pre-flight checks!
#0 building with "default" instance using docker driver

#1 [internal] load build definition from Dockerfile
#1 transferring dockerfile: 196B done
#1 DONE 0.0s

#2 [internal] load metadata for docker.io/library/odoo:18.0
#2 DONE 1.1s

#3 [internal] load .dockerignore
#3 transferring context: 2B done
#3 DONE 0.0s

#4 [internal] load build context
#4 transferring context: 9.75kB done
#4 DONE 0.0s

#5 [1/4] FROM docker.io/library/odoo:18.0@sha256:d263921105082f1793e6598b73779fc9fa4463fbe6add0278e469efaf0b9f7f0
#5 resolve docker.io/library/odoo:18.0@sha256:d263921105082f1793e6598b73779fc9fa4463fbe6add0278e469efaf0b9f7f0 0.0s done
#5 sha256:ed0c8bc9e35cdaee2c8f6796ba1a7cf6f3e94fbd81ce04f5b50a519b8c4ea5e1 0B / 257.06MB 0.1s
#5 sha256:fc269a438732938a872e19201683126ed13faa7108149358b1bda3a183004d22 0B / 14.37MB 0.1s
#5 sha256:ee1a47888c903f18bd8cf3813464b680c2468a4718729e7dde0f9903ff6c34cd 0B / 481.54kB 0.1s
#5 sha256:d263921105082f1793e6598b73779fc9fa4463fbe6add0278e469efaf0b9f7f0 3.84kB / 3.84kB done
#5 sha256:a08f5636ed99b19bd78d02470fccfadcaa3ebb86fc02db4c8f10130417b73a38 2.66kB / 2.66kB done
#5 sha256:91df1bf3d086d61368aa19f8fcf01cbcb2ccf68e6e39d58a355e3a8fda2a179f 7.89kB / 7.89kB done
#5 sha256:fc269a438732938a872e19201683126ed13faa7108149358b1bda3a183004d22 3.15MB / 14.37MB 0.4s
#5 sha256:fc269a438732938a872e19201683126ed13faa7108149358b1bda3a183004d22 7.34MB / 14.37MB 0.6s
#5 sha256:fc269a438732938a872e19201683126ed13faa7108149358b1bda3a183004d22 9.44MB / 14.37MB 0.7s
#5 sha256:fc269a438732938a872e19201683126ed13faa7108149358b1bda3a183004d22 12.58MB / 14.37MB 0.9s
#5 sha256:ee1a47888c903f18bd8cf3813464b680c2468a4718729e7dde0f9903ff6c34cd 481.54kB / 481.54kB 0.7s done
#5 sha256:ccd49a003df35c66a05e556acb6c3e4e4396250569dc0d3a36885f74b8476eea 0B / 388.46MB 0.9s
#5 sha256:fc269a438732938a872e19201683126ed13faa7108149358b1bda3a183004d22 14.37MB / 14.37MB 1.0s done
#5 sha256:f9a05b2ba00f056fe39e34d8f44d558860c94bed98c1073dc3c2ac47676b5631 0B / 767B 1.0s
#5 sha256:f9a05b2ba00f056fe39e34d8f44d558860c94bed98c1073dc3c2ac47676b5631 767B / 767B 1.1s done
#5 sha256:ee65f7d40a2a3d88daab30a93a9147be964420cf2c0d1971561579570566b812 556B / 556B 1.2s done
#5 sha256:7aff5f43a4008a2faa681eea3a33d3d236bc02ad5f64329572a593f571374c06 0B / 595B 1.3s
#5 sha256:7aff5f43a4008a2faa681eea3a33d3d236bc02ad5f64329572a593f571374c06 595B / 595B 1.4s done
#5 sha256:5a448a206286a3d04b0a84fdbf11037e62fb019667637edd988311c9a3c70d52 0B / 880B 1.4s
#5 sha256:5a448a206286a3d04b0a84fdbf11037e62fb019667637edd988311c9a3c70d52 880B / 880B 1.5s done
#5 sha256:ed0c8bc9e35cdaee2c8f6796ba1a7cf6f3e94fbd81ce04f5b50a519b8c4ea5e1 14.68MB / 257.06MB 2.0s
#5 sha256:ed0c8bc9e35cdaee2c8f6796ba1a7cf6f3e94fbd81ce04f5b50a519b8c4ea5e1 29.36MB / 257.06MB 2.9s
#5 sha256:ed0c8bc9e35cdaee2c8f6796ba1a7cf6f3e94fbd81ce04f5b50a519b8c4ea5e1 42.99MB / 257.06MB 3.7s
#5 sha256:ed0c8bc9e35cdaee2c8f6796ba1a7cf6f3e94fbd81ce04f5b50a519b8c4ea5e1 56.62MB / 257.06MB 4.4s
#5 sha256:ed0c8bc9e35cdaee2c8f6796ba1a7cf6f3e94fbd81ce04f5b50a519b8c4ea5e1 71.30MB / 257.06MB 5.1s
#5 sha256:ccd49a003df35c66a05e556acb6c3e4e4396250569dc0d3a36885f74b8476eea 19.92MB / 388.46MB 5.2s
#5 sha256:ed0c8bc9e35cdaee2c8f6796ba1a7cf6f3e94fbd81ce04f5b50a519b8c4ea5e1 85.98MB / 257.06MB 5.8s
#5 sha256:ed0c8bc9e35cdaee2c8f6796ba1a7cf6f3e94fbd81ce04f5b50a519b8c4ea5e1 99.61MB / 257.06MB 6.5s
#5 sha256:ed0c8bc9e35cdaee2c8f6796ba1a7cf6f3e94fbd81ce04f5b50a519b8c4ea5e1 115.34MB / 257.06MB 7.3s
#5 sha256:ed0c8bc9e35cdaee2c8f6796ba1a7cf6f3e94fbd81ce04f5b50a519b8c4ea5e1 130.02MB / 257.06MB 8.1s
#5 sha256:ed0c8bc9e35cdaee2c8f6796ba1a7cf6f3e94fbd81ce04f5b50a519b8c4ea5e1 144.70MB / 257.06MB 8.9s
#5 sha256:ccd49a003df35c66a05e556acb6c3e4e4396250569dc0d3a36885f74b8476eea 39.85MB / 388.46MB 8.9s
#5 sha256:ed0c8bc9e35cdaee2c8f6796ba1a7cf6f3e94fbd81ce04f5b50a519b8c4ea5e1 161.48MB / 257.06MB 9.7s
#5 sha256:ed0c8bc9e35cdaee2c8f6796ba1a7cf6f3e94fbd81ce04f5b50a519b8c4ea5e1 178.26MB / 257.06MB 10.5s
#5 sha256:ed0c8bc9e35cdaee2c8f6796ba1a7cf6f3e94fbd81ce04f5b50a519b8c4ea5e1 193.99MB / 257.06MB 11.3s
#5 sha256:ccd49a003df35c66a05e556acb6c3e4e4396250569dc0d3a36885f74b8476eea 60.82MB / 388.46MB 12.0s
#5 sha256:ed0c8bc9e35cdaee2c8f6796ba1a7cf6f3e94fbd81ce04f5b50a519b8c4ea5e1 207.62MB / 257.06MB 12.3s
#5 sha256:ed0c8bc9e35cdaee2c8f6796ba1a7cf6f3e94fbd81ce04f5b50a519b8c4ea5e1 221.25MB / 257.06MB 13.3s
#5 sha256:ed0c8bc9e35cdaee2c8f6796ba1a7cf6f3e94fbd81ce04f5b50a519b8c4ea5e1 236.98MB / 257.06MB 14.2s
#5 sha256:ed0c8bc9e35cdaee2c8f6796ba1a7cf6f3e94fbd81ce04f5b50a519b8c4ea5e1 252.71MB / 257.06MB 15.1s
#5 sha256:ccd49a003df35c66a05e556acb6c3e4e4396250569dc0d3a36885f74b8476eea 80.74MB / 388.46MB 15.2s
#5 sha256:ed0c8bc9e35cdaee2c8f6796ba1a7cf6f3e94fbd81ce04f5b50a519b8c4ea5e1 257.06MB / 257.06MB 15.5s done
#5 extracting sha256:ed0c8bc9e35cdaee2c8f6796ba1a7cf6f3e94fbd81ce04f5b50a519b8c4ea5e1 0.1s
#5 sha256:ccd49a003df35c66a05e556acb6c3e4e4396250569dc0d3a36885f74b8476eea 101.71MB / 388.46MB 16.6s
#5 sha256:ccd49a003df35c66a05e556acb6c3e4e4396250569dc0d3a36885f74b8476eea 123.73MB / 388.46MB 17.6s
#5 sha256:ccd49a003df35c66a05e556acb6c3e4e4396250569dc0d3a36885f74b8476eea 143.65MB / 388.46MB 18.4s
#5 sha256:ccd49a003df35c66a05e556acb6c3e4e4396250569dc0d3a36885f74b8476eea 166.72MB / 388.46MB 19.4s
#5 sha256:ccd49a003df35c66a05e556acb6c3e4e4396250569dc0d3a36885f74b8476eea 187.70MB / 388.46MB 20.4s
#5 extracting sha256:ed0c8bc9e35cdaee2c8f6796ba1a7cf6f3e94fbd81ce04f5b50a519b8c4ea5e1 5.2s
#5 sha256:ccd49a003df35c66a05e556acb6c3e4e4396250569dc0d3a36885f74b8476eea 209.72MB / 388.46MB 21.3s
#5 extracting sha256:ed0c8bc9e35cdaee2c8f6796ba1a7cf6f3e94fbd81ce04f5b50a519b8c4ea5e1 5.9s done
#5 sha256:ccd49a003df35c66a05e556acb6c3e4e4396250569dc0d3a36885f74b8476eea 230.69MB / 388.46MB 22.6s
#5 extracting sha256:fc269a438732938a872e19201683126ed13faa7108149358b1bda3a183004d22
#5 extracting sha256:fc269a438732938a872e19201683126ed13faa7108149358b1bda3a183004d22 0.4s done
#5 extracting sha256:ee1a47888c903f18bd8cf3813464b680c2468a4718729e7dde0f9903ff6c34cd 0.0s done
#5 sha256:ccd49a003df35c66a05e556acb6c3e4e4396250569dc0d3a36885f74b8476eea 250.61MB / 388.46MB 23.5s
#5 sha256:ccd49a003df35c66a05e556acb6c3e4e4396250569dc0d3a36885f74b8476eea 271.58MB / 388.46MB 24.4s
#5 sha256:ccd49a003df35c66a05e556acb6c3e4e4396250569dc0d3a36885f74b8476eea 291.50MB / 388.46MB 25.3s
#5 sha256:ccd49a003df35c66a05e556acb6c3e4e4396250569dc0d3a36885f74b8476eea 311.43MB / 388.46MB 26.2s
#5 sha256:ccd49a003df35c66a05e556acb6c3e4e4396250569dc0d3a36885f74b8476eea 334.50MB / 388.46MB 27.2s
#5 sha256:ccd49a003df35c66a05e556acb6c3e4e4396250569dc0d3a36885f74b8476eea 354.42MB / 388.46MB 28.0s
#5 sha256:ccd49a003df35c66a05e556acb6c3e4e4396250569dc0d3a36885f74b8476eea 377.49MB / 388.46MB 29.1s
#5 extracting sha256:ccd49a003df35c66a05e556acb6c3e4e4396250569dc0d3a36885f74b8476eea
#5 sha256:ccd49a003df35c66a05e556acb6c3e4e4396250569dc0d3a36885f74b8476eea 388.46MB / 388.46MB 29.8s done
#5 extracting sha256:ccd49a003df35c66a05e556acb6c3e4e4396250569dc0d3a36885f74b8476eea 5.0s
#5 extracting sha256:ccd49a003df35c66a05e556acb6c3e4e4396250569dc0d3a36885f74b8476eea 10.1s
#5 extracting sha256:ccd49a003df35c66a05e556acb6c3e4e4396250569dc0d3a36885f74b8476eea 10.9s done
#5 extracting sha256:f9a05b2ba00f056fe39e34d8f44d558860c94bed98c1073dc3c2ac47676b5631
#5 extracting sha256:f9a05b2ba00f056fe39e34d8f44d558860c94bed98c1073dc3c2ac47676b5631 done
#5 extracting sha256:ee65f7d40a2a3d88daab30a93a9147be964420cf2c0d1971561579570566b812 done
#5 extracting sha256:7aff5f43a4008a2faa681eea3a33d3d236bc02ad5f64329572a593f571374c06 done
#5 extracting sha256:5a448a206286a3d04b0a84fdbf11037e62fb019667637edd988311c9a3c70d52 done
#5 DONE 44.1s

#6 [2/4] RUN mkdir -p /mnt/extra-addons
#6 0.151 + mkdir -p /mnt/extra-addons
#6 DONE 0.2s

#7 [3/4] COPY ./addons /tmp/addons
#7 DONE 0.1s

#8 [4/4] RUN cp -r /tmp/addons/* /mnt/extra-addons/ && rm -rf /tmp/addons
#8 0.161 + cp -r /tmp/addons/sale_delivery_split_date /mnt/extra-addons/
#8 0.164 + rm -rf /tmp/addons
#8 DONE 0.2s

#9 exporting to image
#9 exporting layers
#9 exporting layers 3.6s done
#9 writing image sha256:0c68140844799dc3678896da0f815650cfdda9c17f5874fdcbd3418e19f12f56 done
#9 naming to docker.io/library/odoo-custom:81707866-1782338264357 done
#9 DONE 3.6s
[36mINFO[0m[0000] Importing image(s) into cluster 'e2e-fleet-566' 
[36mINFO[0m[0000] Starting new tools node...                   
[36mINFO[0m[0000] Starting node 'k3d-e2e-fleet-566-tools'      
[36mINFO[0m[0000] Saving 1 image(s) from runtime...            
[36mINFO[0m[0013] Importing images into nodes...               
[36mINFO[0m[0013] Importing images from tarball '/k3d/images/k3d-e2e-fleet-566-images-20260624145834.tar' into node 'k3d-e2e-fleet-566-server-0'... 
[36mINFO[0m[0019] Removing the tarball(s) from image volume... 
[36mINFO[0m[0020] Removing k3d-tools node...                   
[36mINFO[0m[0020] Successfully imported image(s)               
[36mINFO[0m[0020] Successfully imported 1 image(s) into 1 cluster(s) 

⠋  Starting
[2K[1A[2K[1A[2K[G
⠋  Synthesizing
[2K[1A[2K[1A[2K[G
⠙  Synthesizing
[2K[1A[2K[1A[2K[G
⠹  Synthesizing
[2K[1A[2K[1A[2K[G
⠸  Synthesizing
[2K[1A[2K[1A[2K[G
⠼  Synthesizing
[2K[1A[2K[1A[2K[G
⠴  Synthesizing
[2K[1A[2K[1A[2K[G
⠦  Synthesizing
[2K[1A[2K[1A[2K[G
⠧  Synthesizing
[2K[1A[2K[1A[2K[G
⠇  Synthesizing
[2K[1A[2K[1A[2K[G
⠏  Synthesizing
[2K[1A[2K[1A[2K[G
⠋  Synthesizing
[2K[1A[2K[1A[2K[G
⠙  Synthesizing
[2K[1A[2K[1A[2K[G
⠹  Synthesizing
[2K[1A[2K[1A[2K[G

0 Stacks deploying     0 Stacks done     0 Stacks waiting
[2K[1A[2K[1A[2K[1A[2K[Gapp-e2e-fleet-566-81707866  [0m[1mInitializing the backend...[0m


0 Stacks deploying     0 Stacks done     0 Stacks waiting
[2K[1A[2K[1A[2K[1A[2K[G

0 Stacks deploying     0 Stacks done     1 Stack waiting
[2K[1A[2K[1A[2K[1A[2K[Gapp-e2e-fleet-566-81707866  [0m[1mInitializing provider plugins...[0m
                            - Reusing previous version of hashicorp/helm from the dependency lock file


0 Stacks deploying     0 Stacks done     1 Stack waiting
[2K[1A[2K[1A[2K[1A[2K[Gapp-e2e-fleet-566-81707866  - Reusing previous version of hashicorp/kubernetes from the dependency lock file


0 Stacks deploying     0 Stacks done     1 Stack waiting
[2K[1A[2K[1A[2K[1A[2K[Gapp-e2e-fleet-566-81707866  - Using previously-installed hashicorp/helm v2.17.0


0 Stacks deploying     0 Stacks done     1 Stack waiting
[2K[1A[2K[1A[2K[1A[2K[Gapp-e2e-fleet-566-81707866  - Using previously-installed hashicorp/kubernetes v2.38.0

                            [0m[1m[32mTerraform has been successfully initialized![0m[32m[0m


0 Stacks deploying     0 Stacks done     1 Stack waiting
[2K[1A[2K[1A[2K[1A[2K[Gapp-e2e-fleet-566-81707866  [0m[32m
                            You may now begin working with Terraform. Try running "terraform plan" to see
                            any changes that are required for your infrastructure. All Terraform commands
                            should now work.

                            If you ever set or change modules or backend configuration for Terraform,
                            rerun this command to reinitialize your working directory. If you forget, other
                            commands will detect it and remind you to do so if necessary.[0m


0 Stacks deploying     0 Stacks done     1 Stack waiting
[2K[1A[2K[1A[2K[1A[2K[G

1 Stack deploying     0 Stacks done     0 Stacks waiting
[2K[1A[2K[1A[2K[1A[2K[Gapp-e2e-fleet-566-81707866  [0m[1mkubernetes_namespace.odoo-native_ns_7A795E22: Refreshing state... [id=odoo-e2e][0m


1 Stack deploying     0 Stacks done     0 Stacks waiting
[2K[1A[2K[1A[2K[1A[2K[Gapp-e2e-fleet-566-81707866  [0m[1mkubernetes_secret.odoo-native_pg-secret_012E9E71: Refreshing state... [id=odoo-e2e/odoo-pg-credentials][0m


1 Stack deploying     0 Stacks done     0 Stacks waiting
[2K[1A[2K[1A[2K[1A[2K[Gapp-e2e-fleet-566-81707866  [0m[1mkubernetes_persistent_volume_claim.odoo-native_pg-pvc_2701BE5E: Refreshing state... [id=odoo-e2e/odoo-pg-pvc][0m
                            [0m[1mkubernetes_service.odoo-native_pg-service_E5472CCD: Refreshing state... [id=odoo-e2e/db][0m
                            [0m[1mkubernetes_service.odoo-native_odoo-service_A3CA2A5D: Refreshing state... [id=odoo-e2e/odoo][0m


1 Stack deploying     0 Stacks done     0 Stacks waiting
[2K[1A[2K[1A[2K[1A[2K[Gapp-e2e-fleet-566-81707866  [0m[1mkubernetes_deployment.odoo-native_odoo-deployment_A0915993: Refreshing state... [id=odoo-e2e/odoo][0m


1 Stack deploying     0 Stacks done     0 Stacks waiting
[2K[1A[2K[1A[2K[1A[2K[Gapp-e2e-fleet-566-81707866  [0m[1mkubernetes_deployment.odoo-native_pg-deployment_F92EC94F: Refreshing state... [id=odoo-e2e/odoo-db][0m


1 Stack deploying     0 Stacks done     0 Stacks waiting
[2K[1A[2K[1A[2K[1A[2K[Gapp-e2e-fleet-566-81707866  Terraform used the selected providers to generate the following execution plan.
                            Resource actions are indicated with the following symbols:
                              [33m~[0m update in-place[0m

                            Terraform will perform the following actions:


1 Stack deploying     0 Stacks done     0 Stacks waiting
[2K[1A[2K[1A[2K[1A[2K[Gapp-e2e-fleet-566-81707866  [1m  # kubernetes_deployment.odoo-native_odoo-deployment_A0915993 (odoo-native/odoo-deployment)[0m will be updated in-place
                            [0m  [33m~[0m[0m resource "kubernetes_deployment" "odoo-native_odoo-deployment_A0915993" {
                                    id               = "odoo-e2e/odoo"
                                    [90m# (1 unchanged attribute hidden)[0m[0m

                                  [33m~[0m[0m spec {
                                        [90m# (5 unchanged attributes hidden)[0m[0m

                                      [33m~[0m[0m template {
                                          [33m~[0m[0m spec {
                                                [90m# (18 unchanged attributes hidden)[0m[0m

                                              [33m~[0m[0m container {
                                                  [33m~[0m[0m image                      = "library/odoo:18.0" [33m->[0m[0m "odoo-custom:81707866-1782338264357"
                                                  [33m~[0m[0m image_pull_policy          = "IfNotPresent" [33m->[0m[0m "Never"
                                                    name                       = "odoo"
                                                    [90m# (8 unchanged attributes hidden)[0m[0m

                                                    [90m# (5 unchanged blocks hidden)[0m[0m
                                                }
                                            }

                                            [90m# (1 unchanged block hidden)[0m[0m
                                        }

                                        [90m# (2 unchanged blocks hidden)[0m[0m
                                    }

                                    [90m# (1 unchanged block hidden)[0m[0m
                                }

                            [1mPlan:[0m 0 to add, 1 to change, 0 to destroy.


1 Stack deploying     0 Stacks done     0 Stacks waiting
[2K[1A[2K[1A[2K[1A[2K[Gapp-e2e-fleet-566-81707866  [0m[0m[1mkubernetes_deployment.odoo-native_odoo-deployment_A0915993: Modifying... [id=odoo-e2e/odoo][0m[0m


1 Stack deploying     0 Stacks done     0 Stacks waiting
[2K[1A[2K[1A[2K[1A[2K[Gapp-e2e-fleet-566-81707866  [0m[1mkubernetes_deployment.odoo-native_odoo-deployment_A0915993: Modifications complete after 1s [id=odoo-e2e/odoo][0m


1 Stack deploying     0 Stacks done     0 Stacks waiting
[2K[1A[2K[1A[2K[1A[2K[Gapp-e2e-fleet-566-81707866  [0m[1m[32m
                            Apply complete! Resources: 0 added, 1 changed, 0 destroyed.


1 Stack deploying     0 Stacks done     0 Stacks waiting
[2K[1A[2K[1A[2K[1A[2K[G
No outputs found.
