
⠋  [1mStarting[22m
[2K[1A[2K[1A[2K[G
⠋  [1mSynthesizing[22m
[2K[1A[2K[1A[2K[G
⠙  [1mSynthesizing[22m
[2K[1A[2K[1A[2K[G
⠹  [1mSynthesizing[22m
[2K[1A[2K[1A[2K[G
⠸  [1mSynthesizing[22m
[2K[1A[2K[1A[2K[G
⠼  [1mSynthesizing[22m
[2K[1A[2K[1A[2K[G
⠴  [1mSynthesizing[22m
[2K[1A[2K[1A[2K[G
⠦  [1mSynthesizing[22m
[2K[1A[2K[1A[2K[G
⠧  [1mSynthesizing[22m
[2K[1A[2K[1A[2K[G
⠇  [1mSynthesizing[22m
[2K[1A[2K[1A[2K[G
⠏  [1mSynthesizing[22m
[2K[1A[2K[1A[2K[G
⠋  [1mSynthesizing[22m
[2K[1A[2K[1A[2K[G
⠙  [1mSynthesizing[22m
[2K[1A[2K[1A[2K[G

0 Stacks destroying     0 Stacks done     0 Stacks waiting
[2K[1A[2K[1A[2K[1A[2K[G[1m[33mapp-c-760[39m[22m  [0m[1mInitializing the backend...[0m


0 Stacks destroying     0 Stacks done     0 Stacks waiting
[2K[1A[2K[1A[2K[1A[2K[G

0 Stacks destroying     0 Stacks done     1 Stack waiting
[2K[1A[2K[1A[2K[1A[2K[G[1m[33mapp-c-760[39m[22m  [0m[1mInitializing provider plugins...[0m
           - Reusing previous version of hashicorp/kubernetes from the dependency lock file


0 Stacks destroying     0 Stacks done     1 Stack waiting
[2K[1A[2K[1A[2K[1A[2K[G[1m[33mapp-c-760[39m[22m  - Reusing previous version of hashicorp/helm from the dependency lock file


0 Stacks destroying     0 Stacks done     1 Stack waiting
[2K[1A[2K[1A[2K[1A[2K[G[1m[33mapp-c-760[39m[22m  - Using previously-installed hashicorp/kubernetes v2.38.0


0 Stacks destroying     0 Stacks done     1 Stack waiting
[2K[1A[2K[1A[2K[1A[2K[G[1m[33mapp-c-760[39m[22m  - Using previously-installed hashicorp/helm v2.17.0

           [0m[1m[32mTerraform has been successfully initialized![0m[32m[0m
           [0m[32m
           You may now begin working with Terraform. Try running "terraform plan" to see
           any changes that are required for your infrastructure. All Terraform commands
           should now work.

           If you ever set or change modules or backend configuration for Terraform,
           rerun this command to reinitialize your working directory. If you forget, other
           commands will detect it and remind you to do so if necessary.[0m


0 Stacks destroying     0 Stacks done     1 Stack waiting
[2K[1A[2K[1A[2K[1A[2K[G

1 Stack destroying     0 Stacks done     0 Stacks waiting
[2K[1A[2K[1A[2K[1A[2K[G[1m[33mapp-c-760[39m[22m  [31m╷[0m[0m
           [31m│[0m [0m[1m[31mError: [0m[0m[1mError acquiring the state lock[0m
           [31m│[0m [0m
           [31m│[0m [0m[0mError message: resource temporarily unavailable
           [31m│[0m [0mLock Info:
           [31m│[0m [0m  ID:        529acc58-4985-fa1d-5754-0b81742d0725
           [31m│[0m [0m  Path:      /home/luno/Code/provisioning/packages/cdktf-infra/terraform.app-c-760.tfstate
           [31m│[0m [0m  Operation: OperationTypeApply
           [31m│[0m [0m  Who:       luno@tallgease
           [31m│[0m [0m  Version:   1.9.0
           [31m│[0m [0m  Created:   2026-06-14 15:46:47.508356481 +0000 UTC
           [31m│[0m [0m  Info:
           [31m│[0m [0m
           [31m│[0m [0m
           [31m│[0m [0mTerraform acquires a state lock to protect the state from being written
           [31m│[0m [0mby multiple users at the same time. Please resolve the issue above and try
           [31m│[0m [0magain. For most commands, you can disable locking with the "-lock=false"
           [31m│[0m [0mflag, but this is not recommended.
           [31m╵[0m[0m


1 Stack destroying     0 Stacks done     0 Stacks waiting
[2K[1A[2K[1A[2K[1A[2K[G

0 Stacks destroying     1 Stack done     0 Stacks waiting
Invoking Terraform CLI failed with exit code 1
