Validating Odoo module at: /home/luno/Code/odoo-custom-modules/sale_delivery_split_date
----------------------------------------
✅ __manifest__.py is a valid dictionary.
✅ __init__.py syntax is valid.
✅ models/__init__.py syntax is valid.
✅ models/sale_order_line.py syntax is valid.
✅ views/sale_order_views.xml is well-formed.
----------------------------------------
🎉 Module sale_delivery_split_date passed all pre-flight checks!
#0 building with "default" instance using docker driver

#1 [internal] load build definition from Dockerfile
#1 transferring dockerfile: 196B done
#1 DONE 0.0s

#2 [internal] load metadata for docker.io/library/odoo:18.0
#2 DONE 0.6s

#3 [internal] load .dockerignore
#3 transferring context: 2B done
#3 DONE 0.0s

#4 [1/4] FROM docker.io/library/odoo:18.0@sha256:d263921105082f1793e6598b73779fc9fa4463fbe6add0278e469efaf0b9f7f0
#4 DONE 0.0s

#5 [internal] load build context
#5 transferring context: 9.75kB done
#5 DONE 0.0s

#6 [2/4] RUN mkdir -p /mnt/extra-addons
#6 CACHED

#7 [3/4] COPY ./addons /tmp/addons
#7 CACHED

#8 [4/4] RUN cp -r /tmp/addons/* /mnt/extra-addons/ && rm -rf /tmp/addons
#8 CACHED

#9 exporting to image
#9 exporting layers done
#9 writing image sha256:0c68140844799dc3678896da0f815650cfdda9c17f5874fdcbd3418e19f12f56 done
#9 naming to docker.io/library/odoo-custom:8d53d630-1782342127667 done
#9 DONE 0.0s
[36mINFO[0m[0000] Importing image(s) into cluster 'e2e-fleet-167' 
[36mINFO[0m[0000] Starting new tools node...                   
[36mINFO[0m[0002] Starting node 'k3d-e2e-fleet-167-tools'      
[36mINFO[0m[0002] Saving 1 image(s) from runtime...            
[36mINFO[0m[0019] Importing images into nodes...               
[36mINFO[0m[0019] Importing images from tarball '/k3d/images/k3d-e2e-fleet-167-images-20260624160211.tar' into node 'k3d-e2e-fleet-167-server-0'... 
[36mINFO[0m[0025] Removing the tarball(s) from image volume... 
[36mINFO[0m[0026] Removing k3d-tools node...                   
[36mINFO[0m[0026] Successfully imported image(s)               
[36mINFO[0m[0026] Successfully imported 1 image(s) into 1 cluster(s) 

⠋  Starting
[2K[1A[2K[1A[2K[G
⠋  Synthesizing
[2K[1A[2K[1A[2K[G
⠙  Synthesizing
[2K[1A[2K[1A[2K[G
⠹  Synthesizing
[2K[1A[2K[1A[2K[G
⠸  Synthesizing
[2K[1A[2K[1A[2K[G
⠼  Synthesizing
[2K[1A[2K[1A[2K[G
⠴  Synthesizing
[2K[1A[2K[1A[2K[G
⠦  Synthesizing
[2K[1A[2K[1A[2K[G
⠧  Synthesizing
[2K[1A[2K[1A[2K[G
⠇  Synthesizing
[2K[1A[2K[1A[2K[G
⠏  Synthesizing
[2K[1A[2K[1A[2K[G
⠋  Synthesizing
[2K[1A[2K[1A[2K[G
⠙  Synthesizing
[2K[1A[2K[1A[2K[G

0 Stacks deploying     0 Stacks done     0 Stacks waiting
[2K[1A[2K[1A[2K[1A[2K[Gapp-e2e-fleet-167-8d53d630  [0m[1mInitializing the backend...[0m


0 Stacks deploying     0 Stacks done     0 Stacks waiting
[2K[1A[2K[1A[2K[1A[2K[G

0 Stacks deploying     0 Stacks done     1 Stack waiting
[2K[1A[2K[1A[2K[1A[2K[Gapp-e2e-fleet-167-8d53d630  [0m[1mInitializing provider plugins...[0m
                            - Reusing previous version of hashicorp/helm from the dependency lock file


0 Stacks deploying     0 Stacks done     1 Stack waiting
[2K[1A[2K[1A[2K[1A[2K[Gapp-e2e-fleet-167-8d53d630  - Reusing previous version of hashicorp/kubernetes from the dependency lock file


0 Stacks deploying     0 Stacks done     1 Stack waiting
[2K[1A[2K[1A[2K[1A[2K[Gapp-e2e-fleet-167-8d53d630  - Using previously-installed hashicorp/helm v2.17.0


0 Stacks deploying     0 Stacks done     1 Stack waiting
[2K[1A[2K[1A[2K[1A[2K[Gapp-e2e-fleet-167-8d53d630  - Using previously-installed hashicorp/kubernetes v2.38.0

                            [0m[1m[32mTerraform has been successfully initialized![0m[32m[0m
                            [0m[32m
                            You may now begin working with Terraform. Try running "terraform plan" to see
                            any changes that are required for your infrastructure. All Terraform commands
                            should now work.

                            If you ever set or change modules or backend configuration for Terraform,
                            rerun this command to reinitialize your working directory. If you forget, other
                            commands will detect it and remind you to do so if necessary.[0m


0 Stacks deploying     0 Stacks done     1 Stack waiting
[2K[1A[2K[1A[2K[1A[2K[G

1 Stack deploying     0 Stacks done     0 Stacks waiting
[2K[1A[2K[1A[2K[1A[2K[Gapp-e2e-fleet-167-8d53d630  [0m[1mkubernetes_namespace.odoo-native_ns_7A795E22: Refreshing state... [id=odoo-e2e][0m


1 Stack deploying     0 Stacks done     0 Stacks waiting
[2K[1A[2K[1A[2K[1A[2K[Gapp-e2e-fleet-167-8d53d630  [0m[1mkubernetes_secret.odoo-native_pg-secret_012E9E71: Refreshing state... [id=odoo-e2e/odoo-pg-credentials][0m


1 Stack deploying     0 Stacks done     0 Stacks waiting
[2K[1A[2K[1A[2K[1A[2K[Gapp-e2e-fleet-167-8d53d630  [0m[1mkubernetes_persistent_volume_claim.odoo-native_pg-pvc_2701BE5E: Refreshing state... [id=odoo-e2e/odoo-pg-pvc][0m
                            [0m[1mkubernetes_service.odoo-native_pg-service_E5472CCD: Refreshing state... [id=odoo-e2e/db][0m
                            [0m[1mkubernetes_service.odoo-native_odoo-service_A3CA2A5D: Refreshing state... [id=odoo-e2e/odoo][0m


1 Stack deploying     0 Stacks done     0 Stacks waiting
[2K[1A[2K[1A[2K[1A[2K[Gapp-e2e-fleet-167-8d53d630  [0m[1mkubernetes_deployment.odoo-native_odoo-deployment_A0915993: Refreshing state... [id=odoo-e2e/odoo][0m


1 Stack deploying     0 Stacks done     0 Stacks waiting
[2K[1A[2K[1A[2K[1A[2K[Gapp-e2e-fleet-167-8d53d630  [0m[1mkubernetes_deployment.odoo-native_pg-deployment_F92EC94F: Refreshing state... [id=odoo-e2e/odoo-db][0m


1 Stack deploying     0 Stacks done     0 Stacks waiting
[2K[1A[2K[1A[2K[1A[2K[Gapp-e2e-fleet-167-8d53d630  Terraform used the selected providers to generate the following execution plan.
                            Resource actions are indicated with the following symbols:
                              [33m~[0m update in-place[0m

                            Terraform will perform the following actions:


1 Stack deploying     0 Stacks done     0 Stacks waiting
[2K[1A[2K[1A[2K[1A[2K[Gapp-e2e-fleet-167-8d53d630  [1m  # kubernetes_deployment.odoo-native_odoo-deployment_A0915993 (odoo-native/odoo-deployment)[0m will be updated in-place
                            [0m  [33m~[0m[0m resource "kubernetes_deployment" "odoo-native_odoo-deployment_A0915993" {
                                    id               = "odoo-e2e/odoo"
                                    [90m# (1 unchanged attribute hidden)[0m[0m

                                  [33m~[0m[0m spec {
                                        [90m# (5 unchanged attributes hidden)[0m[0m

                                      [33m~[0m[0m template {
                                          [33m~[0m[0m spec {
                                                [90m# (18 unchanged attributes hidden)[0m[0m

                                              [33m~[0m[0m container {
                                                  [33m~[0m[0m image                      = "library/odoo:18.0" [33m->[0m[0m "odoo-custom:8d53d630-1782342127667"
                                                  [33m~[0m[0m image_pull_policy          = "IfNotPresent" [33m->[0m[0m "Never"
                                                    name                       = "odoo"
                                                    [90m# (8 unchanged attributes hidden)[0m[0m

                                                    [90m# (5 unchanged blocks hidden)[0m[0m
                                                }
                                            }

                                            [90m# (1 unchanged block hidden)[0m[0m
                                        }

                                        [90m# (2 unchanged blocks hidden)[0m[0m
                                    }

                                    [90m# (1 unchanged block hidden)[0m[0m
                                }

                            [1mPlan:[0m 0 to add, 1 to change, 0 to destroy.


1 Stack deploying     0 Stacks done     0 Stacks waiting
[2K[1A[2K[1A[2K[1A[2K[Gapp-e2e-fleet-167-8d53d630  [0m[0m[1mkubernetes_deployment.odoo-native_odoo-deployment_A0915993: Modifying... [id=odoo-e2e/odoo][0m[0m


1 Stack deploying     0 Stacks done     0 Stacks waiting
[2K[1A[2K[1A[2K[1A[2K[Gapp-e2e-fleet-167-8d53d630  [0m[1mkubernetes_deployment.odoo-native_odoo-deployment_A0915993: Modifications complete after 2s [id=odoo-e2e/odoo][0m


1 Stack deploying     0 Stacks done     0 Stacks waiting
[2K[1A[2K[1A[2K[1A[2K[Gapp-e2e-fleet-167-8d53d630  [0m[1m[32m
                            Apply complete! Resources: 0 added, 1 changed, 0 destroyed.


1 Stack deploying     0 Stacks done     0 Stacks waiting
[2K[1A[2K[1A[2K[1A[2K[G
No outputs found.
