
⠋  [1mStarting[22m
[2K[1A[2K[1A[2K[G
⠋  [1mSynthesizing[22m
[2K[1A[2K[1A[2K[G
⠙  [1mSynthesizing[22m
[2K[1A[2K[1A[2K[G
⠹  [1mSynthesizing[22m
[2K[1A[2K[1A[2K[G
⠸  [1mSynthesizing[22m
[2K[1A[2K[1A[2K[G
⠼  [1mSynthesizing[22m
[2K[1A[2K[1A[2K[G
⠴  [1mSynthesizing[22m
[2K[1A[2K[1A[2K[G
⠦  [1mSynthesizing[22m
[2K[1A[2K[1A[2K[G
⠧  [1mSynthesizing[22m
[2K[1A[2K[1A[2K[G
⠇  [1mSynthesizing[22m
[2K[1A[2K[1A[2K[G
⠏  [1mSynthesizing[22m
[2K[1A[2K[1A[2K[G
⠋  [1mSynthesizing[22m
[2K[1A[2K[1A[2K[G
⠙  [1mSynthesizing[22m
[2K[1A[2K[1A[2K[G
⠹  [1mSynthesizing[22m
[2K[1A[2K[1A[2K[G
⠸  [1mSynthesizing[22m
[2K[1A[2K[1A[2K[G
⠼  [1mSynthesizing[22m
[2K[1A[2K[1A[2K[G

0 Stacks destroying     0 Stacks done     0 Stacks waiting
[2K[1A[2K[1A[2K[1A[2K[G[1m[33mapp-c-760-55d3a600[39m[22m  [0m[1mInitializing the backend...[0m


0 Stacks destroying     0 Stacks done     0 Stacks waiting
[2K[1A[2K[1A[2K[1A[2K[G

0 Stacks destroying     0 Stacks done     1 Stack waiting
[2K[1A[2K[1A[2K[1A[2K[G[1m[33mapp-c-760-55d3a600[39m[22m  [0m[32m
                    Successfully configured the backend "local"! Terraform will automatically
                    use this backend unless the backend configuration changes.[0m


0 Stacks destroying     0 Stacks done     1 Stack waiting
[2K[1A[2K[1A[2K[1A[2K[G[1m[33mapp-c-760-55d3a600[39m[22m  [0m[1mInitializing provider plugins...[0m
                    - Finding hashicorp/helm versions matching "2.17.0"...


0 Stacks destroying     0 Stacks done     1 Stack waiting
[2K[1A[2K[1A[2K[1A[2K[G[1m[33mapp-c-760-55d3a600[39m[22m  - Finding hashicorp/kubernetes versions matching "2.38.0"...


0 Stacks destroying     0 Stacks done     1 Stack waiting
[2K[1A[2K[1A[2K[1A[2K[G[1m[33mapp-c-760-55d3a600[39m[22m  - Installing hashicorp/helm v2.17.0...


0 Stacks destroying     0 Stacks done     1 Stack waiting
[2K[1A[2K[1A[2K[1A[2K[G[1m[33mapp-c-760-55d3a600[39m[22m  - Installed hashicorp/helm v2.17.0 (signed by HashiCorp)


0 Stacks destroying     0 Stacks done     1 Stack waiting
[2K[1A[2K[1A[2K[1A[2K[G[1m[33mapp-c-760-55d3a600[39m[22m  - Installing hashicorp/kubernetes v2.38.0...


0 Stacks destroying     0 Stacks done     1 Stack waiting
[2K[1A[2K[1A[2K[1A[2K[G[1m[33mapp-c-760-55d3a600[39m[22m  [31m╷[0m[0m
                    [31m│[0m [0m[1m[31mError: [0m[0m[1mFailed to install provider[0m
                    [31m│[0m [0m
                    [31m│[0m [0m[0mError while installing hashicorp/kubernetes v2.38.0: open
                    [31m│[0m [0m/home/luno/.terraform.d/plugin-cache/registry.terraform.io/hashicorp/kubernetes/2.38.0/linux_amd64/terraform-provider-kubernetes_v2.38.0_x5:
                    [31m│[0m [0mtext file busy
                    [31m╵[0m[0m


0 Stacks destroying     0 Stacks done     1 Stack waiting
Error: terraform init failed with exit code 1

--- EXECUTION FAILED (Exit Code 1) ---
