
⠋  [1mStarting[22m
[2K[1A[2K[1A[2K[G
⠋  [1mSynthesizing[22m
[2K[1A[2K[1A[2K[G
⠙  [1mSynthesizing[22m
[2K[1A[2K[1A[2K[G
⠹  [1mSynthesizing[22m
[2K[1A[2K[1A[2K[G
⠸  [1mSynthesizing[22m
[2K[1A[2K[1A[2K[G
⠼  [1mSynthesizing[22m
[2K[1A[2K[1A[2K[G
⠴  [1mSynthesizing[22m
[2K[1A[2K[1A[2K[G
⠦  [1mSynthesizing[22m
[2K[1A[2K[1A[2K[G
⠧  [1mSynthesizing[22m
[2K[1A[2K[1A[2K[G
⠇  [1mSynthesizing[22m
[2K[1A[2K[1A[2K[G
⠏  [1mSynthesizing[22m
[2K[1A[2K[1A[2K[G
⠋  [1mSynthesizing[22m
[2K[1A[2K[1A[2K[G
⠙  [1mSynthesizing[22m
[2K[1A[2K[1A[2K[G
⠹  [1mSynthesizing[22m
[2K[1A[2K[1A[2K[G
⠸  [1mSynthesizing[22m
[2K[1A[2K[1A[2K[G

0 Stacks deploying     0 Stacks done     0 Stacks waiting
[2K[1A[2K[1A[2K[1A[2K[G[1m[33mapp-c-760-55d3a600[39m[22m  [0m[1mInitializing the backend...[0m


0 Stacks deploying     0 Stacks done     0 Stacks waiting
[2K[1A[2K[1A[2K[1A[2K[G

0 Stacks deploying     0 Stacks done     1 Stack waiting
[2K[1A[2K[1A[2K[1A[2K[G[1m[33mapp-c-760-55d3a600[39m[22m  [0m[1mInitializing provider plugins...[0m
                    - Reusing previous version of hashicorp/helm from the dependency lock file


0 Stacks deploying     0 Stacks done     1 Stack waiting
[2K[1A[2K[1A[2K[1A[2K[G[1m[33mapp-c-760-55d3a600[39m[22m  - Reusing previous version of hashicorp/kubernetes from the dependency lock file


0 Stacks deploying     0 Stacks done     1 Stack waiting
[2K[1A[2K[1A[2K[1A[2K[G[1m[33mapp-c-760-55d3a600[39m[22m  - Using previously-installed hashicorp/helm v2.17.0


0 Stacks deploying     0 Stacks done     1 Stack waiting
[2K[1A[2K[1A[2K[1A[2K[G[1m[33mapp-c-760-55d3a600[39m[22m  - Using previously-installed hashicorp/kubernetes v2.38.0

                    [0m[1m[32mTerraform has been successfully initialized![0m[32m[0m
                    [0m[32m
                    You may now begin working with Terraform. Try running "terraform plan" to see
                    any changes that are required for your infrastructure. All Terraform commands
                    should now work.

                    If you ever set or change modules or backend configuration for Terraform,
                    rerun this command to reinitialize your working directory. If you forget, other
                    commands will detect it and remind you to do so if necessary.[0m


0 Stacks deploying     0 Stacks done     1 Stack waiting
[2K[1A[2K[1A[2K[1A[2K[G

1 Stack deploying     0 Stacks done     0 Stacks waiting
[2K[1A[2K[1A[2K[1A[2K[G[1m[33mapp-c-760-55d3a600[39m[22m  [0m[1mkubernetes_namespace.odoo-native_ns_7A795E22: Refreshing state... [id=odoo-local][0m


1 Stack deploying     0 Stacks done     0 Stacks waiting
[2K[1A[2K[1A[2K[1A[2K[G[1m[33mapp-c-760-55d3a600[39m[22m  [0m[1mkubernetes_secret.odoo-native_pg-secret_012E9E71: Refreshing state... [id=odoo-local/odoo-pg-credentials][0m


1 Stack deploying     0 Stacks done     0 Stacks waiting
[2K[1A[2K[1A[2K[1A[2K[G[1m[33mapp-c-760-55d3a600[39m[22m  [0m[1mkubernetes_persistent_volume_claim.odoo-native_pg-pvc_2701BE5E: Refreshing state... [id=odoo-local/odoo-pg-pvc][0m
                    [0m[1mkubernetes_service.odoo-native_pg-service_E5472CCD: Refreshing state... [id=odoo-local/db][0m
                    [0m[1mkubernetes_service.odoo-native_odoo-service_A3CA2A5D: Refreshing state... [id=odoo-local/odoo][0m


1 Stack deploying     0 Stacks done     0 Stacks waiting
[2K[1A[2K[1A[2K[1A[2K[G[1m[33mapp-c-760-55d3a600[39m[22m  [0m[1mkubernetes_deployment.odoo-native_odoo-deployment_A0915993: Refreshing state... [id=odoo-local/odoo][0m


1 Stack deploying     0 Stacks done     0 Stacks waiting
[2K[1A[2K[1A[2K[1A[2K[G[1m[33mapp-c-760-55d3a600[39m[22m  [0m[1mkubernetes_deployment.odoo-native_pg-deployment_F92EC94F: Refreshing state... [id=odoo-local/odoo-db][0m


1 Stack deploying     0 Stacks done     0 Stacks waiting
[2K[1A[2K[1A[2K[1A[2K[G[1m[33mapp-c-760-55d3a600[39m[22m  Terraform used the selected providers to generate the following execution plan.
                    Resource actions are indicated with the following symbols:
                      [33m~[0m update in-place[0m

                    Terraform will perform the following actions:


1 Stack deploying     0 Stacks done     0 Stacks waiting
[2K[1A[2K[1A[2K[1A[2K[G[1m[33mapp-c-760-55d3a600[39m[22m  [1m  # kubernetes_deployment.odoo-native_odoo-deployment_A0915993 (odoo-native/odoo-deployment)[0m will be updated in-place
                    [0m  [33m~[0m[0m resource "kubernetes_deployment" "odoo-native_odoo-deployment_A0915993" {
                            id               = "odoo-local/odoo"
                            [90m# (1 unchanged attribute hidden)[0m[0m

                          [33m~[0m[0m spec {
                                [90m# (5 unchanged attributes hidden)[0m[0m

                              [33m~[0m[0m template {
                                  [33m~[0m[0m spec {
                                        [90m# (18 unchanged attributes hidden)[0m[0m

                                      [33m~[0m[0m container {
                                          [33m~[0m[0m args                       = [
                                              [32m+[0m[0m "--addons-path=/usr/lib/python3/dist-packages/odoo/addons,/mnt/extra-addons",
                                            ]
                                          [33m~[0m[0m image                      = "library/odoo:19.0" [33m->[0m[0m "library/odoo:18.0"
                                            name                       = "odoo"
                                            [90m# (8 unchanged attributes hidden)[0m[0m

                                          [32m+[0m[0m volume_mount {
                                              [32m+[0m[0m mount_path        = "/mnt/extra-addons"
                                              [32m+[0m[0m mount_propagation = "None"
                                              [32m+[0m[0m name              = "extra-addons"
                                              [32m+[0m[0m read_only         = false
                                            }

                                            [90m# (5 unchanged blocks hidden)[0m[0m
                                        }

                                      [32m+[0m[0m init_container {
                                          [32m+[0m[0m args                     = [
                                              [32m+[0m[0m <<-EOT
                                                    echo "Initializing custom modules..."
                                                                      mkdir -p /mnt/extra-addons
                                                                      # If we had a real git URL, we would do: git clone $URL /mnt/extra-addons
                                                                      echo "Enabled modules: sale_delivery_split_date"
                                                EOT,
                                            ]
                                          [32m+[0m[0m command                  = [
                                              [32m+[0m[0m "sh",
                                              [32m+[0m[0m "-c",
                                            ]
                                          [32m+[0m[0m image                    = "alpine/git"
                                          [32m+[0m[0m name                     = "git-sync"
                                          [32m+[0m[0m stdin                    = false
                                          [32m+[0m[0m stdin_once               = false
                                          [32m+[0m[0m termination_message_path = "/dev/termination-log"
                                          [32m+[0m[0m tty                      = false

                                          [32m+[0m[0m resources (known after apply)

                                          [32m+[0m[0m volume_mount {
                                              [32m+[0m[0m mount_path        = "/mnt/extra-addons"
                                              [32m+[0m[0m mount_propagation = "None"
                                              [32m+[0m[0m name              = "extra-addons"
                                              [32m+[0m[0m read_only         = false
                                            }
                                        }

                                      [32m+[0m[0m volume {
                                          [32m+[0m[0m name = "extra-addons"

                                          [32m+[0m[0m host_path {
                                              [32m+[0m[0m path = "/home/luno/Code/odoo-custom-modules"
                                              [32m+[0m[0m type = "Directory"
                                            }
                                        }
                                    }

                                    [90m# (1 unchanged block hidden)[0m[0m
                                }

                                [90m# (2 unchanged blocks hidden)[0m[0m
                            }

                            [90m# (1 unchanged block hidden)[0m[0m
                        }

                    [1m  # kubernetes_deployment.odoo-native_pg-deployment_F92EC94F (odoo-native/pg-deployment)[0m will be updated in-place
                    [0m  [33m~[0m[0m resource "kubernetes_deployment" "odoo-native_pg-deployment_F92EC94F" {
                            id               = "odoo-local/odoo-db"


1 Stack deploying     0 Stacks done     0 Stacks waiting
[2K[1A[2K[1A[2K[1A[2K[G[1m[33mapp-c-760-55d3a600[39m[22m  [90m# (1 unchanged attribute hidden)[0m[0m

                          [33m~[0m[0m spec {
                                [90m# (5 unchanged attributes hidden)[0m[0m

                              [33m~[0m[0m template {
                                  [33m~[0m[0m spec {
                                        [90m# (18 unchanged attributes hidden)[0m[0m

                                      [33m~[0m[0m container {
                                          [33m~[0m[0m image                      = "library/postgres:18" [33m->[0m[0m "library/postgres:16.4"
                                            name                       = "postgres"
                                            [90m# (9 unchanged attributes hidden)[0m[0m

                                            [90m# (7 unchanged blocks hidden)[0m[0m
                                        }

                                        [90m# (1 unchanged block hidden)[0m[0m
                                    }

                                    [90m# (1 unchanged block hidden)[0m[0m
                                }

                                [90m# (2 unchanged blocks hidden)[0m[0m
                            }

                            [90m# (1 unchanged block hidden)[0m[0m
                        }

                    [1mPlan:[0m 0 to add, 2 to change, 0 to destroy.


1 Stack deploying     0 Stacks done     0 Stacks waiting
[2K[1A[2K[1A[2K[1A[2K[G[1m[33mapp-c-760-55d3a600[39m[22m  [0m[0m[1mkubernetes_deployment.odoo-native_pg-deployment_F92EC94F: Modifying... [id=odoo-local/odoo-db][0m[0m


1 Stack deploying     0 Stacks done     0 Stacks waiting
[2K[1A[2K[1A[2K[1A[2K[G[1m[33mapp-c-760-55d3a600[39m[22m  [0m[1mkubernetes_deployment.odoo-native_odoo-deployment_A0915993: Modifying... [id=odoo-local/odoo][0m[0m


1 Stack deploying     0 Stacks done     0 Stacks waiting
[2K[1A[2K[1A[2K[1A[2K[G[1m[33mapp-c-760-55d3a600[39m[22m  [0m[1mkubernetes_deployment.odoo-native_odoo-deployment_A0915993: Still modifying... [id=odoo-local/odoo, 10s elapsed][0m[0m
                    [0m[1mkubernetes_deployment.odoo-native_pg-deployment_F92EC94F: Still modifying... [id=odoo-local/odoo-db, 10s elapsed][0m[0m


1 Stack deploying     0 Stacks done     0 Stacks waiting
[2K[1A[2K[1A[2K[1A[2K[G[1m[33mapp-c-760-55d3a600[39m[22m  [0m[1mkubernetes_deployment.odoo-native_pg-deployment_F92EC94F: Modifications complete after 15s [id=odoo-local/odoo-db][0m


1 Stack deploying     0 Stacks done     0 Stacks waiting
[2K[1A[2K[1A[2K[1A[2K[G[1m[33mapp-c-760-55d3a600[39m[22m  [0m[1mkubernetes_deployment.odoo-native_odoo-deployment_A0915993: Still modifying... [id=odoo-local/odoo, 20s elapsed][0m[0m


1 Stack deploying     0 Stacks done     0 Stacks waiting
[2K[1A[2K[1A[2K[1A[2K[G[1m[33mapp-c-760-55d3a600[39m[22m  [0m[1mkubernetes_deployment.odoo-native_odoo-deployment_A0915993: Still modifying... [id=odoo-local/odoo, 30s elapsed][0m[0m


1 Stack deploying     0 Stacks done     0 Stacks waiting
[2K[1A[2K[1A[2K[1A[2K[G[1m[33mapp-c-760-55d3a600[39m[22m  [0m[1mkubernetes_deployment.odoo-native_odoo-deployment_A0915993: Still modifying... [id=odoo-local/odoo, 40s elapsed][0m[0m


1 Stack deploying     0 Stacks done     0 Stacks waiting
[2K[1A[2K[1A[2K[1A[2K[G[1m[33mapp-c-760-55d3a600[39m[22m  [0m[1mkubernetes_deployment.odoo-native_odoo-deployment_A0915993: Still modifying... [id=odoo-local/odoo, 50s elapsed][0m[0m


1 Stack deploying     0 Stacks done     0 Stacks waiting
[2K[1A[2K[1A[2K[1A[2K[G[1m[33mapp-c-760-55d3a600[39m[22m  [0m[1mkubernetes_deployment.odoo-native_odoo-deployment_A0915993: Still modifying... [id=odoo-local/odoo, 1m0s elapsed][0m[0m


1 Stack deploying     0 Stacks done     0 Stacks waiting
[2K[1A[2K[1A[2K[1A[2K[G[1m[33mapp-c-760-55d3a600[39m[22m  [0m[1mkubernetes_deployment.odoo-native_odoo-deployment_A0915993: Still modifying... [id=odoo-local/odoo, 1m10s elapsed][0m[0m


1 Stack deploying     0 Stacks done     0 Stacks waiting
[2K[1A[2K[1A[2K[1A[2K[G[1m[33mapp-c-760-55d3a600[39m[22m  [0m[1mkubernetes_deployment.odoo-native_odoo-deployment_A0915993: Still modifying... [id=odoo-local/odoo, 1m20s elapsed][0m[0m


1 Stack deploying     0 Stacks done     0 Stacks waiting
[2K[1A[2K[1A[2K[1A[2K[G[1m[33mapp-c-760-55d3a600[39m[22m  [0m[1mkubernetes_deployment.odoo-native_odoo-deployment_A0915993: Still modifying... [id=odoo-local/odoo, 1m30s elapsed][0m[0m


1 Stack deploying     0 Stacks done     0 Stacks waiting
[2K[1A[2K[1A[2K[1A[2K[G[1m[33mapp-c-760-55d3a600[39m[22m  [0m[1mkubernetes_deployment.odoo-native_odoo-deployment_A0915993: Still modifying... [id=odoo-local/odoo, 1m40s elapsed][0m[0m


1 Stack deploying     0 Stacks done     0 Stacks waiting
