
⠋  Starting
[2K[1A[2K[1A[2K[G
⠋  Synthesizing
[2K[1A[2K[1A[2K[G
⠙  Synthesizing
[2K[1A[2K[1A[2K[G
⠹  Synthesizing
[2K[1A[2K[1A[2K[G
⠸  Synthesizing
[2K[1A[2K[1A[2K[G
⠼  Synthesizing
[2K[1A[2K[1A[2K[G
⠴  Synthesizing
[2K[1A[2K[1A[2K[G
⠦  Synthesizing
[2K[1A[2K[1A[2K[G
⠧  Synthesizing
[2K[1A[2K[1A[2K[G
⠇  Synthesizing
[2K[1A[2K[1A[2K[G
⠏  Synthesizing
[2K[1A[2K[1A[2K[G
⠋  Synthesizing
[2K[1A[2K[1A[2K[G
⠙  Synthesizing
[2K[1A[2K[1A[2K[G

0 Stacks deploying     0 Stacks done     0 Stacks waiting
[2K[1A[2K[1A[2K[1A[2K[Gapp-e2e-fleet-167-75ed175b  [0m[1mInitializing the backend...[0m


0 Stacks deploying     0 Stacks done     0 Stacks waiting
[2K[1A[2K[1A[2K[1A[2K[G

0 Stacks deploying     0 Stacks done     1 Stack waiting
[2K[1A[2K[1A[2K[1A[2K[Gapp-e2e-fleet-167-75ed175b  [0m[1mInitializing provider plugins...[0m
                            - Reusing previous version of hashicorp/kubernetes from the dependency lock file


0 Stacks deploying     0 Stacks done     1 Stack waiting
[2K[1A[2K[1A[2K[1A[2K[Gapp-e2e-fleet-167-75ed175b  - Reusing previous version of hashicorp/helm from the dependency lock file


0 Stacks deploying     0 Stacks done     1 Stack waiting
[2K[1A[2K[1A[2K[1A[2K[Gapp-e2e-fleet-167-75ed175b  - Using previously-installed hashicorp/helm v2.17.0


0 Stacks deploying     0 Stacks done     1 Stack waiting
[2K[1A[2K[1A[2K[1A[2K[Gapp-e2e-fleet-167-75ed175b  - Using previously-installed hashicorp/kubernetes v2.38.0

                            [0m[1m[32mTerraform has been successfully initialized![0m[32m[0m
                            [0m[32m
                            You may now begin working with Terraform. Try running "terraform plan" to see
                            any changes that are required for your infrastructure. All Terraform commands
                            should now work.

                            If you ever set or change modules or backend configuration for Terraform,
                            rerun this command to reinitialize your working directory. If you forget, other
                            commands will detect it and remind you to do so if necessary.[0m


0 Stacks deploying     0 Stacks done     1 Stack waiting
[2K[1A[2K[1A[2K[1A[2K[G

1 Stack deploying     0 Stacks done     0 Stacks waiting
[2K[1A[2K[1A[2K[1A[2K[Gapp-e2e-fleet-167-75ed175b  [0m[1mkubernetes_namespace.prometheus-app_ns_677DA625: Refreshing state... [id=prometheus-e2e][0m


1 Stack deploying     0 Stacks done     0 Stacks waiting
[2K[1A[2K[1A[2K[1A[2K[Gapp-e2e-fleet-167-75ed175b  [0m[1mhelm_release.prometheus-app_prometheus-release_06A1168C: Refreshing state... [id=prometheus][0m


1 Stack deploying     0 Stacks done     0 Stacks waiting
[2K[1A[2K[1A[2K[1A[2K[Gapp-e2e-fleet-167-75ed175b  Terraform used the selected providers to generate the following execution plan.
                            Resource actions are indicated with the following symbols:
                              [33m~[0m update in-place[0m

                            Terraform will perform the following actions:


1 Stack deploying     0 Stacks done     0 Stacks waiting
[2K[1A[2K[1A[2K[1A[2K[Gapp-e2e-fleet-167-75ed175b  [1m  # helm_release.prometheus-app_prometheus-release_06A1168C (prometheus-app/prometheus-release)[0m will be updated in-place
                            [0m  [33m~[0m[0m resource "helm_release" "prometheus-app_prometheus-release_06A1168C" {
                                    id                         = "prometheus"
                                  [33m~[0m[0m metadata                   = [
                                      [31m-[0m[0m {
                                          [31m-[0m[0m app_version    = "v0.92.0"
                                          [31m-[0m[0m chart          = "kube-prometheus-stack"
                                          [31m-[0m[0m first_deployed = 1782342365
                                          [31m-[0m[0m last_deployed  = 1782342365
                                          [31m-[0m[0m name           = "prometheus"
                                          [31m-[0m[0m namespace      = "prometheus-e2e"
                                          [31m-[0m[0m notes          = <<-EOT
                                                kube-prometheus-stack has been installed. Check its status by running:
                                                  kubectl --namespace prometheus-e2e get pods -l "release=prometheus"

                                                Get Grafana 'admin' user password by running:

                                                  kubectl --namespace prometheus-e2e get secrets prometheus-grafana -o jsonpath="{.data.admin-password}" | base64 -d ; echo

                                                Access Grafana local instance:

                                                  export POD_NAME=$(kubectl --namespace prometheus-e2e get pod -l "app.kubernetes.io/name=grafana,app.kubernetes.io/instance=prometheus" -oname)
                                                  kubectl --namespace prometheus-e2e port-forward $POD_NAME 3000

                                                Get your grafana admin user password by running:

                                                  kubectl get secret --namespace prometheus-e2e -l app.kubernetes.io/component=admin-secret -o jsonpath="{.items[0].data.admin-password}" | base64 --decode ; echo


                                                Visit https://github.com/prometheus-operator/kube-prometheus for instructions on how to create & configure Alertmanager and Prometheus instances using the Operator.

                                                1. Get the application URL by running these commands:
                                                  export POD_NAME=$(kubectl get pods --namespace prometheus-e2e -l "app.kubernetes.io/name=prometheus-node-exporter,app.kubernetes.io/instance=prometheus" -o jsonpath="{.items[0].metadata.name}")
                                                  echo "Visit http://127.0.0.1:9100 to use your application"
                                                  kubectl port-forward --namespace prometheus-e2e $POD_NAME 9100
                                                kube-state-metrics is a simple service that listens to the Kubernetes API server and generates metrics about the state of the objects.
                                                The exposed metrics can be found here:
                                                https://github.com/kubernetes/kube-state-metrics/blob/master/docs/README.md#exposed-metrics

                                                The metrics are exported on the HTTP endpoint /metrics on the listening port.
                                                In your case, prometheus-kube-state-metrics.prometheus-e2e.svc.cluster.local:8080/metrics

                                                They are served either as plaintext or protobuf depending on the Accept header.
                                                They are designed to be consumed either by Prometheus itself or by a scraper that is compatible with scraping a Prometheus client endpoint.

                                                1. Get your 'admin' user password by running:

                                                   kubectl get secret --namespace prometheus-e2e prometheus-grafana -o jsonpath="{.data.admin-password}" | base64 --decode ; echo


                                                2. The Grafana server can be accessed via port 80 on the following DNS name from within your cluster:

                                                   prometheus-grafana.prometheus-e2e.svc.cluster.local

                                                   Get the Grafana URL to visit by running these commands in the same shell:


1 Stack deploying     0 Stacks done     0 Stacks waiting
[2K[1A[2K[1A[2K[1A[2K[Gapp-e2e-fleet-167-75ed175b  export POD_NAME=$(kubectl get pods --namespace prometheus-e2e -l "app.kubernetes.io/name=grafana,app.kubernetes.io/instance=prometheus" -o jsonpath="{.items[0].metadata.name}")
                                                     kubectl --namespace prometheus-e2e port-forward $POD_NAME 3000

                                                3. Login with the password from step 1 and the username: admin
                                                #################################################################################
                                                ######   WARNING: Persistence is disabled!!! You will lose your data when   #####
                                                ######            the Grafana pod is terminated.                            #####
                                                #################################################################################
                                            EOT
                                          [31m-[0m[0m revision       = 1
                                          [31m-[0m[0m values         = jsonencode(
                                                {
                                                  [31m-[0m[0m grafana    = {
                                                      [31m-[0m[0m enabled = true
                                                    }
                                                  [31m-[0m[0m prometheus = {
                                                      [31m-[0m[0m prometheusSpec = {
                                                          [31m-[0m[0m image   = {
                                                              [31m-[0m[0m repository = "prometheus/prometheus"
                                                              [31m-[0m[0m tag        = "v3.1.0"
                                                            }
                                                          [31m-[0m[0m service = {
                                                              [31m-[0m[0m type = "NodePort"
                                                            }
                                                        }
                                                    }
                                                }
                                            )
                                          [31m-[0m[0m version        = "87.2.1"
                                        },
                                    ] -> (known after apply)
                                    name                       = "prometheus"
                                    [90m# (26 unchanged attributes hidden)[0m[0m

                                  [32m+[0m[0m set {
                                      [32m+[0m[0m name  = "prometheus.prometheusSpec.storageSpec.volumeClaimTemplate.spec.resources.requests.storage"
                                      [32m+[0m[0m value = "12Gi"
                                        [90m# (1 unchanged attribute hidden)[0m[0m
                                    }

                                    [90m# (4 unchanged blocks hidden)[0m[0m
                                }

                            [1mPlan:[0m 0 to add, 1 to change, 0 to destroy.


1 Stack deploying     0 Stacks done     0 Stacks waiting
[2K[1A[2K[1A[2K[1A[2K[Gapp-e2e-fleet-167-75ed175b  [0m[0m[1mhelm_release.prometheus-app_prometheus-release_06A1168C: Modifying... [id=prometheus][0m[0m


1 Stack deploying     0 Stacks done     0 Stacks waiting
[2K[1A[2K[1A[2K[1A[2K[Gapp-e2e-fleet-167-75ed175b  [0m[1mhelm_release.prometheus-app_prometheus-release_06A1168C: Still modifying... [id=prometheus, 10s elapsed][0m[0m


1 Stack deploying     0 Stacks done     0 Stacks waiting
[2K[1A[2K[1A[2K[1A[2K[Gapp-e2e-fleet-167-75ed175b  [0m[1mhelm_release.prometheus-app_prometheus-release_06A1168C: Still modifying... [id=prometheus, 20s elapsed][0m[0m


1 Stack deploying     0 Stacks done     0 Stacks waiting
[2K[1A[2K[1A[2K[1A[2K[Gapp-e2e-fleet-167-75ed175b  [0m[1mhelm_release.prometheus-app_prometheus-release_06A1168C: Modifications complete after 26s [id=prometheus][0m


1 Stack deploying     0 Stacks done     0 Stacks waiting
[2K[1A[2K[1A[2K[1A[2K[Gapp-e2e-fleet-167-75ed175b  [0m[1m[32m
                            Apply complete! Resources: 0 added, 1 changed, 0 destroyed.


1 Stack deploying     0 Stacks done     0 Stacks waiting
[2K[1A[2K[1A[2K[1A[2K[G
No outputs found.
