
⠋  Starting
[2K[1A[2K[1A[2K[G
⠋  Synthesizing
[2K[1A[2K[1A[2K[G
⠙  Synthesizing
[2K[1A[2K[1A[2K[G
⠹  Synthesizing
[2K[1A[2K[1A[2K[G
⠸  Synthesizing
[2K[1A[2K[1A[2K[G
⠼  Synthesizing
[2K[1A[2K[1A[2K[G
⠴  Synthesizing
[2K[1A[2K[1A[2K[G
⠦  Synthesizing
[2K[1A[2K[1A[2K[G
⠧  Synthesizing
[2K[1A[2K[1A[2K[G
⠇  Synthesizing
[2K[1A[2K[1A[2K[G
⠏  Synthesizing
[2K[1A[2K[1A[2K[G
⠋  Synthesizing
[2K[1A[2K[1A[2K[G
⠙  Synthesizing
[2K[1A[2K[1A[2K[G
⠹  Synthesizing
[2K[1A[2K[1A[2K[G
⠸  Synthesizing
[2K[1A[2K[1A[2K[G
⠼  Synthesizing
[2K[1A[2K[1A[2K[G
⠴  Synthesizing
[2K[1A[2K[1A[2K[G

0 Stacks deploying     0 Stacks done     0 Stacks waiting
[2K[1A[2K[1A[2K[1A[2K[Gapp-e2e-fleet-167-75ed175b  [0m[1mInitializing the backend...[0m


0 Stacks deploying     0 Stacks done     0 Stacks waiting
[2K[1A[2K[1A[2K[1A[2K[G

0 Stacks deploying     0 Stacks done     1 Stack waiting
[2K[1A[2K[1A[2K[1A[2K[Gapp-e2e-fleet-167-75ed175b  [0m[32m
                            Successfully configured the backend "local"! Terraform will automatically
                            use this backend unless the backend configuration changes.[0m
                            [0m[1mInitializing provider plugins...[0m
                            - Finding hashicorp/kubernetes versions matching "2.38.0"...


0 Stacks deploying     0 Stacks done     1 Stack waiting
[2K[1A[2K[1A[2K[1A[2K[Gapp-e2e-fleet-167-75ed175b  - Finding hashicorp/helm versions matching "2.17.0"...


0 Stacks deploying     0 Stacks done     1 Stack waiting
[2K[1A[2K[1A[2K[1A[2K[Gapp-e2e-fleet-167-75ed175b  - Installing hashicorp/kubernetes v2.38.0...


0 Stacks deploying     0 Stacks done     1 Stack waiting
[2K[1A[2K[1A[2K[1A[2K[Gapp-e2e-fleet-167-75ed175b  - Installed hashicorp/kubernetes v2.38.0 (signed by HashiCorp)


0 Stacks deploying     0 Stacks done     1 Stack waiting
[2K[1A[2K[1A[2K[1A[2K[Gapp-e2e-fleet-167-75ed175b  - Installing hashicorp/helm v2.17.0...


0 Stacks deploying     0 Stacks done     1 Stack waiting
[2K[1A[2K[1A[2K[1A[2K[Gapp-e2e-fleet-167-75ed175b  - Installed hashicorp/helm v2.17.0 (signed by HashiCorp)
                            Terraform has created a lock file [1m.terraform.lock.hcl[0m to record the provider
                            selections it made above. Include this file in your version control repository
                            so that Terraform can guarantee to make the same selections by default when
                            you run "terraform init" in the future.[0m


0 Stacks deploying     0 Stacks done     1 Stack waiting
[2K[1A[2K[1A[2K[1A[2K[Gapp-e2e-fleet-167-75ed175b  [0m[1m[32mTerraform has been successfully initialized![0m[32m[0m
                            [0m[32m
                            You may now begin working with Terraform. Try running "terraform plan" to see
                            any changes that are required for your infrastructure. All Terraform commands
                            should now work.

                            If you ever set or change modules or backend configuration for Terraform,
                            rerun this command to reinitialize your working directory. If you forget, other
                            commands will detect it and remind you to do so if necessary.[0m


0 Stacks deploying     0 Stacks done     1 Stack waiting
[2K[1A[2K[1A[2K[1A[2K[Gapp-e2e-fleet-167-75ed175b  - Fetching hashicorp/kubernetes 2.38.0 for linux_amd64...


0 Stacks deploying     0 Stacks done     1 Stack waiting
[2K[1A[2K[1A[2K[1A[2K[Gapp-e2e-fleet-167-75ed175b  - Retrieved hashicorp/kubernetes 2.38.0 for linux_amd64 (signed by HashiCorp)


0 Stacks deploying     0 Stacks done     1 Stack waiting
[2K[1A[2K[1A[2K[1A[2K[Gapp-e2e-fleet-167-75ed175b  - Fetching hashicorp/helm 2.17.0 for linux_amd64...


0 Stacks deploying     0 Stacks done     1 Stack waiting
[2K[1A[2K[1A[2K[1A[2K[Gapp-e2e-fleet-167-75ed175b  - Retrieved hashicorp/helm 2.17.0 for linux_amd64 (signed by HashiCorp)
                            - Obtained hashicorp/helm checksums for linux_amd64; All checksums for this platform were already tracked in the lock file
                            - Obtained hashicorp/kubernetes checksums for linux_amd64; All checksums for this platform were already tracked in the lock file


0 Stacks deploying     0 Stacks done     1 Stack waiting
[2K[1A[2K[1A[2K[1A[2K[Gapp-e2e-fleet-167-75ed175b  [1m[32mSuccess![0m [1mTerraform has validated the lock file and found no need for changes.[0m[0m


0 Stacks deploying     0 Stacks done     1 Stack waiting
[2K[1A[2K[1A[2K[1A[2K[G

1 Stack deploying     0 Stacks done     0 Stacks waiting
[2K[1A[2K[1A[2K[1A[2K[Gapp-e2e-fleet-167-75ed175b  Terraform used the selected providers to generate the following execution plan.
                            Resource actions are indicated with the following symbols:
                              [32m+[0m create[0m

                            Terraform will perform the following actions:


1 Stack deploying     0 Stacks done     0 Stacks waiting
[2K[1A[2K[1A[2K[1A[2K[Gapp-e2e-fleet-167-75ed175b  [1m  # helm_release.prometheus-app_prometheus-release_06A1168C (prometheus-app/prometheus-release)[0m will be created
                            [0m  [32m+[0m[0m resource "helm_release" "prometheus-app_prometheus-release_06A1168C" {
                                  [32m+[0m[0m atomic                     = false
                                  [32m+[0m[0m chart                      = "kube-prometheus-stack"
                                  [32m+[0m[0m cleanup_on_fail            = false
                                  [32m+[0m[0m create_namespace           = false
                                  [32m+[0m[0m dependency_update          = false
                                  [32m+[0m[0m disable_crd_hooks          = false
                                  [32m+[0m[0m disable_openapi_validation = false
                                  [32m+[0m[0m disable_webhooks           = false
                                  [32m+[0m[0m force_update               = false
                                  [32m+[0m[0m id                         = (known after apply)
                                  [32m+[0m[0m lint                       = false
                                  [32m+[0m[0m manifest                   = (known after apply)
                                  [32m+[0m[0m max_history                = 0
                                  [32m+[0m[0m metadata                   = (known after apply)
                                  [32m+[0m[0m name                       = "prometheus"
                                  [32m+[0m[0m namespace                  = "prometheus-e2e"
                                  [32m+[0m[0m pass_credentials           = false
                                  [32m+[0m[0m recreate_pods              = false
                                  [32m+[0m[0m render_subchart_notes      = true
                                  [32m+[0m[0m replace                    = false
                                  [32m+[0m[0m repository                 = "https://prometheus-community.github.io/helm-charts"
                                  [32m+[0m[0m reset_values               = false
                                  [32m+[0m[0m reuse_values               = false
                                  [32m+[0m[0m skip_crds                  = false
                                  [32m+[0m[0m status                     = "deployed"
                                  [32m+[0m[0m timeout                    = 600
                                  [32m+[0m[0m verify                     = false
                                  [32m+[0m[0m version                    = "87.2.1"
                                  [32m+[0m[0m wait                       = true
                                  [32m+[0m[0m wait_for_jobs              = false

                                  [32m+[0m[0m set {
                                      [32m+[0m[0m name  = "grafana.enabled"
                                      [32m+[0m[0m value = "true"
                                        [90m# (1 unchanged attribute hidden)[0m[0m
                                    }
                                  [32m+[0m[0m set {
                                      [32m+[0m[0m name  = "prometheus.prometheusSpec.image.repository"
                                      [32m+[0m[0m value = "prometheus/prometheus"
                                        [90m# (1 unchanged attribute hidden)[0m[0m
                                    }
                                  [32m+[0m[0m set {
                                      [32m+[0m[0m name  = "prometheus.prometheusSpec.image.tag"
                                      [32m+[0m[0m value = "v3.1.0"
                                        [90m# (1 unchanged attribute hidden)[0m[0m
                                    }
                                  [32m+[0m[0m set {
                                      [32m+[0m[0m name  = "prometheus.prometheusSpec.service.type"
                                      [32m+[0m[0m value = "NodePort"
                                        [90m# (1 unchanged attribute hidden)[0m[0m
                                    }
                                }

                            [1m  # kubernetes_namespace.prometheus-app_ns_677DA625 (prometheus-app/ns)[0m will be created
                            [0m  [32m+[0m[0m resource "kubernetes_namespace" "prometheus-app_ns_677DA625" {
                                  [32m+[0m[0m id                               = (known after apply)
                                  [32m+[0m[0m wait_for_default_service_account = false

                                  [32m+[0m[0m metadata {
                                      [32m+[0m[0m generation       = (known after apply)
                                      [32m+[0m[0m name             = "prometheus-e2e"
                                      [32m+[0m[0m resource_version = (known after apply)
                                      [32m+[0m[0m uid              = (known after apply)
                                    }
                                }

                            [1mPlan:[0m 2 to add, 0 to change, 0 to destroy.


1 Stack deploying     0 Stacks done     0 Stacks waiting
[2K[1A[2K[1A[2K[1A[2K[Gapp-e2e-fleet-167-75ed175b  [0m[0m[1mkubernetes_namespace.prometheus-app_ns_677DA625: Creating...[0m[0m


1 Stack deploying     0 Stacks done     0 Stacks waiting
[2K[1A[2K[1A[2K[1A[2K[Gapp-e2e-fleet-167-75ed175b  [0m[1mkubernetes_namespace.prometheus-app_ns_677DA625: Creation complete after 0s [id=prometheus-e2e][0m


1 Stack deploying     0 Stacks done     0 Stacks waiting
[2K[1A[2K[1A[2K[1A[2K[Gapp-e2e-fleet-167-75ed175b  [0m[1mhelm_release.prometheus-app_prometheus-release_06A1168C: Creating...[0m[0m


1 Stack deploying     0 Stacks done     0 Stacks waiting
[2K[1A[2K[1A[2K[1A[2K[Gapp-e2e-fleet-167-75ed175b  [0m[1mhelm_release.prometheus-app_prometheus-release_06A1168C: Still creating... [10s elapsed][0m[0m


1 Stack deploying     0 Stacks done     0 Stacks waiting
[2K[1A[2K[1A[2K[1A[2K[Gapp-e2e-fleet-167-75ed175b  [0m[1mhelm_release.prometheus-app_prometheus-release_06A1168C: Still creating... [20s elapsed][0m[0m


1 Stack deploying     0 Stacks done     0 Stacks waiting
[2K[1A[2K[1A[2K[1A[2K[Gapp-e2e-fleet-167-75ed175b  [0m[1mhelm_release.prometheus-app_prometheus-release_06A1168C: Creation complete after 23s [id=prometheus][0m


1 Stack deploying     0 Stacks done     0 Stacks waiting
[2K[1A[2K[1A[2K[1A[2K[Gapp-e2e-fleet-167-75ed175b  [0m[1m[32m
                            Apply complete! Resources: 2 added, 0 changed, 0 destroyed.


1 Stack deploying     0 Stacks done     0 Stacks waiting
[2K[1A[2K[1A[2K[1A[2K[G
No outputs found.
