
⠋  Starting
[2K[1A[2K[1A[2K[G
⠋  Synthesizing
[2K[1A[2K[1A[2K[G
⠙  Synthesizing
[2K[1A[2K[1A[2K[G
⠹  Synthesizing
[2K[1A[2K[1A[2K[G
⠸  Synthesizing
[2K[1A[2K[1A[2K[G
⠼  Synthesizing
[2K[1A[2K[1A[2K[G
⠴  Synthesizing
[2K[1A[2K[1A[2K[G
⠦  Synthesizing
[2K[1A[2K[1A[2K[G
⠧  Synthesizing
[2K[1A[2K[1A[2K[G
⠇  Synthesizing
[2K[1A[2K[1A[2K[G
⠏  Synthesizing
[2K[1A[2K[1A[2K[G
⠋  Synthesizing
[2K[1A[2K[1A[2K[G
⠙  Synthesizing
[2K[1A[2K[1A[2K[G

0 Stacks destroying     0 Stacks done     0 Stacks waiting
[2K[1A[2K[1A[2K[1A[2K[Gapp-e2e-fleet-566-bd48367b  [0m[1mInitializing the backend...[0m


0 Stacks destroying     0 Stacks done     0 Stacks waiting
[2K[1A[2K[1A[2K[1A[2K[G

0 Stacks destroying     0 Stacks done     1 Stack waiting
[2K[1A[2K[1A[2K[1A[2K[Gapp-e2e-fleet-566-bd48367b  [0m[1mInitializing provider plugins...[0m
                            - Reusing previous version of hashicorp/helm from the dependency lock file


0 Stacks destroying     0 Stacks done     1 Stack waiting
[2K[1A[2K[1A[2K[1A[2K[Gapp-e2e-fleet-566-bd48367b  - Reusing previous version of hashicorp/kubernetes from the dependency lock file


0 Stacks destroying     0 Stacks done     1 Stack waiting
[2K[1A[2K[1A[2K[1A[2K[Gapp-e2e-fleet-566-bd48367b  - Using previously-installed hashicorp/helm v2.17.0


0 Stacks destroying     0 Stacks done     1 Stack waiting
[2K[1A[2K[1A[2K[1A[2K[Gapp-e2e-fleet-566-bd48367b  - Using previously-installed hashicorp/kubernetes v2.38.0

                            [0m[1m[32mTerraform has been successfully initialized![0m[32m[0m
                            [0m[32m
                            You may now begin working with Terraform. Try running "terraform plan" to see
                            any changes that are required for your infrastructure. All Terraform commands
                            should now work.

                            If you ever set or change modules or backend configuration for Terraform,
                            rerun this command to reinitialize your working directory. If you forget, other
                            commands will detect it and remind you to do so if necessary.[0m


0 Stacks destroying     0 Stacks done     1 Stack waiting
[2K[1A[2K[1A[2K[1A[2K[G

1 Stack destroying     0 Stacks done     0 Stacks waiting
[2K[1A[2K[1A[2K[1A[2K[Gapp-e2e-fleet-566-bd48367b  [0m[1mkubernetes_namespace.prometheus-app_ns_677DA625: Refreshing state... [id=prometheus-e2e][0m


1 Stack destroying     0 Stacks done     0 Stacks waiting
[2K[1A[2K[1A[2K[1A[2K[Gapp-e2e-fleet-566-bd48367b  [0m[1mhelm_release.prometheus-app_prometheus-release_06A1168C: Refreshing state... [id=prometheus][0m


1 Stack destroying     0 Stacks done     0 Stacks waiting
[2K[1A[2K[1A[2K[1A[2K[Gapp-e2e-fleet-566-bd48367b  Terraform used the selected providers to generate the following execution plan.
                            Resource actions are indicated with the following symbols:
                              [31m-[0m destroy[0m

                            Terraform will perform the following actions:


1 Stack destroying     0 Stacks done     0 Stacks waiting
[2K[1A[2K[1A[2K[1A[2K[Gapp-e2e-fleet-566-bd48367b  [1m  # helm_release.prometheus-app_prometheus-release_06A1168C[0m will be [1m[31mdestroyed[0m
                            [0m  [31m-[0m[0m resource "helm_release" "prometheus-app_prometheus-release_06A1168C" {
                                  [31m-[0m[0m atomic                     = false [90m-> null[0m[0m
                                  [31m-[0m[0m chart                      = "kube-prometheus-stack" [90m-> null[0m[0m
                                  [31m-[0m[0m cleanup_on_fail            = false [90m-> null[0m[0m
                                  [31m-[0m[0m create_namespace           = false [90m-> null[0m[0m
                                  [31m-[0m[0m dependency_update          = false [90m-> null[0m[0m
                                  [31m-[0m[0m disable_crd_hooks          = false [90m-> null[0m[0m
                                  [31m-[0m[0m disable_openapi_validation = false [90m-> null[0m[0m
                                  [31m-[0m[0m disable_webhooks           = false [90m-> null[0m[0m
                                  [31m-[0m[0m force_update               = false [90m-> null[0m[0m
                                  [31m-[0m[0m id                         = "prometheus" [90m-> null[0m[0m
                                  [31m-[0m[0m lint                       = false [90m-> null[0m[0m
                                  [31m-[0m[0m max_history                = 0 [90m-> null[0m[0m
                                  [31m-[0m[0m metadata                   = [
                                      [31m-[0m[0m {
                                          [31m-[0m[0m app_version    = "v0.92.0"
                                          [31m-[0m[0m chart          = "kube-prometheus-stack"
                                          [31m-[0m[0m first_deployed = 1782338567
                                          [31m-[0m[0m last_deployed  = 1782338602
                                          [31m-[0m[0m name           = "prometheus"
                                          [31m-[0m[0m namespace      = "prometheus-e2e"
                                          [31m-[0m[0m notes          = <<-EOT
                                                kube-state-metrics is a simple service that listens to the Kubernetes API server and generates metrics about the state of the objects.
                                                The exposed metrics can be found here:


1 Stack destroying     0 Stacks done     0 Stacks waiting
[2K[1A[2K[1A[2K[1A[2K[Gapp-e2e-fleet-566-bd48367b  https://github.com/kubernetes/kube-state-metrics/blob/master/docs/README.md#exposed-metrics

                                                The metrics are exported on the HTTP endpoint /metrics on the listening port.
                                                In your case, prometheus-kube-state-metrics.prometheus-e2e.svc.cluster.local:8080/metrics

                                                They are served either as plaintext or protobuf depending on the Accept header.
                                                They are designed to be consumed either by Prometheus itself or by a scraper that is compatible with scraping a Prometheus client endpoint.

                                                kube-prometheus-stack has been installed. Check its status by running:
                                                  kubectl --namespace prometheus-e2e get pods -l "release=prometheus"

                                                Get Grafana 'admin' user password by running:

                                                  kubectl --namespace prometheus-e2e get secrets prometheus-grafana -o jsonpath="{.data.admin-password}" | base64 -d ; echo

                                                Access Grafana local instance:

                                                  export POD_NAME=$(kubectl --namespace prometheus-e2e get pod -l "app.kubernetes.io/name=grafana,app.kubernetes.io/instance=prometheus" -oname)
                                                  kubectl --namespace prometheus-e2e port-forward $POD_NAME 3000

                                                Get your grafana admin user password by running:

                                                  kubectl get secret --namespace prometheus-e2e -l app.kubernetes.io/component=admin-secret -o jsonpath="{.items[0].data.admin-password}" | base64 --decode ; echo


                                                Visit https://github.com/prometheus-operator/kube-prometheus for instructions on how to create & configure Alertmanager and Prometheus instances using the Operator.

                                                1. Get the application URL by running these commands:
                                                  export POD_NAME=$(kubectl get pods --namespace prometheus-e2e -l "app.kubernetes.io/name=prometheus-node-exporter,app.kubernetes.io/instance=prometheus" -o jsonpath="{.items[0].metadata.name}")
                                                  echo "Visit http://127.0.0.1:9100 to use your application"
                                                  kubectl port-forward --namespace prometheus-e2e $POD_NAME 9100
                                                1. Get your 'admin' user password by running:

                                                   kubectl get secret --namespace prometheus-e2e prometheus-grafana -o jsonpath="{.data.admin-password}" | base64 --decode ; echo


                                                2. The Grafana server can be accessed via port 80 on the following DNS name from within your cluster:

                                                   prometheus-grafana.prometheus-e2e.svc.cluster.local

                                                   Get the Grafana URL to visit by running these commands in the same shell:
                                                     export POD_NAME=$(kubectl get pods --namespace prometheus-e2e -l "app.kubernetes.io/name=grafana,app.kubernetes.io/instance=prometheus" -o jsonpath="{.items[0].metadata.name}")
                                                     kubectl --namespace prometheus-e2e port-forward $POD_NAME 3000

                                                3. Login with the password from step 1 and the username: admin
                                                #################################################################################
                                                ######   WARNING: Persistence is disabled!!! You will lose your data when   #####
                                                ######            the Grafana pod is terminated.                            #####
                                                #################################################################################
                                            EOT
                                          [31m-[0m[0m revision       = 2
                                          [31m-[0m[0m values         = jsonencode(
                                                {
                                                  [31m-[0m[0m grafana    = {


1 Stack destroying     0 Stacks done     0 Stacks waiting
[2K[1A[2K[1A[2K[1A[2K[Gapp-e2e-fleet-566-bd48367b  [31m-[0m[0m enabled = true
                                                    }
                                                  [31m-[0m[0m prometheus = {
                                                      [31m-[0m[0m prometheusSpec = {
                                                          [31m-[0m[0m image       = {
                                                              [31m-[0m[0m repository = "prometheus/prometheus"
                                                              [31m-[0m[0m tag        = "v3.1.0"
                                                            }
                                                          [31m-[0m[0m service     = {
                                                              [31m-[0m[0m type = "NodePort"
                                                            }
                                                          [31m-[0m[0m storageSpec = {
                                                              [31m-[0m[0m volumeClaimTemplate = {
                                                                  [31m-[0m[0m spec = {
                                                                      [31m-[0m[0m resources = {
                                                                          [31m-[0m[0m requests = {
                                                                              [31m-[0m[0m storage = "12Gi"
                                                                            }
                                                                        }
                                                                    }
                                                                }
                                                            }
                                                        }
                                                    }
                                                }
                                            )
                                          [31m-[0m[0m version        = "87.2.1"
                                        },
                                    ] [90m-> null[0m[0m
                                  [31m-[0m[0m name                       = "prometheus" [90m-> null[0m[0m
                                  [31m-[0m[0m namespace                  = "prometheus-e2e" [90m-> null[0m[0m
                                  [31m-[0m[0m pass_credentials           = false [90m-> null[0m[0m
                                  [31m-[0m[0m recreate_pods              = false [90m-> null[0m[0m
                                  [31m-[0m[0m render_subchart_notes      = true [90m-> null[0m[0m
                                  [31m-[0m[0m replace                    = false [90m-> null[0m[0m
                                  [31m-[0m[0m repository                 = "https://prometheus-community.github.io/helm-charts" [90m-> null[0m[0m
                                  [31m-[0m[0m reset_values               = false [90m-> null[0m[0m
                                  [31m-[0m[0m reuse_values               = false [90m-> null[0m[0m
                                  [31m-[0m[0m skip_crds                  = false [90m-> null[0m[0m
                                  [31m-[0m[0m status                     = "deployed" [90m-> null[0m[0m
                                  [31m-[0m[0m timeout                    = 600 [90m-> null[0m[0m
                                  [31m-[0m[0m verify                     = false [90m-> null[0m[0m
                                  [31m-[0m[0m version                    = "87.2.1" [90m-> null[0m[0m
                                  [31m-[0m[0m wait                       = true [90m-> null[0m[0m
                                  [31m-[0m[0m wait_for_jobs              = false [90m-> null[0m[0m

                                  [31m-[0m[0m set {
                                      [31m-[0m[0m name  = "grafana.enabled" [90m-> null[0m[0m
                                      [31m-[0m[0m value = "true" [90m-> null[0m[0m
                                        [90m# (1 unchanged attribute hidden)[0m[0m
                                    }
                                  [31m-[0m[0m set {
                                      [31m-[0m[0m name  = "prometheus.prometheusSpec.image.repository" [90m-> null[0m[0m
                                      [31m-[0m[0m value = "prometheus/prometheus" [90m-> null[0m[0m
                                        [90m# (1 unchanged attribute hidden)[0m[0m
                                    }
                                  [31m-[0m[0m set {
                                      [31m-[0m[0m name  = "prometheus.prometheusSpec.image.tag" [90m-> null[0m[0m
                                      [31m-[0m[0m value = "v3.1.0" [90m-> null[0m[0m
                                        [90m# (1 unchanged attribute hidden)[0m[0m
                                    }
                                  [31m-[0m[0m set {
                                      [31m-[0m[0m name  = "prometheus.prometheusSpec.service.type" [90m-> null[0m[0m
                                      [31m-[0m[0m value = "NodePort" [90m-> null[0m[0m
                                        [90m# (1 unchanged attribute hidden)[0m[0m
                                    }
                                  [31m-[0m[0m set {
                                      [31m-[0m[0m name  = "prometheus.prometheusSpec.storageSpec.volumeClaimTemplate.spec.resources.requests.storage" [90m-> null[0m[0m
                                      [31m-[0m[0m value = "12Gi" [90m-> null[0m[0m


1 Stack destroying     0 Stacks done     0 Stacks waiting
[2K[1A[2K[1A[2K[1A[2K[Gapp-e2e-fleet-566-bd48367b  [90m# (1 unchanged attribute hidden)[0m[0m
                                    }
                                }

                            [1m  # kubernetes_namespace.prometheus-app_ns_677DA625[0m will be [1m[31mdestroyed[0m
                            [0m  [31m-[0m[0m resource "kubernetes_namespace" "prometheus-app_ns_677DA625" {
                                  [31m-[0m[0m id                               = "prometheus-e2e" [90m-> null[0m[0m
                                  [31m-[0m[0m wait_for_default_service_account = false [90m-> null[0m[0m

                                  [31m-[0m[0m metadata {
                                      [31m-[0m[0m annotations      = {} [90m-> null[0m[0m
                                      [31m-[0m[0m generation       = 0 [90m-> null[0m[0m
                                      [31m-[0m[0m labels           = {} [90m-> null[0m[0m
                                      [31m-[0m[0m name             = "prometheus-e2e" [90m-> null[0m[0m
                                      [31m-[0m[0m resource_version = "2082" [90m-> null[0m[0m
                                      [31m-[0m[0m uid              = "9ee29612-af39-4e3d-86ff-086919a4120e" [90m-> null[0m[0m
                                        [90m# (1 unchanged attribute hidden)[0m[0m
                                    }
                                }

                            [1mPlan:[0m 0 to add, 0 to change, 2 to destroy.


1 Stack destroying     0 Stacks done     0 Stacks waiting
[2K[1A[2K[1A[2K[1A[2K[Gapp-e2e-fleet-566-bd48367b  [0m[0m[1mhelm_release.prometheus-app_prometheus-release_06A1168C: Destroying... [id=prometheus][0m[0m


1 Stack destroying     0 Stacks done     0 Stacks waiting
[2K[1A[2K[1A[2K[1A[2K[Gapp-e2e-fleet-566-bd48367b  [0m[1mhelm_release.prometheus-app_prometheus-release_06A1168C: Destruction complete after 1s[0m


1 Stack destroying     0 Stacks done     0 Stacks waiting
[2K[1A[2K[1A[2K[1A[2K[Gapp-e2e-fleet-566-bd48367b  [0m[1mkubernetes_namespace.prometheus-app_ns_677DA625: Destroying... [id=prometheus-e2e][0m[0m


1 Stack destroying     0 Stacks done     0 Stacks waiting
[2K[1A[2K[1A[2K[1A[2K[Gapp-e2e-fleet-566-bd48367b  [0m[1mkubernetes_namespace.prometheus-app_ns_677DA625: Still destroying... [id=prometheus-e2e, 10s elapsed][0m[0m


1 Stack destroying     0 Stacks done     0 Stacks waiting
[2K[1A[2K[1A[2K[1A[2K[Gapp-e2e-fleet-566-bd48367b  [0m[1mkubernetes_namespace.prometheus-app_ns_677DA625: Destruction complete after 13s[0m


1 Stack destroying     0 Stacks done     0 Stacks waiting
[2K[1A[2K[1A[2K[1A[2K[Gapp-e2e-fleet-566-bd48367b  [0m[1m[32m
                            Destroy complete! Resources: 2 destroyed.


1 Stack destroying     0 Stacks done     0 Stacks waiting
[2K[1A[2K[1A[2K[1A[2K[G
