
⠋  Starting
[2K[1A[2K[1A[2K[G
⠋  Synthesizing
[2K[1A[2K[1A[2K[G
⠙  Synthesizing
[2K[1A[2K[1A[2K[G
⠹  Synthesizing
[2K[1A[2K[1A[2K[G
⠸  Synthesizing
[2K[1A[2K[1A[2K[G
⠼  Synthesizing
[2K[1A[2K[1A[2K[G
⠴  Synthesizing
[2K[1A[2K[1A[2K[G
⠦  Synthesizing
[2K[1A[2K[1A[2K[G
⠧  Synthesizing
[2K[1A[2K[1A[2K[G
⠇  Synthesizing
[2K[1A[2K[1A[2K[G
⠏  Synthesizing
[2K[1A[2K[1A[2K[G
⠋  Synthesizing
[2K[1A[2K[1A[2K[G
⠙  Synthesizing
[2K[1A[2K[1A[2K[G
⠹  Synthesizing
[2K[1A[2K[1A[2K[G

0 Stacks destroying     0 Stacks done     0 Stacks waiting
[2K[1A[2K[1A[2K[1A[2K[Gapp-e2e-fleet-235-c54e8e92  [0m[1mInitializing the backend...[0m


0 Stacks destroying     0 Stacks done     0 Stacks waiting
[2K[1A[2K[1A[2K[1A[2K[G

0 Stacks destroying     0 Stacks done     1 Stack waiting
[2K[1A[2K[1A[2K[1A[2K[Gapp-e2e-fleet-235-c54e8e92  [0m[1mInitializing provider plugins...[0m
                            - Reusing previous version of hashicorp/helm from the dependency lock file


0 Stacks destroying     0 Stacks done     1 Stack waiting
[2K[1A[2K[1A[2K[1A[2K[Gapp-e2e-fleet-235-c54e8e92  - Reusing previous version of hashicorp/kubernetes from the dependency lock file


0 Stacks destroying     0 Stacks done     1 Stack waiting
[2K[1A[2K[1A[2K[1A[2K[Gapp-e2e-fleet-235-c54e8e92  - Using previously-installed hashicorp/helm v2.17.0


0 Stacks destroying     0 Stacks done     1 Stack waiting
[2K[1A[2K[1A[2K[1A[2K[Gapp-e2e-fleet-235-c54e8e92  - Using previously-installed hashicorp/kubernetes v2.38.0

                            [0m[1m[32mTerraform has been successfully initialized![0m[32m[0m
                            [0m[32m
                            You may now begin working with Terraform. Try running "terraform plan" to see
                            any changes that are required for your infrastructure. All Terraform commands
                            should now work.

                            If you ever set or change modules or backend configuration for Terraform,
                            rerun this command to reinitialize your working directory. If you forget, other
                            commands will detect it and remind you to do so if necessary.[0m


0 Stacks destroying     0 Stacks done     1 Stack waiting
[2K[1A[2K[1A[2K[1A[2K[G

1 Stack destroying     0 Stacks done     0 Stacks waiting
[2K[1A[2K[1A[2K[1A[2K[Gapp-e2e-fleet-235-c54e8e92  [0m[1mhelm_release.traefik-app_traefik-release_7DC2D863: Refreshing state... [id=traefik][0m


1 Stack destroying     0 Stacks done     0 Stacks waiting
[2K[1A[2K[1A[2K[1A[2K[Gapp-e2e-fleet-235-c54e8e92  [0m[1mkubernetes_namespace.traefik-app_ns_717687BE: Refreshing state... [id=traefik-e2e][0m


1 Stack destroying     0 Stacks done     0 Stacks waiting
[2K[1A[2K[1A[2K[1A[2K[Gapp-e2e-fleet-235-c54e8e92  Terraform used the selected providers to generate the following execution plan.
                            Resource actions are indicated with the following symbols:


1 Stack destroying     0 Stacks done     0 Stacks waiting
[2K[1A[2K[1A[2K[1A[2K[Gapp-e2e-fleet-235-c54e8e92  [31m-[0m destroy[0m

                            Terraform will perform the following actions:

                            [1m  # helm_release.traefik-app_traefik-release_7DC2D863[0m will be [1m[31mdestroyed[0m
                            [0m  [31m-[0m[0m resource "helm_release" "traefik-app_traefik-release_7DC2D863" {
                                  [31m-[0m[0m atomic                     = false [90m-> null[0m[0m
                                  [31m-[0m[0m chart                      = "traefik" [90m-> null[0m[0m
                                  [31m-[0m[0m cleanup_on_fail            = false [90m-> null[0m[0m
                                  [31m-[0m[0m create_namespace           = false [90m-> null[0m[0m
                                  [31m-[0m[0m dependency_update          = false [90m-> null[0m[0m
                                  [31m-[0m[0m disable_crd_hooks          = false [90m-> null[0m[0m
                                  [31m-[0m[0m disable_openapi_validation = false [90m-> null[0m[0m
                                  [31m-[0m[0m disable_webhooks           = false [90m-> null[0m[0m
                                  [31m-[0m[0m force_update               = false [90m-> null[0m[0m
                                  [31m-[0m[0m id                         = "traefik" [90m-> null[0m[0m
                                  [31m-[0m[0m lint                       = false [90m-> null[0m[0m
                                  [31m-[0m[0m max_history                = 0 [90m-> null[0m[0m
                                  [31m-[0m[0m metadata                   = [
                                      [31m-[0m[0m {
                                          [31m-[0m[0m app_version    = "v3.7.5"
                                          [31m-[0m[0m chart          = "traefik"
                                          [31m-[0m[0m first_deployed = 1782342980
                                          [31m-[0m[0m last_deployed  = 1782342980
                                          [31m-[0m[0m name           = "traefik"
                                          [31m-[0m[0m namespace      = "traefik-e2e"
                                          [31m-[0m[0m notes          = <<-EOT
                                                traefik with docker.io/traefik:v3.6.0 has been deployed successfully on traefik-e2e namespace!
                                            EOT
                                          [31m-[0m[0m revision       = 1
                                          [31m-[0m[0m values         = jsonencode(
                                                {
                                                  [31m-[0m[0m image        = {
                                                      [31m-[0m[0m repository = "traefik"
                                                      [31m-[0m[0m tag        = "v3.6.0"
                                                    }
                                                  [31m-[0m[0m ingressClass = {
                                                      [31m-[0m[0m enabled = false
                                                    }
                                                  [31m-[0m[0m ports        = {
                                                      [31m-[0m[0m web       = {
                                                          [31m-[0m[0m port = 18080
                                                        }
                                                      [31m-[0m[0m websecure = {
                                                          [31m-[0m[0m port = 18443
                                                        }
                                                    }
                                                  [31m-[0m[0m service      = {
                                                      [31m-[0m[0m spec = {
                                                          [31m-[0m[0m type = "ClusterIP"
                                                        }
                                                    }
                                                }
                                            )
                                          [31m-[0m[0m version        = "41.0.0"
                                        },
                                    ] [90m-> null[0m[0m
                                  [31m-[0m[0m name                       = "traefik" [90m-> null[0m[0m
                                  [31m-[0m[0m namespace                  = "traefik-e2e" [90m-> null[0m[0m
                                  [31m-[0m[0m pass_credentials           = false [90m-> null[0m[0m
                                  [31m-[0m[0m recreate_pods              = false [90m-> null[0m[0m
                                  [31m-[0m[0m render_subchart_notes      = true [90m-> null[0m[0m
                                  [31m-[0m[0m replace                    = false [90m-> null[0m[0m
                                  [31m-[0m[0m repository                 = "https://traefik.github.io/charts" [90m-> null[0m[0m
                                  [31m-[0m[0m reset_values               = false [90m-> null[0m[0m
                                  [31m-[0m[0m reuse_values               = false [90m-> null[0m[0m
                                  [31m-[0m[0m skip_crds                  = false [90m-> null[0m[0m
                                  [31m-[0m[0m status                     = "deployed" [90m-> null[0m[0m
                                  [31m-[0m[0m timeout                    = 600 [90m-> null[0m[0m
                                  [31m-[0m[0m values                     = [


1 Stack destroying     0 Stacks done     0 Stacks waiting
[2K[1A[2K[1A[2K[1A[2K[Gapp-e2e-fleet-235-c54e8e92  [31m-[0m[0m jsonencode(
                                            {
                                              [31m-[0m[0m image        = {
                                                  [31m-[0m[0m repository = "traefik"
                                                  [31m-[0m[0m tag        = "v3.6.0"
                                                }
                                              [31m-[0m[0m ingressClass = {
                                                  [31m-[0m[0m enabled = false
                                                }
                                              [31m-[0m[0m ports        = {
                                                  [31m-[0m[0m web       = {
                                                      [31m-[0m[0m port = 18080
                                                    }
                                                  [31m-[0m[0m websecure = {
                                                      [31m-[0m[0m port = 18443
                                                    }
                                                }
                                              [31m-[0m[0m service      = {
                                                  [31m-[0m[0m spec = {
                                                      [31m-[0m[0m type = "ClusterIP"
                                                    }
                                                }
                                            }
                                        ),
                                    ] [90m-> null[0m[0m
                                  [31m-[0m[0m verify                     = false [90m-> null[0m[0m
                                  [31m-[0m[0m version                    = "41.0.0" [90m-> null[0m[0m
                                  [31m-[0m[0m wait                       = true [90m-> null[0m[0m
                                  [31m-[0m[0m wait_for_jobs              = false [90m-> null[0m[0m

                                  [31m-[0m[0m set {
                                      [31m-[0m[0m name  = "service.spec.type" [90m-> null[0m[0m
                                      [31m-[0m[0m value = "ClusterIP" [90m-> null[0m[0m
                                        [90m# (1 unchanged attribute hidden)[0m[0m
                                    }
                                }

                            [1m  # kubernetes_namespace.traefik-app_ns_717687BE[0m will be [1m[31mdestroyed[0m
                            [0m  [31m-[0m[0m resource "kubernetes_namespace" "traefik-app_ns_717687BE" {
                                  [31m-[0m[0m id                               = "traefik-e2e" [90m-> null[0m[0m
                                  [31m-[0m[0m wait_for_default_service_account = false [90m-> null[0m[0m

                                  [31m-[0m[0m metadata {
                                      [31m-[0m[0m annotations      = {} [90m-> null[0m[0m
                                      [31m-[0m[0m generation       = 0 [90m-> null[0m[0m
                                      [31m-[0m[0m labels           = {} [90m-> null[0m[0m
                                      [31m-[0m[0m name             = "traefik-e2e" [90m-> null[0m[0m
                                      [31m-[0m[0m resource_version = "3040" [90m-> null[0m[0m
                                      [31m-[0m[0m uid              = "8cd16ec0-a968-4f12-8566-77024186e405" [90m-> null[0m[0m
                                        [90m# (1 unchanged attribute hidden)[0m[0m
                                    }
                                }

                            [1mPlan:[0m 0 to add, 0 to change, 2 to destroy.


1 Stack destroying     0 Stacks done     0 Stacks waiting
[2K[1A[2K[1A[2K[1A[2K[Gapp-e2e-fleet-235-c54e8e92  [0m[0m[1mhelm_release.traefik-app_traefik-release_7DC2D863: Destroying... [id=traefik][0m[0m


1 Stack destroying     0 Stacks done     0 Stacks waiting
[2K[1A[2K[1A[2K[1A[2K[Gapp-e2e-fleet-235-c54e8e92  [0m[1mhelm_release.traefik-app_traefik-release_7DC2D863: Destruction complete after 0s[0m


1 Stack destroying     0 Stacks done     0 Stacks waiting
[2K[1A[2K[1A[2K[1A[2K[Gapp-e2e-fleet-235-c54e8e92  [0m[1mkubernetes_namespace.traefik-app_ns_717687BE: Destroying... [id=traefik-e2e][0m[0m


1 Stack destroying     0 Stacks done     0 Stacks waiting
[2K[1A[2K[1A[2K[1A[2K[Gapp-e2e-fleet-235-c54e8e92  [0m[1mkubernetes_namespace.traefik-app_ns_717687BE: Destruction complete after 6s[0m


1 Stack destroying     0 Stacks done     0 Stacks waiting
[2K[1A[2K[1A[2K[1A[2K[Gapp-e2e-fleet-235-c54e8e92  [0m[1m[32m
                            Destroy complete! Resources: 2 destroyed.


1 Stack destroying     0 Stacks done     0 Stacks waiting
[2K[1A[2K[1A[2K[1A[2K[G
