
⠋  Starting
[2K[1A[2K[1A[2K[G
⠋  Synthesizing
[2K[1A[2K[1A[2K[G
⠙  Synthesizing
[2K[1A[2K[1A[2K[G
⠹  Synthesizing
[2K[1A[2K[1A[2K[G
⠸  Synthesizing
[2K[1A[2K[1A[2K[G
⠼  Synthesizing
[2K[1A[2K[1A[2K[G
⠴  Synthesizing
[2K[1A[2K[1A[2K[G
⠦  Synthesizing
[2K[1A[2K[1A[2K[G
⠧  Synthesizing
[2K[1A[2K[1A[2K[G
⠇  Synthesizing
[2K[1A[2K[1A[2K[G
⠏  Synthesizing
[2K[1A[2K[1A[2K[G
⠋  Synthesizing
[2K[1A[2K[1A[2K[G
⠙  Synthesizing
[2K[1A[2K[1A[2K[G

0 Stacks destroying     0 Stacks done     0 Stacks waiting
[2K[1A[2K[1A[2K[1A[2K[Gapp-e2e-fleet-210-5a33e113  [0m[1mInitializing the backend...[0m


0 Stacks destroying     0 Stacks done     0 Stacks waiting
[2K[1A[2K[1A[2K[1A[2K[G

0 Stacks destroying     0 Stacks done     1 Stack waiting
[2K[1A[2K[1A[2K[1A[2K[Gapp-e2e-fleet-210-5a33e113  [0m[1mInitializing provider plugins...[0m
                            - Reusing previous version of hashicorp/kubernetes from the dependency lock file


0 Stacks destroying     0 Stacks done     1 Stack waiting
[2K[1A[2K[1A[2K[1A[2K[Gapp-e2e-fleet-210-5a33e113  - Reusing previous version of hashicorp/helm from the dependency lock file


0 Stacks destroying     0 Stacks done     1 Stack waiting
[2K[1A[2K[1A[2K[1A[2K[Gapp-e2e-fleet-210-5a33e113  - Using previously-installed hashicorp/kubernetes v2.38.0


0 Stacks destroying     0 Stacks done     1 Stack waiting
[2K[1A[2K[1A[2K[1A[2K[Gapp-e2e-fleet-210-5a33e113  - Using previously-installed hashicorp/helm v2.17.0

                            [0m[1m[32mTerraform has been successfully initialized![0m[32m[0m
                            [0m[32m
                            You may now begin working with Terraform. Try running "terraform plan" to see
                            any changes that are required for your infrastructure. All Terraform commands
                            should now work.

                            If you ever set or change modules or backend configuration for Terraform,
                            rerun this command to reinitialize your working directory. If you forget, other
                            commands will detect it and remind you to do so if necessary.[0m


0 Stacks destroying     0 Stacks done     1 Stack waiting
[2K[1A[2K[1A[2K[1A[2K[G

1 Stack destroying     0 Stacks done     0 Stacks waiting
[2K[1A[2K[1A[2K[1A[2K[Gapp-e2e-fleet-210-5a33e113  [0m[1mkubernetes_namespace.wordpress-native_ns_09C198FD: Refreshing state... [id=wordpress-e2e][0m


1 Stack destroying     0 Stacks done     0 Stacks waiting
[2K[1A[2K[1A[2K[1A[2K[Gapp-e2e-fleet-210-5a33e113  [0m[1mkubernetes_persistent_volume_claim.wordpress-native_db-pvc_451E4D35: Refreshing state... [id=wordpress-e2e/wordpress-db-pvc][0m
                            [0m[1mkubernetes_secret.wordpress-native_db-secret_AC537C2F: Refreshing state... [id=wordpress-e2e/wordpress-db-credentials][0m
                            [0m[1mkubernetes_service.wordpress-native_db-service_6D40514E: Refreshing state... [id=wordpress-e2e/wordpress-db-svc][0m
                            [0m[1mkubernetes_service.wordpress-native_web-service_CD07C547: Refreshing state... [id=wordpress-e2e/wordpress][0m


1 Stack destroying     0 Stacks done     0 Stacks waiting
[2K[1A[2K[1A[2K[1A[2K[Gapp-e2e-fleet-210-5a33e113  [0m[1mkubernetes_deployment.wordpress-native_web-deployment_D498D866: Refreshing state... [id=wordpress-e2e/wordpress][0m
                            [0m[1mkubernetes_deployment.wordpress-native_db-deployment_16F83C6F: Refreshing state... [id=wordpress-e2e/wordpress-db][0m


1 Stack destroying     0 Stacks done     0 Stacks waiting
[2K[1A[2K[1A[2K[1A[2K[Gapp-e2e-fleet-210-5a33e113  Terraform used the selected providers to generate the following execution plan.
                            Resource actions are indicated with the following symbols:
                              [31m-[0m destroy[0m

                            Terraform will perform the following actions:


1 Stack destroying     0 Stacks done     0 Stacks waiting
[2K[1A[2K[1A[2K[1A[2K[Gapp-e2e-fleet-210-5a33e113  [1m  # kubernetes_deployment.wordpress-native_db-deployment_16F83C6F[0m will be [1m[31mdestroyed[0m
                            [0m  [31m-[0m[0m resource "kubernetes_deployment" "wordpress-native_db-deployment_16F83C6F" {
                                  [31m-[0m[0m id               = "wordpress-e2e/wordpress-db" [90m-> null[0m[0m
                                  [31m-[0m[0m wait_for_rollout = true [90m-> null[0m[0m

                                  [31m-[0m[0m metadata {
                                      [31m-[0m[0m annotations      = {} [90m-> null[0m[0m
                                      [31m-[0m[0m generation       = 1 [90m-> null[0m[0m
                                      [31m-[0m[0m labels           = {
                                          [31m-[0m[0m "app" = "wordpress-db-wordpress-native"
                                        } [90m-> null[0m[0m
                                      [31m-[0m[0m name             = "wordpress-db" [90m-> null[0m[0m
                                      [31m-[0m[0m namespace        = "wordpress-e2e" [90m-> null[0m[0m
                                      [31m-[0m[0m resource_version = "1562" [90m-> null[0m[0m
                                      [31m-[0m[0m uid              = "22e4cdbe-7e26-4eb5-8b14-f2153986f61b" [90m-> null[0m[0m
                                        [90m# (1 unchanged attribute hidden)[0m[0m
                                    }

                                  [31m-[0m[0m spec {
                                      [31m-[0m[0m min_ready_seconds         = 0 [90m-> null[0m[0m
                                      [31m-[0m[0m paused                    = false [90m-> null[0m[0m
                                      [31m-[0m[0m progress_deadline_seconds = 600 [90m-> null[0m[0m
                                      [31m-[0m[0m replicas                  = "1" [90m-> null[0m[0m
                                      [31m-[0m[0m revision_history_limit    = 10 [90m-> null[0m[0m

                                      [31m-[0m[0m selector {
                                          [31m-[0m[0m match_labels = {
                                              [31m-[0m[0m "app" = "wordpress-db-wordpress-native"
                                            } [90m-> null[0m[0m
                                        }

                                      [31m-[0m[0m strategy {
                                          [31m-[0m[0m type = "RollingUpdate" [90m-> null[0m[0m

                                          [31m-[0m[0m rolling_update {
                                              [31m-[0m[0m max_surge       = "25%" [90m-> null[0m[0m
                                              [31m-[0m[0m max_unavailable = "25%" [90m-> null[0m[0m
                                            }
                                        }

                                      [31m-[0m[0m template {
                                          [31m-[0m[0m metadata {
                                              [31m-[0m[0m annotations      = {} [90m-> null[0m[0m
                                              [31m-[0m[0m generation       = 0 [90m-> null[0m[0m
                                              [31m-[0m[0m labels           = {
                                                  [31m-[0m[0m "app" = "wordpress-db-wordpress-native"
                                                } [90m-> null[0m[0m
                                                name             = [90mnull[0m[0m
                                                [90m# (4 unchanged attributes hidden)[0m[0m
                                            }
                                          [31m-[0m[0m spec {
                                              [31m-[0m[0m active_deadline_seconds          = 0 [90m-> null[0m[0m
                                              [31m-[0m[0m automount_service_account_token  = true [90m-> null[0m[0m
                                              [31m-[0m[0m dns_policy                       = "ClusterFirst" [90m-> null[0m[0m
                                              [31m-[0m[0m enable_service_links             = true [90m-> null[0m[0m
                                              [31m-[0m[0m host_ipc                         = false [90m-> null[0m[0m
                                              [31m-[0m[0m host_network                     = false [90m-> null[0m[0m
                                              [31m-[0m[0m host_pid                         = false [90m-> null[0m[0m
                                              [31m-[0m[0m node_selector                    = {} [90m-> null[0m[0m
                                              [31m-[0m[0m restart_policy                   = "Always" [90m-> null[0m[0m
                                              [31m-[0m[0m scheduler_name                   = "default-scheduler" [90m-> null[0m[0m
                                              [31m-[0m[0m share_process_namespace          = false [90m-> null[0m[0m
                                              [31m-[0m[0m termination_grace_period_seconds = 30 [90m-> null[0m[0m
                                                [90m# (6 unchanged attributes hidden)[0m[0m

                                              [31m-[0m[0m container {
                                                  [31m-[0m[0m args                       = [] [90m-> null[0m[0m


1 Stack destroying     0 Stacks done     0 Stacks waiting
[2K[1A[2K[1A[2K[1A[2K[Gapp-e2e-fleet-210-5a33e113  [31m-[0m[0m command                    = [] [90m-> null[0m[0m
                                                  [31m-[0m[0m image                      = "library/mariadb:11.4" [90m-> null[0m[0m
                                                  [31m-[0m[0m image_pull_policy          = "IfNotPresent" [90m-> null[0m[0m
                                                  [31m-[0m[0m name                       = "mariadb" [90m-> null[0m[0m
                                                  [31m-[0m[0m stdin                      = false [90m-> null[0m[0m
                                                  [31m-[0m[0m stdin_once                 = false [90m-> null[0m[0m
                                                  [31m-[0m[0m termination_message_path   = "/dev/termination-log" [90m-> null[0m[0m
                                                  [31m-[0m[0m termination_message_policy = "File" [90m-> null[0m[0m
                                                  [31m-[0m[0m tty                        = false [90m-> null[0m[0m
                                                    [90m# (1 unchanged attribute hidden)[0m[0m

                                                  [31m-[0m[0m env {
                                                      [31m-[0m[0m name  = "MYSQL_DATABASE" [90m-> null[0m[0m
                                                      [31m-[0m[0m value = "wordpress" [90m-> null[0m[0m
                                                    }
                                                  [31m-[0m[0m env {
                                                      [31m-[0m[0m name  = "MYSQL_USER" [90m-> null[0m[0m
                                                      [31m-[0m[0m value = "wordpress" [90m-> null[0m[0m
                                                    }
                                                  [31m-[0m[0m env {
                                                      [31m-[0m[0m name  = "MYSQL_PASSWORD" [90m-> null[0m[0m
                                                        [90m# (1 unchanged attribute hidden)[0m[0m

                                                      [31m-[0m[0m value_from {
                                                          [31m-[0m[0m secret_key_ref {
                                                              [31m-[0m[0m key      = "mysql-password" [90m-> null[0m[0m
                                                              [31m-[0m[0m name     = "wordpress-db-credentials" [90m-> null[0m[0m
                                                              [31m-[0m[0m optional = false [90m-> null[0m[0m
                                                            }
                                                        }
                                                    }
                                                  [31m-[0m[0m env {
                                                      [31m-[0m[0m name  = "MYSQL_ROOT_PASSWORD" [90m-> null[0m[0m
                                                        [90m# (1 unchanged attribute hidden)[0m[0m

                                                      [31m-[0m[0m value_from {
                                                          [31m-[0m[0m secret_key_ref {
                                                              [31m-[0m[0m key      = "mysql-root-password" [90m-> null[0m[0m
                                                              [31m-[0m[0m name     = "wordpress-db-credentials" [90m-> null[0m[0m
                                                              [31m-[0m[0m optional = false [90m-> null[0m[0m
                                                            }
                                                        }
                                                    }

                                                  [31m-[0m[0m port {
                                                      [31m-[0m[0m container_port = 3306 [90m-> null[0m[0m
                                                      [31m-[0m[0m host_port      = 0 [90m-> null[0m[0m
                                                        name           = [90mnull[0m[0m
                                                      [31m-[0m[0m protocol       = "TCP" [90m-> null[0m[0m
                                                        [90m# (1 unchanged attribute hidden)[0m[0m
                                                    }

                                                  [31m-[0m[0m resources {
                                                      [31m-[0m[0m limits   = {} [90m-> null[0m[0m
                                                      [31m-[0m[0m requests = {} [90m-> null[0m[0m
                                                    }

                                                  [31m-[0m[0m volume_mount {
                                                      [31m-[0m[0m mount_path        = "/var/lib/mysql" [90m-> null[0m[0m
                                                      [31m-[0m[0m mount_propagation = "None" [90m-> null[0m[0m
                                                      [31m-[0m[0m name              = "db-data" [90m-> null[0m[0m
                                                      [31m-[0m[0m read_only         = false [90m-> null[0m[0m
                                                        [90m# (2 unchanged attributes hidden)[0m[0m
                                                    }


1 Stack destroying     0 Stacks done     0 Stacks waiting
[2K[1A[2K[1A[2K[1A[2K[Gapp-e2e-fleet-210-5a33e113  }

                                              [31m-[0m[0m volume {
                                                  [31m-[0m[0m name = "db-data" [90m-> null[0m[0m

                                                  [31m-[0m[0m persistent_volume_claim {
                                                      [31m-[0m[0m claim_name = "wordpress-db-pvc" [90m-> null[0m[0m
                                                      [31m-[0m[0m read_only  = false [90m-> null[0m[0m
                                                    }
                                                }
                                            }
                                        }
                                    }
                                }

                            [1m  # kubernetes_deployment.wordpress-native_web-deployment_D498D866[0m will be [1m[31mdestroyed[0m
                            [0m  [31m-[0m[0m resource "kubernetes_deployment" "wordpress-native_web-deployment_D498D866" {
                                  [31m-[0m[0m id               = "wordpress-e2e/wordpress" [90m-> null[0m[0m
                                  [31m-[0m[0m wait_for_rollout = true [90m-> null[0m[0m

                                  [31m-[0m[0m metadata {
                                      [31m-[0m[0m annotations      = {} [90m-> null[0m[0m
                                      [31m-[0m[0m generation       = 1 [90m-> null[0m[0m
                                      [31m-[0m[0m labels           = {
                                          [31m-[0m[0m "app" = "wordpress-web-wordpress-native"
                                        } [90m-> null[0m[0m
                                      [31m-[0m[0m name             = "wordpress" [90m-> null[0m[0m
                                      [31m-[0m[0m namespace        = "wordpress-e2e" [90m-> null[0m[0m
                                      [31m-[0m[0m resource_version = "1564" [90m-> null[0m[0m
                                      [31m-[0m[0m uid              = "5f804be5-0f5b-40b2-bcba-2cdbda4efe2c" [90m-> null[0m[0m
                                        [90m# (1 unchanged attribute hidden)[0m[0m
                                    }

                                  [31m-[0m[0m spec {
                                      [31m-[0m[0m min_ready_seconds         = 0 [90m-> null[0m[0m
                                      [31m-[0m[0m paused                    = false [90m-> null[0m[0m
                                      [31m-[0m[0m progress_deadline_seconds = 600 [90m-> null[0m[0m
                                      [31m-[0m[0m replicas                  = "1" [90m-> null[0m[0m
                                      [31m-[0m[0m revision_history_limit    = 10 [90m-> null[0m[0m

                                      [31m-[0m[0m selector {
                                          [31m-[0m[0m match_labels = {
                                              [31m-[0m[0m "app" = "wordpress-web-wordpress-native"
                                            } [90m-> null[0m[0m
                                        }

                                      [31m-[0m[0m strategy {
                                          [31m-[0m[0m type = "RollingUpdate" [90m-> null[0m[0m

                                          [31m-[0m[0m rolling_update {
                                              [31m-[0m[0m max_surge       = "25%" [90m-> null[0m[0m
                                              [31m-[0m[0m max_unavailable = "25%" [90m-> null[0m[0m
                                            }
                                        }

                                      [31m-[0m[0m template {
                                          [31m-[0m[0m metadata {
                                              [31m-[0m[0m annotations      = {} [90m-> null[0m[0m
                                              [31m-[0m[0m generation       = 0 [90m-> null[0m[0m
                                              [31m-[0m[0m labels           = {
                                                  [31m-[0m[0m "app" = "wordpress-web-wordpress-native"
                                                } [90m-> null[0m[0m
                                                name             = [90mnull[0m[0m
                                                [90m# (4 unchanged attributes hidden)[0m[0m
                                            }
                                          [31m-[0m[0m spec {
                                              [31m-[0m[0m active_deadline_seconds          = 0 [90m-> null[0m[0m
                                              [31m-[0m[0m automount_service_account_token  = true [90m-> null[0m[0m
                                              [31m-[0m[0m dns_policy                       = "ClusterFirst" [90m-> null[0m[0m
                                              [31m-[0m[0m enable_service_links             = true [90m-> null[0m[0m
                                              [31m-[0m[0m host_ipc                         = false [90m-> null[0m[0m
                                              [31m-[0m[0m host_network                     = false [90m-> null[0m[0m
                                              [31m-[0m[0m host_pid                         = false [90m-> null[0m[0m
                                              [31m-[0m[0m node_selector                    = {} [90m-> null[0m[0m
                                              [31m-[0m[0m restart_policy                   = "Always" [90m-> null[0m[0m


1 Stack destroying     0 Stacks done     0 Stacks waiting
[2K[1A[2K[1A[2K[1A[2K[Gapp-e2e-fleet-210-5a33e113  [31m-[0m[0m scheduler_name                   = "default-scheduler" [90m-> null[0m[0m
                                              [31m-[0m[0m share_process_namespace          = false [90m-> null[0m[0m
                                              [31m-[0m[0m termination_grace_period_seconds = 30 [90m-> null[0m[0m
                                                [90m# (6 unchanged attributes hidden)[0m[0m

                                              [31m-[0m[0m container {
                                                  [31m-[0m[0m args                       = [] [90m-> null[0m[0m
                                                  [31m-[0m[0m command                    = [] [90m-> null[0m[0m
                                                  [31m-[0m[0m image                      = "library/wordpress:6.7-apache" [90m-> null[0m[0m
                                                  [31m-[0m[0m image_pull_policy          = "IfNotPresent" [90m-> null[0m[0m
                                                  [31m-[0m[0m name                       = "wordpress" [90m-> null[0m[0m
                                                  [31m-[0m[0m stdin                      = false [90m-> null[0m[0m
                                                  [31m-[0m[0m stdin_once                 = false [90m-> null[0m[0m
                                                  [31m-[0m[0m termination_message_path   = "/dev/termination-log" [90m-> null[0m[0m
                                                  [31m-[0m[0m termination_message_policy = "File" [90m-> null[0m[0m
                                                  [31m-[0m[0m tty                        = false [90m-> null[0m[0m
                                                    [90m# (1 unchanged attribute hidden)[0m[0m

                                                  [31m-[0m[0m env {
                                                      [31m-[0m[0m name  = "WORDPRESS_DB_HOST" [90m-> null[0m[0m
                                                      [31m-[0m[0m value = "wordpress-db-svc" [90m-> null[0m[0m
                                                    }
                                                  [31m-[0m[0m env {
                                                      [31m-[0m[0m name  = "WORDPRESS_DB_USER" [90m-> null[0m[0m
                                                      [31m-[0m[0m value = "wordpress" [90m-> null[0m[0m
                                                    }
                                                  [31m-[0m[0m env {
                                                      [31m-[0m[0m name  = "WORDPRESS_DB_PASSWORD" [90m-> null[0m[0m
                                                        [90m# (1 unchanged attribute hidden)[0m[0m

                                                      [31m-[0m[0m value_from {
                                                          [31m-[0m[0m secret_key_ref {
                                                              [31m-[0m[0m key      = "mysql-password" [90m-> null[0m[0m
                                                              [31m-[0m[0m name     = "wordpress-db-credentials" [90m-> null[0m[0m
                                                              [31m-[0m[0m optional = false [90m-> null[0m[0m
                                                            }
                                                        }
                                                    }
                                                  [31m-[0m[0m env {
                                                      [31m-[0m[0m name  = "WORDPRESS_DB_NAME" [90m-> null[0m[0m
                                                      [31m-[0m[0m value = "wordpress" [90m-> null[0m[0m
                                                    }

                                                  [31m-[0m[0m port {
                                                      [31m-[0m[0m container_port = 80 [90m-> null[0m[0m
                                                      [31m-[0m[0m host_port      = 0 [90m-> null[0m[0m
                                                        name           = [90mnull[0m[0m
                                                      [31m-[0m[0m protocol       = "TCP" [90m-> null[0m[0m
                                                        [90m# (1 unchanged attribute hidden)[0m[0m
                                                    }

                                                  [31m-[0m[0m resources {
                                                      [31m-[0m[0m limits   = {} [90m-> null[0m[0m
                                                      [31m-[0m[0m requests = {} [90m-> null[0m[0m
                                                    }
                                                }
                                            }
                                        }
                                    }
                                }

                            [1m  # kubernetes_namespace.wordpress-native_ns_09C198FD[0m will be [1m[31mdestroyed[0m
                            [0m  [31m-[0m[0m resource "kubernetes_namespace" "wordpress-native_ns_09C198FD" {
                                  [31m-[0m[0m id                               = "wordpress-e2e" [90m-> null[0m[0m
                                  [31m-[0m[0m wait_for_default_service_account = false [90m-> null[0m[0m

                                  [31m-[0m[0m metadata {


1 Stack destroying     0 Stacks done     0 Stacks waiting
[2K[1A[2K[1A[2K[1A[2K[Gapp-e2e-fleet-210-5a33e113  [31m-[0m[0m annotations      = {} [90m-> null[0m[0m
                                      [31m-[0m[0m generation       = 0 [90m-> null[0m[0m
                                      [31m-[0m[0m labels           = {} [90m-> null[0m[0m
                                      [31m-[0m[0m name             = "wordpress-e2e" [90m-> null[0m[0m
                                      [31m-[0m[0m resource_version = "1468" [90m-> null[0m[0m
                                      [31m-[0m[0m uid              = "021c1cba-6545-4296-82dc-2d891b2f277e" [90m-> null[0m[0m
                                        [90m# (1 unchanged attribute hidden)[0m[0m
                                    }
                                }

                            [1m  # kubernetes_persistent_volume_claim.wordpress-native_db-pvc_451E4D35[0m will be [1m[31mdestroyed[0m
                            [0m  [31m-[0m[0m resource "kubernetes_persistent_volume_claim" "wordpress-native_db-pvc_451E4D35" {
                                  [31m-[0m[0m id               = "wordpress-e2e/wordpress-db-pvc" [90m-> null[0m[0m
                                  [31m-[0m[0m wait_until_bound = false [90m-> null[0m[0m

                                  [31m-[0m[0m metadata {
                                      [31m-[0m[0m annotations      = {} [90m-> null[0m[0m
                                      [31m-[0m[0m generation       = 0 [90m-> null[0m[0m
                                      [31m-[0m[0m labels           = {} [90m-> null[0m[0m
                                      [31m-[0m[0m name             = "wordpress-db-pvc" [90m-> null[0m[0m
                                      [31m-[0m[0m namespace        = "wordpress-e2e" [90m-> null[0m[0m
                                      [31m-[0m[0m resource_version = "1567" [90m-> null[0m[0m
                                      [31m-[0m[0m uid              = "2722ee89-7b84-4045-8178-e85627252796" [90m-> null[0m[0m
                                        [90m# (1 unchanged attribute hidden)[0m[0m
                                    }

                                  [31m-[0m[0m spec {
                                      [31m-[0m[0m access_modes       = [
                                          [31m-[0m[0m "ReadWriteOnce",
                                        ] [90m-> null[0m[0m
                                      [31m-[0m[0m storage_class_name = "local-path" [90m-> null[0m[0m
                                      [31m-[0m[0m volume_mode        = "Filesystem" [90m-> null[0m[0m
                                      [31m-[0m[0m volume_name        = "pvc-2722ee89-7b84-4045-8178-e85627252796" [90m-> null[0m[0m

                                      [31m-[0m[0m resources {
                                          [31m-[0m[0m limits   = {} [90m-> null[0m[0m
                                          [31m-[0m[0m requests = {
                                              [31m-[0m[0m "storage" = "3Gi"
                                            } [90m-> null[0m[0m
                                        }
                                    }
                                }

                            [1m  # kubernetes_secret.wordpress-native_db-secret_AC537C2F[0m will be [1m[31mdestroyed[0m
                            [0m  [31m-[0m[0m resource "kubernetes_secret" "wordpress-native_db-secret_AC537C2F" {
                                  [31m-[0m[0m data                           = (sensitive value) [90m-> null[0m[0m
                                  [31m-[0m[0m id                             = "wordpress-e2e/wordpress-db-credentials" [90m-> null[0m[0m
                                  [31m-[0m[0m immutable                      = false [90m-> null[0m[0m
                                  [31m-[0m[0m type                           = "Opaque" [90m-> null[0m[0m
                                  [31m-[0m[0m wait_for_service_account_token = true [90m-> null[0m[0m

                                  [31m-[0m[0m metadata {
                                      [31m-[0m[0m annotations      = {} [90m-> null[0m[0m
                                      [31m-[0m[0m generation       = 0 [90m-> null[0m[0m
                                      [31m-[0m[0m labels           = {} [90m-> null[0m[0m
                                      [31m-[0m[0m name             = "wordpress-db-credentials" [90m-> null[0m[0m
                                      [31m-[0m[0m namespace        = "wordpress-e2e" [90m-> null[0m[0m
                                      [31m-[0m[0m resource_version = "1471" [90m-> null[0m[0m
                                      [31m-[0m[0m uid              = "edbe19b1-cdcb-4f40-ae16-cac19c70679b" [90m-> null[0m[0m
                                        [90m# (1 unchanged attribute hidden)[0m[0m
                                    }
                                }

                            [1m  # kubernetes_service.wordpress-native_db-service_6D40514E[0m will be [1m[31mdestroyed[0m
                            [0m  [31m-[0m[0m resource "kubernetes_service" "wordpress-native_db-service_6D40514E" {
                                  [31m-[0m[0m id                     = "wordpress-e2e/wordpress-db-svc" [90m-> null[0m[0m
                                  [31m-[0m[0m status                 = [
                                      [31m-[0m[0m {
                                          [31m-[0m[0m load_balancer = [
                                              [31m-[0m[0m {
                                                  [31m-[0m[0m ingress = []
                                                },


1 Stack destroying     0 Stacks done     0 Stacks waiting


1 Stack destroying     0 Stacks done     0 Stacks waiting
[2K[1A[2K[1A[2K[1A[2K[Gapp-e2e-fleet-210-5a33e113  ]
                                        },
                                    ] [90m-> null[0m[0m
                                  [31m-[0m[0m wait_for_load_balancer = true [90m-> null[0m[0m

                                  [31m-[0m[0m metadata {
                                      [31m-[0m[0m annotations      = {} [90m-> null[0m[0m
                                      [31m-[0m[0m generation       = 0 [90m-> null[0m[0m
                                      [31m-[0m[0m labels           = {} [90m-> null[0m[0m
                                      [31m-[0m[0m name             = "wordpress-db-svc" [90m-> null[0m[0m
                                      [31m-[0m[0m namespace        = "wordpress-e2e" [90m-> null[0m[0m
                                      [31m-[0m[0m resource_version = "1474" [90m-> null[0m[0m
                                      [31m-[0m[0m uid              = "5eb1d9f2-d476-4a37-9cff-c01e940236d5" [90m-> null[0m[0m
                                        [90m# (1 unchanged attribute hidden)[0m[0m
                                    }

                                  [31m-[0m[0m spec {
                                      [31m-[0m[0m allocate_load_balancer_node_ports = true [90m-> null[0m[0m
                                      [31m-[0m[0m cluster_ip                        = "10.43.46.43" [90m-> null[0m[0m
                                      [31m-[0m[0m cluster_ips                       = [
                                          [31m-[0m[0m "10.43.46.43",
                                        ] [90m-> null[0m[0m
                                      [31m-[0m[0m external_ips                      = [] [90m-> null[0m[0m
                                      [31m-[0m[0m health_check_node_port            = 0 [90m-> null[0m[0m
                                      [31m-[0m[0m internal_traffic_policy           = "Cluster" [90m-> null[0m[0m
                                      [31m-[0m[0m ip_families                       = [
                                          [31m-[0m[0m "IPv4",
                                        ] [90m-> null[0m[0m
                                      [31m-[0m[0m ip_family_policy                  = "SingleStack" [90m-> null[0m[0m
                                      [31m-[0m[0m load_balancer_source_ranges       = [] [90m-> null[0m[0m
                                      [31m-[0m[0m publish_not_ready_addresses       = false [90m-> null[0m[0m
                                      [31m-[0m[0m selector                          = {
                                          [31m-[0m[0m "app" = "wordpress-db-wordpress-native"
                                        } [90m-> null[0m[0m
                                      [31m-[0m[0m session_affinity                  = "None" [90m-> null[0m[0m
                                      [31m-[0m[0m type                              = "ClusterIP" [90m-> null[0m[0m
                                        [90m# (4 unchanged attributes hidden)[0m[0m

                                      [31m-[0m[0m port {
                                            name         = [90mnull[0m[0m
                                          [31m-[0m[0m node_port    = 0 [90m-> null[0m[0m
                                          [31m-[0m[0m port         = 3306 [90m-> null[0m[0m
                                          [31m-[0m[0m protocol     = "TCP" [90m-> null[0m[0m
                                          [31m-[0m[0m target_port  = "3306" [90m-> null[0m[0m
                                            [90m# (1 unchanged attribute hidden)[0m[0m
                                        }
                                    }
                                }

                            [1m  # kubernetes_service.wordpress-native_web-service_CD07C547[0m will be [1m[31mdestroyed[0m
                            [0m  [31m-[0m[0m resource "kubernetes_service" "wordpress-native_web-service_CD07C547" {
                                  [31m-[0m[0m id                     = "wordpress-e2e/wordpress" [90m-> null[0m[0m
                                  [31m-[0m[0m status                 = [
                                      [31m-[0m[0m {
                                          [31m-[0m[0m load_balancer = [
                                              [31m-[0m[0m {
                                                  [31m-[0m[0m ingress = []
                                                },
                                            ]
                                        },
                                    ] [90m-> null[0m[0m
                                  [31m-[0m[0m wait_for_load_balancer = false [90m-> null[0m[0m

                                  [31m-[0m[0m metadata {
                                      [31m-[0m[0m annotations      = {} [90m-> null[0m[0m
                                      [31m-[0m[0m generation       = 0 [90m-> null[0m[0m
                                      [31m-[0m[0m labels           = {} [90m-> null[0m[0m
                                      [31m-[0m[0m name             = "wordpress" [90m-> null[0m[0m
                                      [31m-[0m[0m namespace        = "wordpress-e2e" [90m-> null[0m[0m
                                      [31m-[0m[0m resource_version = "1484" [90m-> null[0m[0m
                                      [31m-[0m[0m uid              = "66270ccb-bfef-4d6d-9394-f12dd99d5116" [90m-> null[0m[0m
                                        [90m# (1 unchanged attribute hidden)[0m[0m
                                    }

                                  [31m-[0m[0m spec {
[2K[1A[2K[1A[2K[1A[2K[Gapp-e2e-fleet-210-5a33e113  [31m-[0m[0m allocate_load_balancer_node_ports = true [90m-> null[0m[0m
                                      [31m-[0m[0m cluster_ip                        = "10.43.71.184" [90m-> null[0m[0m
                                      [31m-[0m[0m cluster_ips                       = [
                                          [31m-[0m[0m "10.43.71.184",
                                        ] [90m-> null[0m[0m
                                      [31m-[0m[0m external_ips                      = [] [90m-> null[0m[0m
                                      [31m-[0m[0m external_traffic_policy           = "Cluster" [90m-> null[0m[0m
                                      [31m-[0m[0m health_check_node_port            = 0 [90m-> null[0m[0m
                                      [31m-[0m[0m internal_traffic_policy           = "Cluster" [90m-> null[0m[0m
                                      [31m-[0m[0m ip_families                       = [
                                          [31m-[0m[0m "IPv4",
                                        ] [90m-> null[0m[0m
                                      [31m-[0m[0m ip_family_policy                  = "SingleStack" [90m-> null[0m[0m
                                      [31m-[0m[0m load_balancer_source_ranges       = [] [90m-> null[0m[0m
                                      [31m-[0m[0m publish_not_ready_addresses       = false [90m-> null[0m[0m
                                      [31m-[0m[0m selector                          = {
                                          [31m-[0m[0m "app" = "wordpress-web-wordpress-native"
                                        } [90m-> null[0m[0m
                                      [31m-[0m[0m session_affinity                  = "None" [90m-> null[0m[0m
                                      [31m-[0m[0m type                              = "LoadBalancer" [90m-> null[0m[0m
                                        [90m# (3 unchanged attributes hidden)[0m[0m

                                      [31m-[0m[0m port {
                                            name         = [90mnull[0m[0m
                                          [31m-[0m[0m node_port    = 32207 [90m-> null[0m[0m
                                          [31m-[0m[0m port         = 80 [90m-> null[0m[0m
                                          [31m-[0m[0m protocol     = "TCP" [90m-> null[0m[0m
                                          [31m-[0m[0m target_port  = "80" [90m-> null[0m[0m
                                            [90m# (1 unchanged attribute hidden)[0m[0m
                                        }
                                    }
                                }

                            [1mPlan:[0m 0 to add, 0 to change, 7 to destroy.


1 Stack destroying     0 Stacks done     0 Stacks waiting
[2K[1A[2K[1A[2K[1A[2K[Gapp-e2e-fleet-210-5a33e113  [0m[0m[1mkubernetes_service.wordpress-native_web-service_CD07C547: Destroying... [id=wordpress-e2e/wordpress][0m[0m
                            [0m[1mkubernetes_service.wordpress-native_db-service_6D40514E: Destroying... [id=wordpress-e2e/wordpress-db-svc][0m[0m


1 Stack destroying     0 Stacks done     0 Stacks waiting
[2K[1A[2K[1A[2K[1A[2K[Gapp-e2e-fleet-210-5a33e113  [0m[1mkubernetes_deployment.wordpress-native_web-deployment_D498D866: Destroying... [id=wordpress-e2e/wordpress][0m[0m


1 Stack destroying     0 Stacks done     0 Stacks waiting
[2K[1A[2K[1A[2K[1A[2K[Gapp-e2e-fleet-210-5a33e113  [0m[1mkubernetes_deployment.wordpress-native_db-deployment_16F83C6F: Destroying... [id=wordpress-e2e/wordpress-db][0m[0m


1 Stack destroying     0 Stacks done     0 Stacks waiting
[2K[1A[2K[1A[2K[1A[2K[Gapp-e2e-fleet-210-5a33e113  [0m[1mkubernetes_service.wordpress-native_db-service_6D40514E: Destruction complete after 0s[0m


1 Stack destroying     0 Stacks done     0 Stacks waiting
[2K[1A[2K[1A[2K[1A[2K[Gapp-e2e-fleet-210-5a33e113  [0m[1mkubernetes_deployment.wordpress-native_web-deployment_D498D866: Destruction complete after 0s[0m


1 Stack destroying     0 Stacks done     0 Stacks waiting
[2K[1A[2K[1A[2K[1A[2K[Gapp-e2e-fleet-210-5a33e113  [0m[1mkubernetes_deployment.wordpress-native_db-deployment_16F83C6F: Destruction complete after 0s[0m


1 Stack destroying     0 Stacks done     0 Stacks waiting
[2K[1A[2K[1A[2K[1A[2K[Gapp-e2e-fleet-210-5a33e113  [0m[1mkubernetes_persistent_volume_claim.wordpress-native_db-pvc_451E4D35: Destroying... [id=wordpress-e2e/wordpress-db-pvc][0m[0m


1 Stack destroying     0 Stacks done     0 Stacks waiting
[2K[1A[2K[1A[2K[1A[2K[Gapp-e2e-fleet-210-5a33e113  [0m[1mkubernetes_secret.wordpress-native_db-secret_AC537C2F: Destroying... [id=wordpress-e2e/wordpress-db-credentials][0m[0m


1 Stack destroying     0 Stacks done     0 Stacks waiting
[2K[1A[2K[1A[2K[1A[2K[Gapp-e2e-fleet-210-5a33e113  [0m[1mkubernetes_secret.wordpress-native_db-secret_AC537C2F: Destruction complete after 0s[0m


1 Stack destroying     0 Stacks done     0 Stacks waiting
[2K[1A[2K[1A[2K[1A[2K[Gapp-e2e-fleet-210-5a33e113  [0m[1mkubernetes_service.wordpress-native_web-service_CD07C547: Destruction complete after 0s[0m


1 Stack destroying     0 Stacks done     0 Stacks waiting
[2K[1A[2K[1A[2K[1A[2K[Gapp-e2e-fleet-210-5a33e113  [0m[1mkubernetes_persistent_volume_claim.wordpress-native_db-pvc_451E4D35: Destruction complete after 1s[0m


1 Stack destroying     0 Stacks done     0 Stacks waiting
[2K[1A[2K[1A[2K[1A[2K[Gapp-e2e-fleet-210-5a33e113  [0m[1mkubernetes_namespace.wordpress-native_ns_09C198FD: Destroying... [id=wordpress-e2e][0m[0m


1 Stack destroying     0 Stacks done     0 Stacks waiting
[2K[1A[2K[1A[2K[1A[2K[Gapp-e2e-fleet-210-5a33e113  [0m[1mkubernetes_namespace.wordpress-native_ns_09C198FD: Destruction complete after 7s[0m


1 Stack destroying     0 Stacks done     0 Stacks waiting
[2K[1A[2K[1A[2K[1A[2K[Gapp-e2e-fleet-210-5a33e113  [0m[1m[32m
                            Destroy complete! Resources: 7 destroyed.


1 Stack destroying     0 Stacks done     0 Stacks waiting
[2K[1A[2K[1A[2K[1A[2K[G
