
⠋  [1mStarting[22m
[2K[1A[2K[1A[2K[G
⠋  [1mSynthesizing[22m
[2K[1A[2K[1A[2K[G
⠙  [1mSynthesizing[22m
[2K[1A[2K[1A[2K[G
⠹  [1mSynthesizing[22m
[2K[1A[2K[1A[2K[G
⠸  [1mSynthesizing[22m
[2K[1A[2K[1A[2K[G
⠼  [1mSynthesizing[22m
[2K[1A[2K[1A[2K[G
⠴  [1mSynthesizing[22m
[2K[1A[2K[1A[2K[G
⠦  [1mSynthesizing[22m
[2K[1A[2K[1A[2K[G
⠧  [1mSynthesizing[22m
[2K[1A[2K[1A[2K[G
⠇  [1mSynthesizing[22m
[2K[1A[2K[1A[2K[G
⠏  [1mSynthesizing[22m
[2K[1A[2K[1A[2K[G
⠋  [1mSynthesizing[22m
[2K[1A[2K[1A[2K[G
⠙  [1mSynthesizing[22m
[2K[1A[2K[1A[2K[G
⠹  [1mSynthesizing[22m
[2K[1A[2K[1A[2K[G

0 Stacks deploying     0 Stacks done     0 Stacks waiting
[2K[1A[2K[1A[2K[1A[2K[G[1m[33mapp-e2e-fleet-408-c0fe2d39[39m[22m  [0m[1mInitializing the backend...[0m


0 Stacks deploying     0 Stacks done     0 Stacks waiting
[2K[1A[2K[1A[2K[1A[2K[G

0 Stacks deploying     0 Stacks done     1 Stack waiting
[2K[1A[2K[1A[2K[1A[2K[G[1m[33mapp-e2e-fleet-408-c0fe2d39[39m[22m  [0m[1mInitializing provider plugins...[0m
                            - Reusing previous version of hashicorp/helm from the dependency lock file


0 Stacks deploying     0 Stacks done     1 Stack waiting
[2K[1A[2K[1A[2K[1A[2K[G[1m[33mapp-e2e-fleet-408-c0fe2d39[39m[22m  - Reusing previous version of hashicorp/kubernetes from the dependency lock file


0 Stacks deploying     0 Stacks done     1 Stack waiting
[2K[1A[2K[1A[2K[1A[2K[G[1m[33mapp-e2e-fleet-408-c0fe2d39[39m[22m  - Using previously-installed hashicorp/helm v2.17.0


0 Stacks deploying     0 Stacks done     1 Stack waiting
[2K[1A[2K[1A[2K[1A[2K[G[1m[33mapp-e2e-fleet-408-c0fe2d39[39m[22m  - Using previously-installed hashicorp/kubernetes v2.38.0


0 Stacks deploying     0 Stacks done     1 Stack waiting
[2K[1A[2K[1A[2K[1A[2K[G[1m[33mapp-e2e-fleet-408-c0fe2d39[39m[22m  [0m[1m[32mTerraform has been successfully initialized![0m[32m[0m
                            [0m[32m
                            You may now begin working with Terraform. Try running "terraform plan" to see
                            any changes that are required for your infrastructure. All Terraform commands
                            should now work.

                            If you ever set or change modules or backend configuration for Terraform,
                            rerun this command to reinitialize your working directory. If you forget, other
                            commands will detect it and remind you to do so if necessary.[0m


0 Stacks deploying     0 Stacks done     1 Stack waiting
[2K[1A[2K[1A[2K[1A[2K[G

1 Stack deploying     0 Stacks done     0 Stacks waiting
[2K[1A[2K[1A[2K[1A[2K[G[1m[33mapp-e2e-fleet-408-c0fe2d39[39m[22m  [0m[1mkubernetes_namespace.wordpress-native_ns_09C198FD: Refreshing state... [id=wordpress-e2e][0m


1 Stack deploying     0 Stacks done     0 Stacks waiting
[2K[1A[2K[1A[2K[1A[2K[G[1m[33mapp-e2e-fleet-408-c0fe2d39[39m[22m  [0m[1mkubernetes_secret.wordpress-native_db-secret_AC537C2F: Refreshing state... [id=wordpress-e2e/wordpress-db-credentials][0m


1 Stack deploying     0 Stacks done     0 Stacks waiting
[2K[1A[2K[1A[2K[1A[2K[G[1m[33mapp-e2e-fleet-408-c0fe2d39[39m[22m  [0m[1mkubernetes_persistent_volume_claim.wordpress-native_db-pvc_451E4D35: Refreshing state... [id=wordpress-e2e/wordpress-db-pvc][0m
                            [0m[1mkubernetes_service.wordpress-native_web-service_CD07C547: Refreshing state... [id=wordpress-e2e/wordpress][0m
                            [0m[1mkubernetes_service.wordpress-native_db-service_6D40514E: Refreshing state... [id=wordpress-e2e/wordpress-db-svc][0m


1 Stack deploying     0 Stacks done     0 Stacks waiting
[2K[1A[2K[1A[2K[1A[2K[G[1m[33mapp-e2e-fleet-408-c0fe2d39[39m[22m  [0m[1mkubernetes_deployment.wordpress-native_web-deployment_D498D866: Refreshing state... [id=wordpress-e2e/wordpress][0m


1 Stack deploying     0 Stacks done     0 Stacks waiting
[2K[1A[2K[1A[2K[1A[2K[G[1m[33mapp-e2e-fleet-408-c0fe2d39[39m[22m  [0m[1mkubernetes_deployment.wordpress-native_db-deployment_16F83C6F: Refreshing state... [id=wordpress-e2e/wordpress-db][0m


1 Stack deploying     0 Stacks done     0 Stacks waiting
[2K[1A[2K[1A[2K[1A[2K[G[1m[33mapp-e2e-fleet-408-c0fe2d39[39m[22m  Terraform used the selected providers to generate the following execution plan.
                            Resource actions are indicated with the following symbols:
                              [33m~[0m update in-place[0m

                            Terraform will perform the following actions:


1 Stack deploying     0 Stacks done     0 Stacks waiting
[2K[1A[2K[1A[2K[1A[2K[G[1m[33mapp-e2e-fleet-408-c0fe2d39[39m[22m  [1m  # kubernetes_persistent_volume_claim.wordpress-native_db-pvc_451E4D35 (wordpress-native/db-pvc)[0m will be updated in-place
                            [0m  [33m~[0m[0m resource "kubernetes_persistent_volume_claim" "wordpress-native_db-pvc_451E4D35" {
                                    id               = "wordpress-e2e/wordpress-db-pvc"
                                    [90m# (1 unchanged attribute hidden)[0m[0m

                                  [33m~[0m[0m spec {
                                        [90m# (4 unchanged attributes hidden)[0m[0m

                                      [33m~[0m[0m resources {
                                          [33m~[0m[0m requests = {
                                              [33m~[0m[0m "storage" = "2Gi" [33m->[0m[0m "3Gi"
                                            }
                                            [90m# (1 unchanged attribute hidden)[0m[0m
                                        }
                                    }

                                    [90m# (1 unchanged block hidden)[0m[0m
                                }

                            [1mPlan:[0m 0 to add, 1 to change, 0 to destroy.


1 Stack deploying     0 Stacks done     0 Stacks waiting
[2K[1A[2K[1A[2K[1A[2K[G[1m[33mapp-e2e-fleet-408-c0fe2d39[39m[22m  [0m[0m[1mkubernetes_persistent_volume_claim.wordpress-native_db-pvc_451E4D35: Modifying... [id=wordpress-e2e/wordpress-db-pvc][0m[0m


1 Stack deploying     0 Stacks done     0 Stacks waiting
[2K[1A[2K[1A[2K[1A[2K[G[1m[33mapp-e2e-fleet-408-c0fe2d39[39m[22m  [0m[1mkubernetes_persistent_volume_claim.wordpress-native_db-pvc_451E4D35: Modifications complete after 0s [id=wordpress-e2e/wordpress-db-pvc][0m


1 Stack deploying     0 Stacks done     0 Stacks waiting
[2K[1A[2K[1A[2K[1A[2K[G[1m[33mapp-e2e-fleet-408-c0fe2d39[39m[22m  [0m[1m[32m
                            Apply complete! Resources: 0 added, 1 changed, 0 destroyed.


1 Stack deploying     0 Stacks done     0 Stacks waiting
[2K[1A[2K[1A[2K[1A[2K[G
No outputs found.
